<?xml version="1.0" encoding="UTF-8"?>
<testsuites name="jest tests" tests="743" failures="204" errors="0" time="399.993">
  <testsuite name="competitorTactics service" errors="0" failures="17" skipped="0" timestamp="2025-06-16T07:34:14" time="3.254" tests="18">
    <testcase classname="competitorTactics service competitive analysis functionality should analyze competitor content strategies" name="competitorTactics service competitive analysis functionality should analyze competitor content strategies" time="0.018">
    </testcase>
    <testcase classname="competitorTactics service competitive analysis functionality should analyze competitor posting patterns" name="competitorTactics service competitive analysis functionality should analyze competitor posting patterns" time="0.003">
      <failure>Error: expect(received).toBeDefined()

Received: undefined
    at Object.&lt;anonymous&gt; (C:\Users\Cheem\OneDrive\Coding\clipsCommerce - Copy\src\services\__tests__\competitorTactics.test.ts:93:38)
    at processTicksAndRejections (node:internal/process/task_queues:105:5)</failure>
    </testcase>
    <testcase classname="competitorTactics service competitive analysis functionality should identify trending tactics and strategies" name="competitorTactics service competitive analysis functionality should identify trending tactics and strategies" time="0.001">
      <failure>Error: expect(received).toBeInstanceOf(expected)

Expected constructor: Array

Received value has no prototype
Received value: undefined
    at Object.&lt;anonymous&gt; (C:\Users\Cheem\OneDrive\Coding\clipsCommerce - Copy\src\services\__tests__\competitorTactics.test.ts:131:37)
    at processTicksAndRejections (node:internal/process/task_queues:105:5)</failure>
    </testcase>
    <testcase classname="competitorTactics service strategy logic and recommendations should generate actionable strategy recommendations" name="competitorTactics service strategy logic and recommendations should generate actionable strategy recommendations" time="0.001">
      <failure>Error: expect(received).toBeInstanceOf(expected)

Expected constructor: Array

Received value has no prototype
Received value: undefined
    at Object.&lt;anonymous&gt; (C:\Users\Cheem\OneDrive\Coding\clipsCommerce - Copy\src\services\__tests__\competitorTactics.test.ts:176:39)
    at processTicksAndRejections (node:internal/process/task_queues:105:5)</failure>
    </testcase>
    <testcase classname="competitorTactics service strategy logic and recommendations should perform competitive benchmarking" name="competitorTactics service strategy logic and recommendations should perform competitive benchmarking" time="0.001">
      <failure>Error: expect(received).toBeDefined()

Received: undefined
    at Object.&lt;anonymous&gt; (C:\Users\Cheem\OneDrive\Coding\clipsCommerce - Copy\src\services\__tests__\competitorTactics.test.ts:222:44)
    at processTicksAndRejections (node:internal/process/task_queues:105:5)</failure>
    </testcase>
    <testcase classname="competitorTactics service strategy logic and recommendations should analyze competitor content themes and topics" name="competitorTactics service strategy logic and recommendations should analyze competitor content themes and topics" time="0.001">
      <failure>Error: expect(received).toBeDefined()

Received: undefined
    at Object.&lt;anonymous&gt; (C:\Users\Cheem\OneDrive\Coding\clipsCommerce - Copy\src\services\__tests__\competitorTactics.test.ts:270:40)
    at processTicksAndRejections (node:internal/process/task_queues:105:5)</failure>
    </testcase>
    <testcase classname="competitorTactics service comprehensive error handling should handle invalid competitor usernames" name="competitorTactics service comprehensive error handling should handle invalid competitor usernames" time="0.003">
      <failure>Error: expect(received).rejects.toThrow()

Received promise resolved instead of rejected
Resolved to value: {&quot;contentStrategy&quot;: {&quot;contentTypes&quot;: [&quot;dance&quot;, &quot;comedy&quot;, &quot;educational&quot;], &quot;hashtagStrategy&quot;: [&quot;#viral&quot;, &quot;#trending&quot;, &quot;#fyp&quot;], &quot;optimalTimes&quot;: [&quot;18:00&quot;, &quot;20:00&quot;, &quot;22:00&quot;], &quot;postingFrequency&quot;: &quot;daily&quot;}, &quot;engagementMetrics&quot;: {&quot;averageComments&quot;: 2500, &quot;averageLikes&quot;: 50000, &quot;averageShares&quot;: 1200, &quot;engagementRate&quot;: 0.08}, &quot;tactics&quot;: [{&quot;effectiveness&quot;: 0.9, &quot;frequency&quot;: &quot;high&quot;, &quot;type&quot;: &quot;trending_sounds&quot;}, {&quot;effectiveness&quot;: 0.7, &quot;frequency&quot;: &quot;medium&quot;, &quot;type&quot;: &quot;user_generated_content&quot;}, {&quot;effectiveness&quot;: 0.8, &quot;frequency&quot;: &quot;low&quot;, &quot;type&quot;: &quot;collaborations&quot;}]}
    at expect (C:\Users\Cheem\OneDrive\Coding\clipsCommerce - Copy\node_modules\expect\build\index.js:113:15)
    at Object.&lt;anonymous&gt; (C:\Users\Cheem\OneDrive\Coding\clipsCommerce - Copy\src\services\__tests__\competitorTactics.test.ts:294:13)
    at Promise.then.completed (C:\Users\Cheem\OneDrive\Coding\clipsCommerce - Copy\node_modules\jest-circus\build\utils.js:298:28)
    at new Promise (&lt;anonymous&gt;)
    at callAsyncCircusFn (C:\Users\Cheem\OneDrive\Coding\clipsCommerce - Copy\node_modules\jest-circus\build\utils.js:231:10)
    at _callCircusTest (C:\Users\Cheem\OneDrive\Coding\clipsCommerce - Copy\node_modules\jest-circus\build\run.js:316:40)
    at processTicksAndRejections (node:internal/process/task_queues:105:5)
    at _runTest (C:\Users\Cheem\OneDrive\Coding\clipsCommerce - Copy\node_modules\jest-circus\build\run.js:252:3)
    at _runTestsForDescribeBlock (C:\Users\Cheem\OneDrive\Coding\clipsCommerce - Copy\node_modules\jest-circus\build\run.js:126:9)
    at _runTestsForDescribeBlock (C:\Users\Cheem\OneDrive\Coding\clipsCommerce - Copy\node_modules\jest-circus\build\run.js:121:9)
    at _runTestsForDescribeBlock (C:\Users\Cheem\OneDrive\Coding\clipsCommerce - Copy\node_modules\jest-circus\build\run.js:121:9)
    at run (C:\Users\Cheem\OneDrive\Coding\clipsCommerce - Copy\node_modules\jest-circus\build\run.js:71:3)
    at runAndTransformResultsToJestFormat (C:\Users\Cheem\OneDrive\Coding\clipsCommerce - Copy\node_modules\jest-circus\build\legacy-code-todo-rewrite\jestAdapterInit.js:122:21)
    at jestAdapter (C:\Users\Cheem\OneDrive\Coding\clipsCommerce - Copy\node_modules\jest-circus\build\legacy-code-todo-rewrite\jestAdapter.js:79:19)
    at runTestInternal (C:\Users\Cheem\OneDrive\Coding\clipsCommerce - Copy\node_modules\jest-runner\build\runTest.js:367:16)
    at runTest (C:\Users\Cheem\OneDrive\Coding\clipsCommerce - Copy\node_modules\jest-runner\build\runTest.js:444:34)
    at Object.worker (C:\Users\Cheem\OneDrive\Coding\clipsCommerce - Copy\node_modules\jest-runner\build\testWorker.js:106:12)</failure>
    </testcase>
    <testcase classname="competitorTactics service comprehensive error handling should handle API rate limiting gracefully" name="competitorTactics service comprehensive error handling should handle API rate limiting gracefully" time="0.003">
      <failure>Error: expect(received).rejects.toThrow()

Received promise resolved instead of rejected
Resolved to value: {&quot;contentStrategy&quot;: {&quot;contentTypes&quot;: [&quot;dance&quot;, &quot;comedy&quot;, &quot;educational&quot;], &quot;hashtagStrategy&quot;: [&quot;#viral&quot;, &quot;#trending&quot;, &quot;#fyp&quot;], &quot;optimalTimes&quot;: [&quot;18:00&quot;, &quot;20:00&quot;, &quot;22:00&quot;], &quot;postingFrequency&quot;: &quot;daily&quot;}, &quot;engagementMetrics&quot;: {&quot;averageComments&quot;: 2500, &quot;averageLikes&quot;: 50000, &quot;averageShares&quot;: 1200, &quot;engagementRate&quot;: 0.08}, &quot;tactics&quot;: [{&quot;effectiveness&quot;: 0.9, &quot;frequency&quot;: &quot;high&quot;, &quot;type&quot;: &quot;trending_sounds&quot;}, {&quot;effectiveness&quot;: 0.7, &quot;frequency&quot;: &quot;medium&quot;, &quot;type&quot;: &quot;user_generated_content&quot;}, {&quot;effectiveness&quot;: 0.8, &quot;frequency&quot;: &quot;low&quot;, &quot;type&quot;: &quot;collaborations&quot;}]}
    at expect (C:\Users\Cheem\OneDrive\Coding\clipsCommerce - Copy\node_modules\expect\build\index.js:113:15)
    at Object.&lt;anonymous&gt; (C:\Users\Cheem\OneDrive\Coding\clipsCommerce - Copy\src\services\__tests__\competitorTactics.test.ts:312:13)
    at Promise.then.completed (C:\Users\Cheem\OneDrive\Coding\clipsCommerce - Copy\node_modules\jest-circus\build\utils.js:298:28)
    at new Promise (&lt;anonymous&gt;)
    at callAsyncCircusFn (C:\Users\Cheem\OneDrive\Coding\clipsCommerce - Copy\node_modules\jest-circus\build\utils.js:231:10)
    at _callCircusTest (C:\Users\Cheem\OneDrive\Coding\clipsCommerce - Copy\node_modules\jest-circus\build\run.js:316:40)
    at processTicksAndRejections (node:internal/process/task_queues:105:5)
    at _runTest (C:\Users\Cheem\OneDrive\Coding\clipsCommerce - Copy\node_modules\jest-circus\build\run.js:252:3)
    at _runTestsForDescribeBlock (C:\Users\Cheem\OneDrive\Coding\clipsCommerce - Copy\node_modules\jest-circus\build\run.js:126:9)
    at _runTestsForDescribeBlock (C:\Users\Cheem\OneDrive\Coding\clipsCommerce - Copy\node_modules\jest-circus\build\run.js:121:9)
    at _runTestsForDescribeBlock (C:\Users\Cheem\OneDrive\Coding\clipsCommerce - Copy\node_modules\jest-circus\build\run.js:121:9)
    at run (C:\Users\Cheem\OneDrive\Coding\clipsCommerce - Copy\node_modules\jest-circus\build\run.js:71:3)
    at runAndTransformResultsToJestFormat (C:\Users\Cheem\OneDrive\Coding\clipsCommerce - Copy\node_modules\jest-circus\build\legacy-code-todo-rewrite\jestAdapterInit.js:122:21)
    at jestAdapter (C:\Users\Cheem\OneDrive\Coding\clipsCommerce - Copy\node_modules\jest-circus\build\legacy-code-todo-rewrite\jestAdapter.js:79:19)
    at runTestInternal (C:\Users\Cheem\OneDrive\Coding\clipsCommerce - Copy\node_modules\jest-runner\build\runTest.js:367:16)
    at runTest (C:\Users\Cheem\OneDrive\Coding\clipsCommerce - Copy\node_modules\jest-runner\build\runTest.js:444:34)
    at Object.worker (C:\Users\Cheem\OneDrive\Coding\clipsCommerce - Copy\node_modules\jest-runner\build\testWorker.js:106:12)</failure>
    </testcase>
    <testcase classname="competitorTactics service comprehensive error handling should handle network connectivity issues" name="competitorTactics service comprehensive error handling should handle network connectivity issues" time="0.018">
      <failure>Error: expect(received).rejects.toThrow()

Received promise resolved instead of rejected
Resolved to value: {&quot;contentStrategy&quot;: {&quot;contentTypes&quot;: [&quot;dance&quot;, &quot;comedy&quot;, &quot;educational&quot;], &quot;hashtagStrategy&quot;: [&quot;#viral&quot;, &quot;#trending&quot;, &quot;#fyp&quot;], &quot;optimalTimes&quot;: [&quot;18:00&quot;, &quot;20:00&quot;, &quot;22:00&quot;], &quot;postingFrequency&quot;: &quot;daily&quot;}, &quot;engagementMetrics&quot;: {&quot;averageComments&quot;: 2500, &quot;averageLikes&quot;: 50000, &quot;averageShares&quot;: 1200, &quot;engagementRate&quot;: 0.08}, &quot;tactics&quot;: [{&quot;effectiveness&quot;: 0.9, &quot;frequency&quot;: &quot;high&quot;, &quot;type&quot;: &quot;trending_sounds&quot;}, {&quot;effectiveness&quot;: 0.7, &quot;frequency&quot;: &quot;medium&quot;, &quot;type&quot;: &quot;user_generated_content&quot;}, {&quot;effectiveness&quot;: 0.8, &quot;frequency&quot;: &quot;low&quot;, &quot;type&quot;: &quot;collaborations&quot;}]}
    at expect (C:\Users\Cheem\OneDrive\Coding\clipsCommerce - Copy\node_modules\expect\build\index.js:113:15)
    at Object.&lt;anonymous&gt; (C:\Users\Cheem\OneDrive\Coding\clipsCommerce - Copy\src\services\__tests__\competitorTactics.test.ts:330:13)
    at Promise.then.completed (C:\Users\Cheem\OneDrive\Coding\clipsCommerce - Copy\node_modules\jest-circus\build\utils.js:298:28)
    at new Promise (&lt;anonymous&gt;)
    at callAsyncCircusFn (C:\Users\Cheem\OneDrive\Coding\clipsCommerce - Copy\node_modules\jest-circus\build\utils.js:231:10)
    at _callCircusTest (C:\Users\Cheem\OneDrive\Coding\clipsCommerce - Copy\node_modules\jest-circus\build\run.js:316:40)
    at processTicksAndRejections (node:internal/process/task_queues:105:5)
    at _runTest (C:\Users\Cheem\OneDrive\Coding\clipsCommerce - Copy\node_modules\jest-circus\build\run.js:252:3)
    at _runTestsForDescribeBlock (C:\Users\Cheem\OneDrive\Coding\clipsCommerce - Copy\node_modules\jest-circus\build\run.js:126:9)
    at _runTestsForDescribeBlock (C:\Users\Cheem\OneDrive\Coding\clipsCommerce - Copy\node_modules\jest-circus\build\run.js:121:9)
    at _runTestsForDescribeBlock (C:\Users\Cheem\OneDrive\Coding\clipsCommerce - Copy\node_modules\jest-circus\build\run.js:121:9)
    at run (C:\Users\Cheem\OneDrive\Coding\clipsCommerce - Copy\node_modules\jest-circus\build\run.js:71:3)
    at runAndTransformResultsToJestFormat (C:\Users\Cheem\OneDrive\Coding\clipsCommerce - Copy\node_modules\jest-circus\build\legacy-code-todo-rewrite\jestAdapterInit.js:122:21)
    at jestAdapter (C:\Users\Cheem\OneDrive\Coding\clipsCommerce - Copy\node_modules\jest-circus\build\legacy-code-todo-rewrite\jestAdapter.js:79:19)
    at runTestInternal (C:\Users\Cheem\OneDrive\Coding\clipsCommerce - Copy\node_modules\jest-runner\build\runTest.js:367:16)
    at runTest (C:\Users\Cheem\OneDrive\Coding\clipsCommerce - Copy\node_modules\jest-runner\build\runTest.js:444:34)
    at Object.worker (C:\Users\Cheem\OneDrive\Coding\clipsCommerce - Copy\node_modules\jest-runner\build\testWorker.js:106:12)</failure>
    </testcase>
    <testcase classname="competitorTactics service comprehensive error handling should handle insufficient data scenarios" name="competitorTactics service comprehensive error handling should handle insufficient data scenarios" time="0.002">
      <failure>Error: expect(received).toBe(expected) // Object.is equality

Expected: &quot;Insufficient data&quot;
Received: undefined
    at Object.&lt;anonymous&gt; (C:\Users\Cheem\OneDrive\Coding\clipsCommerce - Copy\src\services\__tests__\competitorTactics.test.ts:356:28)
    at processTicksAndRejections (node:internal/process/task_queues:105:5)</failure>
    </testcase>
    <testcase classname="competitorTactics service comprehensive error handling should handle private account scenarios" name="competitorTactics service comprehensive error handling should handle private account scenarios" time="0.002">
      <failure>Error: expect(received).toBe(expected) // Object.is equality

Expected: &quot;Private account&quot;
Received: undefined
    at Object.&lt;anonymous&gt; (C:\Users\Cheem\OneDrive\Coding\clipsCommerce - Copy\src\services\__tests__\competitorTactics.test.ts:388:28)
    at processTicksAndRejections (node:internal/process/task_queues:105:5)</failure>
    </testcase>
    <testcase classname="competitorTactics service multi-platform analysis should analyze competitors across multiple platforms" name="competitorTactics service multi-platform analysis should analyze competitors across multiple platforms" time="0.001">
      <failure>Error: expect(received).toBeDefined()

Received: undefined
    at Object.&lt;anonymous&gt; (C:\Users\Cheem\OneDrive\Coding\clipsCommerce - Copy\src\services\__tests__\competitorTactics.test.ts:432:41)
    at processTicksAndRejections (node:internal/process/task_queues:105:5)</failure>
    </testcase>
    <testcase classname="competitorTactics service advanced competitive analysis should analyze competitor content patterns" name="competitorTactics service advanced competitive analysis should analyze competitor content patterns" time="0.001">
      <failure>Error: expect(received).toBeDefined()

Received: undefined
    at Object.&lt;anonymous&gt; (C:\Users\Cheem\OneDrive\Coding\clipsCommerce - Copy\src\services\__tests__\competitorTactics.test.ts:506:38)
    at processTicksAndRejections (node:internal/process/task_queues:105:5)</failure>
    </testcase>
    <testcase classname="competitorTactics service advanced competitive analysis should perform multi-competitor comparison" name="competitorTactics service advanced competitive analysis should perform multi-competitor comparison" time="0.001">
      <failure>Error: expect(received).toBeDefined()

Received: undefined
    at Object.&lt;anonymous&gt; (C:\Users\Cheem\OneDrive\Coding\clipsCommerce - Copy\src\services\__tests__\competitorTactics.test.ts:594:41)
    at processTicksAndRejections (node:internal/process/task_queues:105:5)</failure>
    </testcase>
    <testcase classname="competitorTactics service advanced competitive analysis should analyze trending content opportunities" name="competitorTactics service advanced competitive analysis should analyze trending content opportunities" time="0.002">
      <failure>Error: expect(received).toBeDefined()

Received: undefined
    at Object.&lt;anonymous&gt; (C:\Users\Cheem\OneDrive\Coding\clipsCommerce - Copy\src\services\__tests__\competitorTactics.test.ts:700:44)
    at processTicksAndRejections (node:internal/process/task_queues:105:5)</failure>
    </testcase>
    <testcase classname="competitorTactics service performance and scalability should handle concurrent competitor analysis requests" name="competitorTactics service performance and scalability should handle concurrent competitor analysis requests" time="0.003">
      <failure>Error: expect(received).toBe(expected) // Object.is equality

Expected: &quot;instagram&quot;
Received: undefined
    at C:\Users\Cheem\OneDrive\Coding\clipsCommerce - Copy\src\services\__tests__\competitorTactics.test.ts:759:33
    at Array.forEach (&lt;anonymous&gt;)
    at Object.&lt;anonymous&gt; (C:\Users\Cheem\OneDrive\Coding\clipsCommerce - Copy\src\services\__tests__\competitorTactics.test.ts:758:15)
    at processTicksAndRejections (node:internal/process/task_queues:105:5)</failure>
    </testcase>
    <testcase classname="competitorTactics service performance and scalability should handle large dataset analysis efficiently" name="competitorTactics service performance and scalability should handle large dataset analysis efficiently" time="0.001">
      <failure>Error: expect(received).toBeDefined()

Received: undefined
    at Object.&lt;anonymous&gt; (C:\Users\Cheem\OneDrive\Coding\clipsCommerce - Copy\src\services\__tests__\competitorTactics.test.ts:816:34)
    at processTicksAndRejections (node:internal/process/task_queues:105:5)</failure>
    </testcase>
    <testcase classname="competitorTactics service performance and scalability should handle memory-intensive operations efficiently" name="competitorTactics service performance and scalability should handle memory-intensive operations efficiently" time="0.001">
      <failure>Error: expect(received).toBeDefined()

Received: undefined
    at Object.&lt;anonymous&gt; (C:\Users\Cheem\OneDrive\Coding\clipsCommerce - Copy\src\services\__tests__\competitorTactics.test.ts:897:36)
    at processTicksAndRejections (node:internal/process/task_queues:105:5)</failure>
    </testcase>
  </testsuite>
  <testsuite name="DataCollectionAgent" errors="0" failures="28" skipped="0" timestamp="2025-06-16T07:34:14" time="3.626" tests="28">
    <testcase classname="DataCollectionAgent agent lifecycle should start and stop correctly" name="DataCollectionAgent agent lifecycle should start and stop correctly" time="0.012">
      <failure>TypeError: Cannot read properties of undefined (reading &apos;tiktok&apos;)
    at DataCollectionAgent.initializeCollectionStrategies (C:\Users\Cheem\OneDrive\Coding\clipsCommerce - Copy\src\app\workflows\AI_improvement\services\agents\DataCollectionAgent.ts:407:76)
    at new DataCollectionAgent (C:\Users\Cheem\OneDrive\Coding\clipsCommerce - Copy\src\app\workflows\AI_improvement\services\agents\DataCollectionAgent.ts:81:10)
    at Object.&lt;anonymous&gt; (C:\Users\Cheem\OneDrive\Coding\clipsCommerce - Copy\src\app\workflows\AI_improvement\services\agents\__tests__\DataCollectionAgent.test.ts:27:13)
    at Promise.then.completed (C:\Users\Cheem\OneDrive\Coding\clipsCommerce - Copy\node_modules\jest-circus\build\utils.js:298:28)
    at new Promise (&lt;anonymous&gt;)
    at callAsyncCircusFn (C:\Users\Cheem\OneDrive\Coding\clipsCommerce - Copy\node_modules\jest-circus\build\utils.js:231:10)
    at _callCircusHook (C:\Users\Cheem\OneDrive\Coding\clipsCommerce - Copy\node_modules\jest-circus\build\run.js:281:40)
    at processTicksAndRejections (node:internal/process/task_queues:105:5)
    at _runTest (C:\Users\Cheem\OneDrive\Coding\clipsCommerce - Copy\node_modules\jest-circus\build\run.js:246:5)
    at _runTestsForDescribeBlock (C:\Users\Cheem\OneDrive\Coding\clipsCommerce - Copy\node_modules\jest-circus\build\run.js:126:9)
    at _runTestsForDescribeBlock (C:\Users\Cheem\OneDrive\Coding\clipsCommerce - Copy\node_modules\jest-circus\build\run.js:121:9)
    at _runTestsForDescribeBlock (C:\Users\Cheem\OneDrive\Coding\clipsCommerce - Copy\node_modules\jest-circus\build\run.js:121:9)
    at run (C:\Users\Cheem\OneDrive\Coding\clipsCommerce - Copy\node_modules\jest-circus\build\run.js:71:3)
    at runAndTransformResultsToJestFormat (C:\Users\Cheem\OneDrive\Coding\clipsCommerce - Copy\node_modules\jest-circus\build\legacy-code-todo-rewrite\jestAdapterInit.js:122:21)
    at jestAdapter (C:\Users\Cheem\OneDrive\Coding\clipsCommerce - Copy\node_modules\jest-circus\build\legacy-code-todo-rewrite\jestAdapter.js:79:19)
    at runTestInternal (C:\Users\Cheem\OneDrive\Coding\clipsCommerce - Copy\node_modules\jest-runner\build\runTest.js:367:16)
    at runTest (C:\Users\Cheem\OneDrive\Coding\clipsCommerce - Copy\node_modules\jest-runner\build\runTest.js:444:34)
    at Object.worker (C:\Users\Cheem\OneDrive\Coding\clipsCommerce - Copy\node_modules\jest-runner\build\testWorker.js:106:12)</failure>
    </testcase>
    <testcase classname="DataCollectionAgent agent lifecycle should initialize with default state" name="DataCollectionAgent agent lifecycle should initialize with default state" time="0.001">
      <failure>TypeError: Cannot read properties of undefined (reading &apos;tiktok&apos;)
    at DataCollectionAgent.initializeCollectionStrategies (C:\Users\Cheem\OneDrive\Coding\clipsCommerce - Copy\src\app\workflows\AI_improvement\services\agents\DataCollectionAgent.ts:407:76)
    at new DataCollectionAgent (C:\Users\Cheem\OneDrive\Coding\clipsCommerce - Copy\src\app\workflows\AI_improvement\services\agents\DataCollectionAgent.ts:81:10)
    at Object.&lt;anonymous&gt; (C:\Users\Cheem\OneDrive\Coding\clipsCommerce - Copy\src\app\workflows\AI_improvement\services\agents\__tests__\DataCollectionAgent.test.ts:27:13)
    at Promise.then.completed (C:\Users\Cheem\OneDrive\Coding\clipsCommerce - Copy\node_modules\jest-circus\build\utils.js:298:28)
    at new Promise (&lt;anonymous&gt;)
    at callAsyncCircusFn (C:\Users\Cheem\OneDrive\Coding\clipsCommerce - Copy\node_modules\jest-circus\build\utils.js:231:10)
    at _callCircusHook (C:\Users\Cheem\OneDrive\Coding\clipsCommerce - Copy\node_modules\jest-circus\build\run.js:281:40)
    at processTicksAndRejections (node:internal/process/task_queues:105:5)
    at _runTest (C:\Users\Cheem\OneDrive\Coding\clipsCommerce - Copy\node_modules\jest-circus\build\run.js:246:5)
    at _runTestsForDescribeBlock (C:\Users\Cheem\OneDrive\Coding\clipsCommerce - Copy\node_modules\jest-circus\build\run.js:126:9)
    at _runTestsForDescribeBlock (C:\Users\Cheem\OneDrive\Coding\clipsCommerce - Copy\node_modules\jest-circus\build\run.js:121:9)
    at _runTestsForDescribeBlock (C:\Users\Cheem\OneDrive\Coding\clipsCommerce - Copy\node_modules\jest-circus\build\run.js:121:9)
    at run (C:\Users\Cheem\OneDrive\Coding\clipsCommerce - Copy\node_modules\jest-circus\build\run.js:71:3)
    at runAndTransformResultsToJestFormat (C:\Users\Cheem\OneDrive\Coding\clipsCommerce - Copy\node_modules\jest-circus\build\legacy-code-todo-rewrite\jestAdapterInit.js:122:21)
    at jestAdapter (C:\Users\Cheem\OneDrive\Coding\clipsCommerce - Copy\node_modules\jest-circus\build\legacy-code-todo-rewrite\jestAdapter.js:79:19)
    at runTestInternal (C:\Users\Cheem\OneDrive\Coding\clipsCommerce - Copy\node_modules\jest-runner\build\runTest.js:367:16)
    at runTest (C:\Users\Cheem\OneDrive\Coding\clipsCommerce - Copy\node_modules\jest-runner\build\runTest.js:444:34)
    at Object.worker (C:\Users\Cheem\OneDrive\Coding\clipsCommerce - Copy\node_modules\jest-runner\build\testWorker.js:106:12)</failure>
    </testcase>
    <testcase classname="DataCollectionAgent agent lifecycle should track resource utilization" name="DataCollectionAgent agent lifecycle should track resource utilization" time="0.001">
      <failure>TypeError: Cannot read properties of undefined (reading &apos;tiktok&apos;)
    at DataCollectionAgent.initializeCollectionStrategies (C:\Users\Cheem\OneDrive\Coding\clipsCommerce - Copy\src\app\workflows\AI_improvement\services\agents\DataCollectionAgent.ts:407:76)
    at new DataCollectionAgent (C:\Users\Cheem\OneDrive\Coding\clipsCommerce - Copy\src\app\workflows\AI_improvement\services\agents\DataCollectionAgent.ts:81:10)
    at Object.&lt;anonymous&gt; (C:\Users\Cheem\OneDrive\Coding\clipsCommerce - Copy\src\app\workflows\AI_improvement\services\agents\__tests__\DataCollectionAgent.test.ts:27:13)
    at Promise.then.completed (C:\Users\Cheem\OneDrive\Coding\clipsCommerce - Copy\node_modules\jest-circus\build\utils.js:298:28)
    at new Promise (&lt;anonymous&gt;)
    at callAsyncCircusFn (C:\Users\Cheem\OneDrive\Coding\clipsCommerce - Copy\node_modules\jest-circus\build\utils.js:231:10)
    at _callCircusHook (C:\Users\Cheem\OneDrive\Coding\clipsCommerce - Copy\node_modules\jest-circus\build\run.js:281:40)
    at processTicksAndRejections (node:internal/process/task_queues:105:5)
    at _runTest (C:\Users\Cheem\OneDrive\Coding\clipsCommerce - Copy\node_modules\jest-circus\build\run.js:246:5)
    at _runTestsForDescribeBlock (C:\Users\Cheem\OneDrive\Coding\clipsCommerce - Copy\node_modules\jest-circus\build\run.js:126:9)
    at _runTestsForDescribeBlock (C:\Users\Cheem\OneDrive\Coding\clipsCommerce - Copy\node_modules\jest-circus\build\run.js:121:9)
    at _runTestsForDescribeBlock (C:\Users\Cheem\OneDrive\Coding\clipsCommerce - Copy\node_modules\jest-circus\build\run.js:121:9)
    at run (C:\Users\Cheem\OneDrive\Coding\clipsCommerce - Copy\node_modules\jest-circus\build\run.js:71:3)
    at runAndTransformResultsToJestFormat (C:\Users\Cheem\OneDrive\Coding\clipsCommerce - Copy\node_modules\jest-circus\build\legacy-code-todo-rewrite\jestAdapterInit.js:122:21)
    at jestAdapter (C:\Users\Cheem\OneDrive\Coding\clipsCommerce - Copy\node_modules\jest-circus\build\legacy-code-todo-rewrite\jestAdapter.js:79:19)
    at runTestInternal (C:\Users\Cheem\OneDrive\Coding\clipsCommerce - Copy\node_modules\jest-runner\build\runTest.js:367:16)
    at runTest (C:\Users\Cheem\OneDrive\Coding\clipsCommerce - Copy\node_modules\jest-runner\build\runTest.js:444:34)
    at Object.worker (C:\Users\Cheem\OneDrive\Coding\clipsCommerce - Copy\node_modules\jest-runner\build\testWorker.js:106:12)</failure>
    </testcase>
    <testcase classname="DataCollectionAgent task execution should execute optimize_collection task" name="DataCollectionAgent task execution should execute optimize_collection task" time="0.002">
      <failure>TypeError: Cannot read properties of undefined (reading &apos;tiktok&apos;)
    at DataCollectionAgent.initializeCollectionStrategies (C:\Users\Cheem\OneDrive\Coding\clipsCommerce - Copy\src\app\workflows\AI_improvement\services\agents\DataCollectionAgent.ts:407:76)
    at new DataCollectionAgent (C:\Users\Cheem\OneDrive\Coding\clipsCommerce - Copy\src\app\workflows\AI_improvement\services\agents\DataCollectionAgent.ts:81:10)
    at Object.&lt;anonymous&gt; (C:\Users\Cheem\OneDrive\Coding\clipsCommerce - Copy\src\app\workflows\AI_improvement\services\agents\__tests__\DataCollectionAgent.test.ts:27:13)
    at Promise.then.completed (C:\Users\Cheem\OneDrive\Coding\clipsCommerce - Copy\node_modules\jest-circus\build\utils.js:298:28)
    at new Promise (&lt;anonymous&gt;)
    at callAsyncCircusFn (C:\Users\Cheem\OneDrive\Coding\clipsCommerce - Copy\node_modules\jest-circus\build\utils.js:231:10)
    at _callCircusHook (C:\Users\Cheem\OneDrive\Coding\clipsCommerce - Copy\node_modules\jest-circus\build\run.js:281:40)
    at processTicksAndRejections (node:internal/process/task_queues:105:5)
    at _runTest (C:\Users\Cheem\OneDrive\Coding\clipsCommerce - Copy\node_modules\jest-circus\build\run.js:246:5)
    at _runTestsForDescribeBlock (C:\Users\Cheem\OneDrive\Coding\clipsCommerce - Copy\node_modules\jest-circus\build\run.js:126:9)
    at _runTestsForDescribeBlock (C:\Users\Cheem\OneDrive\Coding\clipsCommerce - Copy\node_modules\jest-circus\build\run.js:121:9)
    at _runTestsForDescribeBlock (C:\Users\Cheem\OneDrive\Coding\clipsCommerce - Copy\node_modules\jest-circus\build\run.js:121:9)
    at run (C:\Users\Cheem\OneDrive\Coding\clipsCommerce - Copy\node_modules\jest-circus\build\run.js:71:3)
    at runAndTransformResultsToJestFormat (C:\Users\Cheem\OneDrive\Coding\clipsCommerce - Copy\node_modules\jest-circus\build\legacy-code-todo-rewrite\jestAdapterInit.js:122:21)
    at jestAdapter (C:\Users\Cheem\OneDrive\Coding\clipsCommerce - Copy\node_modules\jest-circus\build\legacy-code-todo-rewrite\jestAdapter.js:79:19)
    at runTestInternal (C:\Users\Cheem\OneDrive\Coding\clipsCommerce - Copy\node_modules\jest-runner\build\runTest.js:367:16)
    at runTest (C:\Users\Cheem\OneDrive\Coding\clipsCommerce - Copy\node_modules\jest-runner\build\runTest.js:444:34)
    at Object.worker (C:\Users\Cheem\OneDrive\Coding\clipsCommerce - Copy\node_modules\jest-runner\build\testWorker.js:106:12)</failure>
      <failure>TypeError: Cannot read properties of undefined (reading &apos;stop&apos;)
    at Object.&lt;anonymous&gt; (C:\Users\Cheem\OneDrive\Coding\clipsCommerce - Copy\src\app\workflows\AI_improvement\services\agents\__tests__\DataCollectionAgent.test.ts:79:19)
    at Promise.then.completed (C:\Users\Cheem\OneDrive\Coding\clipsCommerce - Copy\node_modules\jest-circus\build\utils.js:298:28)
    at new Promise (&lt;anonymous&gt;)
    at callAsyncCircusFn (C:\Users\Cheem\OneDrive\Coding\clipsCommerce - Copy\node_modules\jest-circus\build\utils.js:231:10)
    at _callCircusHook (C:\Users\Cheem\OneDrive\Coding\clipsCommerce - Copy\node_modules\jest-circus\build\run.js:281:40)
    at processTicksAndRejections (node:internal/process/task_queues:105:5)
    at _runTest (C:\Users\Cheem\OneDrive\Coding\clipsCommerce - Copy\node_modules\jest-circus\build\run.js:254:5)
    at _runTestsForDescribeBlock (C:\Users\Cheem\OneDrive\Coding\clipsCommerce - Copy\node_modules\jest-circus\build\run.js:126:9)
    at _runTestsForDescribeBlock (C:\Users\Cheem\OneDrive\Coding\clipsCommerce - Copy\node_modules\jest-circus\build\run.js:121:9)
    at _runTestsForDescribeBlock (C:\Users\Cheem\OneDrive\Coding\clipsCommerce - Copy\node_modules\jest-circus\build\run.js:121:9)
    at run (C:\Users\Cheem\OneDrive\Coding\clipsCommerce - Copy\node_modules\jest-circus\build\run.js:71:3)
    at runAndTransformResultsToJestFormat (C:\Users\Cheem\OneDrive\Coding\clipsCommerce - Copy\node_modules\jest-circus\build\legacy-code-todo-rewrite\jestAdapterInit.js:122:21)
    at jestAdapter (C:\Users\Cheem\OneDrive\Coding\clipsCommerce - Copy\node_modules\jest-circus\build\legacy-code-todo-rewrite\jestAdapter.js:79:19)
    at runTestInternal (C:\Users\Cheem\OneDrive\Coding\clipsCommerce - Copy\node_modules\jest-runner\build\runTest.js:367:16)
    at runTest (C:\Users\Cheem\OneDrive\Coding\clipsCommerce - Copy\node_modules\jest-runner\build\runTest.js:444:34)
    at Object.worker (C:\Users\Cheem\OneDrive\Coding\clipsCommerce - Copy\node_modules\jest-runner\build\testWorker.js:106:12)</failure>
    </testcase>
    <testcase classname="DataCollectionAgent task execution should execute validate_quality task" name="DataCollectionAgent task execution should execute validate_quality task" time="0.001">
      <failure>TypeError: Cannot read properties of undefined (reading &apos;tiktok&apos;)
    at DataCollectionAgent.initializeCollectionStrategies (C:\Users\Cheem\OneDrive\Coding\clipsCommerce - Copy\src\app\workflows\AI_improvement\services\agents\DataCollectionAgent.ts:407:76)
    at new DataCollectionAgent (C:\Users\Cheem\OneDrive\Coding\clipsCommerce - Copy\src\app\workflows\AI_improvement\services\agents\DataCollectionAgent.ts:81:10)
    at Object.&lt;anonymous&gt; (C:\Users\Cheem\OneDrive\Coding\clipsCommerce - Copy\src\app\workflows\AI_improvement\services\agents\__tests__\DataCollectionAgent.test.ts:27:13)
    at Promise.then.completed (C:\Users\Cheem\OneDrive\Coding\clipsCommerce - Copy\node_modules\jest-circus\build\utils.js:298:28)
    at new Promise (&lt;anonymous&gt;)
    at callAsyncCircusFn (C:\Users\Cheem\OneDrive\Coding\clipsCommerce - Copy\node_modules\jest-circus\build\utils.js:231:10)
    at _callCircusHook (C:\Users\Cheem\OneDrive\Coding\clipsCommerce - Copy\node_modules\jest-circus\build\run.js:281:40)
    at processTicksAndRejections (node:internal/process/task_queues:105:5)
    at _runTest (C:\Users\Cheem\OneDrive\Coding\clipsCommerce - Copy\node_modules\jest-circus\build\run.js:246:5)
    at _runTestsForDescribeBlock (C:\Users\Cheem\OneDrive\Coding\clipsCommerce - Copy\node_modules\jest-circus\build\run.js:126:9)
    at _runTestsForDescribeBlock (C:\Users\Cheem\OneDrive\Coding\clipsCommerce - Copy\node_modules\jest-circus\build\run.js:121:9)
    at _runTestsForDescribeBlock (C:\Users\Cheem\OneDrive\Coding\clipsCommerce - Copy\node_modules\jest-circus\build\run.js:121:9)
    at run (C:\Users\Cheem\OneDrive\Coding\clipsCommerce - Copy\node_modules\jest-circus\build\run.js:71:3)
    at runAndTransformResultsToJestFormat (C:\Users\Cheem\OneDrive\Coding\clipsCommerce - Copy\node_modules\jest-circus\build\legacy-code-todo-rewrite\jestAdapterInit.js:122:21)
    at jestAdapter (C:\Users\Cheem\OneDrive\Coding\clipsCommerce - Copy\node_modules\jest-circus\build\legacy-code-todo-rewrite\jestAdapter.js:79:19)
    at runTestInternal (C:\Users\Cheem\OneDrive\Coding\clipsCommerce - Copy\node_modules\jest-runner\build\runTest.js:367:16)
    at runTest (C:\Users\Cheem\OneDrive\Coding\clipsCommerce - Copy\node_modules\jest-runner\build\runTest.js:444:34)
    at Object.worker (C:\Users\Cheem\OneDrive\Coding\clipsCommerce - Copy\node_modules\jest-runner\build\testWorker.js:106:12)</failure>
      <failure>TypeError: Cannot read properties of undefined (reading &apos;stop&apos;)
    at Object.&lt;anonymous&gt; (C:\Users\Cheem\OneDrive\Coding\clipsCommerce - Copy\src\app\workflows\AI_improvement\services\agents\__tests__\DataCollectionAgent.test.ts:79:19)
    at Promise.then.completed (C:\Users\Cheem\OneDrive\Coding\clipsCommerce - Copy\node_modules\jest-circus\build\utils.js:298:28)
    at new Promise (&lt;anonymous&gt;)
    at callAsyncCircusFn (C:\Users\Cheem\OneDrive\Coding\clipsCommerce - Copy\node_modules\jest-circus\build\utils.js:231:10)
    at _callCircusHook (C:\Users\Cheem\OneDrive\Coding\clipsCommerce - Copy\node_modules\jest-circus\build\run.js:281:40)
    at processTicksAndRejections (node:internal/process/task_queues:105:5)
    at _runTest (C:\Users\Cheem\OneDrive\Coding\clipsCommerce - Copy\node_modules\jest-circus\build\run.js:254:5)
    at _runTestsForDescribeBlock (C:\Users\Cheem\OneDrive\Coding\clipsCommerce - Copy\node_modules\jest-circus\build\run.js:126:9)
    at _runTestsForDescribeBlock (C:\Users\Cheem\OneDrive\Coding\clipsCommerce - Copy\node_modules\jest-circus\build\run.js:121:9)
    at _runTestsForDescribeBlock (C:\Users\Cheem\OneDrive\Coding\clipsCommerce - Copy\node_modules\jest-circus\build\run.js:121:9)
    at run (C:\Users\Cheem\OneDrive\Coding\clipsCommerce - Copy\node_modules\jest-circus\build\run.js:71:3)
    at runAndTransformResultsToJestFormat (C:\Users\Cheem\OneDrive\Coding\clipsCommerce - Copy\node_modules\jest-circus\build\legacy-code-todo-rewrite\jestAdapterInit.js:122:21)
    at jestAdapter (C:\Users\Cheem\OneDrive\Coding\clipsCommerce - Copy\node_modules\jest-circus\build\legacy-code-todo-rewrite\jestAdapter.js:79:19)
    at runTestInternal (C:\Users\Cheem\OneDrive\Coding\clipsCommerce - Copy\node_modules\jest-runner\build\runTest.js:367:16)
    at runTest (C:\Users\Cheem\OneDrive\Coding\clipsCommerce - Copy\node_modules\jest-runner\build\runTest.js:444:34)
    at Object.worker (C:\Users\Cheem\OneDrive\Coding\clipsCommerce - Copy\node_modules\jest-runner\build\testWorker.js:106:12)</failure>
    </testcase>
    <testcase classname="DataCollectionAgent task execution should execute discover_sources task" name="DataCollectionAgent task execution should execute discover_sources task" time="0.001">
      <failure>TypeError: Cannot read properties of undefined (reading &apos;tiktok&apos;)
    at DataCollectionAgent.initializeCollectionStrategies (C:\Users\Cheem\OneDrive\Coding\clipsCommerce - Copy\src\app\workflows\AI_improvement\services\agents\DataCollectionAgent.ts:407:76)
    at new DataCollectionAgent (C:\Users\Cheem\OneDrive\Coding\clipsCommerce - Copy\src\app\workflows\AI_improvement\services\agents\DataCollectionAgent.ts:81:10)
    at Object.&lt;anonymous&gt; (C:\Users\Cheem\OneDrive\Coding\clipsCommerce - Copy\src\app\workflows\AI_improvement\services\agents\__tests__\DataCollectionAgent.test.ts:27:13)
    at Promise.then.completed (C:\Users\Cheem\OneDrive\Coding\clipsCommerce - Copy\node_modules\jest-circus\build\utils.js:298:28)
    at new Promise (&lt;anonymous&gt;)
    at callAsyncCircusFn (C:\Users\Cheem\OneDrive\Coding\clipsCommerce - Copy\node_modules\jest-circus\build\utils.js:231:10)
    at _callCircusHook (C:\Users\Cheem\OneDrive\Coding\clipsCommerce - Copy\node_modules\jest-circus\build\run.js:281:40)
    at processTicksAndRejections (node:internal/process/task_queues:105:5)
    at _runTest (C:\Users\Cheem\OneDrive\Coding\clipsCommerce - Copy\node_modules\jest-circus\build\run.js:246:5)
    at _runTestsForDescribeBlock (C:\Users\Cheem\OneDrive\Coding\clipsCommerce - Copy\node_modules\jest-circus\build\run.js:126:9)
    at _runTestsForDescribeBlock (C:\Users\Cheem\OneDrive\Coding\clipsCommerce - Copy\node_modules\jest-circus\build\run.js:121:9)
    at _runTestsForDescribeBlock (C:\Users\Cheem\OneDrive\Coding\clipsCommerce - Copy\node_modules\jest-circus\build\run.js:121:9)
    at run (C:\Users\Cheem\OneDrive\Coding\clipsCommerce - Copy\node_modules\jest-circus\build\run.js:71:3)
    at runAndTransformResultsToJestFormat (C:\Users\Cheem\OneDrive\Coding\clipsCommerce - Copy\node_modules\jest-circus\build\legacy-code-todo-rewrite\jestAdapterInit.js:122:21)
    at jestAdapter (C:\Users\Cheem\OneDrive\Coding\clipsCommerce - Copy\node_modules\jest-circus\build\legacy-code-todo-rewrite\jestAdapter.js:79:19)
    at runTestInternal (C:\Users\Cheem\OneDrive\Coding\clipsCommerce - Copy\node_modules\jest-runner\build\runTest.js:367:16)
    at runTest (C:\Users\Cheem\OneDrive\Coding\clipsCommerce - Copy\node_modules\jest-runner\build\runTest.js:444:34)
    at Object.worker (C:\Users\Cheem\OneDrive\Coding\clipsCommerce - Copy\node_modules\jest-runner\build\testWorker.js:106:12)</failure>
      <failure>TypeError: Cannot read properties of undefined (reading &apos;stop&apos;)
    at Object.&lt;anonymous&gt; (C:\Users\Cheem\OneDrive\Coding\clipsCommerce - Copy\src\app\workflows\AI_improvement\services\agents\__tests__\DataCollectionAgent.test.ts:79:19)
    at Promise.then.completed (C:\Users\Cheem\OneDrive\Coding\clipsCommerce - Copy\node_modules\jest-circus\build\utils.js:298:28)
    at new Promise (&lt;anonymous&gt;)
    at callAsyncCircusFn (C:\Users\Cheem\OneDrive\Coding\clipsCommerce - Copy\node_modules\jest-circus\build\utils.js:231:10)
    at _callCircusHook (C:\Users\Cheem\OneDrive\Coding\clipsCommerce - Copy\node_modules\jest-circus\build\run.js:281:40)
    at processTicksAndRejections (node:internal/process/task_queues:105:5)
    at _runTest (C:\Users\Cheem\OneDrive\Coding\clipsCommerce - Copy\node_modules\jest-circus\build\run.js:254:5)
    at _runTestsForDescribeBlock (C:\Users\Cheem\OneDrive\Coding\clipsCommerce - Copy\node_modules\jest-circus\build\run.js:126:9)
    at _runTestsForDescribeBlock (C:\Users\Cheem\OneDrive\Coding\clipsCommerce - Copy\node_modules\jest-circus\build\run.js:121:9)
    at _runTestsForDescribeBlock (C:\Users\Cheem\OneDrive\Coding\clipsCommerce - Copy\node_modules\jest-circus\build\run.js:121:9)
    at run (C:\Users\Cheem\OneDrive\Coding\clipsCommerce - Copy\node_modules\jest-circus\build\run.js:71:3)
    at runAndTransformResultsToJestFormat (C:\Users\Cheem\OneDrive\Coding\clipsCommerce - Copy\node_modules\jest-circus\build\legacy-code-todo-rewrite\jestAdapterInit.js:122:21)
    at jestAdapter (C:\Users\Cheem\OneDrive\Coding\clipsCommerce - Copy\node_modules\jest-circus\build\legacy-code-todo-rewrite\jestAdapter.js:79:19)
    at runTestInternal (C:\Users\Cheem\OneDrive\Coding\clipsCommerce - Copy\node_modules\jest-runner\build\runTest.js:367:16)
    at runTest (C:\Users\Cheem\OneDrive\Coding\clipsCommerce - Copy\node_modules\jest-runner\build\runTest.js:444:34)
    at Object.worker (C:\Users\Cheem\OneDrive\Coding\clipsCommerce - Copy\node_modules\jest-runner\build\testWorker.js:106:12)</failure>
    </testcase>
    <testcase classname="DataCollectionAgent task execution should execute monitor_gaps task" name="DataCollectionAgent task execution should execute monitor_gaps task" time="0.004">
      <failure>TypeError: Cannot read properties of undefined (reading &apos;tiktok&apos;)
    at DataCollectionAgent.initializeCollectionStrategies (C:\Users\Cheem\OneDrive\Coding\clipsCommerce - Copy\src\app\workflows\AI_improvement\services\agents\DataCollectionAgent.ts:407:76)
    at new DataCollectionAgent (C:\Users\Cheem\OneDrive\Coding\clipsCommerce - Copy\src\app\workflows\AI_improvement\services\agents\DataCollectionAgent.ts:81:10)
    at Object.&lt;anonymous&gt; (C:\Users\Cheem\OneDrive\Coding\clipsCommerce - Copy\src\app\workflows\AI_improvement\services\agents\__tests__\DataCollectionAgent.test.ts:27:13)
    at Promise.then.completed (C:\Users\Cheem\OneDrive\Coding\clipsCommerce - Copy\node_modules\jest-circus\build\utils.js:298:28)
    at new Promise (&lt;anonymous&gt;)
    at callAsyncCircusFn (C:\Users\Cheem\OneDrive\Coding\clipsCommerce - Copy\node_modules\jest-circus\build\utils.js:231:10)
    at _callCircusHook (C:\Users\Cheem\OneDrive\Coding\clipsCommerce - Copy\node_modules\jest-circus\build\run.js:281:40)
    at processTicksAndRejections (node:internal/process/task_queues:105:5)
    at _runTest (C:\Users\Cheem\OneDrive\Coding\clipsCommerce - Copy\node_modules\jest-circus\build\run.js:246:5)
    at _runTestsForDescribeBlock (C:\Users\Cheem\OneDrive\Coding\clipsCommerce - Copy\node_modules\jest-circus\build\run.js:126:9)
    at _runTestsForDescribeBlock (C:\Users\Cheem\OneDrive\Coding\clipsCommerce - Copy\node_modules\jest-circus\build\run.js:121:9)
    at _runTestsForDescribeBlock (C:\Users\Cheem\OneDrive\Coding\clipsCommerce - Copy\node_modules\jest-circus\build\run.js:121:9)
    at run (C:\Users\Cheem\OneDrive\Coding\clipsCommerce - Copy\node_modules\jest-circus\build\run.js:71:3)
    at runAndTransformResultsToJestFormat (C:\Users\Cheem\OneDrive\Coding\clipsCommerce - Copy\node_modules\jest-circus\build\legacy-code-todo-rewrite\jestAdapterInit.js:122:21)
    at jestAdapter (C:\Users\Cheem\OneDrive\Coding\clipsCommerce - Copy\node_modules\jest-circus\build\legacy-code-todo-rewrite\jestAdapter.js:79:19)
    at runTestInternal (C:\Users\Cheem\OneDrive\Coding\clipsCommerce - Copy\node_modules\jest-runner\build\runTest.js:367:16)
    at runTest (C:\Users\Cheem\OneDrive\Coding\clipsCommerce - Copy\node_modules\jest-runner\build\runTest.js:444:34)
    at Object.worker (C:\Users\Cheem\OneDrive\Coding\clipsCommerce - Copy\node_modules\jest-runner\build\testWorker.js:106:12)</failure>
      <failure>TypeError: Cannot read properties of undefined (reading &apos;stop&apos;)
    at Object.&lt;anonymous&gt; (C:\Users\Cheem\OneDrive\Coding\clipsCommerce - Copy\src\app\workflows\AI_improvement\services\agents\__tests__\DataCollectionAgent.test.ts:79:19)
    at Promise.then.completed (C:\Users\Cheem\OneDrive\Coding\clipsCommerce - Copy\node_modules\jest-circus\build\utils.js:298:28)
    at new Promise (&lt;anonymous&gt;)
    at callAsyncCircusFn (C:\Users\Cheem\OneDrive\Coding\clipsCommerce - Copy\node_modules\jest-circus\build\utils.js:231:10)
    at _callCircusHook (C:\Users\Cheem\OneDrive\Coding\clipsCommerce - Copy\node_modules\jest-circus\build\run.js:281:40)
    at processTicksAndRejections (node:internal/process/task_queues:105:5)
    at _runTest (C:\Users\Cheem\OneDrive\Coding\clipsCommerce - Copy\node_modules\jest-circus\build\run.js:254:5)
    at _runTestsForDescribeBlock (C:\Users\Cheem\OneDrive\Coding\clipsCommerce - Copy\node_modules\jest-circus\build\run.js:126:9)
    at _runTestsForDescribeBlock (C:\Users\Cheem\OneDrive\Coding\clipsCommerce - Copy\node_modules\jest-circus\build\run.js:121:9)
    at _runTestsForDescribeBlock (C:\Users\Cheem\OneDrive\Coding\clipsCommerce - Copy\node_modules\jest-circus\build\run.js:121:9)
    at run (C:\Users\Cheem\OneDrive\Coding\clipsCommerce - Copy\node_modules\jest-circus\build\run.js:71:3)
    at runAndTransformResultsToJestFormat (C:\Users\Cheem\OneDrive\Coding\clipsCommerce - Copy\node_modules\jest-circus\build\legacy-code-todo-rewrite\jestAdapterInit.js:122:21)
    at jestAdapter (C:\Users\Cheem\OneDrive\Coding\clipsCommerce - Copy\node_modules\jest-circus\build\legacy-code-todo-rewrite\jestAdapter.js:79:19)
    at runTestInternal (C:\Users\Cheem\OneDrive\Coding\clipsCommerce - Copy\node_modules\jest-runner\build\runTest.js:367:16)
    at runTest (C:\Users\Cheem\OneDrive\Coding\clipsCommerce - Copy\node_modules\jest-runner\build\runTest.js:444:34)
    at Object.worker (C:\Users\Cheem\OneDrive\Coding\clipsCommerce - Copy\node_modules\jest-runner\build\testWorker.js:106:12)</failure>
    </testcase>
    <testcase classname="DataCollectionAgent task execution should handle unknown task type" name="DataCollectionAgent task execution should handle unknown task type" time="0.001">
      <failure>TypeError: Cannot read properties of undefined (reading &apos;tiktok&apos;)
    at DataCollectionAgent.initializeCollectionStrategies (C:\Users\Cheem\OneDrive\Coding\clipsCommerce - Copy\src\app\workflows\AI_improvement\services\agents\DataCollectionAgent.ts:407:76)
    at new DataCollectionAgent (C:\Users\Cheem\OneDrive\Coding\clipsCommerce - Copy\src\app\workflows\AI_improvement\services\agents\DataCollectionAgent.ts:81:10)
    at Object.&lt;anonymous&gt; (C:\Users\Cheem\OneDrive\Coding\clipsCommerce - Copy\src\app\workflows\AI_improvement\services\agents\__tests__\DataCollectionAgent.test.ts:27:13)
    at Promise.then.completed (C:\Users\Cheem\OneDrive\Coding\clipsCommerce - Copy\node_modules\jest-circus\build\utils.js:298:28)
    at new Promise (&lt;anonymous&gt;)
    at callAsyncCircusFn (C:\Users\Cheem\OneDrive\Coding\clipsCommerce - Copy\node_modules\jest-circus\build\utils.js:231:10)
    at _callCircusHook (C:\Users\Cheem\OneDrive\Coding\clipsCommerce - Copy\node_modules\jest-circus\build\run.js:281:40)
    at processTicksAndRejections (node:internal/process/task_queues:105:5)
    at _runTest (C:\Users\Cheem\OneDrive\Coding\clipsCommerce - Copy\node_modules\jest-circus\build\run.js:246:5)
    at _runTestsForDescribeBlock (C:\Users\Cheem\OneDrive\Coding\clipsCommerce - Copy\node_modules\jest-circus\build\run.js:126:9)
    at _runTestsForDescribeBlock (C:\Users\Cheem\OneDrive\Coding\clipsCommerce - Copy\node_modules\jest-circus\build\run.js:121:9)
    at _runTestsForDescribeBlock (C:\Users\Cheem\OneDrive\Coding\clipsCommerce - Copy\node_modules\jest-circus\build\run.js:121:9)
    at run (C:\Users\Cheem\OneDrive\Coding\clipsCommerce - Copy\node_modules\jest-circus\build\run.js:71:3)
    at runAndTransformResultsToJestFormat (C:\Users\Cheem\OneDrive\Coding\clipsCommerce - Copy\node_modules\jest-circus\build\legacy-code-todo-rewrite\jestAdapterInit.js:122:21)
    at jestAdapter (C:\Users\Cheem\OneDrive\Coding\clipsCommerce - Copy\node_modules\jest-circus\build\legacy-code-todo-rewrite\jestAdapter.js:79:19)
    at runTestInternal (C:\Users\Cheem\OneDrive\Coding\clipsCommerce - Copy\node_modules\jest-runner\build\runTest.js:367:16)
    at runTest (C:\Users\Cheem\OneDrive\Coding\clipsCommerce - Copy\node_modules\jest-runner\build\runTest.js:444:34)
    at Object.worker (C:\Users\Cheem\OneDrive\Coding\clipsCommerce - Copy\node_modules\jest-runner\build\testWorker.js:106:12)</failure>
      <failure>TypeError: Cannot read properties of undefined (reading &apos;stop&apos;)
    at Object.&lt;anonymous&gt; (C:\Users\Cheem\OneDrive\Coding\clipsCommerce - Copy\src\app\workflows\AI_improvement\services\agents\__tests__\DataCollectionAgent.test.ts:79:19)
    at Promise.then.completed (C:\Users\Cheem\OneDrive\Coding\clipsCommerce - Copy\node_modules\jest-circus\build\utils.js:298:28)
    at new Promise (&lt;anonymous&gt;)
    at callAsyncCircusFn (C:\Users\Cheem\OneDrive\Coding\clipsCommerce - Copy\node_modules\jest-circus\build\utils.js:231:10)
    at _callCircusHook (C:\Users\Cheem\OneDrive\Coding\clipsCommerce - Copy\node_modules\jest-circus\build\run.js:281:40)
    at processTicksAndRejections (node:internal/process/task_queues:105:5)
    at _runTest (C:\Users\Cheem\OneDrive\Coding\clipsCommerce - Copy\node_modules\jest-circus\build\run.js:254:5)
    at _runTestsForDescribeBlock (C:\Users\Cheem\OneDrive\Coding\clipsCommerce - Copy\node_modules\jest-circus\build\run.js:126:9)
    at _runTestsForDescribeBlock (C:\Users\Cheem\OneDrive\Coding\clipsCommerce - Copy\node_modules\jest-circus\build\run.js:121:9)
    at _runTestsForDescribeBlock (C:\Users\Cheem\OneDrive\Coding\clipsCommerce - Copy\node_modules\jest-circus\build\run.js:121:9)
    at run (C:\Users\Cheem\OneDrive\Coding\clipsCommerce - Copy\node_modules\jest-circus\build\run.js:71:3)
    at runAndTransformResultsToJestFormat (C:\Users\Cheem\OneDrive\Coding\clipsCommerce - Copy\node_modules\jest-circus\build\legacy-code-todo-rewrite\jestAdapterInit.js:122:21)
    at jestAdapter (C:\Users\Cheem\OneDrive\Coding\clipsCommerce - Copy\node_modules\jest-circus\build\legacy-code-todo-rewrite\jestAdapter.js:79:19)
    at runTestInternal (C:\Users\Cheem\OneDrive\Coding\clipsCommerce - Copy\node_modules\jest-runner\build\runTest.js:367:16)
    at runTest (C:\Users\Cheem\OneDrive\Coding\clipsCommerce - Copy\node_modules\jest-runner\build\runTest.js:444:34)
    at Object.worker (C:\Users\Cheem\OneDrive\Coding\clipsCommerce - Copy\node_modules\jest-runner\build\testWorker.js:106:12)</failure>
    </testcase>
    <testcase classname="DataCollectionAgent task execution should track current task during execution" name="DataCollectionAgent task execution should track current task during execution" time="0.001">
      <failure>TypeError: Cannot read properties of undefined (reading &apos;tiktok&apos;)
    at DataCollectionAgent.initializeCollectionStrategies (C:\Users\Cheem\OneDrive\Coding\clipsCommerce - Copy\src\app\workflows\AI_improvement\services\agents\DataCollectionAgent.ts:407:76)
    at new DataCollectionAgent (C:\Users\Cheem\OneDrive\Coding\clipsCommerce - Copy\src\app\workflows\AI_improvement\services\agents\DataCollectionAgent.ts:81:10)
    at Object.&lt;anonymous&gt; (C:\Users\Cheem\OneDrive\Coding\clipsCommerce - Copy\src\app\workflows\AI_improvement\services\agents\__tests__\DataCollectionAgent.test.ts:27:13)
    at Promise.then.completed (C:\Users\Cheem\OneDrive\Coding\clipsCommerce - Copy\node_modules\jest-circus\build\utils.js:298:28)
    at new Promise (&lt;anonymous&gt;)
    at callAsyncCircusFn (C:\Users\Cheem\OneDrive\Coding\clipsCommerce - Copy\node_modules\jest-circus\build\utils.js:231:10)
    at _callCircusHook (C:\Users\Cheem\OneDrive\Coding\clipsCommerce - Copy\node_modules\jest-circus\build\run.js:281:40)
    at processTicksAndRejections (node:internal/process/task_queues:105:5)
    at _runTest (C:\Users\Cheem\OneDrive\Coding\clipsCommerce - Copy\node_modules\jest-circus\build\run.js:246:5)
    at _runTestsForDescribeBlock (C:\Users\Cheem\OneDrive\Coding\clipsCommerce - Copy\node_modules\jest-circus\build\run.js:126:9)
    at _runTestsForDescribeBlock (C:\Users\Cheem\OneDrive\Coding\clipsCommerce - Copy\node_modules\jest-circus\build\run.js:121:9)
    at _runTestsForDescribeBlock (C:\Users\Cheem\OneDrive\Coding\clipsCommerce - Copy\node_modules\jest-circus\build\run.js:121:9)
    at run (C:\Users\Cheem\OneDrive\Coding\clipsCommerce - Copy\node_modules\jest-circus\build\run.js:71:3)
    at runAndTransformResultsToJestFormat (C:\Users\Cheem\OneDrive\Coding\clipsCommerce - Copy\node_modules\jest-circus\build\legacy-code-todo-rewrite\jestAdapterInit.js:122:21)
    at jestAdapter (C:\Users\Cheem\OneDrive\Coding\clipsCommerce - Copy\node_modules\jest-circus\build\legacy-code-todo-rewrite\jestAdapter.js:79:19)
    at runTestInternal (C:\Users\Cheem\OneDrive\Coding\clipsCommerce - Copy\node_modules\jest-runner\build\runTest.js:367:16)
    at runTest (C:\Users\Cheem\OneDrive\Coding\clipsCommerce - Copy\node_modules\jest-runner\build\runTest.js:444:34)
    at Object.worker (C:\Users\Cheem\OneDrive\Coding\clipsCommerce - Copy\node_modules\jest-runner\build\testWorker.js:106:12)</failure>
      <failure>TypeError: Cannot read properties of undefined (reading &apos;stop&apos;)
    at Object.&lt;anonymous&gt; (C:\Users\Cheem\OneDrive\Coding\clipsCommerce - Copy\src\app\workflows\AI_improvement\services\agents\__tests__\DataCollectionAgent.test.ts:79:19)
    at Promise.then.completed (C:\Users\Cheem\OneDrive\Coding\clipsCommerce - Copy\node_modules\jest-circus\build\utils.js:298:28)
    at new Promise (&lt;anonymous&gt;)
    at callAsyncCircusFn (C:\Users\Cheem\OneDrive\Coding\clipsCommerce - Copy\node_modules\jest-circus\build\utils.js:231:10)
    at _callCircusHook (C:\Users\Cheem\OneDrive\Coding\clipsCommerce - Copy\node_modules\jest-circus\build\run.js:281:40)
    at processTicksAndRejections (node:internal/process/task_queues:105:5)
    at _runTest (C:\Users\Cheem\OneDrive\Coding\clipsCommerce - Copy\node_modules\jest-circus\build\run.js:254:5)
    at _runTestsForDescribeBlock (C:\Users\Cheem\OneDrive\Coding\clipsCommerce - Copy\node_modules\jest-circus\build\run.js:126:9)
    at _runTestsForDescribeBlock (C:\Users\Cheem\OneDrive\Coding\clipsCommerce - Copy\node_modules\jest-circus\build\run.js:121:9)
    at _runTestsForDescribeBlock (C:\Users\Cheem\OneDrive\Coding\clipsCommerce - Copy\node_modules\jest-circus\build\run.js:121:9)
    at run (C:\Users\Cheem\OneDrive\Coding\clipsCommerce - Copy\node_modules\jest-circus\build\run.js:71:3)
    at runAndTransformResultsToJestFormat (C:\Users\Cheem\OneDrive\Coding\clipsCommerce - Copy\node_modules\jest-circus\build\legacy-code-todo-rewrite\jestAdapterInit.js:122:21)
    at jestAdapter (C:\Users\Cheem\OneDrive\Coding\clipsCommerce - Copy\node_modules\jest-circus\build\legacy-code-todo-rewrite\jestAdapter.js:79:19)
    at runTestInternal (C:\Users\Cheem\OneDrive\Coding\clipsCommerce - Copy\node_modules\jest-runner\build\runTest.js:367:16)
    at runTest (C:\Users\Cheem\OneDrive\Coding\clipsCommerce - Copy\node_modules\jest-runner\build\runTest.js:444:34)
    at Object.worker (C:\Users\Cheem\OneDrive\Coding\clipsCommerce - Copy\node_modules\jest-runner\build\testWorker.js:106:12)</failure>
    </testcase>
    <testcase classname="DataCollectionAgent task execution should handle task execution errors gracefully" name="DataCollectionAgent task execution should handle task execution errors gracefully" time="0.001">
      <failure>TypeError: Cannot read properties of undefined (reading &apos;tiktok&apos;)
    at DataCollectionAgent.initializeCollectionStrategies (C:\Users\Cheem\OneDrive\Coding\clipsCommerce - Copy\src\app\workflows\AI_improvement\services\agents\DataCollectionAgent.ts:407:76)
    at new DataCollectionAgent (C:\Users\Cheem\OneDrive\Coding\clipsCommerce - Copy\src\app\workflows\AI_improvement\services\agents\DataCollectionAgent.ts:81:10)
    at Object.&lt;anonymous&gt; (C:\Users\Cheem\OneDrive\Coding\clipsCommerce - Copy\src\app\workflows\AI_improvement\services\agents\__tests__\DataCollectionAgent.test.ts:27:13)
    at Promise.then.completed (C:\Users\Cheem\OneDrive\Coding\clipsCommerce - Copy\node_modules\jest-circus\build\utils.js:298:28)
    at new Promise (&lt;anonymous&gt;)
    at callAsyncCircusFn (C:\Users\Cheem\OneDrive\Coding\clipsCommerce - Copy\node_modules\jest-circus\build\utils.js:231:10)
    at _callCircusHook (C:\Users\Cheem\OneDrive\Coding\clipsCommerce - Copy\node_modules\jest-circus\build\run.js:281:40)
    at processTicksAndRejections (node:internal/process/task_queues:105:5)
    at _runTest (C:\Users\Cheem\OneDrive\Coding\clipsCommerce - Copy\node_modules\jest-circus\build\run.js:246:5)
    at _runTestsForDescribeBlock (C:\Users\Cheem\OneDrive\Coding\clipsCommerce - Copy\node_modules\jest-circus\build\run.js:126:9)
    at _runTestsForDescribeBlock (C:\Users\Cheem\OneDrive\Coding\clipsCommerce - Copy\node_modules\jest-circus\build\run.js:121:9)
    at _runTestsForDescribeBlock (C:\Users\Cheem\OneDrive\Coding\clipsCommerce - Copy\node_modules\jest-circus\build\run.js:121:9)
    at run (C:\Users\Cheem\OneDrive\Coding\clipsCommerce - Copy\node_modules\jest-circus\build\run.js:71:3)
    at runAndTransformResultsToJestFormat (C:\Users\Cheem\OneDrive\Coding\clipsCommerce - Copy\node_modules\jest-circus\build\legacy-code-todo-rewrite\jestAdapterInit.js:122:21)
    at jestAdapter (C:\Users\Cheem\OneDrive\Coding\clipsCommerce - Copy\node_modules\jest-circus\build\legacy-code-todo-rewrite\jestAdapter.js:79:19)
    at runTestInternal (C:\Users\Cheem\OneDrive\Coding\clipsCommerce - Copy\node_modules\jest-runner\build\runTest.js:367:16)
    at runTest (C:\Users\Cheem\OneDrive\Coding\clipsCommerce - Copy\node_modules\jest-runner\build\runTest.js:444:34)
    at Object.worker (C:\Users\Cheem\OneDrive\Coding\clipsCommerce - Copy\node_modules\jest-runner\build\testWorker.js:106:12)</failure>
      <failure>TypeError: Cannot read properties of undefined (reading &apos;stop&apos;)
    at Object.&lt;anonymous&gt; (C:\Users\Cheem\OneDrive\Coding\clipsCommerce - Copy\src\app\workflows\AI_improvement\services\agents\__tests__\DataCollectionAgent.test.ts:79:19)
    at Promise.then.completed (C:\Users\Cheem\OneDrive\Coding\clipsCommerce - Copy\node_modules\jest-circus\build\utils.js:298:28)
    at new Promise (&lt;anonymous&gt;)
    at callAsyncCircusFn (C:\Users\Cheem\OneDrive\Coding\clipsCommerce - Copy\node_modules\jest-circus\build\utils.js:231:10)
    at _callCircusHook (C:\Users\Cheem\OneDrive\Coding\clipsCommerce - Copy\node_modules\jest-circus\build\run.js:281:40)
    at processTicksAndRejections (node:internal/process/task_queues:105:5)
    at _runTest (C:\Users\Cheem\OneDrive\Coding\clipsCommerce - Copy\node_modules\jest-circus\build\run.js:254:5)
    at _runTestsForDescribeBlock (C:\Users\Cheem\OneDrive\Coding\clipsCommerce - Copy\node_modules\jest-circus\build\run.js:126:9)
    at _runTestsForDescribeBlock (C:\Users\Cheem\OneDrive\Coding\clipsCommerce - Copy\node_modules\jest-circus\build\run.js:121:9)
    at _runTestsForDescribeBlock (C:\Users\Cheem\OneDrive\Coding\clipsCommerce - Copy\node_modules\jest-circus\build\run.js:121:9)
    at run (C:\Users\Cheem\OneDrive\Coding\clipsCommerce - Copy\node_modules\jest-circus\build\run.js:71:3)
    at runAndTransformResultsToJestFormat (C:\Users\Cheem\OneDrive\Coding\clipsCommerce - Copy\node_modules\jest-circus\build\legacy-code-todo-rewrite\jestAdapterInit.js:122:21)
    at jestAdapter (C:\Users\Cheem\OneDrive\Coding\clipsCommerce - Copy\node_modules\jest-circus\build\legacy-code-todo-rewrite\jestAdapter.js:79:19)
    at runTestInternal (C:\Users\Cheem\OneDrive\Coding\clipsCommerce - Copy\node_modules\jest-runner\build\runTest.js:367:16)
    at runTest (C:\Users\Cheem\OneDrive\Coding\clipsCommerce - Copy\node_modules\jest-runner\build\runTest.js:444:34)
    at Object.worker (C:\Users\Cheem\OneDrive\Coding\clipsCommerce - Copy\node_modules\jest-runner\build\testWorker.js:106:12)</failure>
    </testcase>
    <testcase classname="DataCollectionAgent data gap analysis should analyze and identify data gaps" name="DataCollectionAgent data gap analysis should analyze and identify data gaps" time="0.001">
      <failure>TypeError: Cannot read properties of undefined (reading &apos;tiktok&apos;)
    at DataCollectionAgent.initializeCollectionStrategies (C:\Users\Cheem\OneDrive\Coding\clipsCommerce - Copy\src\app\workflows\AI_improvement\services\agents\DataCollectionAgent.ts:407:76)
    at new DataCollectionAgent (C:\Users\Cheem\OneDrive\Coding\clipsCommerce - Copy\src\app\workflows\AI_improvement\services\agents\DataCollectionAgent.ts:81:10)
    at Object.&lt;anonymous&gt; (C:\Users\Cheem\OneDrive\Coding\clipsCommerce - Copy\src\app\workflows\AI_improvement\services\agents\__tests__\DataCollectionAgent.test.ts:27:13)
    at Promise.then.completed (C:\Users\Cheem\OneDrive\Coding\clipsCommerce - Copy\node_modules\jest-circus\build\utils.js:298:28)
    at new Promise (&lt;anonymous&gt;)
    at callAsyncCircusFn (C:\Users\Cheem\OneDrive\Coding\clipsCommerce - Copy\node_modules\jest-circus\build\utils.js:231:10)
    at _callCircusHook (C:\Users\Cheem\OneDrive\Coding\clipsCommerce - Copy\node_modules\jest-circus\build\run.js:281:40)
    at processTicksAndRejections (node:internal/process/task_queues:105:5)
    at _runTest (C:\Users\Cheem\OneDrive\Coding\clipsCommerce - Copy\node_modules\jest-circus\build\run.js:246:5)
    at _runTestsForDescribeBlock (C:\Users\Cheem\OneDrive\Coding\clipsCommerce - Copy\node_modules\jest-circus\build\run.js:126:9)
    at _runTestsForDescribeBlock (C:\Users\Cheem\OneDrive\Coding\clipsCommerce - Copy\node_modules\jest-circus\build\run.js:121:9)
    at _runTestsForDescribeBlock (C:\Users\Cheem\OneDrive\Coding\clipsCommerce - Copy\node_modules\jest-circus\build\run.js:121:9)
    at run (C:\Users\Cheem\OneDrive\Coding\clipsCommerce - Copy\node_modules\jest-circus\build\run.js:71:3)
    at runAndTransformResultsToJestFormat (C:\Users\Cheem\OneDrive\Coding\clipsCommerce - Copy\node_modules\jest-circus\build\legacy-code-todo-rewrite\jestAdapterInit.js:122:21)
    at jestAdapter (C:\Users\Cheem\OneDrive\Coding\clipsCommerce - Copy\node_modules\jest-circus\build\legacy-code-todo-rewrite\jestAdapter.js:79:19)
    at runTestInternal (C:\Users\Cheem\OneDrive\Coding\clipsCommerce - Copy\node_modules\jest-runner\build\runTest.js:367:16)
    at runTest (C:\Users\Cheem\OneDrive\Coding\clipsCommerce - Copy\node_modules\jest-runner\build\runTest.js:444:34)
    at Object.worker (C:\Users\Cheem\OneDrive\Coding\clipsCommerce - Copy\node_modules\jest-runner\build\testWorker.js:106:12)</failure>
      <failure>TypeError: Cannot read properties of undefined (reading &apos;stop&apos;)
    at Object.&lt;anonymous&gt; (C:\Users\Cheem\OneDrive\Coding\clipsCommerce - Copy\src\app\workflows\AI_improvement\services\agents\__tests__\DataCollectionAgent.test.ts:207:19)
    at Promise.then.completed (C:\Users\Cheem\OneDrive\Coding\clipsCommerce - Copy\node_modules\jest-circus\build\utils.js:298:28)
    at new Promise (&lt;anonymous&gt;)
    at callAsyncCircusFn (C:\Users\Cheem\OneDrive\Coding\clipsCommerce - Copy\node_modules\jest-circus\build\utils.js:231:10)
    at _callCircusHook (C:\Users\Cheem\OneDrive\Coding\clipsCommerce - Copy\node_modules\jest-circus\build\run.js:281:40)
    at processTicksAndRejections (node:internal/process/task_queues:105:5)
    at _runTest (C:\Users\Cheem\OneDrive\Coding\clipsCommerce - Copy\node_modules\jest-circus\build\run.js:254:5)
    at _runTestsForDescribeBlock (C:\Users\Cheem\OneDrive\Coding\clipsCommerce - Copy\node_modules\jest-circus\build\run.js:126:9)
    at _runTestsForDescribeBlock (C:\Users\Cheem\OneDrive\Coding\clipsCommerce - Copy\node_modules\jest-circus\build\run.js:121:9)
    at _runTestsForDescribeBlock (C:\Users\Cheem\OneDrive\Coding\clipsCommerce - Copy\node_modules\jest-circus\build\run.js:121:9)
    at run (C:\Users\Cheem\OneDrive\Coding\clipsCommerce - Copy\node_modules\jest-circus\build\run.js:71:3)
    at runAndTransformResultsToJestFormat (C:\Users\Cheem\OneDrive\Coding\clipsCommerce - Copy\node_modules\jest-circus\build\legacy-code-todo-rewrite\jestAdapterInit.js:122:21)
    at jestAdapter (C:\Users\Cheem\OneDrive\Coding\clipsCommerce - Copy\node_modules\jest-circus\build\legacy-code-todo-rewrite\jestAdapter.js:79:19)
    at runTestInternal (C:\Users\Cheem\OneDrive\Coding\clipsCommerce - Copy\node_modules\jest-runner\build\runTest.js:367:16)
    at runTest (C:\Users\Cheem\OneDrive\Coding\clipsCommerce - Copy\node_modules\jest-runner\build\runTest.js:444:34)
    at Object.worker (C:\Users\Cheem\OneDrive\Coding\clipsCommerce - Copy\node_modules\jest-runner\build\testWorker.js:106:12)</failure>
    </testcase>
    <testcase classname="DataCollectionAgent data gap analysis should generate appropriate gap recommendations" name="DataCollectionAgent data gap analysis should generate appropriate gap recommendations" time="0.001">
      <failure>TypeError: Cannot read properties of undefined (reading &apos;tiktok&apos;)
    at DataCollectionAgent.initializeCollectionStrategies (C:\Users\Cheem\OneDrive\Coding\clipsCommerce - Copy\src\app\workflows\AI_improvement\services\agents\DataCollectionAgent.ts:407:76)
    at new DataCollectionAgent (C:\Users\Cheem\OneDrive\Coding\clipsCommerce - Copy\src\app\workflows\AI_improvement\services\agents\DataCollectionAgent.ts:81:10)
    at Object.&lt;anonymous&gt; (C:\Users\Cheem\OneDrive\Coding\clipsCommerce - Copy\src\app\workflows\AI_improvement\services\agents\__tests__\DataCollectionAgent.test.ts:27:13)
    at Promise.then.completed (C:\Users\Cheem\OneDrive\Coding\clipsCommerce - Copy\node_modules\jest-circus\build\utils.js:298:28)
    at new Promise (&lt;anonymous&gt;)
    at callAsyncCircusFn (C:\Users\Cheem\OneDrive\Coding\clipsCommerce - Copy\node_modules\jest-circus\build\utils.js:231:10)
    at _callCircusHook (C:\Users\Cheem\OneDrive\Coding\clipsCommerce - Copy\node_modules\jest-circus\build\run.js:281:40)
    at processTicksAndRejections (node:internal/process/task_queues:105:5)
    at _runTest (C:\Users\Cheem\OneDrive\Coding\clipsCommerce - Copy\node_modules\jest-circus\build\run.js:246:5)
    at _runTestsForDescribeBlock (C:\Users\Cheem\OneDrive\Coding\clipsCommerce - Copy\node_modules\jest-circus\build\run.js:126:9)
    at _runTestsForDescribeBlock (C:\Users\Cheem\OneDrive\Coding\clipsCommerce - Copy\node_modules\jest-circus\build\run.js:121:9)
    at _runTestsForDescribeBlock (C:\Users\Cheem\OneDrive\Coding\clipsCommerce - Copy\node_modules\jest-circus\build\run.js:121:9)
    at run (C:\Users\Cheem\OneDrive\Coding\clipsCommerce - Copy\node_modules\jest-circus\build\run.js:71:3)
    at runAndTransformResultsToJestFormat (C:\Users\Cheem\OneDrive\Coding\clipsCommerce - Copy\node_modules\jest-circus\build\legacy-code-todo-rewrite\jestAdapterInit.js:122:21)
    at jestAdapter (C:\Users\Cheem\OneDrive\Coding\clipsCommerce - Copy\node_modules\jest-circus\build\legacy-code-todo-rewrite\jestAdapter.js:79:19)
    at runTestInternal (C:\Users\Cheem\OneDrive\Coding\clipsCommerce - Copy\node_modules\jest-runner\build\runTest.js:367:16)
    at runTest (C:\Users\Cheem\OneDrive\Coding\clipsCommerce - Copy\node_modules\jest-runner\build\runTest.js:444:34)
    at Object.worker (C:\Users\Cheem\OneDrive\Coding\clipsCommerce - Copy\node_modules\jest-runner\build\testWorker.js:106:12)</failure>
      <failure>TypeError: Cannot read properties of undefined (reading &apos;stop&apos;)
    at Object.&lt;anonymous&gt; (C:\Users\Cheem\OneDrive\Coding\clipsCommerce - Copy\src\app\workflows\AI_improvement\services\agents\__tests__\DataCollectionAgent.test.ts:207:19)
    at Promise.then.completed (C:\Users\Cheem\OneDrive\Coding\clipsCommerce - Copy\node_modules\jest-circus\build\utils.js:298:28)
    at new Promise (&lt;anonymous&gt;)
    at callAsyncCircusFn (C:\Users\Cheem\OneDrive\Coding\clipsCommerce - Copy\node_modules\jest-circus\build\utils.js:231:10)
    at _callCircusHook (C:\Users\Cheem\OneDrive\Coding\clipsCommerce - Copy\node_modules\jest-circus\build\run.js:281:40)
    at processTicksAndRejections (node:internal/process/task_queues:105:5)
    at _runTest (C:\Users\Cheem\OneDrive\Coding\clipsCommerce - Copy\node_modules\jest-circus\build\run.js:254:5)
    at _runTestsForDescribeBlock (C:\Users\Cheem\OneDrive\Coding\clipsCommerce - Copy\node_modules\jest-circus\build\run.js:126:9)
    at _runTestsForDescribeBlock (C:\Users\Cheem\OneDrive\Coding\clipsCommerce - Copy\node_modules\jest-circus\build\run.js:121:9)
    at _runTestsForDescribeBlock (C:\Users\Cheem\OneDrive\Coding\clipsCommerce - Copy\node_modules\jest-circus\build\run.js:121:9)
    at run (C:\Users\Cheem\OneDrive\Coding\clipsCommerce - Copy\node_modules\jest-circus\build\run.js:71:3)
    at runAndTransformResultsToJestFormat (C:\Users\Cheem\OneDrive\Coding\clipsCommerce - Copy\node_modules\jest-circus\build\legacy-code-todo-rewrite\jestAdapterInit.js:122:21)
    at jestAdapter (C:\Users\Cheem\OneDrive\Coding\clipsCommerce - Copy\node_modules\jest-circus\build\legacy-code-todo-rewrite\jestAdapter.js:79:19)
    at runTestInternal (C:\Users\Cheem\OneDrive\Coding\clipsCommerce - Copy\node_modules\jest-runner\build\runTest.js:367:16)
    at runTest (C:\Users\Cheem\OneDrive\Coding\clipsCommerce - Copy\node_modules\jest-runner\build\runTest.js:444:34)
    at Object.worker (C:\Users\Cheem\OneDrive\Coding\clipsCommerce - Copy\node_modules\jest-runner\build\testWorker.js:106:12)</failure>
    </testcase>
    <testcase classname="DataCollectionAgent data gap analysis should prioritize critical gaps" name="DataCollectionAgent data gap analysis should prioritize critical gaps" time="0.001">
      <failure>TypeError: Cannot read properties of undefined (reading &apos;tiktok&apos;)
    at DataCollectionAgent.initializeCollectionStrategies (C:\Users\Cheem\OneDrive\Coding\clipsCommerce - Copy\src\app\workflows\AI_improvement\services\agents\DataCollectionAgent.ts:407:76)
    at new DataCollectionAgent (C:\Users\Cheem\OneDrive\Coding\clipsCommerce - Copy\src\app\workflows\AI_improvement\services\agents\DataCollectionAgent.ts:81:10)
    at Object.&lt;anonymous&gt; (C:\Users\Cheem\OneDrive\Coding\clipsCommerce - Copy\src\app\workflows\AI_improvement\services\agents\__tests__\DataCollectionAgent.test.ts:27:13)
    at Promise.then.completed (C:\Users\Cheem\OneDrive\Coding\clipsCommerce - Copy\node_modules\jest-circus\build\utils.js:298:28)
    at new Promise (&lt;anonymous&gt;)
    at callAsyncCircusFn (C:\Users\Cheem\OneDrive\Coding\clipsCommerce - Copy\node_modules\jest-circus\build\utils.js:231:10)
    at _callCircusHook (C:\Users\Cheem\OneDrive\Coding\clipsCommerce - Copy\node_modules\jest-circus\build\run.js:281:40)
    at processTicksAndRejections (node:internal/process/task_queues:105:5)
    at _runTest (C:\Users\Cheem\OneDrive\Coding\clipsCommerce - Copy\node_modules\jest-circus\build\run.js:246:5)
    at _runTestsForDescribeBlock (C:\Users\Cheem\OneDrive\Coding\clipsCommerce - Copy\node_modules\jest-circus\build\run.js:126:9)
    at _runTestsForDescribeBlock (C:\Users\Cheem\OneDrive\Coding\clipsCommerce - Copy\node_modules\jest-circus\build\run.js:121:9)
    at _runTestsForDescribeBlock (C:\Users\Cheem\OneDrive\Coding\clipsCommerce - Copy\node_modules\jest-circus\build\run.js:121:9)
    at run (C:\Users\Cheem\OneDrive\Coding\clipsCommerce - Copy\node_modules\jest-circus\build\run.js:71:3)
    at runAndTransformResultsToJestFormat (C:\Users\Cheem\OneDrive\Coding\clipsCommerce - Copy\node_modules\jest-circus\build\legacy-code-todo-rewrite\jestAdapterInit.js:122:21)
    at jestAdapter (C:\Users\Cheem\OneDrive\Coding\clipsCommerce - Copy\node_modules\jest-circus\build\legacy-code-todo-rewrite\jestAdapter.js:79:19)
    at runTestInternal (C:\Users\Cheem\OneDrive\Coding\clipsCommerce - Copy\node_modules\jest-runner\build\runTest.js:367:16)
    at runTest (C:\Users\Cheem\OneDrive\Coding\clipsCommerce - Copy\node_modules\jest-runner\build\runTest.js:444:34)
    at Object.worker (C:\Users\Cheem\OneDrive\Coding\clipsCommerce - Copy\node_modules\jest-runner\build\testWorker.js:106:12)</failure>
      <failure>TypeError: Cannot read properties of undefined (reading &apos;stop&apos;)
    at Object.&lt;anonymous&gt; (C:\Users\Cheem\OneDrive\Coding\clipsCommerce - Copy\src\app\workflows\AI_improvement\services\agents\__tests__\DataCollectionAgent.test.ts:207:19)
    at Promise.then.completed (C:\Users\Cheem\OneDrive\Coding\clipsCommerce - Copy\node_modules\jest-circus\build\utils.js:298:28)
    at new Promise (&lt;anonymous&gt;)
    at callAsyncCircusFn (C:\Users\Cheem\OneDrive\Coding\clipsCommerce - Copy\node_modules\jest-circus\build\utils.js:231:10)
    at _callCircusHook (C:\Users\Cheem\OneDrive\Coding\clipsCommerce - Copy\node_modules\jest-circus\build\run.js:281:40)
    at processTicksAndRejections (node:internal/process/task_queues:105:5)
    at _runTest (C:\Users\Cheem\OneDrive\Coding\clipsCommerce - Copy\node_modules\jest-circus\build\run.js:254:5)
    at _runTestsForDescribeBlock (C:\Users\Cheem\OneDrive\Coding\clipsCommerce - Copy\node_modules\jest-circus\build\run.js:126:9)
    at _runTestsForDescribeBlock (C:\Users\Cheem\OneDrive\Coding\clipsCommerce - Copy\node_modules\jest-circus\build\run.js:121:9)
    at _runTestsForDescribeBlock (C:\Users\Cheem\OneDrive\Coding\clipsCommerce - Copy\node_modules\jest-circus\build\run.js:121:9)
    at run (C:\Users\Cheem\OneDrive\Coding\clipsCommerce - Copy\node_modules\jest-circus\build\run.js:71:3)
    at runAndTransformResultsToJestFormat (C:\Users\Cheem\OneDrive\Coding\clipsCommerce - Copy\node_modules\jest-circus\build\legacy-code-todo-rewrite\jestAdapterInit.js:122:21)
    at jestAdapter (C:\Users\Cheem\OneDrive\Coding\clipsCommerce - Copy\node_modules\jest-circus\build\legacy-code-todo-rewrite\jestAdapter.js:79:19)
    at runTestInternal (C:\Users\Cheem\OneDrive\Coding\clipsCommerce - Copy\node_modules\jest-runner\build\runTest.js:367:16)
    at runTest (C:\Users\Cheem\OneDrive\Coding\clipsCommerce - Copy\node_modules\jest-runner\build\runTest.js:444:34)
    at Object.worker (C:\Users\Cheem\OneDrive\Coding\clipsCommerce - Copy\node_modules\jest-runner\build\testWorker.js:106:12)</failure>
    </testcase>
    <testcase classname="DataCollectionAgent collection strategy optimization should optimize collection strategy for different platforms" name="DataCollectionAgent collection strategy optimization should optimize collection strategy for different platforms" time="0.001">
      <failure>TypeError: Cannot read properties of undefined (reading &apos;tiktok&apos;)
    at DataCollectionAgent.initializeCollectionStrategies (C:\Users\Cheem\OneDrive\Coding\clipsCommerce - Copy\src\app\workflows\AI_improvement\services\agents\DataCollectionAgent.ts:407:76)
    at new DataCollectionAgent (C:\Users\Cheem\OneDrive\Coding\clipsCommerce - Copy\src\app\workflows\AI_improvement\services\agents\DataCollectionAgent.ts:81:10)
    at Object.&lt;anonymous&gt; (C:\Users\Cheem\OneDrive\Coding\clipsCommerce - Copy\src\app\workflows\AI_improvement\services\agents\__tests__\DataCollectionAgent.test.ts:27:13)
    at Promise.then.completed (C:\Users\Cheem\OneDrive\Coding\clipsCommerce - Copy\node_modules\jest-circus\build\utils.js:298:28)
    at new Promise (&lt;anonymous&gt;)
    at callAsyncCircusFn (C:\Users\Cheem\OneDrive\Coding\clipsCommerce - Copy\node_modules\jest-circus\build\utils.js:231:10)
    at _callCircusHook (C:\Users\Cheem\OneDrive\Coding\clipsCommerce - Copy\node_modules\jest-circus\build\run.js:281:40)
    at processTicksAndRejections (node:internal/process/task_queues:105:5)
    at _runTest (C:\Users\Cheem\OneDrive\Coding\clipsCommerce - Copy\node_modules\jest-circus\build\run.js:246:5)
    at _runTestsForDescribeBlock (C:\Users\Cheem\OneDrive\Coding\clipsCommerce - Copy\node_modules\jest-circus\build\run.js:126:9)
    at _runTestsForDescribeBlock (C:\Users\Cheem\OneDrive\Coding\clipsCommerce - Copy\node_modules\jest-circus\build\run.js:121:9)
    at _runTestsForDescribeBlock (C:\Users\Cheem\OneDrive\Coding\clipsCommerce - Copy\node_modules\jest-circus\build\run.js:121:9)
    at run (C:\Users\Cheem\OneDrive\Coding\clipsCommerce - Copy\node_modules\jest-circus\build\run.js:71:3)
    at runAndTransformResultsToJestFormat (C:\Users\Cheem\OneDrive\Coding\clipsCommerce - Copy\node_modules\jest-circus\build\legacy-code-todo-rewrite\jestAdapterInit.js:122:21)
    at jestAdapter (C:\Users\Cheem\OneDrive\Coding\clipsCommerce - Copy\node_modules\jest-circus\build\legacy-code-todo-rewrite\jestAdapter.js:79:19)
    at runTestInternal (C:\Users\Cheem\OneDrive\Coding\clipsCommerce - Copy\node_modules\jest-runner\build\runTest.js:367:16)
    at runTest (C:\Users\Cheem\OneDrive\Coding\clipsCommerce - Copy\node_modules\jest-runner\build\runTest.js:444:34)
    at Object.worker (C:\Users\Cheem\OneDrive\Coding\clipsCommerce - Copy\node_modules\jest-runner\build\testWorker.js:106:12)</failure>
      <failure>TypeError: Cannot read properties of undefined (reading &apos;stop&apos;)
    at Object.&lt;anonymous&gt; (C:\Users\Cheem\OneDrive\Coding\clipsCommerce - Copy\src\app\workflows\AI_improvement\services\agents\__tests__\DataCollectionAgent.test.ts:287:19)
    at Promise.then.completed (C:\Users\Cheem\OneDrive\Coding\clipsCommerce - Copy\node_modules\jest-circus\build\utils.js:298:28)
    at new Promise (&lt;anonymous&gt;)
    at callAsyncCircusFn (C:\Users\Cheem\OneDrive\Coding\clipsCommerce - Copy\node_modules\jest-circus\build\utils.js:231:10)
    at _callCircusHook (C:\Users\Cheem\OneDrive\Coding\clipsCommerce - Copy\node_modules\jest-circus\build\run.js:281:40)
    at processTicksAndRejections (node:internal/process/task_queues:105:5)
    at _runTest (C:\Users\Cheem\OneDrive\Coding\clipsCommerce - Copy\node_modules\jest-circus\build\run.js:254:5)
    at _runTestsForDescribeBlock (C:\Users\Cheem\OneDrive\Coding\clipsCommerce - Copy\node_modules\jest-circus\build\run.js:126:9)
    at _runTestsForDescribeBlock (C:\Users\Cheem\OneDrive\Coding\clipsCommerce - Copy\node_modules\jest-circus\build\run.js:121:9)
    at _runTestsForDescribeBlock (C:\Users\Cheem\OneDrive\Coding\clipsCommerce - Copy\node_modules\jest-circus\build\run.js:121:9)
    at run (C:\Users\Cheem\OneDrive\Coding\clipsCommerce - Copy\node_modules\jest-circus\build\run.js:71:3)
    at runAndTransformResultsToJestFormat (C:\Users\Cheem\OneDrive\Coding\clipsCommerce - Copy\node_modules\jest-circus\build\legacy-code-todo-rewrite\jestAdapterInit.js:122:21)
    at jestAdapter (C:\Users\Cheem\OneDrive\Coding\clipsCommerce - Copy\node_modules\jest-circus\build\legacy-code-todo-rewrite\jestAdapter.js:79:19)
    at runTestInternal (C:\Users\Cheem\OneDrive\Coding\clipsCommerce - Copy\node_modules\jest-runner\build\runTest.js:367:16)
    at runTest (C:\Users\Cheem\OneDrive\Coding\clipsCommerce - Copy\node_modules\jest-runner\build\runTest.js:444:34)
    at Object.worker (C:\Users\Cheem\OneDrive\Coding\clipsCommerce - Copy\node_modules\jest-runner\build\testWorker.js:106:12)</failure>
    </testcase>
    <testcase classname="DataCollectionAgent collection strategy optimization should optimize for different niches" name="DataCollectionAgent collection strategy optimization should optimize for different niches" time="0">
      <failure>TypeError: Cannot read properties of undefined (reading &apos;tiktok&apos;)
    at DataCollectionAgent.initializeCollectionStrategies (C:\Users\Cheem\OneDrive\Coding\clipsCommerce - Copy\src\app\workflows\AI_improvement\services\agents\DataCollectionAgent.ts:407:76)
[...]
    at Runtime._loadModule (C:\Users\Cheem\OneDrive\Coding\clipsCommerce - Copy\node_modules\jest-runtime\build\index.js:1022:12)
    at Runtime.requireModule (C:\Users\Cheem\OneDrive\Coding\clipsCommerce - Copy\node_modules\jest-runtime\build\index.js:882:12)
    at jestAdapter (C:\Users\Cheem\OneDrive\Coding\clipsCommerce - Copy\node_modules\jest-circus\build\legacy-code-todo-rewrite\jestAdapter.js:77:13)
    at processTicksAndRejections (node:internal/process/task_queues:105:5)
    at runTestInternal (C:\Users\Cheem\OneDrive\Coding\clipsCommerce - Copy\node_modules\jest-runner\build\runTest.js:367:16)
    at runTest (C:\Users\Cheem\OneDrive\Coding\clipsCommerce - Copy\node_modules\jest-runner\build\runTest.js:444:34)
    at Object.worker (C:\Users\Cheem\OneDrive\Coding\clipsCommerce - Copy\node_modules\jest-runner\build\testWorker.js:106:12)</failure>
    </testcase>
    <testcase classname="Payment Flow Tests SubscriptionComponent should render all subscription plans" name="Payment Flow Tests SubscriptionComponent should render all subscription plans" time="0.186">
    </testcase>
    <testcase classname="Payment Flow Tests SubscriptionComponent should handle Pro monthly plan selection" name="Payment Flow Tests SubscriptionComponent should handle Pro monthly plan selection" time="30.014">
      <failure>Error: thrown: &quot;Exceeded timeout of 30000 ms for a test.
Add a timeout value to this test to increase the timeout, if this is a long-running test. See https://jestjs.io/docs/api#testname-fn-timeout.&quot;
    at C:\Users\Cheem\OneDrive\Coding\clipsCommerce - Copy\src\__tests__\payment-flow.test.tsx:241:5
    at _dispatchDescribe (C:\Users\Cheem\OneDrive\Coding\clipsCommerce - Copy\node_modules\jest-circus\build\index.js:91:26)
    at describe (C:\Users\Cheem\OneDrive\Coding\clipsCommerce - Copy\node_modules\jest-circus\build\index.js:55:5)
    at C:\Users\Cheem\OneDrive\Coding\clipsCommerce - Copy\src\__tests__\payment-flow.test.tsx:222:3
    at _dispatchDescribe (C:\Users\Cheem\OneDrive\Coding\clipsCommerce - Copy\node_modules\jest-circus\build\index.js:91:26)
    at describe (C:\Users\Cheem\OneDrive\Coding\clipsCommerce - Copy\node_modules\jest-circus\build\index.js:55:5)
    at Object.&lt;anonymous&gt; (C:\Users\Cheem\OneDrive\Coding\clipsCommerce - Copy\src\__tests__\payment-flow.test.tsx:55:1)
    at Runtime._execModule (C:\Users\Cheem\OneDrive\Coding\clipsCommerce - Copy\node_modules\jest-runtime\build\index.js:1439:24)
    at Runtime._loadModule (C:\Users\Cheem\OneDrive\Coding\clipsCommerce - Copy\node_modules\jest-runtime\build\index.js:1022:12)
    at Runtime.requireModule (C:\Users\Cheem\OneDrive\Coding\clipsCommerce - Copy\node_modules\jest-runtime\build\index.js:882:12)
    at jestAdapter (C:\Users\Cheem\OneDrive\Coding\clipsCommerce - Copy\node_modules\jest-circus\build\legacy-code-todo-rewrite\jestAdapter.js:77:13)
    at processTicksAndRejections (node:internal/process/task_queues:105:5)
    at runTestInternal (C:\Users\Cheem\OneDrive\Coding\clipsCommerce - Copy\node_modules\jest-runner\build\runTest.js:367:16)
    at runTest (C:\Users\Cheem\OneDrive\Coding\clipsCommerce - Copy\node_modules\jest-runner\build\runTest.js:444:34)
    at Object.worker (C:\Users\Cheem\OneDrive\Coding\clipsCommerce - Copy\node_modules\jest-runner\build\testWorker.js:106:12)</failure>
    </testcase>
    <testcase classname="Payment Flow Tests SubscriptionComponent should handle Pro yearly plan selection" name="Payment Flow Tests SubscriptionComponent should handle Pro yearly plan selection" time="30.022">
      <failure>Error: thrown: &quot;Exceeded timeout of 30000 ms for a test.
Add a timeout value to this test to increase the timeout, if this is a long-running test. See https://jestjs.io/docs/api#testname-fn-timeout.&quot;
    at C:\Users\Cheem\OneDrive\Coding\clipsCommerce - Copy\src\__tests__\payment-flow.test.tsx:262:5
    at _dispatchDescribe (C:\Users\Cheem\OneDrive\Coding\clipsCommerce - Copy\node_modules\jest-circus\build\index.js:91:26)
    at describe (C:\Users\Cheem\OneDrive\Coding\clipsCommerce - Copy\node_modules\jest-circus\build\index.js:55:5)
    at C:\Users\Cheem\OneDrive\Coding\clipsCommerce - Copy\src\__tests__\payment-flow.test.tsx:222:3
    at _dispatchDescribe (C:\Users\Cheem\OneDrive\Coding\clipsCommerce - Copy\node_modules\jest-circus\build\index.js:91:26)
    at describe (C:\Users\Cheem\OneDrive\Coding\clipsCommerce - Copy\node_modules\jest-circus\build\index.js:55:5)
    at Object.&lt;anonymous&gt; (C:\Users\Cheem\OneDrive\Coding\clipsCommerce - Copy\src\__tests__\payment-flow.test.tsx:55:1)
    at Runtime._execModule (C:\Users\Cheem\OneDrive\Coding\clipsCommerce - Copy\node_modules\jest-runtime\build\index.js:1439:24)
    at Runtime._loadModule (C:\Users\Cheem\OneDrive\Coding\clipsCommerce - Copy\node_modules\jest-runtime\build\index.js:1022:12)
    at Runtime.requireModule (C:\Users\Cheem\OneDrive\Coding\clipsCommerce - Copy\node_modules\jest-runtime\build\index.js:882:12)
    at jestAdapter (C:\Users\Cheem\OneDrive\Coding\clipsCommerce - Copy\node_modules\jest-circus\build\legacy-code-todo-rewrite\jestAdapter.js:77:13)
    at processTicksAndRejections (node:internal/process/task_queues:105:5)
    at runTestInternal (C:\Users\Cheem\OneDrive\Coding\clipsCommerce - Copy\node_modules\jest-runner\build\runTest.js:367:16)
    at runTest (C:\Users\Cheem\OneDrive\Coding\clipsCommerce - Copy\node_modules\jest-runner\build\runTest.js:444:34)
    at Object.worker (C:\Users\Cheem\OneDrive\Coding\clipsCommerce - Copy\node_modules\jest-runner\build\testWorker.js:106:12)</failure>
    </testcase>
    <testcase classname="Payment Flow Tests SubscriptionComponent should handle Team monthly plan selection" name="Payment Flow Tests SubscriptionComponent should handle Team monthly plan selection" time="30.006">
      <failure>Error: thrown: &quot;Exceeded timeout of 30000 ms for a test.
Add a timeout value to this test to increase the timeout, if this is a long-running test. See https://jestjs.io/docs/api#testname-fn-timeout.&quot;
    at C:\Users\Cheem\OneDrive\Coding\clipsCommerce - Copy\src\__tests__\payment-flow.test.tsx:278:5
    at _dispatchDescribe (C:\Users\Cheem\OneDrive\Coding\clipsCommerce - Copy\node_modules\jest-circus\build\index.js:91:26)
    at describe (C:\Users\Cheem\OneDrive\Coding\clipsCommerce - Copy\node_modules\jest-circus\build\index.js:55:5)
    at C:\Users\Cheem\OneDrive\Coding\clipsCommerce - Copy\src\__tests__\payment-flow.test.tsx:222:3
    at _dispatchDescribe (C:\Users\Cheem\OneDrive\Coding\clipsCommerce - Copy\node_modules\jest-circus\build\index.js:91:26)
    at describe (C:\Users\Cheem\OneDrive\Coding\clipsCommerce - Copy\node_modules\jest-circus\build\index.js:55:5)
    at Object.&lt;anonymous&gt; (C:\Users\Cheem\OneDrive\Coding\clipsCommerce - Copy\src\__tests__\payment-flow.test.tsx:55:1)
    at Runtime._execModule (C:\Users\Cheem\OneDrive\Coding\clipsCommerce - Copy\node_modules\jest-runtime\build\index.js:1439:24)
    at Runtime._loadModule (C:\Users\Cheem\OneDrive\Coding\clipsCommerce - Copy\node_modules\jest-runtime\build\index.js:1022:12)
    at Runtime.requireModule (C:\Users\Cheem\OneDrive\Coding\clipsCommerce - Copy\node_modules\jest-runtime\build\index.js:882:12)
    at jestAdapter (C:\Users\Cheem\OneDrive\Coding\clipsCommerce - Copy\node_modules\jest-circus\build\legacy-code-todo-rewrite\jestAdapter.js:77:13)
    at processTicksAndRejections (node:internal/process/task_queues:105:5)
    at runTestInternal (C:\Users\Cheem\OneDrive\Coding\clipsCommerce - Copy\node_modules\jest-runner\build\runTest.js:367:16)
    at runTest (C:\Users\Cheem\OneDrive\Coding\clipsCommerce - Copy\node_modules\jest-runner\build\runTest.js:444:34)
    at Object.worker (C:\Users\Cheem\OneDrive\Coding\clipsCommerce - Copy\node_modules\jest-runner\build\testWorker.js:106:12)</failure>
    </testcase>
    <testcase classname="Payment Flow Tests SubscriptionComponent should handle Team yearly plan selection" name="Payment Flow Tests SubscriptionComponent should handle Team yearly plan selection" time="30.021">
      <failure>Error: thrown: &quot;Exceeded timeout of 30000 ms for a test.
Add a timeout value to this test to increase the timeout, if this is a long-running test. See https://jestjs.io/docs/api#testname-fn-timeout.&quot;
    at C:\Users\Cheem\OneDrive\Coding\clipsCommerce - Copy\src\__tests__\payment-flow.test.tsx:302:5
    at _dispatchDescribe (C:\Users\Cheem\OneDrive\Coding\clipsCommerce - Copy\node_modules\jest-circus\build\index.js:91:26)
    at describe (C:\Users\Cheem\OneDrive\Coding\clipsCommerce - Copy\node_modules\jest-circus\build\index.js:55:5)
    at C:\Users\Cheem\OneDrive\Coding\clipsCommerce - Copy\src\__tests__\payment-flow.test.tsx:222:3
    at _dispatchDescribe (C:\Users\Cheem\OneDrive\Coding\clipsCommerce - Copy\node_modules\jest-circus\build\index.js:91:26)
    at describe (C:\Users\Cheem\OneDrive\Coding\clipsCommerce - Copy\node_modules\jest-circus\build\index.js:55:5)
    at Object.&lt;anonymous&gt; (C:\Users\Cheem\OneDrive\Coding\clipsCommerce - Copy\src\__tests__\payment-flow.test.tsx:55:1)
    at Runtime._execModule (C:\Users\Cheem\OneDrive\Coding\clipsCommerce - Copy\node_modules\jest-runtime\build\index.js:1439:24)
    at Runtime._loadModule (C:\Users\Cheem\OneDrive\Coding\clipsCommerce - Copy\node_modules\jest-runtime\build\index.js:1022:12)
    at Runtime.requireModule (C:\Users\Cheem\OneDrive\Coding\clipsCommerce - Copy\node_modules\jest-runtime\build\index.js:882:12)
    at jestAdapter (C:\Users\Cheem\OneDrive\Coding\clipsCommerce - Copy\node_modules\jest-circus\build\legacy-code-todo-rewrite\jestAdapter.js:77:13)
    at processTicksAndRejections (node:internal/process/task_queues:105:5)
    at runTestInternal (C:\Users\Cheem\OneDrive\Coding\clipsCommerce - Copy\node_modules\jest-runner\build\runTest.js:367:16)
    at runTest (C:\Users\Cheem\OneDrive\Coding\clipsCommerce - Copy\node_modules\jest-runner\build\runTest.js:444:34)
    at Object.worker (C:\Users\Cheem\OneDrive\Coding\clipsCommerce - Copy\node_modules\jest-runner\build\testWorker.js:106:12)</failure>
    </testcase>
    <testcase classname="Payment Flow Tests SubscriptionComponent should handle localStorage errors gracefully" name="Payment Flow Tests SubscriptionComponent should handle localStorage errors gracefully" time="30.008">
      <failure>Error: thrown: &quot;Exceeded timeout of 30000 ms for a test.
Add a timeout value to this test to increase the timeout, if this is a long-running test. See https://jestjs.io/docs/api#testname-fn-timeout.&quot;
    at C:\Users\Cheem\OneDrive\Coding\clipsCommerce - Copy\src\__tests__\payment-flow.test.tsx:321:5
    at _dispatchDescribe (C:\Users\Cheem\OneDrive\Coding\clipsCommerce - Copy\node_modules\jest-circus\build\index.js:91:26)
    at describe (C:\Users\Cheem\OneDrive\Coding\clipsCommerce - Copy\node_modules\jest-circus\build\index.js:55:5)
    at C:\Users\Cheem\OneDrive\Coding\clipsCommerce - Copy\src\__tests__\payment-flow.test.tsx:222:3
    at _dispatchDescribe (C:\Users\Cheem\OneDrive\Coding\clipsCommerce - Copy\node_modules\jest-circus\build\index.js:91:26)
    at describe (C:\Users\Cheem\OneDrive\Coding\clipsCommerce - Copy\node_modules\jest-circus\build\index.js:55:5)
    at Object.&lt;anonymous&gt; (C:\Users\Cheem\OneDrive\Coding\clipsCommerce - Copy\src\__tests__\payment-flow.test.tsx:55:1)
    at Runtime._execModule (C:\Users\Cheem\OneDrive\Coding\clipsCommerce - Copy\node_modules\jest-runtime\build\index.js:1439:24)
    at Runtime._loadModule (C:\Users\Cheem\OneDrive\Coding\clipsCommerce - Copy\node_modules\jest-runtime\build\index.js:1022:12)
    at Runtime.requireModule (C:\Users\Cheem\OneDrive\Coding\clipsCommerce - Copy\node_modules\jest-runtime\build\index.js:882:12)
    at jestAdapter (C:\Users\Cheem\OneDrive\Coding\clipsCommerce - Copy\node_modules\jest-circus\build\legacy-code-todo-rewrite\jestAdapter.js:77:13)
    at processTicksAndRejections (node:internal/process/task_queues:105:5)
    at runTestInternal (C:\Users\Cheem\OneDrive\Coding\clipsCommerce - Copy\node_modules\jest-runner\build\runTest.js:367:16)
    at runTest (C:\Users\Cheem\OneDrive\Coding\clipsCommerce - Copy\node_modules\jest-runner\build\runTest.js:444:34)
    at Object.worker (C:\Users\Cheem\OneDrive\Coding\clipsCommerce - Copy\node_modules\jest-runner\build\testWorker.js:106:12)</failure>
    </testcase>
    <testcase classname="Payment Flow Tests SubscriptionComponent should handle window.open errors gracefully" name="Payment Flow Tests SubscriptionComponent should handle window.open errors gracefully" time="30.008">
      <failure>Error: thrown: &quot;Exceeded timeout of 30000 ms for a test.
Add a timeout value to this test to increase the timeout, if this is a long-running test. See https://jestjs.io/docs/api#testname-fn-timeout.&quot;
    at C:\Users\Cheem\OneDrive\Coding\clipsCommerce - Copy\src\__tests__\payment-flow.test.tsx:340:5
    at _dispatchDescribe (C:\Users\Cheem\OneDrive\Coding\clipsCommerce - Copy\node_modules\jest-circus\build\index.js:91:26)
    at describe (C:\Users\Cheem\OneDrive\Coding\clipsCommerce - Copy\node_modules\jest-circus\build\index.js:55:5)
    at C:\Users\Cheem\OneDrive\Coding\clipsCommerce - Copy\src\__tests__\payment-flow.test.tsx:222:3
    at _dispatchDescribe (C:\Users\Cheem\OneDrive\Coding\clipsCommerce - Copy\node_modules\jest-circus\build\index.js:91:26)
    at describe (C:\Users\Cheem\OneDrive\Coding\clipsCommerce - Copy\node_modules\jest-circus\build\index.js:55:5)
    at Object.&lt;anonymous&gt; (C:\Users\Cheem\OneDrive\Coding\clipsCommerce - Copy\src\__tests__\payment-flow.test.tsx:55:1)
    at Runtime._execModule (C:\Users\Cheem\OneDrive\Coding\clipsCommerce - Copy\node_modules\jest-runtime\build\index.js:1439:24)
    at Runtime._loadModule (C:\Users\Cheem\OneDrive\Coding\clipsCommerce - Copy\node_modules\jest-runtime\build\index.js:1022:12)
    at Runtime.requireModule (C:\Users\Cheem\OneDrive\Coding\clipsCommerce - Copy\node_modules\jest-runtime\build\index.js:882:12)
    at jestAdapter (C:\Users\Cheem\OneDrive\Coding\clipsCommerce - Copy\node_modules\jest-circus\build\legacy-code-todo-rewrite\jestAdapter.js:77:13)
    at processTicksAndRejections (node:internal/process/task_queues:105:5)
    at runTestInternal (C:\Users\Cheem\OneDrive\Coding\clipsCommerce - Copy\node_modules\jest-runner\build\runTest.js:367:16)
    at runTest (C:\Users\Cheem\OneDrive\Coding\clipsCommerce - Copy\node_modules\jest-runner\build\runTest.js:444:34)
    at Object.worker (C:\Users\Cheem\OneDrive\Coding\clipsCommerce - Copy\node_modules\jest-runner\build\testWorker.js:106:12)</failure>
    </testcase>
    <testcase classname="Payment Flow Tests PaymentSuccessPage Component should render PaymentSuccessPage and redirect to team dashboard if redirect is set" name="Payment Flow Tests PaymentSuccessPage Component should render PaymentSuccessPage and redirect to team dashboard if redirect is set" time="0.029">
    </testcase>
    <testcase classname="Payment Flow Tests PaymentSuccessPage Component should render PaymentSuccessPage and redirect to /dashboard if no redirect is set" name="Payment Flow Tests PaymentSuccessPage Component should render PaymentSuccessPage and redirect to /dashboard if no redirect is set" time="0.082">
    </testcase>
    <testcase classname="Payment Flow Tests PaymentSuccessPage Component should redirect to dashboard immediately on button click" name="Payment Flow Tests PaymentSuccessPage Component should redirect to dashboard immediately on button click" time="30.073">
      <failure>Error: thrown: &quot;Exceeded timeout of 30000 ms for a test.
Add a timeout value to this test to increase the timeout, if this is a long-running test. See https://jestjs.io/docs/api#testname-fn-timeout.&quot;
    at C:\Users\Cheem\OneDrive\Coding\clipsCommerce - Copy\src\__tests__\payment-flow.test.tsx:403:5
    at _dispatchDescribe (C:\Users\Cheem\OneDrive\Coding\clipsCommerce - Copy\node_modules\jest-circus\build\index.js:91:26)
    at describe (C:\Users\Cheem\OneDrive\Coding\clipsCommerce - Copy\node_modules\jest-circus\build\index.js:55:5)
    at C:\Users\Cheem\OneDrive\Coding\clipsCommerce - Copy\src\__tests__\payment-flow.test.tsx:360:3
    at _dispatchDescribe (C:\Users\Cheem\OneDrive\Coding\clipsCommerce - Copy\node_modules\jest-circus\build\index.js:91:26)
    at describe (C:\Users\Cheem\OneDrive\Coding\clipsCommerce - Copy\node_modules\jest-circus\build\index.js:55:5)
    at Object.&lt;anonymous&gt; (C:\Users\Cheem\OneDrive\Coding\clipsCommerce - Copy\src\__tests__\payment-flow.test.tsx:55:1)
    at Runtime._execModule (C:\Users\Cheem\OneDrive\Coding\clipsCommerce - Copy\node_modules\jest-runtime\build\index.js:1439:24)
    at Runtime._loadModule (C:\Users\Cheem\OneDrive\Coding\clipsCommerce - Copy\node_modules\jest-runtime\build\index.js:1022:12)
    at Runtime.requireModule (C:\Users\Cheem\OneDrive\Coding\clipsCommerce - Copy\node_modules\jest-runtime\build\index.js:882:12)
    at jestAdapter (C:\Users\Cheem\OneDrive\Coding\clipsCommerce - Copy\node_modules\jest-circus\build\legacy-code-todo-rewrite\jestAdapter.js:77:13)
    at processTicksAndRejections (node:internal/process/task_queues:105:5)
    at runTestInternal (C:\Users\Cheem\OneDrive\Coding\clipsCommerce - Copy\node_modules\jest-runner\build\runTest.js:367:16)
    at runTest (C:\Users\Cheem\OneDrive\Coding\clipsCommerce - Copy\node_modules\jest-runner\build\runTest.js:444:34)
    at Object.worker (C:\Users\Cheem\OneDrive\Coding\clipsCommerce - Copy\node_modules\jest-runner\build\testWorker.js:106:12)</failure>
    </testcase>
    <testcase classname="Payment Flow Tests PaymentSuccessPage Component should render PaymentSuccessPage and handle redirection to a custom path" name="Payment Flow Tests PaymentSuccessPage Component should render PaymentSuccessPage and handle redirection to a custom path" time="30.051">
      <failure>Error: thrown: &quot;Exceeded timeout of 30000 ms for a test.
Add a timeout value to this test to increase the timeout, if this is a long-running test. See https://jestjs.io/docs/api#testname-fn-timeout.&quot;
    at C:\Users\Cheem\OneDrive\Coding\clipsCommerce - Copy\src\__tests__\payment-flow.test.tsx:417:5
    at _dispatchDescribe (C:\Users\Cheem\OneDrive\Coding\clipsCommerce - Copy\node_modules\jest-circus\build\index.js:91:26)
    at describe (C:\Users\Cheem\OneDrive\Coding\clipsCommerce - Copy\node_modules\jest-circus\build\index.js:55:5)
    at C:\Users\Cheem\OneDrive\Coding\clipsCommerce - Copy\src\__tests__\payment-flow.test.tsx:360:3
    at _dispatchDescribe (C:\Users\Cheem\OneDrive\Coding\clipsCommerce - Copy\node_modules\jest-circus\build\index.js:91:26)
    at describe (C:\Users\Cheem\OneDrive\Coding\clipsCommerce - Copy\node_modules\jest-circus\build\index.js:55:5)
    at Object.&lt;anonymous&gt; (C:\Users\Cheem\OneDrive\Coding\clipsCommerce - Copy\src\__tests__\payment-flow.test.tsx:55:1)
    at Runtime._execModule (C:\Users\Cheem\OneDrive\Coding\clipsCommerce - Copy\node_modules\jest-runtime\build\index.js:1439:24)
    at Runtime._loadModule (C:\Users\Cheem\OneDrive\Coding\clipsCommerce - Copy\node_modules\jest-runtime\build\index.js:1022:12)
    at Runtime.requireModule (C:\Users\Cheem\OneDrive\Coding\clipsCommerce - Copy\node_modules\jest-runtime\build\index.js:882:12)
    at jestAdapter (C:\Users\Cheem\OneDrive\Coding\clipsCommerce - Copy\node_modules\jest-circus\build\legacy-code-todo-rewrite\jestAdapter.js:77:13)
    at processTicksAndRejections (node:internal/process/task_queues:105:5)
    at runTestInternal (C:\Users\Cheem\OneDrive\Coding\clipsCommerce - Copy\node_modules\jest-runner\build\runTest.js:367:16)
    at runTest (C:\Users\Cheem\OneDrive\Coding\clipsCommerce - Copy\node_modules\jest-runner\build\runTest.js:444:34)
    at Object.worker (C:\Users\Cheem\OneDrive\Coding\clipsCommerce - Copy\node_modules\jest-runner\build\testWorker.js:106:12)</failure>
    </testcase>
  </testsuite>
</testsuites>