<?xml version="1.0" encoding="UTF-8"?>
<testsuites name="jest tests" tests="298" failures="42" errors="0" time="22.969">
  <testsuite name="Payment Flow - Core Functionality" errors="0" failures="7" skipped="0" timestamp="2025-06-15T04:14:58" time="3.112" tests="8">
    <testcase classname="Payment Flow - Core Functionality should render all pricing plans" name="Payment Flow - Core Functionality should render all pricing plans" time="0.012">
      <failure>TypeError: window.location.assign.mockClear is not a function
    at Object.&lt;anonymous&gt; (C:\Users\Cheem\OneDrive\Coding\clipsCommerce\src\__tests__\payment-flow-simple.test.tsx:139:52)
    at Promise.then.completed (C:\Users\Cheem\OneDrive\Coding\clipsCommerce\node_modules\jest-circus\build\utils.js:298:28)
    at new Promise (&lt;anonymous&gt;)
    at callAsyncCircusFn (C:\Users\Cheem\OneDrive\Coding\clipsCommerce\node_modules\jest-circus\build\utils.js:231:10)
    at _callCircusHook (C:\Users\Cheem\OneDrive\Coding\clipsCommerce\node_modules\jest-circus\build\run.js:281:40)
    at processTicksAndRejections (node:internal/process/task_queues:105:5)
    at _runTest (C:\Users\Cheem\OneDrive\Coding\clipsCommerce\node_modules\jest-circus\build\run.js:246:5)
    at _runTestsForDescribeBlock (C:\Users\Cheem\OneDrive\Coding\clipsCommerce\node_modules\jest-circus\build\run.js:126:9)
    at _runTestsForDescribeBlock (C:\Users\Cheem\OneDrive\Coding\clipsCommerce\node_modules\jest-circus\build\run.js:121:9)
    at run (C:\Users\Cheem\OneDrive\Coding\clipsCommerce\node_modules\jest-circus\build\run.js:71:3)
    at runAndTransformResultsToJestFormat (C:\Users\Cheem\OneDrive\Coding\clipsCommerce\node_modules\jest-circus\build\legacy-code-todo-rewrite\jestAdapterInit.js:122:21)
    at jestAdapter (C:\Users\Cheem\OneDrive\Coding\clipsCommerce\node_modules\jest-circus\build\legacy-code-todo-rewrite\jestAdapter.js:79:19)
    at runTestInternal (C:\Users\Cheem\OneDrive\Coding\clipsCommerce\node_modules\jest-runner\build\runTest.js:367:16)
    at runTest (C:\Users\Cheem\OneDrive\Coding\clipsCommerce\node_modules\jest-runner\build\runTest.js:444:34)
    at Object.worker (C:\Users\Cheem\OneDrive\Coding\clipsCommerce\node_modules\jest-runner\build\testWorker.js:106:12)</failure>
    </testcase>
    <testcase classname="Payment Flow - Core Functionality should toggle between monthly and yearly billing" name="Payment Flow - Core Functionality should toggle between monthly and yearly billing" time="0.005">
      <failure>TypeError: window.location.assign.mockClear is not a function
    at Object.&lt;anonymous&gt; (C:\Users\Cheem\OneDrive\Coding\clipsCommerce\src\__tests__\payment-flow-simple.test.tsx:139:52)
    at Promise.then.completed (C:\Users\Cheem\OneDrive\Coding\clipsCommerce\node_modules\jest-circus\build\utils.js:298:28)
    at new Promise (&lt;anonymous&gt;)
    at callAsyncCircusFn (C:\Users\Cheem\OneDrive\Coding\clipsCommerce\node_modules\jest-circus\build\utils.js:231:10)
    at _callCircusHook (C:\Users\Cheem\OneDrive\Coding\clipsCommerce\node_modules\jest-circus\build\run.js:281:40)
    at processTicksAndRejections (node:internal/process/task_queues:105:5)
    at _runTest (C:\Users\Cheem\OneDrive\Coding\clipsCommerce\node_modules\jest-circus\build\run.js:246:5)
    at _runTestsForDescribeBlock (C:\Users\Cheem\OneDrive\Coding\clipsCommerce\node_modules\jest-circus\build\run.js:126:9)
    at _runTestsForDescribeBlock (C:\Users\Cheem\OneDrive\Coding\clipsCommerce\node_modules\jest-circus\build\run.js:121:9)
    at run (C:\Users\Cheem\OneDrive\Coding\clipsCommerce\node_modules\jest-circus\build\run.js:71:3)
    at runAndTransformResultsToJestFormat (C:\Users\Cheem\OneDrive\Coding\clipsCommerce\node_modules\jest-circus\build\legacy-code-todo-rewrite\jestAdapterInit.js:122:21)
    at jestAdapter (C:\Users\Cheem\OneDrive\Coding\clipsCommerce\node_modules\jest-circus\build\legacy-code-todo-rewrite\jestAdapter.js:79:19)
    at runTestInternal (C:\Users\Cheem\OneDrive\Coding\clipsCommerce\node_modules\jest-runner\build\runTest.js:367:16)
    at runTest (C:\Users\Cheem\OneDrive\Coding\clipsCommerce\node_modules\jest-runner\build\runTest.js:444:34)
    at Object.worker (C:\Users\Cheem\OneDrive\Coding\clipsCommerce\node_modules\jest-runner\build\testWorker.js:106:12)</failure>
    </testcase>
    <testcase classname="Payment Flow - Core Functionality should use correct Stripe link for Pro yearly plan" name="Payment Flow - Core Functionality should use correct Stripe link for Pro yearly plan" time="0.002">
      <failure>TypeError: window.location.assign.mockClear is not a function
    at Object.&lt;anonymous&gt; (C:\Users\Cheem\OneDrive\Coding\clipsCommerce\src\__tests__\payment-flow-simple.test.tsx:139:52)
    at Promise.then.completed (C:\Users\Cheem\OneDrive\Coding\clipsCommerce\node_modules\jest-circus\build\utils.js:298:28)
    at new Promise (&lt;anonymous&gt;)
    at callAsyncCircusFn (C:\Users\Cheem\OneDrive\Coding\clipsCommerce\node_modules\jest-circus\build\utils.js:231:10)
    at _callCircusHook (C:\Users\Cheem\OneDrive\Coding\clipsCommerce\node_modules\jest-circus\build\run.js:281:40)
    at processTicksAndRejections (node:internal/process/task_queues:105:5)
    at _runTest (C:\Users\Cheem\OneDrive\Coding\clipsCommerce\node_modules\jest-circus\build\run.js:246:5)
    at _runTestsForDescribeBlock (C:\Users\Cheem\OneDrive\Coding\clipsCommerce\node_modules\jest-circus\build\run.js:126:9)
    at _runTestsForDescribeBlock (C:\Users\Cheem\OneDrive\Coding\clipsCommerce\node_modules\jest-circus\build\run.js:121:9)
    at run (C:\Users\Cheem\OneDrive\Coding\clipsCommerce\node_modules\jest-circus\build\run.js:71:3)
    at runAndTransformResultsToJestFormat (C:\Users\Cheem\OneDrive\Coding\clipsCommerce\node_modules\jest-circus\build\legacy-code-todo-rewrite\jestAdapterInit.js:122:21)
    at jestAdapter (C:\Users\Cheem\OneDrive\Coding\clipsCommerce\node_modules\jest-circus\build\legacy-code-todo-rewrite\jestAdapter.js:79:19)
    at runTestInternal (C:\Users\Cheem\OneDrive\Coding\clipsCommerce\node_modules\jest-runner\build\runTest.js:367:16)
    at runTest (C:\Users\Cheem\OneDrive\Coding\clipsCommerce\node_modules\jest-runner\build\runTest.js:444:34)
    at Object.worker (C:\Users\Cheem\OneDrive\Coding\clipsCommerce\node_modules\jest-runner\build\testWorker.js:106:12)</failure>
    </testcase>
    <testcase classname="Payment Flow - Core Functionality should use correct Stripe link for Pro monthly plan" name="Payment Flow - Core Functionality should use correct Stripe link for Pro monthly plan" time="0.002">
      <failure>TypeError: window.location.assign.mockClear is not a function
    at Object.&lt;anonymous&gt; (C:\Users\Cheem\OneDrive\Coding\clipsCommerce\src\__tests__\payment-flow-simple.test.tsx:139:52)
    at Promise.then.completed (C:\Users\Cheem\OneDrive\Coding\clipsCommerce\node_modules\jest-circus\build\utils.js:298:28)
    at new Promise (&lt;anonymous&gt;)
    at callAsyncCircusFn (C:\Users\Cheem\OneDrive\Coding\clipsCommerce\node_modules\jest-circus\build\utils.js:231:10)
    at _callCircusHook (C:\Users\Cheem\OneDrive\Coding\clipsCommerce\node_modules\jest-circus\build\run.js:281:40)
    at processTicksAndRejections (node:internal/process/task_queues:105:5)
    at _runTest (C:\Users\Cheem\OneDrive\Coding\clipsCommerce\node_modules\jest-circus\build\run.js:246:5)
    at _runTestsForDescribeBlock (C:\Users\Cheem\OneDrive\Coding\clipsCommerce\node_modules\jest-circus\build\run.js:126:9)
    at _runTestsForDescribeBlock (C:\Users\Cheem\OneDrive\Coding\clipsCommerce\node_modules\jest-circus\build\run.js:121:9)
    at run (C:\Users\Cheem\OneDrive\Coding\clipsCommerce\node_modules\jest-circus\build\run.js:71:3)
    at runAndTransformResultsToJestFormat (C:\Users\Cheem\OneDrive\Coding\clipsCommerce\node_modules\jest-circus\build\legacy-code-todo-rewrite\jestAdapterInit.js:122:21)
    at jestAdapter (C:\Users\Cheem\OneDrive\Coding\clipsCommerce\node_modules\jest-circus\build\legacy-code-todo-rewrite\jestAdapter.js:79:19)
    at runTestInternal (C:\Users\Cheem\OneDrive\Coding\clipsCommerce\node_modules\jest-runner\build\runTest.js:367:16)
    at runTest (C:\Users\Cheem\OneDrive\Coding\clipsCommerce\node_modules\jest-runner\build\runTest.js:444:34)
    at Object.worker (C:\Users\Cheem\OneDrive\Coding\clipsCommerce\node_modules\jest-runner\build\testWorker.js:106:12)</failure>
    </testcase>
    <testcase classname="Payment Flow - Core Functionality should use correct Stripe link for Team yearly plan and set redirect" name="Payment Flow - Core Functionality should use correct Stripe link for Team yearly plan and set redirect" time="0.002">
      <failure>TypeError: window.location.assign.mockClear is not a function
    at Object.&lt;anonymous&gt; (C:\Users\Cheem\OneDrive\Coding\clipsCommerce\src\__tests__\payment-flow-simple.test.tsx:139:52)
    at Promise.then.completed (C:\Users\Cheem\OneDrive\Coding\clipsCommerce\node_modules\jest-circus\build\utils.js:298:28)
    at new Promise (&lt;anonymous&gt;)
    at callAsyncCircusFn (C:\Users\Cheem\OneDrive\Coding\clipsCommerce\node_modules\jest-circus\build\utils.js:231:10)
    at _callCircusHook (C:\Users\Cheem\OneDrive\Coding\clipsCommerce\node_modules\jest-circus\build\run.js:281:40)
    at processTicksAndRejections (node:internal/process/task_queues:105:5)
    at _runTest (C:\Users\Cheem\OneDrive\Coding\clipsCommerce\node_modules\jest-circus\build\run.js:246:5)
    at _runTestsForDescribeBlock (C:\Users\Cheem\OneDrive\Coding\clipsCommerce\node_modules\jest-circus\build\run.js:126:9)
    at _runTestsForDescribeBlock (C:\Users\Cheem\OneDrive\Coding\clipsCommerce\node_modules\jest-circus\build\run.js:121:9)
    at run (C:\Users\Cheem\OneDrive\Coding\clipsCommerce\node_modules\jest-circus\build\run.js:71:3)
    at runAndTransformResultsToJestFormat (C:\Users\Cheem\OneDrive\Coding\clipsCommerce\node_modules\jest-circus\build\legacy-code-todo-rewrite\jestAdapterInit.js:122:21)
    at jestAdapter (C:\Users\Cheem\OneDrive\Coding\clipsCommerce\node_modules\jest-circus\build\legacy-code-todo-rewrite\jestAdapter.js:79:19)
    at runTestInternal (C:\Users\Cheem\OneDrive\Coding\clipsCommerce\node_modules\jest-runner\build\runTest.js:367:16)
    at runTest (C:\Users\Cheem\OneDrive\Coding\clipsCommerce\node_modules\jest-runner\build\runTest.js:444:34)
    at Object.worker (C:\Users\Cheem\OneDrive\Coding\clipsCommerce\node_modules\jest-runner\build\testWorker.js:106:12)</failure>
    </testcase>
    <testcase classname="Payment Flow - Core Functionality should use correct Stripe link for Team monthly plan and set redirect" name="Payment Flow - Core Functionality should use correct Stripe link for Team monthly plan and set redirect" time="0.003">
      <failure>TypeError: window.location.assign.mockClear is not a function
    at Object.&lt;anonymous&gt; (C:\Users\Cheem\OneDrive\Coding\clipsCommerce\src\__tests__\payment-flow-simple.test.tsx:139:52)
    at Promise.then.completed (C:\Users\Cheem\OneDrive\Coding\clipsCommerce\node_modules\jest-circus\build\utils.js:298:28)
    at new Promise (&lt;anonymous&gt;)
    at callAsyncCircusFn (C:\Users\Cheem\OneDrive\Coding\clipsCommerce\node_modules\jest-circus\build\utils.js:231:10)
    at _callCircusHook (C:\Users\Cheem\OneDrive\Coding\clipsCommerce\node_modules\jest-circus\build\run.js:281:40)
    at processTicksAndRejections (node:internal/process/task_queues:105:5)
    at _runTest (C:\Users\Cheem\OneDrive\Coding\clipsCommerce\node_modules\jest-circus\build\run.js:246:5)
    at _runTestsForDescribeBlock (C:\Users\Cheem\OneDrive\Coding\clipsCommerce\node_modules\jest-circus\build\run.js:126:9)
    at _runTestsForDescribeBlock (C:\Users\Cheem\OneDrive\Coding\clipsCommerce\node_modules\jest-circus\build\run.js:121:9)
    at run (C:\Users\Cheem\OneDrive\Coding\clipsCommerce\node_modules\jest-circus\build\run.js:71:3)
    at runAndTransformResultsToJestFormat (C:\Users\Cheem\OneDrive\Coding\clipsCommerce\node_modules\jest-circus\build\legacy-code-todo-rewrite\jestAdapterInit.js:122:21)
    at jestAdapter (C:\Users\Cheem\OneDrive\Coding\clipsCommerce\node_modules\jest-circus\build\legacy-code-todo-rewrite\jestAdapter.js:79:19)
    at runTestInternal (C:\Users\Cheem\OneDrive\Coding\clipsCommerce\node_modules\jest-runner\build\runTest.js:367:16)
    at runTest (C:\Users\Cheem\OneDrive\Coding\clipsCommerce\node_modules\jest-runner\build\runTest.js:444:34)
    at Object.worker (C:\Users\Cheem\OneDrive\Coding\clipsCommerce\node_modules\jest-runner\build\testWorker.js:106:12)</failure>
    </testcase>
    <testcase classname="Payment Flow - Core Functionality should handle free plan correctly" name="Payment Flow - Core Functionality should handle free plan correctly" time="0.002">
      <failure>TypeError: window.location.assign.mockClear is not a function
    at Object.&lt;anonymous&gt; (C:\Users\Cheem\OneDrive\Coding\clipsCommerce\src\__tests__\payment-flow-simple.test.tsx:139:52)
    at Promise.then.completed (C:\Users\Cheem\OneDrive\Coding\clipsCommerce\node_modules\jest-circus\build\utils.js:298:28)
    at new Promise (&lt;anonymous&gt;)
    at callAsyncCircusFn (C:\Users\Cheem\OneDrive\Coding\clipsCommerce\node_modules\jest-circus\build\utils.js:231:10)
    at _callCircusHook (C:\Users\Cheem\OneDrive\Coding\clipsCommerce\node_modules\jest-circus\build\run.js:281:40)
    at processTicksAndRejections (node:internal/process/task_queues:105:5)
    at _runTest (C:\Users\Cheem\OneDrive\Coding\clipsCommerce\node_modules\jest-circus\build\run.js:246:5)
    at _runTestsForDescribeBlock (C:\Users\Cheem\OneDrive\Coding\clipsCommerce\node_modules\jest-circus\build\run.js:126:9)
    at _runTestsForDescribeBlock (C:\Users\Cheem\OneDrive\Coding\clipsCommerce\node_modules\jest-circus\build\run.js:121:9)
    at run (C:\Users\Cheem\OneDrive\Coding\clipsCommerce\node_modules\jest-circus\build\run.js:71:3)
    at runAndTransformResultsToJestFormat (C:\Users\Cheem\OneDrive\Coding\clipsCommerce\node_modules\jest-circus\build\legacy-code-todo-rewrite\jestAdapterInit.js:122:21)
    at jestAdapter (C:\Users\Cheem\OneDrive\Coding\clipsCommerce\node_modules\jest-circus\build\legacy-code-todo-rewrite\jestAdapter.js:79:19)
    at runTestInternal (C:\Users\Cheem\OneDrive\Coding\clipsCommerce\node_modules\jest-runner\build\runTest.js:367:16)
    at runTest (C:\Users\Cheem\OneDrive\Coding\clipsCommerce\node_modules\jest-runner\build\runTest.js:444:34)
    at Object.worker (C:\Users\Cheem\OneDrive\Coding\clipsCommerce\node_modules\jest-runner\build\testWorker.js:106:12)</failure>
    </testcase>
    <testcase classname="Environment Variable Validation should have all required Stripe environment variables defined" name="Environment Variable Validation should have all required Stripe environment variables defined" time="0.006">
    </testcase>
  </testsuite>
  <testsuite name="DataCollectionOptimizationAgent" errors="0" failures="10" skipped="0" timestamp="2025-06-15T04:14:59" time="3.221" tests="15">
    <testcase classname="DataCollectionOptimizationAgent should initialize with sample counts for all platforms" name="DataCollectionOptimizationAgent should initialize with sample counts for all platforms" time="0.038">
      <failure>Error: expect(received).toBe(expected) // Object.is equality

Expected: 3
Received: 6
    at Object.&lt;anonymous&gt; (C:\Users\Cheem\OneDrive\Coding\clipsCommerce\src\app\workflows\AI_improvement\__tests__\DataCollectionOptimizationAgent.test.ts:36:32)
    at Promise.then.completed (C:\Users\Cheem\OneDrive\Coding\clipsCommerce\node_modules\jest-circus\build\utils.js:298:28)
    at new Promise (&lt;anonymous&gt;)
    at callAsyncCircusFn (C:\Users\Cheem\OneDrive\Coding\clipsCommerce\node_modules\jest-circus\build\utils.js:231:10)
    at _callCircusTest (C:\Users\Cheem\OneDrive\Coding\clipsCommerce\node_modules\jest-circus\build\run.js:316:40)
    at processTicksAndRejections (node:internal/process/task_queues:105:5)
    at _runTest (C:\Users\Cheem\OneDrive\Coding\clipsCommerce\node_modules\jest-circus\build\run.js:252:3)
    at _runTestsForDescribeBlock (C:\Users\Cheem\OneDrive\Coding\clipsCommerce\node_modules\jest-circus\build\run.js:126:9)
    at _runTestsForDescribeBlock (C:\Users\Cheem\OneDrive\Coding\clipsCommerce\node_modules\jest-circus\build\run.js:121:9)
    at run (C:\Users\Cheem\OneDrive\Coding\clipsCommerce\node_modules\jest-circus\build\run.js:71:3)
    at runAndTransformResultsToJestFormat (C:\Users\Cheem\OneDrive\Coding\clipsCommerce\node_modules\jest-circus\build\legacy-code-todo-rewrite\jestAdapterInit.js:122:21)
    at jestAdapter (C:\Users\Cheem\OneDrive\Coding\clipsCommerce\node_modules\jest-circus\build\legacy-code-todo-rewrite\jestAdapter.js:79:19)
    at runTestInternal (C:\Users\Cheem\OneDrive\Coding\clipsCommerce\node_modules\jest-runner\build\runTest.js:367:16)
    at runTest (C:\Users\Cheem\OneDrive\Coding\clipsCommerce\node_modules\jest-runner\build\runTest.js:444:34)
    at Object.worker (C:\Users\Cheem\OneDrive\Coding\clipsCommerce\node_modules\jest-runner\build\testWorker.js:106:12)</failure>
    </testcase>
    <testcase classname="DataCollectionOptimizationAgent should add a new niche and initialize its counts to 0 for all platforms" name="DataCollectionOptimizationAgent should add a new niche and initialize its counts to 0 for all platforms" time="0.007">
    </testcase>
    <testcase classname="DataCollectionOptimizationAgent should warn and not add a duplicate niche" name="DataCollectionOptimizationAgent should warn and not add a duplicate niche" time="0.003">
      <failure>TypeError: (0 , globals_1.spyOn) is not a function
    at Object.&lt;anonymous&gt; (C:\Users\Cheem\OneDrive\Coding\clipsCommerce\src\app\workflows\AI_improvement\__tests__\DataCollectionOptimizationAgent.test.ts:62:33)
    at Promise.then.completed (C:\Users\Cheem\OneDrive\Coding\clipsCommerce\node_modules\jest-circus\build\utils.js:298:28)
    at new Promise (&lt;anonymous&gt;)
    at callAsyncCircusFn (C:\Users\Cheem\OneDrive\Coding\clipsCommerce\node_modules\jest-circus\build\utils.js:231:10)
    at _callCircusTest (C:\Users\Cheem\OneDrive\Coding\clipsCommerce\node_modules\jest-circus\build\run.js:316:40)
    at processTicksAndRejections (node:internal/process/task_queues:105:5)
    at _runTest (C:\Users\Cheem\OneDrive\Coding\clipsCommerce\node_modules\jest-circus\build\run.js:252:3)
    at _runTestsForDescribeBlock (C:\Users\Cheem\OneDrive\Coding\clipsCommerce\node_modules\jest-circus\build\run.js:126:9)
    at _runTestsForDescribeBlock (C:\Users\Cheem\OneDrive\Coding\clipsCommerce\node_modules\jest-circus\build\run.js:121:9)
    at run (C:\Users\Cheem\OneDrive\Coding\clipsCommerce\node_modules\jest-circus\build\run.js:71:3)
    at runAndTransformResultsToJestFormat (C:\Users\Cheem\OneDrive\Coding\clipsCommerce\node_modules\jest-circus\build\legacy-code-todo-rewrite\jestAdapterInit.js:122:21)
    at jestAdapter (C:\Users\Cheem\OneDrive\Coding\clipsCommerce\node_modules\jest-circus\build\legacy-code-todo-rewrite\jestAdapter.js:79:19)
    at runTestInternal (C:\Users\Cheem\OneDrive\Coding\clipsCommerce\node_modules\jest-runner\build\runTest.js:367:16)
    at runTest (C:\Users\Cheem\OneDrive\Coding\clipsCommerce\node_modules\jest-runner\build\runTest.js:444:34)
    at Object.worker (C:\Users\Cheem\OneDrive\Coding\clipsCommerce\node_modules\jest-runner\build\testWorker.js:106:12)</failure>
    </testcase>
    <testcase classname="DataCollectionOptimizationAgent should increment sample count for a niche on a specific platform using incrementSampleCount method" name="DataCollectionOptimizationAgent should increment sample count for a niche on a specific platform using incrementSampleCount method" time="0.014">
      <failure>Error: expect(received).toBe(expected) // Object.is equality

Expected: 10
Received: 0
    at Object.&lt;anonymous&gt; (C:\Users\Cheem\OneDrive\Coding\clipsCommerce\src\app\workflows\AI_improvement\__tests__\DataCollectionOptimizationAgent.test.ts:73:65)
    at Promise.then.completed (C:\Users\Cheem\OneDrive\Coding\clipsCommerce\node_modules\jest-circus\build\utils.js:298:28)
    at new Promise (&lt;anonymous&gt;)
    at callAsyncCircusFn (C:\Users\Cheem\OneDrive\Coding\clipsCommerce\node_modules\jest-circus\build\utils.js:231:10)
    at _callCircusTest (C:\Users\Cheem\OneDrive\Coding\clipsCommerce\node_modules\jest-circus\build\run.js:316:40)
    at processTicksAndRejections (node:internal/process/task_queues:105:5)
    at _runTest (C:\Users\Cheem\OneDrive\Coding\clipsCommerce\node_modules\jest-circus\build\run.js:252:3)
    at _runTestsForDescribeBlock (C:\Users\Cheem\OneDrive\Coding\clipsCommerce\node_modules\jest-circus\build\run.js:126:9)
    at _runTestsForDescribeBlock (C:\Users\Cheem\OneDrive\Coding\clipsCommerce\node_modules\jest-circus\build\run.js:121:9)
    at run (C:\Users\Cheem\OneDrive\Coding\clipsCommerce\node_modules\jest-circus\build\run.js:71:3)
    at runAndTransformResultsToJestFormat (C:\Users\Cheem\OneDrive\Coding\clipsCommerce\node_modules\jest-circus\build\legacy-code-todo-rewrite\jestAdapterInit.js:122:21)
    at jestAdapter (C:\Users\Cheem\OneDrive\Coding\clipsCommerce\node_modules\jest-circus\build\legacy-code-todo-rewrite\jestAdapter.js:79:19)
    at runTestInternal (C:\Users\Cheem\OneDrive\Coding\clipsCommerce\node_modules\jest-runner\build\runTest.js:367:16)
    at runTest (C:\Users\Cheem\OneDrive\Coding\clipsCommerce\node_modules\jest-runner\build\runTest.js:444:34)
    at Object.worker (C:\Users\Cheem\OneDrive\Coding\clipsCommerce\node_modules\jest-runner\build\testWorker.js:106:12)</failure>
    </testcase>
    <testcase classname="DataCollectionOptimizationAgent should not increment count for a non-existent niche and log an error via incrementSampleCount" name="DataCollectionOptimizationAgent should not increment count for a non-existent niche and log an error via incrementSampleCount" time="0.003">
      <failure>TypeError: (0 , globals_1.spyOn) is not a function
    at Object.&lt;anonymous&gt; (C:\Users\Cheem\OneDrive\Coding\clipsCommerce\src\app\workflows\AI_improvement\__tests__\DataCollectionOptimizationAgent.test.ts:81:34)
    at Promise.then.completed (C:\Users\Cheem\OneDrive\Coding\clipsCommerce\node_modules\jest-circus\build\utils.js:298:28)
    at new Promise (&lt;anonymous&gt;)
    at callAsyncCircusFn (C:\Users\Cheem\OneDrive\Coding\clipsCommerce\node_modules\jest-circus\build\utils.js:231:10)
    at _callCircusTest (C:\Users\Cheem\OneDrive\Coding\clipsCommerce\node_modules\jest-circus\build\run.js:316:40)
    at processTicksAndRejections (node:internal/process/task_queues:105:5)
    at _runTest (C:\Users\Cheem\OneDrive\Coding\clipsCommerce\node_modules\jest-circus\build\run.js:252:3)
    at _runTestsForDescribeBlock (C:\Users\Cheem\OneDrive\Coding\clipsCommerce\node_modules\jest-circus\build\run.js:126:9)
    at _runTestsForDescribeBlock (C:\Users\Cheem\OneDrive\Coding\clipsCommerce\node_modules\jest-circus\build\run.js:121:9)
    at run (C:\Users\Cheem\OneDrive\Coding\clipsCommerce\node_modules\jest-circus\build\run.js:71:3)
    at runAndTransformResultsToJestFormat (C:\Users\Cheem\OneDrive\Coding\clipsCommerce\node_modules\jest-circus\build\legacy-code-todo-rewrite\jestAdapterInit.js:122:21)
    at jestAdapter (C:\Users\Cheem\OneDrive\Coding\clipsCommerce\node_modules\jest-circus\build\legacy-code-todo-rewrite\jestAdapter.js:79:19)
    at runTestInternal (C:\Users\Cheem\OneDrive\Coding\clipsCommerce\node_modules\jest-runner\build\runTest.js:367:16)
    at runTest (C:\Users\Cheem\OneDrive\Coding\clipsCommerce\node_modules\jest-runner\build\runTest.js:444:34)
    at Object.worker (C:\Users\Cheem\OneDrive\Coding\clipsCommerce\node_modules\jest-runner\build\testWorker.js:106:12)</failure>
    </testcase>
    <testcase classname="DataCollectionOptimizationAgent getOverallSampleCounts should return all niche counts across platforms" name="DataCollectionOptimizationAgent getOverallSampleCounts should return all niche counts across platforms" time="0.012">
      <failure>Error: expect(received).toEqual(expected) // deep equality

Expected: ArrayContaining [{&quot;count&quot;: 100, &quot;nicheId&quot;: &quot;test-niche-data-quality&quot;, &quot;nicheName&quot;: &quot;Data Quality Test Niche&quot;, &quot;platform&quot;: undefined}, {&quot;count&quot;: 50, &quot;nicheId&quot;: &quot;test-niche-data-quality&quot;, &quot;nicheName&quot;: &quot;Data Quality Test Niche&quot;, &quot;platform&quot;: undefined}, {&quot;count&quot;: 75, &quot;nicheId&quot;: &quot;nX&quot;, &quot;nicheName&quot;: &quot;Niche X&quot;, &quot;platform&quot;: undefined}, {&quot;count&quot;: 0, &quot;nicheId&quot;: &quot;nX&quot;, &quot;nicheName&quot;: &quot;Niche X&quot;, &quot;platform&quot;: undefined}]
Received: [{&quot;count&quot;: 0, &quot;nicheId&quot;: &quot;test-niche-data-quality&quot;, &quot;nicheName&quot;: &quot;Data Quality Test Niche&quot;, &quot;platform&quot;: &quot;tiktok&quot;}, {&quot;count&quot;: 0, &quot;nicheId&quot;: &quot;nX&quot;, &quot;nicheName&quot;: &quot;Niche X&quot;, &quot;platform&quot;: &quot;tiktok&quot;}, {&quot;count&quot;: 0, &quot;nicheId&quot;: &quot;test-niche-data-quality&quot;, &quot;nicheName&quot;: &quot;Data Quality Test Niche&quot;, &quot;platform&quot;: &quot;instagram&quot;}, {&quot;count&quot;: 0, &quot;nicheId&quot;: &quot;nX&quot;, &quot;nicheName&quot;: &quot;Niche X&quot;, &quot;platform&quot;: &quot;instagram&quot;}, {&quot;count&quot;: 0, &quot;nicheId&quot;: &quot;test-niche-data-quality&quot;, &quot;nicheName&quot;: &quot;Data Quality Test Niche&quot;, &quot;platform&quot;: &quot;youtube&quot;}, {&quot;count&quot;: 0, &quot;nicheId&quot;: &quot;nX&quot;, &quot;nicheName&quot;: &quot;Niche X&quot;, &quot;platform&quot;: &quot;youtube&quot;}, {&quot;count&quot;: 0, &quot;nicheId&quot;: &quot;test-niche-data-quality&quot;, &quot;nicheName&quot;: &quot;Data Quality Test Niche&quot;, &quot;platform&quot;: &quot;facebook&quot;}, {&quot;count&quot;: 0, &quot;nicheId&quot;: &quot;nX&quot;, &quot;nicheName&quot;: &quot;Niche X&quot;, &quot;platform&quot;: &quot;facebook&quot;}, {&quot;count&quot;: 0, &quot;nicheId&quot;: &quot;test-niche-data-quality&quot;, &quot;nicheName&quot;: &quot;Data Quality Test Niche&quot;, &quot;platform&quot;: &quot;twitter&quot;}, {&quot;count&quot;: 0, &quot;nicheId&quot;: &quot;nX&quot;, &quot;nicheName&quot;: &quot;Niche X&quot;, &quot;platform&quot;: &quot;twitter&quot;}, …]
    at Object.&lt;anonymous&gt; (C:\Users\Cheem\OneDrive\Coding\clipsCommerce\src\app\workflows\AI_improvement\__tests__\DataCollectionOptimizationAgent.test.ts:98:27)
    at Promise.then.completed (C:\Users\Cheem\OneDrive\Coding\clipsCommerce\node_modules\jest-circus\build\utils.js:298:28)
    at new Promise (&lt;anonymous&gt;)
    at callAsyncCircusFn (C:\Users\Cheem\OneDrive\Coding\clipsCommerce\node_modules\jest-circus\build\utils.js:231:10)
    at _callCircusTest (C:\Users\Cheem\OneDrive\Coding\clipsCommerce\node_modules\jest-circus\build\run.js:316:40)
    at processTicksAndRejections (node:internal/process/task_queues:105:5)
    at _runTest (C:\Users\Cheem\OneDrive\Coding\clipsCommerce\node_modules\jest-circus\build\run.js:252:3)
    at _runTestsForDescribeBlock (C:\Users\Cheem\OneDrive\Coding\clipsCommerce\node_modules\jest-circus\build\run.js:126:9)
    at _runTestsForDescribeBlock (C:\Users\Cheem\OneDrive\Coding\clipsCommerce\node_modules\jest-circus\build\run.js:121:9)
    at run (C:\Users\Cheem\OneDrive\Coding\clipsCommerce\node_modules\jest-circus\build\run.js:71:3)
    at runAndTransformResultsToJestFormat (C:\Users\Cheem\OneDrive\Coding\clipsCommerce\node_modules\jest-circus\build\legacy-code-todo-rewrite\jestAdapterInit.js:122:21)
    at jestAdapter (C:\Users\Cheem\OneDrive\Coding\clipsCommerce\node_modules\jest-circus\build\legacy-code-todo-rewrite\jestAdapter.js:79:19)
    at runTestInternal (C:\Users\Cheem\OneDrive\Coding\clipsCommerce\node_modules\jest-runner\build\runTest.js:367:16)
    at runTest (C:\Users\Cheem\OneDrive\Coding\clipsCommerce\node_modules\jest-runner\build\runTest.js:444:34)
    at Object.worker (C:\Users\Cheem\OneDrive\Coding\clipsCommerce\node_modules\jest-runner\build\testWorker.js:106:12)</failure>
    </testcase>
    <testcase classname="DataCollectionOptimizationAgent addSample - Data Quality Checks should add a high-quality sample successfully" name="DataCollectionOptimizationAgent addSample - Data Quality Checks should add a high-quality sample successfully" time="0.007">
      <failure>Error: expect(received).toBe(expected) // Object.is equality

Expected: 1
Received: 0
    at Object.&lt;anonymous&gt; (C:\Users\Cheem\OneDrive\Coding\clipsCommerce\src\app\workflows\AI_improvement\__tests__\DataCollectionOptimizationAgent.test.ts:142:67)
    at Promise.then.completed (C:\Users\Cheem\OneDrive\Coding\clipsCommerce\node_modules\jest-circus\build\utils.js:298:28)
    at new Promise (&lt;anonymous&gt;)
    at callAsyncCircusFn (C:\Users\Cheem\OneDrive\Coding\clipsCommerce\node_modules\jest-circus\build\utils.js:231:10)
    at _callCircusTest (C:\Users\Cheem\OneDrive\Coding\clipsCommerce\node_modules\jest-circus\build\run.js:316:40)
    at processTicksAndRejections (node:internal/process/task_queues:105:5)
    at _runTest (C:\Users\Cheem\OneDrive\Coding\clipsCommerce\node_modules\jest-circus\build\run.js:252:3)
    at _runTestsForDescribeBlock (C:\Users\Cheem\OneDrive\Coding\clipsCommerce\node_modules\jest-circus\build\run.js:126:9)
    at _runTestsForDescribeBlock (C:\Users\Cheem\OneDrive\Coding\clipsCommerce\node_modules\jest-circus\build\run.js:121:9)
    at _runTestsForDescribeBlock (C:\Users\Cheem\OneDrive\Coding\clipsCommerce\node_modules\jest-circus\build\run.js:121:9)
    at run (C:\Users\Cheem\OneDrive\Coding\clipsCommerce\node_modules\jest-circus\build\run.js:71:3)
    at runAndTransformResultsToJestFormat (C:\Users\Cheem\OneDrive\Coding\clipsCommerce\node_modules\jest-circus\build\legacy-code-todo-rewrite\jestAdapterInit.js:122:21)
    at jestAdapter (C:\Users\Cheem\OneDrive\Coding\clipsCommerce\node_modules\jest-circus\build\legacy-code-todo-rewrite\jestAdapter.js:79:19)
    at runTestInternal (C:\Users\Cheem\OneDrive\Coding\clipsCommerce\node_modules\jest-runner\build\runTest.js:367:16)
    at runTest (C:\Users\Cheem\OneDrive\Coding\clipsCommerce\node_modules\jest-runner\build\runTest.js:444:34)
    at Object.worker (C:\Users\Cheem\OneDrive\Coding\clipsCommerce\node_modules\jest-runner\build\testWorker.js:106:12)</failure>
    </testcase>
    <testcase classname="DataCollectionOptimizationAgent addSample - Data Quality Checks should reject a sample with missing critical metadata (low completeness)" name="DataCollectionOptimizationAgent addSample - Data Quality Checks should reject a sample with missing critical metadata (low completeness)" time="0.003">
    </testcase>
    <testcase classname="DataCollectionOptimizationAgent addSample - Data Quality Checks should reject an old sample (low recency) even if other metadata is complete" name="DataCollectionOptimizationAgent addSample - Data Quality Checks should reject an old sample (low recency) even if other metadata is complete" time="0.006">
    </testcase>
    <testcase classname="DataCollectionOptimizationAgent addSample - Data Quality Checks metadataCompletenessScore should be calculated correctly based on critical fields" name="DataCollectionOptimizationAgent addSample - Data Quality Checks metadataCompletenessScore should be calculated correctly based on critical fields" time="0.021">
      <failure>Error: expect(received).toBeCloseTo(expected)

Matcher error: received value must be a number

Received has value: undefined
    at Object.&lt;anonymous&gt; (C:\Users\Cheem\OneDrive\Coding\clipsCommerce\src\app\workflows\AI_improvement\__tests__\DataCollectionOptimizationAgent.test.ts:198:49)
    at Promise.then.completed (C:\Users\Cheem\OneDrive\Coding\clipsCommerce\node_modules\jest-circus\build\utils.js:298:28)
    at new Promise (&lt;anonymous&gt;)
    at callAsyncCircusFn (C:\Users\Cheem\OneDrive\Coding\clipsCommerce\node_modules\jest-circus\build\utils.js:231:10)
    at _callCircusTest (C:\Users\Cheem\OneDrive\Coding\clipsCommerce\node_modules\jest-circus\build\run.js:316:40)
    at processTicksAndRejections (node:internal/process/task_queues:105:5)
    at _runTest (C:\Users\Cheem\OneDrive\Coding\clipsCommerce\node_modules\jest-circus\build\run.js:252:3)
    at _runTestsForDescribeBlock (C:\Users\Cheem\OneDrive\Coding\clipsCommerce\node_modules\jest-circus\build\run.js:126:9)
    at _runTestsForDescribeBlock (C:\Users\Cheem\OneDrive\Coding\clipsCommerce\node_modules\jest-circus\build\run.js:121:9)
    at _runTestsForDescribeBlock (C:\Users\Cheem\OneDrive\Coding\clipsCommerce\node_modules\jest-circus\build\run.js:121:9)
    at run (C:\Users\Cheem\OneDrive\Coding\clipsCommerce\node_modules\jest-circus\build\run.js:71:3)
    at runAndTransformResultsToJestFormat (C:\Users\Cheem\OneDrive\Coding\clipsCommerce\node_modules\jest-circus\build\legacy-code-todo-rewrite\jestAdapterInit.js:122:21)
    at jestAdapter (C:\Users\Cheem\OneDrive\Coding\clipsCommerce\node_modules\jest-circus\build\legacy-code-todo-rewrite\jestAdapter.js:79:19)
    at runTestInternal (C:\Users\Cheem\OneDrive\Coding\clipsCommerce\node_modules\jest-runner\build\runTest.js:367:16)
    at runTest (C:\Users\Cheem\OneDrive\Coding\clipsCommerce\node_modules\jest-runner\build\runTest.js:444:34)
    at Object.worker (C:\Users\Cheem\OneDrive\Coding\clipsCommerce\node_modules\jest-runner\build\testWorker.js:106:12)</failure>
    </testcase>
    <testcase classname="DataCollectionOptimizationAgent addSample - Data Quality Checks isRecent flag should be set correctly" name="DataCollectionOptimizationAgent addSample - Data Quality Checks isRecent flag should be set correctly" time="0.005">
      <failure>Error: expect(received).toBe(expected) // Object.is equality

Expected: false
Received: undefined
    at Object.&lt;anonymous&gt; (C:\Users\Cheem\OneDrive\Coding\clipsCommerce\src\app\workflows\AI_improvement\__tests__\DataCollectionOptimizationAgent.test.ts:222:32)
    at Promise.then.completed (C:\Users\Cheem\OneDrive\Coding\clipsCommerce\node_modules\jest-circus\build\utils.js:298:28)
    at new Promise (&lt;anonymous&gt;)
    at callAsyncCircusFn (C:\Users\Cheem\OneDrive\Coding\clipsCommerce\node_modules\jest-circus\build\utils.js:231:10)
    at _callCircusTest (C:\Users\Cheem\OneDrive\Coding\clipsCommerce\node_modules\jest-circus\build\run.js:316:40)
    at processTicksAndRejections (node:internal/process/task_queues:105:5)
    at _runTest (C:\Users\Cheem\OneDrive\Coding\clipsCommerce\node_modules\jest-circus\build\run.js:252:3)
    at _runTestsForDescribeBlock (C:\Users\Cheem\OneDrive\Coding\clipsCommerce\node_modules\jest-circus\build\run.js:126:9)
    at _runTestsForDescribeBlock (C:\Users\Cheem\OneDrive\Coding\clipsCommerce\node_modules\jest-circus\build\run.js:121:9)
    at _runTestsForDescribeBlock (C:\Users\Cheem\OneDrive\Coding\clipsCommerce\node_modules\jest-circus\build\run.js:121:9)
    at run (C:\Users\Cheem\OneDrive\Coding\clipsCommerce\node_modules\jest-circus\build\run.js:71:3)
    at runAndTransformResultsToJestFormat (C:\Users\Cheem\OneDrive\Coding\clipsCommerce\node_modules\jest-circus\build\legacy-code-todo-rewrite\jestAdapterInit.js:122:21)
    at jestAdapter (C:\Users\Cheem\OneDrive\Coding\clipsCommerce\node_modules\jest-circus\build\legacy-code-todo-rewrite\jestAdapter.js:79:19)
    at runTestInternal (C:\Users\Cheem\OneDrive\Coding\clipsCommerce\node_modules\jest-runner\build\runTest.js:367:16)
    at runTest (C:\Users\Cheem\OneDrive\Coding\clipsCommerce\node_modules\jest-runner\build\runTest.js:444:34)
    at Object.worker (C:\Users\Cheem\OneDrive\Coding\clipsCommerce\node_modules\jest-runner\build\testWorker.js:106:12)</failure>
    </testcase>
    <testcase classname="DataCollectionOptimizationAgent addSample - Data Quality Checks overallQualityScore should reflect component scores and weights" name="DataCollectionOptimizationAgent addSample - Data Quality Checks overallQualityScore should reflect component scores and weights" time="0.003">
    </testcase>
    <testcase classname="DataCollectionOptimizationAgent addSample - Data Quality Checks getAverageQualityScore should calculate correctly after adding multiple samples" name="DataCollectionOptimizationAgent addSample - Data Quality Checks getAverageQualityScore should calculate correctly after adding multiple samples" time="0.014">
      <failure>Error: expect(received).toBeCloseTo(expected)

Expected: 100
Received: 0

Expected precision:    2
Expected difference: &lt; 0.005
Received difference:   100
    at Object.&lt;anonymous&gt; (C:\Users\Cheem\OneDrive\Coding\clipsCommerce\src\app\workflows\AI_improvement\__tests__\DataCollectionOptimizationAgent.test.ts:268:75)
    at Promise.then.completed (C:\Users\Cheem\OneDrive\Coding\clipsCommerce\node_modules\jest-circus\build\utils.js:298:28)
    at new Promise (&lt;anonymous&gt;)
    at callAsyncCircusFn (C:\Users\Cheem\OneDrive\Coding\clipsCommerce\node_modules\jest-circus\build\utils.js:231:10)
    at _callCircusTest (C:\Users\Cheem\OneDrive\Coding\clipsCommerce\node_modules\jest-circus\build\run.js:316:40)
    at processTicksAndRejections (node:internal/process/task_queues:105:5)
    at _runTest (C:\Users\Cheem\OneDrive\Coding\clipsCommerce\node_modules\jest-circus\build\run.js:252:3)
    at _runTestsForDescribeBlock (C:\Users\Cheem\OneDrive\Coding\clipsCommerce\node_modules\jest-circus\build\run.js:126:9)
    at _runTestsForDescribeBlock (C:\Users\Cheem\OneDrive\Coding\clipsCommerce\node_modules\jest-circus\build\run.js:121:9)
    at _runTestsForDescribeBlock (C:\Users\Cheem\OneDrive\Coding\clipsCommerce\node_modules\jest-circus\build\run.js:121:9)
    at run (C:\Users\Cheem\OneDrive\Coding\clipsCommerce\node_modules\jest-circus\build\run.js:71:3)
    at runAndTransformResultsToJestFormat (C:\Users\Cheem\OneDrive\Coding\clipsCommerce\node_modules\jest-circus\build\legacy-code-todo-rewrite\jestAdapterInit.js:122:21)
    at jestAdapter (C:\Users\Cheem\OneDrive\Coding\clipsCommerce\node_modules\jest-circus\build\legacy-code-todo-rewrite\jestAdapter.js:79:19)
    at runTestInternal (C:\Users\Cheem\OneDrive\Coding\clipsCommerce\node_modules\jest-runner\build\runTest.js:367:16)
    at runTest (C:\Users\Cheem\OneDrive\Coding\clipsCommerce\node_modules\jest-runner\build\runTest.js:444:34)
    at Object.worker (C:\Users\Cheem\OneDrive\Coding\clipsCommerce\node_modules\jest-runner\build\testWorker.js:106:12)</failure>
    </testcase>
    <testcase classname="DataCollectionOptimizationAgent addSample - Data Quality Checks addSample should return null and log error for non-existent niche" name="DataCollectionOptimizationAgent addSample - Data Quality Checks addSample should return null and log error for non-existent niche" time="0.002">
      <failure>TypeError: (0 , globals_1.spyOn) is not a function
    at Object.&lt;anonymous&gt; (C:\Users\Cheem\OneDrive\Coding\clipsCommerce\src\app\workflows\AI_improvement\__tests__\DataCollectionOptimizationAgent.test.ts:279:36)
    at Promise.then.completed (C:\Users\Cheem\OneDrive\Coding\clipsCommerce\node_modules\jest-circus\build\utils.js:298:28)
    at new Promise (&lt;anonymous&gt;)
    at callAsyncCircusFn (C:\Users\Cheem\OneDrive\Coding\clipsCommerce\node_modules\jest-circus\build\utils.js:231:10)
    at _callCircusTest (C:\Users\Cheem\OneDrive\Coding\clipsCommerce\node_modules\jest-circus\build\run.js:316:40)
    at processTicksAndRejections (node:internal/process/task_queues:105:5)
    at _runTest (C:\Users\Cheem\OneDrive\Coding\clipsCommerce\node_modules\jest-circus\build\run.js:252:3)
    at _runTestsForDescribeBlock (C:\Users\Cheem\OneDrive\Coding\clipsCommerce\node_modules\jest-circus\build\run.js:126:9)
    at _runTestsForDescribeBlock (C:\Users\Cheem\OneDrive\Coding\clipsCommerce\node_modules\jest-circus\build\run.js:121:9)
    at _runTestsForDescribeBlock (C:\Users\Cheem\OneDrive\Coding\clipsCommerce\node_modules\jest-circus\build\run.js:121:9)
    at run (C:\Users\Cheem\OneDrive\Coding\clipsCommerce\node_modules\jest-circus\build\run.js:71:3)
    at runAndTransformResultsToJestFormat (C:\Users\Cheem\OneDrive\Coding\clipsCommerce\node_modules\jest-circus\build\legacy-code-todo-rewrite\jestAdapterInit.js:122:21)
    at jestAdapter (C:\Users\Cheem\OneDrive\Coding\clipsCommerce\node_modules\jest-circus\build\legacy-code-todo-rewrite\jestAdapter.js:79:19)
    at runTestInternal (C:\Users\Cheem\OneDrive\Coding\clipsCommerce\node_modules\jest-runner\build\runTest.js:367:16)
    at runTest (C:\Users\Cheem\OneDrive\Coding\clipsCommerce\node_modules\jest-runner\build\runTest.js:444:34)
    at Object.worker (C:\Users\Cheem\OneDrive\Coding\clipsCommerce\node_modules\jest-runner\build\testWorker.js:106:12)</failure>
    </testcase>
    <testcase classname="DataCollectionOptimizationAgent addSample - Data Quality Checks getAverageQualityScore should return 0 if no samples or niche does not exist" name="DataCollectionOptimizationAgent addSample - Data Quality Checks getAverageQualityScore should return 0 if no samples or niche does not exist" time="0.002">
    </testcase>
  </testsuite>
  <testsuite name="OptimizedVideoGenerator" errors="0" failures="6" skipped="0" timestamp="2025-06-15T04:15:02" time="0.763" tests="28">
    <testcase classname="OptimizedVideoGenerator constructor should throw an error if API key is not provided" name="OptimizedVideoGenerator constructor should throw an error if API key is not provided" time="0.025">
    </testcase>
    <testcase classname="OptimizedVideoGenerator constructor should initialize OpenAI client with the provided API key" name="OptimizedVideoGenerator constructor should initialize OpenAI client with the provided API key" time="0.005">
    </testcase>
    <testcase classname="OptimizedVideoGenerator generateOptimizedContent - Prompt Generation should generate a comprehensive prompt including all provided data" name="OptimizedVideoGenerator generateOptimizedContent - Prompt Generation should generate a comprehensive prompt including all provided data" time="0.007">
      <failure>Error: expect(received).toContain(expected) // indexOf

Expected substring: &quot;Platform: TikTok&quot;
Received string:    &quot;You are an expert social media content strategist. Generate engaging and optimized video content in JSON format based on the provided data and user preferences.&quot;
    at Object.&lt;anonymous&gt; (C:\Users\Cheem\OneDrive\Coding\clipsCommerce\src\app\workflows\video_optimization\OptimizedVideoGenerator.spec.ts:115:22)
    at processTicksAndRejections (node:internal/process/task_queues:105:5)</failure>
    </testcase>
    <testcase classname="OptimizedVideoGenerator generateOptimizedContent - Prompt Generation should include product links in the prompt if provided" name="OptimizedVideoGenerator generateOptimizedContent - Prompt Generation should include product links in the prompt if provided" time="0.006">
      <failure>Error: expect(received).toContain(expected) // indexOf

Expected substring: &quot;--- Product Links to Incorporate ---&quot;
Received string:    &quot;You are an expert social media content strategist. Generate engaging and optimized video content in JSON format based on the provided data and user preferences.&quot;
    at Object.&lt;anonymous&gt; (C:\Users\Cheem\OneDrive\Coding\clipsCommerce\src\app\workflows\video_optimization\OptimizedVideoGenerator.spec.ts:136:22)
    at processTicksAndRejections (node:internal/process/task_queues:105:5)</failure>
    </testcase>
    <testcase classname="OptimizedVideoGenerator generateOptimizedContent - Prompt Generation should handle missing optional analysis data gracefully in prompt" name="OptimizedVideoGenerator generateOptimizedContent - Prompt Generation should handle missing optional analysis data gracefully in prompt" time="0.005">
    </testcase>
    <testcase classname="OptimizedVideoGenerator generateOptimizedContent - OpenAI API Interaction should call OpenAI API with the correct model and parse the JSON response" name="OptimizedVideoGenerator generateOptimizedContent - OpenAI API Interaction should call OpenAI API with the correct model and parse the JSON response" time="0.003">
    </testcase>
    <testcase classname="OptimizedVideoGenerator generateOptimizedContent - OpenAI API Interaction should use a custom OpenAI model if provided in config" name="OptimizedVideoGenerator generateOptimizedContent - OpenAI API Interaction should use a custom OpenAI model if provided in config" time="0.008">
    </testcase>
    <testcase classname="OptimizedVideoGenerator generateOptimizedContent - OpenAI API Interaction should throw an error if OpenAI API returns non-JSON content" name="OptimizedVideoGenerator generateOptimizedContent - OpenAI API Interaction should throw an error if OpenAI API returns non-JSON content" time="0.003">
    </testcase>
    <testcase classname="OptimizedVideoGenerator generateOptimizedContent - OpenAI API Interaction should throw an error if OpenAI API returns malformed JSON" name="OptimizedVideoGenerator generateOptimizedContent - OpenAI API Interaction should throw an error if OpenAI API returns malformed JSON" time="0.003">
    </testcase>
    <testcase classname="OptimizedVideoGenerator generateOptimizedContent - OpenAI API Interaction should throw an error if OpenAI API returns no choices" name="OptimizedVideoGenerator generateOptimizedContent - OpenAI API Interaction should throw an error if OpenAI API returns no choices" time="0.002">
    </testcase>
    <testcase classname="OptimizedVideoGenerator generateOptimizedContent - OpenAI API Interaction should throw an error if OpenAI API response content is null" name="OptimizedVideoGenerator generateOptimizedContent - OpenAI API Interaction should throw an error if OpenAI API response content is null" time="0.002">
    </testcase>
    <testcase classname="OptimizedVideoGenerator generateOptimizedContent - OpenAI API Interaction should throw an error if OpenAI API call fails" name="OptimizedVideoGenerator generateOptimizedContent - OpenAI API Interaction should throw an error if OpenAI API call fails" time="0.013">
    </testcase>
    <testcase classname="OptimizedVideoGenerator generateOptimizedContent - OpenAI API Interaction should throw an error if OpenAI API returns JSON that fails Zod validation" name="OptimizedVideoGenerator generateOptimizedContent - OpenAI API Interaction should throw an error if OpenAI API returns JSON that fails Zod validation" time="0.007">
      <failure>Error: expect(received).rejects.toThrow(expected)

Expected pattern: /^OpenAI response validation failed: captions.alternatives - Required/
Received message: &quot;OpenAI response validation failed: captions.alternatives: Required&quot;

      247 |         .map((e: any) =&gt; `${e.path?.join?.(&apos;.&apos;) || &apos;unknown&apos;}: ${e.message || &apos;Unknown error&apos;}`)
      248 |         .join(&apos; - &apos;);
    &gt; 249 |       throw new Error(`OpenAI response validation failed: ${errorDetails}`);
          |             ^
      250 |     }
      251 |     throw new Error(&apos;Failed to validate OpenAI response JSON due to an unknown Zod error.&apos;);
      252 |   }

      at OptimizedVideoGenerator.handleZodValidationError (src/app/workflows/video_optimization/OptimizedVideoGenerator.ts:249:13)
      at OptimizedVideoGenerator.generateOptimizedContent (src/app/workflows/video_optimization/OptimizedVideoGenerator.ts:228:16)
      at Object.&lt;anonymous&gt; (src/app/workflows/video_optimization/OptimizedVideoGenerator.spec.ts:215:7)
    at Object.toThrow (C:\Users\Cheem\OneDrive\Coding\clipsCommerce\node_modules\expect\build\index.js:218:22)
    at Object.&lt;anonymous&gt; (C:\Users\Cheem\OneDrive\Coding\clipsCommerce\src\app\workflows\video_optimization\OptimizedVideoGenerator.spec.ts:216:18)
    at Promise.then.completed (C:\Users\Cheem\OneDrive\Coding\clipsCommerce\node_modules\jest-circus\build\utils.js:298:28)
    at new Promise (&lt;anonymous&gt;)
    at callAsyncCircusFn (C:\Users\Cheem\OneDrive\Coding\clipsCommerce\node_modules\jest-circus\build\utils.js:231:10)
    at _callCircusTest (C:\Users\Cheem\OneDrive\Coding\clipsCommerce\node_modules\jest-circus\build\run.js:316:40)
    at processTicksAndRejections (node:internal/process/task_queues:105:5)
    at _runTest (C:\Users\Cheem\OneDrive\Coding\clipsCommerce\node_modules\jest-circus\build\run.js:252:3)
    at _runTestsForDescribeBlock (C:\Users\Cheem\OneDrive\Coding\clipsCommerce\node_modules\jest-circus\build\run.js:126:9)
    at _runTestsForDescribeBlock (C:\Users\Cheem\OneDrive\Coding\clipsCommerce\node_modules\jest-circus\build\run.js:121:9)
    at _runTestsForDescribeBlock (C:\Users\Cheem\OneDrive\Coding\clipsCommerce\node_modules\jest-circus\build\run.js:121:9)
    at run (C:\Users\Cheem\OneDrive\Coding\clipsCommerce\node_modules\jest-circus\build\run.js:71:3)
    at runAndTransformResultsToJestFormat (C:\Users\Cheem\OneDrive\Coding\clipsCommerce\node_modules\jest-circus\build\legacy-code-todo-rewrite\jestAdapterInit.js:122:21)
    at jestAdapter (C:\Users\Cheem\OneDrive\Coding\clipsCommerce\node_modules\jest-circus\build\legacy-code-todo-rewrite\jestAdapter.js:79:19)
    at runTestInternal (C:\Users\Cheem\OneDrive\Coding\clipsCommerce\node_modules\jest-runner\build\runTest.js:367:16)
    at runTest (C:\Users\Cheem\OneDrive\Coding\clipsCommerce\node_modules\jest-runner\build\runTest.js:444:34)
    at Object.worker (C:\Users\Cheem\OneDrive\Coding\clipsCommerce\node_modules\jest-runner\build\testWorker.js:106:12)</failure>
    </testcase>
    <testcase classname="OptimizedVideoGenerator generateOptimizedContent - OpenAI API Interaction should successfully generate content after a few transient API errors (e.g., 500)" name="OptimizedVideoGenerator generateOptimizedContent - OpenAI API Interaction should successfully generate content after a few transient API errors (e.g., 500)" time="0.001">
      <failure>TypeError: openai_1.APIError is not a constructor
    at Object.&lt;anonymous&gt; (C:\Users\Cheem\OneDrive\Coding\clipsCommerce\src\app\workflows\video_optimization\OptimizedVideoGenerator.spec.ts:220:30)
    at Promise.then.completed (C:\Users\Cheem\OneDrive\Coding\clipsCommerce\node_modules\jest-circus\build\utils.js:298:28)
    at new Promise (&lt;anonymous&gt;)
    at callAsyncCircusFn (C:\Users\Cheem\OneDrive\Coding\clipsCommerce\node_modules\jest-circus\build\utils.js:231:10)
    at _callCircusTest (C:\Users\Cheem\OneDrive\Coding\clipsCommerce\node_modules\jest-circus\build\run.js:316:40)
    at processTicksAndRejections (node:internal/process/task_queues:105:5)
    at _runTest (C:\Users\Cheem\OneDrive\Coding\clipsCommerce\node_modules\jest-circus\build\run.js:252:3)
    at _runTestsForDescribeBlock (C:\Users\Cheem\OneDrive\Coding\clipsCommerce\node_modules\jest-circus\build\run.js:126:9)
    at _runTestsForDescribeBlock (C:\Users\Cheem\OneDrive\Coding\clipsCommerce\node_modules\jest-circus\build\run.js:121:9)
    at _runTestsForDescribeBlock (C:\Users\Cheem\OneDrive\Coding\clipsCommerce\node_modules\jest-circus\build\run.js:121:9)
    at run (C:\Users\Cheem\OneDrive\Coding\clipsCommerce\node_modules\jest-circus\build\run.js:71:3)
    at runAndTransformResultsToJestFormat (C:\Users\Cheem\OneDrive\Coding\clipsCommerce\node_modules\jest-circus\build\legacy-code-todo-rewrite\jestAdapterInit.js:122:21)
    at jestAdapter (C:\Users\Cheem\OneDrive\Coding\clipsCommerce\node_modules\jest-circus\build\legacy-code-todo-rewrite\jestAdapter.js:79:19)
    at runTestInternal (C:\Users\Cheem\OneDrive\Coding\clipsCommerce\node_modules\jest-runner\build\runTest.js:367:16)
    at runTest (C:\Users\Cheem\OneDrive\Coding\clipsCommerce\node_modules\jest-runner\build\runTest.js:444:34)
    at Object.worker (C:\Users\Cheem\OneDrive\Coding\clipsCommerce\node_modules\jest-runner\build\testWorker.js:106:12)</failure>
    </testcase>
    <testcase classname="OptimizedVideoGenerator generateOptimizedContent - OpenAI API Interaction should throw an error after exhausting retries on persistent transient API errors" name="OptimizedVideoGenerator generateOptimizedContent - OpenAI API Interaction should throw an error after exhausting retries on persistent transient API errors" time="0.001">
      <failure>TypeError: openai_1.APIError is not a constructor
    at Object.&lt;anonymous&gt; (C:\Users\Cheem\OneDrive\Coding\clipsCommerce\src\app\workflows\video_optimization\OptimizedVideoGenerator.spec.ts:232:40)
    at Promise.then.completed (C:\Users\Cheem\OneDrive\Coding\clipsCommerce\node_modules\jest-circus\build\utils.js:298:28)
    at new Promise (&lt;anonymous&gt;)
    at callAsyncCircusFn (C:\Users\Cheem\OneDrive\Coding\clipsCommerce\node_modules\jest-circus\build\utils.js:231:10)
    at _callCircusTest (C:\Users\Cheem\OneDrive\Coding\clipsCommerce\node_modules\jest-circus\build\run.js:316:40)
    at processTicksAndRejections (node:internal/process/task_queues:105:5)
    at _runTest (C:\Users\Cheem\OneDrive\Coding\clipsCommerce\node_modules\jest-circus\build\run.js:252:3)
    at _runTestsForDescribeBlock (C:\Users\Cheem\OneDrive\Coding\clipsCommerce\node_modules\jest-circus\build\run.js:126:9)
    at _runTestsForDescribeBlock (C:\Users\Cheem\OneDrive\Coding\clipsCommerce\node_modules\jest-circus\build\run.js:121:9)
    at _runTestsForDescribeBlock (C:\Users\Cheem\OneDrive\Coding\clipsCommerce\node_modules\jest-circus\build\run.js:121:9)
    at run (C:\Users\Cheem\OneDrive\Coding\clipsCommerce\node_modules\jest-circus\build\run.js:71:3)
    at runAndTransformResultsToJestFormat (C:\Users\Cheem\OneDrive\Coding\clipsCommerce\node_modules\jest-circus\build\legacy-code-todo-rewrite\jestAdapterInit.js:122:21)
    at jestAdapter (C:\Users\Cheem\OneDrive\Coding\clipsCommerce\node_modules\jest-circus\build\legacy-code-todo-rewrite\jestAdapter.js:79:19)
    at runTestInternal (C:\Users\Cheem\OneDrive\Coding\clipsCommerce\node_modules\jest-runner\build\runTest.js:367:16)
    at runTest (C:\Users\Cheem\OneDrive\Coding\clipsCommerce\node_modules\jest-runner\build\runTest.js:444:34)
    at Object.worker (C:\Users\Cheem\OneDrive\Coding\clipsCommerce\node_modules\jest-runner\build\testWorker.js:106:12)</failure>
    </testcase>
    <testcase classname="OptimizedVideoGenerator generateOptimizedContent - OpenAI API Interaction should throw an error immediately for non-retryable API errors (e.g., 401)" name="OptimizedVideoGenerator generateOptimizedContent - OpenAI API Interaction should throw an error immediately for non-retryable API errors (e.g., 401)" time="0.001">
      <failure>TypeError: openai_1.APIError is not a constructor
    at Object.&lt;anonymous&gt; (C:\Users\Cheem\OneDrive\Coding\clipsCommerce\src\app\workflows\video_optimization\OptimizedVideoGenerator.spec.ts:241:33)
    at Promise.then.completed (C:\Users\Cheem\OneDrive\Coding\clipsCommerce\node_modules\jest-circus\build\utils.js:298:28)
    at new Promise (&lt;anonymous&gt;)
    at callAsyncCircusFn (C:\Users\Cheem\OneDrive\Coding\clipsCommerce\node_modules\jest-circus\build\utils.js:231:10)
    at _callCircusTest (C:\Users\Cheem\OneDrive\Coding\clipsCommerce\node_modules\jest-circus\build\run.js:316:40)
    at processTicksAndRejections (node:internal/process/task_queues:105:5)
    at _runTest (C:\Users\Cheem\OneDrive\Coding\clipsCommerce\node_modules\jest-circus\build\run.js:252:3)
    at _runTestsForDescribeBlock (C:\Users\Cheem\OneDrive\Coding\clipsCommerce\node_modules\jest-circus\build\run.js:126:9)
    at _runTestsForDescribeBlock (C:\Users\Cheem\OneDrive\Coding\clipsCommerce\node_modules\jest-circus\build\run.js:121:9)
    at _runTestsForDescribeBlock (C:\Users\Cheem\OneDrive\Coding\clipsCommerce\node_modules\jest-circus\build\run.js:121:9)
    at run (C:\Users\Cheem\OneDrive\Coding\clipsCommerce\node_modules\jest-circus\build\run.js:71:3)
    at runAndTransformResultsToJestFormat (C:\Users\Cheem\OneDrive\Coding\clipsCommerce\node_modules\jest-circus\build\legacy-code-todo-rewrite\jestAdapterInit.js:122:21)
    at jestAdapter (C:\Users\Cheem\OneDrive\Coding\clipsCommerce\node_modules\jest-circus\build\legacy-code-todo-rewrite\jestAdapter.js:79:19)
    at runTestInternal (C:\Users\Cheem\OneDrive\Coding\clipsCommerce\node_modules\jest-runner\build\runTest.js:367:16)
    at runTest (C:\Users\Cheem\OneDrive\Coding\clipsCommerce\node_modules\jest-runner\build\runTest.js:444:34)
    at Object.worker (C:\Users\Cheem\OneDrive\Coding\clipsCommerce\node_modules\jest-runner\build\testWorker.js:106:12)</failure>
    </testcase>
    <testcase classname="OptimizedVideoGenerator Input Validation should throw an error if analysisData is null" name="OptimizedVideoGenerator Input Validation should throw an error if analysisData is null" time="0.002">
    </testcase>
    <testcase classname="OptimizedVideoGenerator Input Validation should throw an error if userPreferences is null" name="OptimizedVideoGenerator Input Validation should throw an error if userPreferences is null" time="0.002">
    </testcase>
    <testcase classname="OptimizedVideoGenerator Input Validation should throw an error if userPreferences.userId is null" name="OptimizedVideoGenerator Input Validation should throw an error if userPreferences.userId is null" time="0.002">
    </testcase>
    <testcase classname="OptimizedVideoGenerator Input Validation should throw an error if userPreferences.userId is undefined" name="OptimizedVideoGenerator Input Validation should throw an error if userPreferences.userId is undefined" time="0.002">
    </testcase>
    <testcase classname="OptimizedVideoGenerator Input Validation should throw an error if userPreferences.userId is an empty string" name="OptimizedVideoGenerator Input Validation should throw an error if userPreferences.userId is an empty string" time="0.004">
    </testcase>
    <testcase classname="OptimizedVideoGenerator generateOptimizedContent - Caching should cache a successful response and return it on subsequent identical calls" name="OptimizedVideoGenerator generateOptimizedContent - Caching should cache a successful response and return it on subsequent identical calls" time="0.002">
    </testcase>
    <testcase classname="OptimizedVideoGenerator generateOptimizedContent - Caching should not use cache for different parameters" name="OptimizedVideoGenerator generateOptimizedContent - Caching should not use cache for different parameters" time="0.002">
    </testcase>
    <testcase classname="OptimizedVideoGenerator generateOptimizedContent - Caching should invalidate and fetch new data if cache expires" name="OptimizedVideoGenerator generateOptimizedContent - Caching should invalidate and fetch new data if cache expires" time="0.002">
    </testcase>
    <testcase classname="OptimizedVideoGenerator generateOptimizedContent - Rate Limiting should allow up to MAX_REQUESTS_PER_MINUTE requests within the window" name="OptimizedVideoGenerator generateOptimizedContent - Rate Limiting should allow up to MAX_REQUESTS_PER_MINUTE requests within the window" time="0.004">
    </testcase>
    <testcase classname="OptimizedVideoGenerator generateOptimizedContent - Rate Limiting should throw error when rate limit is exceeded (21st request)" name="OptimizedVideoGenerator generateOptimizedContent - Rate Limiting should throw error when rate limit is exceeded (21st request)" time="0.007">
    </testcase>
    <testcase classname="OptimizedVideoGenerator generateOptimizedContent - Rate Limiting should reset rate limit after the window expires" name="OptimizedVideoGenerator generateOptimizedContent - Rate Limiting should reset rate limit after the window expires" time="0.004">
    </testcase>
    <testcase classname="OptimizedVideoGenerator generateOptimizedContent - Rate Limiting should apply rate limits independently for different users" name="OptimizedVideoGenerator generateOptimizedContent - Rate Limiting should apply rate limits independently for different users" time="0.003">
    </testcase>
  </testsuite>
  <testsuite name="AIImprovementService" errors="0" failures="1" skipped="0" timestamp="2025-06-15T04:14:58" time="4.165" tests="21">
    <testcase classname="AIImprovementService Content Optimization should provide content optimization suggestions" name="AIImprovementService Content Optimization should provide content optimization suggestions" time="0.052">
    </testcase>
    <testcase classname="AIImprovementService Content Optimization should analyze sentiment correctly" name="AIImprovementService Content Optimization should analyze sentiment correctly" time="0.006">
    </testcase>
    <testcase classname="AIImprovementService Content Optimization should analyze tone correctly" name="AIImprovementService Content Optimization should analyze tone correctly" time="0.005">
    </testcase>
    <testcase classname="AIImprovementService Engagement Prediction should predict engagement for a post" name="AIImprovementService Engagement Prediction should predict engagement for a post" time="0.011">
    </testcase>
    <testcase classname="AIImprovementService Engagement Prediction should provide higher scores for optimal timing" name="AIImprovementService Engagement Prediction should provide higher scores for optimal timing" time="0.006">
      <failure>Error: expect(received).toBeGreaterThan(expected)

Expected: &gt; 50
Received:   20
    at Object.&lt;anonymous&gt; (C:\Users\Cheem\OneDrive\Coding\clipsCommerce\src\app\workflows\AI_improvement\__tests__\AIImprovementService.test.ts:124:49)
    at processTicksAndRejections (node:internal/process/task_queues:105:5)</failure>
    </testcase>
    <testcase classname="AIImprovementService A/B Testing should create A/B test experiments" name="AIImprovementService A/B Testing should create A/B test experiments" time="0.004">
    </testcase>
    <testcase classname="AIImprovementService A/B Testing should generate appropriate variants for different variation types" name="AIImprovementService A/B Testing should generate appropriate variants for different variation types" time="0.003">
    </testcase>
    <testcase classname="AIImprovementService Performance Insights should provide comprehensive performance insights" name="AIImprovementService Performance Insights should provide comprehensive performance insights" time="0.009">
    </testcase>
    <testcase classname="AIImprovementService Performance Insights should identify top performing platform correctly" name="AIImprovementService Performance Insights should identify top performing platform correctly" time="0.003">
    </testcase>
    <testcase classname="AIImprovementService Post Performance Recording should record post performance correctly" name="AIImprovementService Post Performance Recording should record post performance correctly" time="0.004">
    </testcase>
    <testcase classname="AIImprovementService Workflow Improvements should provide workflow improvement suggestions" name="AIImprovementService Workflow Improvements should provide workflow improvement suggestions" time="0.007">
    </testcase>
    <testcase classname="AIImprovementService Feedback System should handle positive feedback correctly" name="AIImprovementService Feedback System should handle positive feedback correctly" time="0.003">
    </testcase>
    <testcase classname="AIImprovementService Feedback System should handle negative feedback correctly" name="AIImprovementService Feedback System should handle negative feedback correctly" time="0.003">
    </testcase>
    <testcase classname="AIImprovementService Feedback System should handle neutral feedback correctly" name="AIImprovementService Feedback System should handle neutral feedback correctly" time="0.003">
    </testcase>
    <testcase classname="AIImprovementService Error Handling should handle missing experiment gracefully" name="AIImprovementService Error Handling should handle missing experiment gracefully" time="0.002">
    </testcase>
    <testcase classname="AIImprovementService Error Handling should handle empty content gracefully" name="AIImprovementService Error Handling should handle empty content gracefully" time="0.005">
    </testcase>
    <testcase classname="AIImprovementService Integration Points should initialize service correctly" name="AIImprovementService Integration Points should initialize service correctly" time="0.002">
    </testcase>
    <testcase classname="AIImprovementService Integration Points should auto-initialize when calling methods" name="AIImprovementService Integration Points should auto-initialize when calling methods" time="0.002">
    </testcase>
    <testcase classname="A/B Testing Functions should create experiments with proper validation" name="A/B Testing Functions should create experiments with proper validation" time="0.001">
    </testcase>
    <testcase classname="NLP Functions should analyze sentiment with emotion detection" name="NLP Functions should analyze sentiment with emotion detection" time="0.001">
    </testcase>
    <testcase classname="NLP Functions should generate caption variations" name="NLP Functions should generate caption variations" time="0.001">
    </testcase>
  </testsuite>
  <testsuite name="DashboardPage" errors="0" failures="1" skipped="0" timestamp="2025-06-15T04:14:58" time="4.421" tests="4">
    <testcase classname="DashboardPage renders the dashboard page with greeting" name="DashboardPage renders the dashboard page with greeting" time="0.177">
      <failure>TestingLibraryElementError: Unable to find an element with the text: /Good evening/. This could be because the text is broken up by multiple elements. In this case, you can provide a function for your text matcher to make your matcher more flexible.

Ignored nodes: comments, script, style
&lt;body&gt;
  &lt;div&gt;
    &lt;div
      class=&quot;min-h-full bg-background text-foreground flex flex-col gap-8&quot;
    &gt;
      &lt;div
        class=&quot;flex justify-between items-center py-2 px-1&quot;
      &gt;
        &lt;h1
          class=&quot;text-3xl md:text-4xl font-extrabold gradient-text&quot;
        &gt;
          Good afternoon
          , 
          test
        &lt;/h1&gt;
      &lt;/div&gt;
      &lt;div
        class=&quot;flex flex-col gap-6&quot;
      &gt;
        &lt;h2
          class=&quot;text-xl font-semibold mb-2 text-creative&quot;
        &gt;
          Choose your workflow
        &lt;/h2&gt;
        &lt;div
          class=&quot;flex flex-col md:flex-row gap-6&quot;
        &gt;
          &lt;div
            class=&quot;bg-panel rounded-lg p-6 flex-1 flex flex-col justify-between shadow-md border-2 border-mint/60 hover:shadow-lg transition-shadow&quot;
          &gt;
            &lt;div&gt;
              &lt;h3
                class=&quot;text-lg font-bold text-creative mb-2&quot;
              &gt;
                Sell Better
              &lt;/h3&gt;
              &lt;p
                class=&quot;text-secondaryText mb-3&quot;
              &gt;
                Optimize your sales workflow for better results. Click below to start.
              &lt;/p&gt;
            &lt;/div&gt;
            &lt;button
              class=&quot;inline-flex items-center justify-center rounded-md text-sm font-medium transition-colors focus-visible:outline-none focus-visible:ring-1 focus-visible:ring-ring disabled:pointer-events-none disabled:opacity-50 shadow h-9 px-4 py-2 bg-primary text-black hover:bg-creative hover:text-white w-full&quot;
            &gt;
              Start Sell Better
            &lt;/button&gt;
          &lt;/div&gt;
          &lt;div
            class=&quot;bg-panel rounded-lg p-6 flex-1 flex flex-col justify-between shadow-md border-2 border-lavender/60 hover:shadow-lg transition-shadow&quot;
          &gt;
            &lt;div&gt;
              &lt;h3
                class=&quot;text-lg font-bold text-creative mb-2&quot;
              &gt;
                How to Sell
              &lt;/h3&gt;
              &lt;p
                class=&quot;text-secondaryText mb-3&quot;
              &gt;
                Learn and implement proven selling tactics. Click below to explore.
              &lt;/p&gt;
            &lt;/div&gt;
            &lt;button
              class=&quot;inline-flex items-center justify-center rounded-md text-sm font-medium transition-colors focus-visible:outline-none focus-visible:ring-1 focus-visible:ring-ring disabled:pointer-events-none disabled:opacity-50 shadow h-9 px-4 py-2 bg-primary text-black hover:bg-creative hover:text-white w-full&quot;
            &gt;
              Start How to Sell
            &lt;/button&gt;
          &lt;/div&gt;
        &lt;/div&gt;
      &lt;/div&gt;
      &lt;div
        class=&quot;flex flex-col gap-6&quot;
      &gt;
        &lt;h2
          class=&quot;text-xl font-semibold mb-2 text-creative&quot;
        &gt;
          Performance
        &lt;/h2&gt;
        &lt;div
          class=&quot;flex flex-col md:flex-row gap-6&quot;
        &gt;
          &lt;div
            class=&quot;bg-panel rounded-lg p-6 shadow-md border border-border flex flex-col items-center flex-1&quot;
          &gt;
            &lt;span
              class=&quot;text-creative font-bold mb-2&quot;
            &gt;
              Sales
            &lt;/span&gt;
            &lt;div
              class=&quot;w-full h-28&quot;
            &gt;
              &lt;div
                class=&quot;flex items-center justify-center h-full&quot;
              &gt;
                Loading...
              &lt;/div&gt;
            &lt;/div&gt;
          &lt;/div&gt;
          &lt;div
            class=&quot;bg-panel rounded-lg p-6 shadow-md border border-border flex flex-col items-center flex-1&quot;
          &gt;
            &lt;span
              class=&quot;text-highlight font-bold mb-2&quot;
            &gt;
              Conversion
            &lt;/span&gt;
            &lt;div
              class=&quot;w-full h-28&quot;
            &gt;
              &lt;div
                class=&quot;flex items-center justify-center h-full&quot;
              &gt;
                Loading...
              &lt;/div&gt;
            &lt;/div&gt;
          &lt;/div&gt;
        &lt;/div&gt;
        &lt;div
          class=&quot;mt-6&quot;
        &gt;
          &lt;div
            class=&quot;rounded-xl border bg-card text-card-foreground shadow bg-gradient-to-br from-neutral-900 to-neutral-800 border-neutral-700&quot;
          &gt;
            &lt;div
              class=&quot;p-6 pt-0 flex items-center justify-center h-32&quot;
            &gt;
              &lt;div
                class=&quot;animate-spin rounded-full h-8 w-8 border-t-2 border-[#5afcc0]&quot;
              /&gt;
            &lt;/div&gt;
          &lt;/div&gt;
        &lt;/div&gt;
        &lt;div
          class=&quot;mt-4&quot;
        &gt;
          &lt;h3
            class=&quot;text-sm font-medium mb-1&quot;
          &gt;
            Onboarding Progress
          &lt;/h3&gt;
          &lt;div
            data-testid=&quot;progress&quot;
          &gt;
            Progress: 
            66
            %
          &lt;/div&gt;
        &lt;/div&gt;
      &lt;/div&gt;
    &lt;/div&gt;
  &lt;/div&gt;
&lt;/body&gt;
    at Object.getElementError (C:\Users\Cheem\OneDrive\Coding\clipsCommerce\node_modules\@testing-library\dom\dist\config.js:37:19)
    at C:\Users\Cheem\OneDrive\Coding\clipsCommerce\node_modules\@testing-library\dom\dist\query-helpers.js:76:38
    at C:\Users\Cheem\OneDrive\Coding\clipsCommerce\node_modules\@testing-library\dom\dist\query-helpers.js:52:17
    at C:\Users\Cheem\OneDrive\Coding\clipsCommerce\node_modules\@testing-library\dom\dist\query-helpers.js:95:19
    at Object.&lt;anonymous&gt; (C:\Users\Cheem\OneDrive\Coding\clipsCommerce\src\__tests__\dashboard-page.test.tsx:75:19)
    at Promise.then.completed (C:\Users\Cheem\OneDrive\Coding\clipsCommerce\node_modules\jest-circus\build\utils.js:298:28)
    at new Promise (&lt;anonymous&gt;)
    at callAsyncCircusFn (C:\Users\Cheem\OneDrive\Coding\clipsCommerce\node_modules\jest-circus\build\utils.js:231:10)
    at _callCircusTest (C:\Users\Cheem\OneDrive\Coding\clipsCommerce\node_modules\jest-circus\build\run.js:316:40)
    at processTicksAndRejections (node:internal/process/task_queues:105:5)
    at _runTest (C:\Users\Cheem\OneDrive\Coding\clipsCommerce\node_modules\jest-circus\build\run.js:252:3)
    at _runTestsForDescribeBlock (C:\Users\Cheem\OneDrive\Coding\clipsCommerce\node_modules\jest-circus\build\run.js:126:9)
    at _runTestsForDescribeBlock (C:\Users\Cheem\OneDrive\Coding\clipsCommerce\node_modules\jest-circus\build\run.js:121:9)
    at run (C:\Users\Cheem\OneDrive\Coding\clipsCommerce\node_modules\jest-circus\build\run.js:71:3)
    at runAndTransformResultsToJestFormat (C:\Users\Cheem\OneDrive\Coding\clipsCommerce\node_modules\jest-circus\build\legacy-code-todo-rewrite\jestAdapterInit.js:122:21)
    at jestAdapter (C:\Users\Cheem\OneDrive\Coding\clipsCommerce\node_modules\jest-circus\build\legacy-code-todo-rewrite\jestAdapter.js:79:19)
    at runTestInternal (C:\Users\Cheem\OneDrive\Coding\clipsCommerce\node_modules\jest-runner\build\runTest.js:367:16)
    at runTest (C:\Users\Cheem\OneDrive\Coding\clipsCommerce\node_modules\jest-runner\build\runTest.js:444:34)
    at Object.worker (C:\Users\Cheem\OneDrive\Coding\clipsCommerce\node_modules\jest-runner\build\testWorker.js:106:12)</failure>
    </testcase>
    <testcase classname="DashboardPage renders workflow cards" name="DashboardPage renders workflow cards" time="0.036">
    </testcase>
    <testcase classname="DashboardPage renders performance charts" name="DashboardPage renders performance charts" time="0.023">
    </testcase>
    <testcase classname="DashboardPage renders onboarding progress" name="DashboardPage renders onboarding progress" time="0.02">
    </testcase>
  </testsuite>
  <testsuite name="SubscriptionComponent" errors="0" failures="2" skipped="0" timestamp="2025-06-15T04:14:58" time="4.778" tests="7">
    <testcase classname="SubscriptionComponent renders subscription management without navigation" name="SubscriptionComponent renders subscription management without navigation" time="0.255">
    </testcase>
    <testcase classname="SubscriptionComponent renders the three pricing tiers" name="SubscriptionComponent renders the three pricing tiers" time="0.07">
    </testcase>
    <testcase classname="SubscriptionComponent shows the correct pricing for Pro tier" name="SubscriptionComponent shows the correct pricing for Pro tier" time="0.043">
      <failure>Error: expect(received).toHaveLength(expected)

Expected length: 2
Received length: 1
Received array:  [&lt;span class=&quot;text-3xl font-bold&quot;&gt;$70/month&lt;/span&gt;]
    at Object.&lt;anonymous&gt; (C:\Users\Cheem\OneDrive\Coding\clipsCommerce\src\__tests__\subscription-component.test.tsx:56:46)
    at Promise.then.completed (C:\Users\Cheem\OneDrive\Coding\clipsCommerce\node_modules\jest-circus\build\utils.js:298:28)
    at new Promise (&lt;anonymous&gt;)
    at callAsyncCircusFn (C:\Users\Cheem\OneDrive\Coding\clipsCommerce\node_modules\jest-circus\build\utils.js:231:10)
    at _callCircusTest (C:\Users\Cheem\OneDrive\Coding\clipsCommerce\node_modules\jest-circus\build\run.js:316:40)
    at processTicksAndRejections (node:internal/process/task_queues:105:5)
    at _runTest (C:\Users\Cheem\OneDrive\Coding\clipsCommerce\node_modules\jest-circus\build\run.js:252:3)
    at _runTestsForDescribeBlock (C:\Users\Cheem\OneDrive\Coding\clipsCommerce\node_modules\jest-circus\build\run.js:126:9)
    at _runTestsForDescribeBlock (C:\Users\Cheem\OneDrive\Coding\clipsCommerce\node_modules\jest-circus\build\run.js:121:9)
    at run (C:\Users\Cheem\OneDrive\Coding\clipsCommerce\node_modules\jest-circus\build\run.js:71:3)
    at runAndTransformResultsToJestFormat (C:\Users\Cheem\OneDrive\Coding\clipsCommerce\node_modules\jest-circus\build\legacy-code-todo-rewrite\jestAdapterInit.js:122:21)
    at jestAdapter (C:\Users\Cheem\OneDrive\Coding\clipsCommerce\node_modules\jest-circus\build\legacy-code-todo-rewrite\jestAdapter.js:79:19)
    at runTestInternal (C:\Users\Cheem\OneDrive\Coding\clipsCommerce\node_modules\jest-runner\build\runTest.js:367:16)
    at runTest (C:\Users\Cheem\OneDrive\Coding\clipsCommerce\node_modules\jest-runner\build\runTest.js:444:34)
    at Object.worker (C:\Users\Cheem\OneDrive\Coding\clipsCommerce\node_modules\jest-runner\build\testWorker.js:106:12)</failure>
    </testcase>
    <testcase classname="SubscriptionComponent renders the tab navigation for Plans, Billing, and Invoices" name="SubscriptionComponent renders the tab navigation for Plans, Billing, and Invoices" time="0.047">
    </testcase>
    <testcase classname="SubscriptionComponent shows the yearly/monthly toggle" name="SubscriptionComponent shows the yearly/monthly toggle" time="0.08">
      <failure>TestingLibraryElementError: Unable to find an element with the text: Save 20%. This could be because the text is broken up by multiple elements. In this case, you can provide a function for your text matcher to make your matcher more flexible.

Ignored nodes: comments, script, style
&lt;body&gt;
  &lt;div&gt;
    &lt;div
      class=&quot;min-h-screen bg-background text-foreground p-4 md:p-6 space-y-6&quot;
    &gt;
      &lt;div&gt;
        &lt;h1
          class=&quot;text-2xl md:text-3xl font-bold tracking-tight gradient-text&quot;
        &gt;
          Subscription
        &lt;/h1&gt;
        &lt;p
          class=&quot;text-muted-foreground mt-1&quot;
        &gt;
          Manage your subscription plan and billing
        &lt;/p&gt;
      &lt;/div&gt;
      &lt;div
        data-orientation=&quot;horizontal&quot;
        dir=&quot;ltr&quot;
      &gt;
        &lt;div
          aria-orientation=&quot;horizontal&quot;
          class=&quot;h-9 items-center justify-center rounded-lg bg-muted p-1 text-muted-foreground grid w-full grid-cols-3&quot;
          data-orientation=&quot;horizontal&quot;
          role=&quot;tablist&quot;
          style=&quot;outline: none;&quot;
          tabindex=&quot;0&quot;
        &gt;
          &lt;button
            aria-controls=&quot;radix-«rg»-content-plans&quot;
            aria-selected=&quot;true&quot;
            class=&quot;inline-flex items-center justify-center whitespace-nowrap rounded-md px-3 py-1 text-sm font-medium ring-offset-background transition-all focus-visible:outline-none focus-visible:ring-2 focus-visible:ring-ring focus-visible:ring-offset-2 disabled:pointer-events-none disabled:opacity-50 data-[state=active]:bg-background data-[state=active]:text-foreground data-[state=active]:shadow&quot;
            data-orientation=&quot;horizontal&quot;
            data-radix-collection-item=&quot;&quot;
            data-state=&quot;active&quot;
            id=&quot;radix-«rg»-trigger-plans&quot;
            role=&quot;tab&quot;
            tabindex=&quot;-1&quot;
            type=&quot;button&quot;
          &gt;
            &lt;svg
              class=&quot;h-4 w-4 mr-2&quot;
              data-testid=&quot;Shield-icon&quot;
            /&gt;
            Plans
          &lt;/button&gt;
          &lt;button
            aria-controls=&quot;radix-«rg»-content-billing&quot;
            aria-selected=&quot;false&quot;
            class=&quot;inline-flex items-center justify-center whitespace-nowrap rounded-md px-3 py-1 text-sm font-medium ring-offset-background transition-all focus-visible:outline-none focus-visible:ring-2 focus-visible:ring-ring focus-visible:ring-offset-2 disabled:pointer-events-none disabled:opacity-50 data-[state=active]:bg-background data-[state=active]:text-foreground data-[state=active]:shadow&quot;
            data-orientation=&quot;horizontal&quot;
            data-radix-collection-item=&quot;&quot;
            data-state=&quot;inactive&quot;
            id=&quot;radix-«rg»-trigger-billing&quot;
            role=&quot;tab&quot;
[...]
            &gt;
              &lt;svg
                class=&quot;h-4 w-4 text-green-500&quot;
                data-testid=&quot;CheckCircle2-icon&quot;
              /&gt;
              &lt;div
                class=&quot;text-sm [&amp;_p]:leading-relaxed&quot;
              &gt;
                Your subscription plan has been updated successfully.
              &lt;/div&gt;
            &lt;/div&gt;
            &lt;div
              class=&quot;flex justify-center mb-6&quot;
            &gt;
              &lt;div
                class=&quot;bg-[#1A1A1A] p-1 rounded-full inline-flex items-center border border-[#8D5AFF]/20&quot;
              &gt;
                &lt;button
                  class=&quot;inline-flex items-center justify-center font-medium transition-colors focus-visible:outline-none focus-visible:ring-1 focus-visible:ring-ring disabled:pointer-events-none disabled:opacity-5...
    at C:\Users\Cheem\OneDrive\Coding\clipsCommerce\src\__tests__\payment-flow.test.tsx:256:32
    at runWithExpensiveErrorDiagnosticsDisabled (C:\Users\Cheem\OneDrive\Coding\clipsCommerce\node_modules\@testing-library\dom\dist\config.js:47:12)
    at checkCallback (C:\Users\Cheem\OneDrive\Coding\clipsCommerce\node_modules\@testing-library\dom\dist\wait-for.js:124:77)
    at checkRealTimersCallback (C:\Users\Cheem\OneDrive\Coding\clipsCommerce\node_modules\@testing-library\dom\dist\wait-for.js:118:16)
    at Timeout.task [as _onTimeout] (C:\Users\Cheem\OneDrive\Coding\clipsCommerce\node_modules\jsdom\lib\jsdom\browser\Window.js:579:19)
    at listOnTimeout (node:internal/timers:588:17)
    at processTimers (node:internal/timers:523:7)</failure>
    </testcase>
    <testcase classname="Payment Flow Tests SubscriptionComponent should handle team plan selection with redirect setup" name="Payment Flow Tests SubscriptionComponent should handle team plan selection with redirect setup" time="1.178">
      <failure>Error: expect(jest.fn()).toHaveBeenCalledWith(...expected)

Expected: &quot;https://stripe.com/team-monthly&quot;, &quot;_blank&quot;

Number of calls: 0

Ignored nodes: comments, script, style
&lt;html&gt;
  &lt;head /&gt;
  &lt;body&gt;
    &lt;div&gt;
      &lt;div
        class=&quot;min-h-screen bg-background text-foreground p-4 md:p-6 space-y-6&quot;
      &gt;
        &lt;div&gt;
          &lt;h1
            class=&quot;text-2xl md:text-3xl font-bold tracking-tight gradient-text&quot;
          &gt;
            Subscription
          &lt;/h1&gt;
          &lt;p
            class=&quot;text-muted-foreground mt-1&quot;
          &gt;
            Manage your subscription plan and billing
          &lt;/p&gt;
        &lt;/div&gt;
        &lt;div
          data-orientation=&quot;horizontal&quot;
          dir=&quot;ltr&quot;
        &gt;
          &lt;div
            aria-orientation=&quot;horizontal&quot;
            class=&quot;h-9 items-center justify-center rounded-lg bg-muted p-1 text-muted-foreground grid w-full grid-cols-3&quot;
            data-orientation=&quot;horizontal&quot;
            role=&quot;tablist&quot;
            style=&quot;outline: none;&quot;
            tabindex=&quot;0&quot;
          &gt;
            &lt;button
              aria-controls=&quot;radix-«r8»-content-plans&quot;
              aria-selected=&quot;true&quot;
              class=&quot;inline-flex items-center justify-center whitespace-nowrap rounded-md px-3 py-1 text-sm font-medium ring-offset-background transition-all focus-visible:outline-none focus-visible:ring-2 focus-visible:ring-ring focus-visible:ring-offset-2 disabled:pointer-events-none disabled:opacity-50 data-[state=active]:bg-background data-[state=active]:text-foreground data-[state=active]:shadow&quot;
              data-orientation=&quot;horizontal&quot;
              data-radix-collection-item=&quot;&quot;
              data-state=&quot;active&quot;
              id=&quot;radix-«r8»-trigger-plans&quot;
              role=&quot;tab&quot;
              tabindex=&quot;-1&quot;
              type=&quot;button&quot;
            &gt;
              &lt;svg
                class=&quot;h-4 w-4 mr-2&quot;
                data-testid=&quot;Shield-icon&quot;
              /&gt;
              Plans
            &lt;/button&gt;
            &lt;button
              aria-controls=&quot;radix-«r8»-content-billing&quot;
              aria-selected=&quot;false&quot;
              class=&quot;inline-flex items-center justify-center whitespace-nowrap rounded-md px-3 py-1 text-sm font-medium ring-offset-background transition-all focus-visible:outline-none focus-visible:ring-2 focus-visible:ring-ring focus-visible:ring-offset-2 disabled:pointer-events-none disabled:opacity-50 data-[state=active]:bg-background data-[state=active]:text-foreground data-[state=active]:shadow&quot;
              data-orientation=&quot;horizontal&quot;
              data-radix-collection-item=&quot;&quot;
              data-state=&quot;inactive&quot;
              id=&quot;radix-«r8»-trigger-billing&quot;
              role=&quot;tab&quot;
              tabindex=&quot;-1&quot;
              type=&quot;button&quot;
            &gt;
              &lt;svg
                class=&quot;h-4 w-4 mr-2&quot;
                data-testid=&quot;CreditCard-icon&quot;
              /&gt;
              Billing
            &lt;/button&gt;
            &lt;button
              aria-controls=&quot;radix-«r8»-content-invoices&quot;
              aria-selected=&quot;false&quot;
              class=&quot;inline-flex items-center justify-center whitespace-nowrap rounded-md px-3 py-1 text-sm font-medium ring-offset-background transition-all focus-visible:outline-none focus-visible:ring-2 focus-visible:ring-ring focus-visible:ring-offset-2 disabled:pointer-events-none disabled:opacity-50 data-[state=active]:bg-background data-[state=active]:text-foreground data-[state=active]:shadow&quot;
              data-orientation=&quot;horizontal&quot;
              data-radix-collection-item=&quot;&quot;
              data-state=&quot;inactive&quot;
              id=&quot;radix-«r8»-trigger-invoices&quot;
              role=&quot;tab&quot;
              tabindex=&quot;-1&quot;
              type=&quot;button&quot;
            &gt;
              &lt;svg
                class=&quot;h-4 w-4 mr-2&quot;
                data-testid=&quot;FileText-icon&quot;
              /&gt;
              Invoices
            &lt;/button&gt;
          &lt;/div&gt;
          &lt;div
            aria-labelledby=&quot;radix-«r8»-trigger-plans&quot;
            class=&quot;ring-offset-background focus-visible:outline-none focus-visible:ring-2 focus-visible:ring-ring focus-visible:ring-offset-2 mt-4&quot;
            data-orientation=&quot;horizontal&quot;
            data-state=&quot;active&quot;
            id=&quot;radix-«r8»-content-plans&quot;
            role=&quot;tabpanel&quot;
            style=&quot;&quot;
            tabindex=&quot;0&quot;
          &gt;
            &lt;div
              class=&quot;relative w-full rounded-lg border px-4 py-3 text-sm [&amp;:has(svg)]:pl-11 [&amp;&gt;svg+div]:translate-y-[-3px] [&amp;&gt;svg]:absolute [&amp;&gt;svg]:left-4 [&amp;&gt;svg]:top-4 [&amp;&gt;svg]:text-foreground bg-green-50 text-green-800 border-green-200 mb-4&quot;
              role=&quot;alert&quot;
            &gt;
              &lt;svg
                class=&quot;h-4 w-4 text-green-500&quot;
                data-testid=&quot;CheckCircle2-icon&quot;
              /&gt;
              &lt;div
                class=&quot;text-sm [&amp;_p]:leading-relaxed&quot;
              &gt;
                Your subscription plan has been updated successfully.
              &lt;/div&gt;
            &lt;/div&gt;
            &lt;div
              class=&quot;flex justify-center mb-6&quot;
            &gt;
              &lt;div
                class=&quot;bg-[#1A1A1A] p-1 rounded-full inline-flex items-center border border-[#8D5AFF]/20&quot;
              &gt;
                &lt;button
                  class=&quot;inline-flex items-center justify-center font-medium transition-colors focus-visible:outline-none focus-visible:ring-1 focus-visible:ring-ring disabled:pointer-events-none disabled:opacity-5...
    at C:\Users\Cheem\OneDrive\Coding\clipsCommerce\src\__tests__\payment-flow.test.tsx:272:32
    at runWithExpensiveErrorDiagnosticsDisabled (C:\Users\Cheem\OneDrive\Coding\clipsCommerce\node_modules\@testing-library\dom\dist\config.js:47:12)
    at checkCallback (C:\Users\Cheem\OneDrive\Coding\clipsCommerce\node_modules\@testing-library\dom\dist\wait-for.js:124:77)
    at checkRealTimersCallback (C:\Users\Cheem\OneDrive\Coding\clipsCommerce\node_modules\@testing-library\dom\dist\wait-for.js:118:16)
    at Timeout.task [as _onTimeout] (C:\Users\Cheem\OneDrive\Coding\clipsCommerce\node_modules\jsdom\lib\jsdom\browser\Window.js:579:19)
    at listOnTimeout (node:internal/timers:588:17)
    at processTimers (node:internal/timers:523:7)</failure>
    </testcase>
    <testcase classname="Payment Flow Tests PaymentSuccessPage should redirect to default dashboard when no stored redirect" name="Payment Flow Tests PaymentSuccessPage should redirect to default dashboard when no stored redirect" time="3.055">
    </testcase>
    <testcase classname="Payment Flow Tests PaymentSuccessPage should redirect to team dashboard when stored redirect exists" name="Payment Flow Tests PaymentSuccessPage should redirect to team dashboard when stored redirect exists" time="3.032">
    </testcase>
    <testcase classname="Payment Flow Tests PaymentSuccessPage should handle manual continue button click" name="Payment Flow Tests PaymentSuccessPage should handle manual continue button click" time="0.064">
    </testcase>
    <testcase classname="Payment Flow Tests Environment Variable Fallbacks should fallback to dashboard when Stripe links are not configured" name="Payment Flow Tests Environment Variable Fallbacks should fallback to dashboard when Stripe links are not configured" time="0.105">
      <failure>Error: expect(jest.fn()).toHaveBeenCalledWith(...expected)

Expected: &quot;/dashboard&quot;

Number of calls: 0
    at Object.&lt;anonymous&gt; (C:\Users\Cheem\OneDrive\Coding\clipsCommerce\src\__tests__\payment-flow.test.tsx:332:32)</failure>
    </testcase>
    <testcase classname="Payment Flow Tests Error Handling should handle localStorage errors gracefully (i.e., component throws)" name="Payment Flow Tests Error Handling should handle localStorage errors gracefully (i.e., component throws)" time="0.104">
      <failure>Error: LocalStorage Write Error
    at Object.&lt;anonymous&gt; (C:\Users\Cheem\OneDrive\Coding\clipsCommerce\src\__tests__\payment-flow.test.tsx:339:15)
    at C:\Users\Cheem\OneDrive\Coding\clipsCommerce\node_modules\@jest\environment-jsdom-abstract\node_modules\jest-mock\build\index.js:305:39
    at Object.&lt;anonymous&gt; (C:\Users\Cheem\OneDrive\Coding\clipsCommerce\node_modules\@jest\environment-jsdom-abstract\node_modules\jest-mock\build\index.js:312:13)
    at Object.mockConstructor [as setItem] (C:\Users\Cheem\OneDrive\Coding\clipsCommerce\node_modules\@jest\environment-jsdom-abstract\node_modules\jest-mock\build\index.js:102:19)
    at handleSelectPlan (C:\Users\Cheem\OneDrive\Coding\clipsCommerce\src\components\dashboard\SubscriptionComponent.tsx:107:22)
    at onClick (C:\Users\Cheem\OneDrive\Coding\clipsCommerce\src\components\dashboard\SubscriptionComponent.tsx:246:36)
    at executeDispatch (C:\Users\Cheem\OneDrive\Coding\clipsCommerce\node_modules\react-dom\cjs\react-dom-client.development.js:16368:9)
    at runWithFiberInDEV (C:\Users\Cheem\OneDrive\Coding\clipsCommerce\node_modules\react-dom\cjs\react-dom-client.development.js:1522:13)
    at processDispatchQueue (C:\Users\Cheem\OneDrive\Coding\clipsCommerce\node_modules\react-dom\cjs\react-dom-client.development.js:16418:19)
    at C:\Users\Cheem\OneDrive\Coding\clipsCommerce\node_modules\react-dom\cjs\react-dom-client.development.js:17016:9
    at batchedUpdates$1 (C:\Users\Cheem\OneDrive\Coding\clipsCommerce\node_modules\react-dom\cjs\react-dom-client.development.js:3262:40)
    at dispatchEventForPluginEventSystem (C:\Users\Cheem\OneDrive\Coding\clipsCommerce\node_modules\react-dom\cjs\react-dom-client.development.js:16572:7)
    at dispatchEvent (C:\Users\Cheem\OneDrive\Coding\clipsCommerce\node_modules\react-dom\cjs\react-dom-client.development.js:20658:11)
    at dispatchDiscreteEvent (C:\Users\Cheem\OneDrive\Coding\clipsCommerce\node_modules\react-dom\cjs\react-dom-client.development.js:20626:11)
    at HTMLDivElement.callTheUserObjectsOperation (C:\Users\Cheem\OneDrive\Coding\clipsCommerce\node_modules\jsdom\lib\jsdom\living\generated\EventListener.js:26:30)
    at innerInvokeEventListeners (C:\Users\Cheem\OneDrive\Coding\clipsCommerce\node_modules\jsdom\lib\jsdom\living\events\EventTarget-impl.js:350:25)
    at invokeEventListeners (C:\Users\Cheem\OneDrive\Coding\clipsCommerce\node_modules\jsdom\lib\jsdom\living\events\EventTarget-impl.js:286:3)
    at HTMLButtonElementImpl._dispatch (C:\Users\Cheem\OneDrive\Coding\clipsCommerce\node_modules\jsdom\lib\jsdom\living\events\EventTarget-impl.js:233:9)
    at HTMLButtonElementImpl.dispatchEvent (C:\Users\Cheem\OneDrive\Coding\clipsCommerce\node_modules\jsdom\lib\jsdom\living\events\EventTarget-impl.js:104:17)
    at HTMLButtonElement.dispatchEvent (C:\Users\Cheem\OneDrive\Coding\clipsCommerce\node_modules\jsdom\lib\jsdom\living\generated\EventTarget.js:241:34)
    at C:\Users\Cheem\OneDrive\Coding\clipsCommerce\node_modules\@testing-library\user-event\dist\cjs\event\dispatchEvent.js:45:43
    at C:\Users\Cheem\OneDrive\Coding\clipsCommerce\node_modules\@testing-library\react\dist\pure.js:108:16
    at C:\Users\Cheem\OneDrive\Coding\clipsCommerce\node_modules\@testing-library\react\dist\act-compat.js:48:24
    at Object.&lt;anonymous&gt;.process.env.NODE_ENV.exports.act (C:\Users\Cheem\OneDrive\Coding\clipsCommerce\node_modules\react\cjs\react.development.js:789:22)
    at C:\Users\Cheem\OneDrive\Coding\clipsCommerce\node_modules\@testing-library\react\dist\act-compat.js:47:25
    at Object.eventWrapper (C:\Users\Cheem\OneDrive\Coding\clipsCommerce\node_modules\@testing-library\react\dist\pure.js:107:28)
    at Object.wrapEvent (C:\Users\Cheem\OneDrive\Coding\clipsCommerce\node_modules\@testing-library\user-event\dist\cjs\event\wrapEvent.js:6:28)
    at Object.dispatchEvent (C:\Users\Cheem\OneDrive\Coding\clipsCommerce\node_modules\@testing-library\user-event\dist\cjs\event\dispatchEvent.js:45:22)
    at Object.dispatchUIEvent (C:\Users\Cheem\OneDrive\Coding\clipsCommerce\node_modules\@testing-library\user-event\dist\cjs\event\dispatchEvent.js:22:26)
    at Mouse.up (C:\Users\Cheem\OneDrive\Coding\clipsCommerce\node_modules\@testing-library\user-event\dist\cjs\system\pointer\mouse.js:100:30)
    at PointerHost.release (C:\Users\Cheem\OneDrive\Coding\clipsCommerce\node_modules\@testing-library\user-event\dist\cjs\system\pointer\index.js:87:24)
    at pointerAction (C:\Users\Cheem\OneDrive\Coding\clipsCommerce\node_modules\@testing-library\user-event\dist\cjs\pointer\index.js:54:47)
    at runNextTicks (node:internal/process/task_queues:65:5)
    at processTimers (node:internal/timers:520:9)
    at Object.pointer (C:\Users\Cheem\OneDrive\Coding\clipsCommerce\node_modules\@testing-library\user-event\dist\cjs\pointer\index.js:27:9)
    at Object.asyncWrapper (C:\Users\Cheem\OneDrive\Coding\clipsCommerce\node_modules\@testing-library\react\dist\pure.js:88:22)
    at Object.&lt;anonymous&gt; (C:\Users\Cheem\OneDrive\Coding\clipsCommerce\src\__tests__\payment-flow.test.tsx:344:7)</failure>
      <failure>Error: expect(received).rejects.toThrow()

Received promise resolved instead of rejected
Resolved to value: undefined
    at expect (C:\Users\Cheem\OneDrive\Coding\clipsCommerce\node_modules\expect\build\index.js:113:15)
    at Object.&lt;anonymous&gt; (C:\Users\Cheem\OneDrive\Coding\clipsCommerce\src\__tests__\payment-flow.test.tsx:344:13)
    at Promise.then.completed (C:\Users\Cheem\OneDrive\Coding\clipsCommerce\node_modules\jest-circus\build\utils.js:298:28)
    at new Promise (&lt;anonymous&gt;)
    at callAsyncCircusFn (C:\Users\Cheem\OneDrive\Coding\clipsCommerce\node_modules\jest-circus\build\utils.js:231:10)
    at _callCircusTest (C:\Users\Cheem\OneDrive\Coding\clipsCommerce\node_modules\jest-circus\build\run.js:316:40)
    at _runTest (C:\Users\Cheem\OneDrive\Coding\clipsCommerce\node_modules\jest-circus\build\run.js:252:3)
    at _runTestsForDescribeBlock (C:\Users\Cheem\OneDrive\Coding\clipsCommerce\node_modules\jest-circus\build\run.js:126:9)
    at _runTestsForDescribeBlock (C:\Users\Cheem\OneDrive\Coding\clipsCommerce\node_modules\jest-circus\build\run.js:121:9)
    at _runTestsForDescribeBlock (C:\Users\Cheem\OneDrive\Coding\clipsCommerce\node_modules\jest-circus\build\run.js:121:9)
    at run (C:\Users\Cheem\OneDrive\Coding\clipsCommerce\node_modules\jest-circus\build\run.js:71:3)
    at runAndTransformResultsToJestFormat (C:\Users\Cheem\OneDrive\Coding\clipsCommerce\node_modules\jest-circus\build\legacy-code-todo-rewrite\jestAdapterInit.js:122:21)
    at jestAdapter (C:\Users\Cheem\OneDrive\Coding\clipsCommerce\node_modules\jest-circus\build\legacy-code-todo-rewrite\jestAdapter.js:79:19)
    at runTestInternal (C:\Users\Cheem\OneDrive\Coding\clipsCommerce\node_modules\jest-runner\build\runTest.js:367:16)
    at runTest (C:\Users\Cheem\OneDrive\Coding\clipsCommerce\node_modules\jest-runner\build\runTest.js:444:34)
    at Object.worker (C:\Users\Cheem\OneDrive\Coding\clipsCommerce\node_modules\jest-runner\build\testWorker.js:106:12)</failure>
    </testcase>
    <testcase classname="Payment Flow Tests Error Handling should handle window.open errors gracefully (i.e., component throws)" name="Payment Flow Tests Error Handling should handle window.open errors gracefully (i.e., component throws)" time="0.097">
      <failure>Error: expect(received).rejects.toThrow()

Received promise resolved instead of rejected
Resolved to value: undefined
    at expect (C:\Users\Cheem\OneDrive\Coding\clipsCommerce\node_modules\expect\build\index.js:113:15)
    at Object.&lt;anonymous&gt; (C:\Users\Cheem\OneDrive\Coding\clipsCommerce\src\__tests__\payment-flow.test.tsx:354:13)
    at Promise.then.completed (C:\Users\Cheem\OneDrive\Coding\clipsCommerce\node_modules\jest-circus\build\utils.js:298:28)
    at new Promise (&lt;anonymous&gt;)
    at callAsyncCircusFn (C:\Users\Cheem\OneDrive\Coding\clipsCommerce\node_modules\jest-circus\build\utils.js:231:10)
    at _callCircusTest (C:\Users\Cheem\OneDrive\Coding\clipsCommerce\node_modules\jest-circus\build\run.js:316:40)
    at _runTest (C:\Users\Cheem\OneDrive\Coding\clipsCommerce\node_modules\jest-circus\build\run.js:252:3)
    at _runTestsForDescribeBlock (C:\Users\Cheem\OneDrive\Coding\clipsCommerce\node_modules\jest-circus\build\run.js:126:9)
    at _runTestsForDescribeBlock (C:\Users\Cheem\OneDrive\Coding\clipsCommerce\node_modules\jest-circus\build\run.js:121:9)
    at _runTestsForDescribeBlock (C:\Users\Cheem\OneDrive\Coding\clipsCommerce\node_modules\jest-circus\build\run.js:121:9)
    at run (C:\Users\Cheem\OneDrive\Coding\clipsCommerce\node_modules\jest-circus\build\run.js:71:3)
    at runAndTransformResultsToJestFormat (C:\Users\Cheem\OneDrive\Coding\clipsCommerce\node_modules\jest-circus\build\legacy-code-todo-rewrite\jestAdapterInit.js:122:21)
    at jestAdapter (C:\Users\Cheem\OneDrive\Coding\clipsCommerce\node_modules\jest-circus\build\legacy-code-todo-rewrite\jestAdapter.js:79:19)
    at runTestInternal (C:\Users\Cheem\OneDrive\Coding\clipsCommerce\node_modules\jest-runner\build\runTest.js:367:16)
    at runTest (C:\Users\Cheem\OneDrive\Coding\clipsCommerce\node_modules\jest-runner\build\runTest.js:444:34)
    at Object.worker (C:\Users\Cheem\OneDrive\Coding\clipsCommerce\node_modules\jest-runner\build\testWorker.js:106:12)</failure>
    </testcase>
  </testsuite>
</testsuites>