<?xml version="1.0" encoding="UTF-8"?>
<testsuites name="jest tests" tests="766" failures="207" errors="0" time="31.735">
  <testsuite name="MasterOrchestratorAgent" errors="0" failures="16" skipped="0" timestamp="2025-06-15T16:58:53" time="7.033" tests="26">
    <testcase classname="MasterOrchestratorAgent initialization should initialize with default system metrics" name="MasterOrchestratorAgent initialization should initialize with default system metrics" time="0.046">
    </testcase>
    <testcase classname="MasterOrchestratorAgent initialization should initialize all required agents" name="MasterOrchestratorAgent initialization should initialize all required agents" time="0.017">
    </testcase>
    <testcase classname="MasterOrchestratorAgent initialization should initialize with baseline system metrics" name="MasterOrchestratorAgent initialization should initialize with baseline system metrics" time="0.042">
    </testcase>
    <testcase classname="MasterOrchestratorAgent lifecycle management should start successfully" name="MasterOrchestratorAgent lifecycle management should start successfully" time="0.058">
    </testcase>
    <testcase classname="MasterOrchestratorAgent lifecycle management should stop successfully" name="MasterOrchestratorAgent lifecycle management should stop successfully" time="0.049">
    </testcase>
    <testcase classname="MasterOrchestratorAgent lifecycle management should handle multiple start calls gracefully" name="MasterOrchestratorAgent lifecycle management should handle multiple start calls gracefully" time="0.064">
    </testcase>
    <testcase classname="MasterOrchestratorAgent lifecycle management should handle stop when not running" name="MasterOrchestratorAgent lifecycle management should handle stop when not running" time="0.018">
    </testcase>
    <testcase classname="MasterOrchestratorAgent lifecycle management should handle start failure gracefully" name="MasterOrchestratorAgent lifecycle management should handle start failure gracefully" time="0.081">
    </testcase>
    <testcase classname="MasterOrchestratorAgent optimization objectives should set initial optimization objectives" name="MasterOrchestratorAgent optimization objectives should set initial optimization objectives" time="0.019">
      <failure>Error: Initialization failed
    at Object.&lt;anonymous&gt; (C:\Users\Cheem\OneDrive\Coding\clipsCommerce\src\app\workflows\AI_improvement\services\__tests__\MasterOrchestratorAgent.test.ts:99:72)
    at Promise.then.completed (C:\Users\Cheem\OneDrive\Coding\clipsCommerce\node_modules\jest-circus\build\utils.js:298:28)
    at new Promise (&lt;anonymous&gt;)
    at callAsyncCircusFn (C:\Users\Cheem\OneDrive\Coding\clipsCommerce\node_modules\jest-circus\build\utils.js:231:10)
    at _callCircusTest (C:\Users\Cheem\OneDrive\Coding\clipsCommerce\node_modules\jest-circus\build\run.js:316:40)
    at processTicksAndRejections (node:internal/process/task_queues:105:5)
    at _runTest (C:\Users\Cheem\OneDrive\Coding\clipsCommerce\node_modules\jest-circus\build\run.js:252:3)
    at _runTestsForDescribeBlock (C:\Users\Cheem\OneDrive\Coding\clipsCommerce\node_modules\jest-circus\build\run.js:126:9)
    at _runTestsForDescribeBlock (C:\Users\Cheem\OneDrive\Coding\clipsCommerce\node_modules\jest-circus\build\run.js:121:9)
    at _runTestsForDescribeBlock (C:\Users\Cheem\OneDrive\Coding\clipsCommerce\node_modules\jest-circus\build\run.js:121:9)
    at run (C:\Users\Cheem\OneDrive\Coding\clipsCommerce\node_modules\jest-circus\build\run.js:71:3)
    at runAndTransformResultsToJestFormat (C:\Users\Cheem\OneDrive\Coding\clipsCommerce\node_modules\jest-circus\build\legacy-code-todo-rewrite\jestAdapterInit.js:122:21)
    at jestAdapter (C:\Users\Cheem\OneDrive\Coding\clipsCommerce\node_modules\jest-circus\build\legacy-code-todo-rewrite\jestAdapter.js:79:19)
    at runTestInternal (C:\Users\Cheem\OneDrive\Coding\clipsCommerce\node_modules\jest-runner\build\runTest.js:367:16)
    at runTest (C:\Users\Cheem\OneDrive\Coding\clipsCommerce\node_modules\jest-runner\build\runTest.js:444:34)
    at Object.worker (C:\Users\Cheem\OneDrive\Coding\clipsCommerce\node_modules\jest-runner\build\testWorker.js:106:12)</failure>
    </testcase>
    <testcase classname="MasterOrchestratorAgent optimization objectives should update optimization objectives" name="MasterOrchestratorAgent optimization objectives should update optimization objectives" time="0.012">
      <failure>Error: Initialization failed
    at Object.&lt;anonymous&gt; (C:\Users\Cheem\OneDrive\Coding\clipsCommerce\src\app\workflows\AI_improvement\services\__tests__\MasterOrchestratorAgent.test.ts:99:72)
    at Promise.then.completed (C:\Users\Cheem\OneDrive\Coding\clipsCommerce\node_modules\jest-circus\build\utils.js:298:28)
    at new Promise (&lt;anonymous&gt;)
    at callAsyncCircusFn (C:\Users\Cheem\OneDrive\Coding\clipsCommerce\node_modules\jest-circus\build\utils.js:231:10)
    at _callCircusTest (C:\Users\Cheem\OneDrive\Coding\clipsCommerce\node_modules\jest-circus\build\run.js:316:40)
    at processTicksAndRejections (node:internal/process/task_queues:105:5)
    at _runTest (C:\Users\Cheem\OneDrive\Coding\clipsCommerce\node_modules\jest-circus\build\run.js:252:3)
    at _runTestsForDescribeBlock (C:\Users\Cheem\OneDrive\Coding\clipsCommerce\node_modules\jest-circus\build\run.js:126:9)
    at _runTestsForDescribeBlock (C:\Users\Cheem\OneDrive\Coding\clipsCommerce\node_modules\jest-circus\build\run.js:121:9)
    at _runTestsForDescribeBlock (C:\Users\Cheem\OneDrive\Coding\clipsCommerce\node_modules\jest-circus\build\run.js:121:9)
    at run (C:\Users\Cheem\OneDrive\Coding\clipsCommerce\node_modules\jest-circus\build\run.js:71:3)
    at runAndTransformResultsToJestFormat (C:\Users\Cheem\OneDrive\Coding\clipsCommerce\node_modules\jest-circus\build\legacy-code-todo-rewrite\jestAdapterInit.js:122:21)
    at jestAdapter (C:\Users\Cheem\OneDrive\Coding\clipsCommerce\node_modules\jest-circus\build\legacy-code-todo-rewrite\jestAdapter.js:79:19)
    at runTestInternal (C:\Users\Cheem\OneDrive\Coding\clipsCommerce\node_modules\jest-runner\build\runTest.js:367:16)
    at runTest (C:\Users\Cheem\OneDrive\Coding\clipsCommerce\node_modules\jest-runner\build\runTest.js:444:34)
    at Object.worker (C:\Users\Cheem\OneDrive\Coding\clipsCommerce\node_modules\jest-runner\build\testWorker.js:106:12)</failure>
    </testcase>
    <testcase classname="MasterOrchestratorAgent optimization objectives should handle invalid objective updates" name="MasterOrchestratorAgent optimization objectives should handle invalid objective updates" time="0.016">
      <failure>Error: Initialization failed
    at Object.&lt;anonymous&gt; (C:\Users\Cheem\OneDrive\Coding\clipsCommerce\src\app\workflows\AI_improvement\services\__tests__\MasterOrchestratorAgent.test.ts:99:72)
    at Promise.then.completed (C:\Users\Cheem\OneDrive\Coding\clipsCommerce\node_modules\jest-circus\build\utils.js:298:28)
    at new Promise (&lt;anonymous&gt;)
    at callAsyncCircusFn (C:\Users\Cheem\OneDrive\Coding\clipsCommerce\node_modules\jest-circus\build\utils.js:231:10)
    at _callCircusTest (C:\Users\Cheem\OneDrive\Coding\clipsCommerce\node_modules\jest-circus\build\run.js:316:40)
    at processTicksAndRejections (node:internal/process/task_queues:105:5)
    at _runTest (C:\Users\Cheem\OneDrive\Coding\clipsCommerce\node_modules\jest-circus\build\run.js:252:3)
    at _runTestsForDescribeBlock (C:\Users\Cheem\OneDrive\Coding\clipsCommerce\node_modules\jest-circus\build\run.js:126:9)
    at _runTestsForDescribeBlock (C:\Users\Cheem\OneDrive\Coding\clipsCommerce\node_modules\jest-circus\build\run.js:121:9)
    at _runTestsForDescribeBlock (C:\Users\Cheem\OneDrive\Coding\clipsCommerce\node_modules\jest-circus\build\run.js:121:9)
    at run (C:\Users\Cheem\OneDrive\Coding\clipsCommerce\node_modules\jest-circus\build\run.js:71:3)
    at runAndTransformResultsToJestFormat (C:\Users\Cheem\OneDrive\Coding\clipsCommerce\node_modules\jest-circus\build\legacy-code-todo-rewrite\jestAdapterInit.js:122:21)
    at jestAdapter (C:\Users\Cheem\OneDrive\Coding\clipsCommerce\node_modules\jest-circus\build\legacy-code-todo-rewrite\jestAdapter.js:79:19)
    at runTestInternal (C:\Users\Cheem\OneDrive\Coding\clipsCommerce\node_modules\jest-runner\build\runTest.js:367:16)
    at runTest (C:\Users\Cheem\OneDrive\Coding\clipsCommerce\node_modules\jest-runner\build\runTest.js:444:34)
    at Object.worker (C:\Users\Cheem\OneDrive\Coding\clipsCommerce\node_modules\jest-runner\build\testWorker.js:106:12)</failure>
    </testcase>
    <testcase classname="MasterOrchestratorAgent orchestration cycle should force orchestration cycle manually" name="MasterOrchestratorAgent orchestration cycle should force orchestration cycle manually" time="0.013">
      <failure>Error: Initialization failed
    at Object.&lt;anonymous&gt; (C:\Users\Cheem\OneDrive\Coding\clipsCommerce\src\app\workflows\AI_improvement\services\__tests__\MasterOrchestratorAgent.test.ts:99:72)
    at Promise.then.completed (C:\Users\Cheem\OneDrive\Coding\clipsCommerce\node_modules\jest-circus\build\utils.js:298:28)
    at new Promise (&lt;anonymous&gt;)
    at callAsyncCircusFn (C:\Users\Cheem\OneDrive\Coding\clipsCommerce\node_modules\jest-circus\build\utils.js:231:10)
    at _callCircusTest (C:\Users\Cheem\OneDrive\Coding\clipsCommerce\node_modules\jest-circus\build\run.js:316:40)
    at processTicksAndRejections (node:internal/process/task_queues:105:5)
    at _runTest (C:\Users\Cheem\OneDrive\Coding\clipsCommerce\node_modules\jest-circus\build\run.js:252:3)
    at _runTestsForDescribeBlock (C:\Users\Cheem\OneDrive\Coding\clipsCommerce\node_modules\jest-circus\build\run.js:126:9)
    at _runTestsForDescribeBlock (C:\Users\Cheem\OneDrive\Coding\clipsCommerce\node_modules\jest-circus\build\run.js:121:9)
    at _runTestsForDescribeBlock (C:\Users\Cheem\OneDrive\Coding\clipsCommerce\node_modules\jest-circus\build\run.js:121:9)
    at run (C:\Users\Cheem\OneDrive\Coding\clipsCommerce\node_modules\jest-circus\build\run.js:71:3)
    at runAndTransformResultsToJestFormat (C:\Users\Cheem\OneDrive\Coding\clipsCommerce\node_modules\jest-circus\build\legacy-code-todo-rewrite\jestAdapterInit.js:122:21)
    at jestAdapter (C:\Users\Cheem\OneDrive\Coding\clipsCommerce\node_modules\jest-circus\build\legacy-code-todo-rewrite\jestAdapter.js:79:19)
    at runTestInternal (C:\Users\Cheem\OneDrive\Coding\clipsCommerce\node_modules\jest-runner\build\runTest.js:367:16)
    at runTest (C:\Users\Cheem\OneDrive\Coding\clipsCommerce\node_modules\jest-runner\build\runTest.js:444:34)
    at Object.worker (C:\Users\Cheem\OneDrive\Coding\clipsCommerce\node_modules\jest-runner\build\testWorker.js:106:12)</failure>
    </testcase>
    <testcase classname="MasterOrchestratorAgent orchestration cycle should handle orchestration cycle errors gracefully" name="MasterOrchestratorAgent orchestration cycle should handle orchestration cycle errors gracefully" time="0.012">
      <failure>Error: Initialization failed
    at Object.&lt;anonymous&gt; (C:\Users\Cheem\OneDrive\Coding\clipsCommerce\src\app\workflows\AI_improvement\services\__tests__\MasterOrchestratorAgent.test.ts:99:72)
    at Promise.then.completed (C:\Users\Cheem\OneDrive\Coding\clipsCommerce\node_modules\jest-circus\build\utils.js:298:28)
    at new Promise (&lt;anonymous&gt;)
    at callAsyncCircusFn (C:\Users\Cheem\OneDrive\Coding\clipsCommerce\node_modules\jest-circus\build\utils.js:231:10)
    at _callCircusTest (C:\Users\Cheem\OneDrive\Coding\clipsCommerce\node_modules\jest-circus\build\run.js:316:40)
    at processTicksAndRejections (node:internal/process/task_queues:105:5)
    at _runTest (C:\Users\Cheem\OneDrive\Coding\clipsCommerce\node_modules\jest-circus\build\run.js:252:3)
    at _runTestsForDescribeBlock (C:\Users\Cheem\OneDrive\Coding\clipsCommerce\node_modules\jest-circus\build\run.js:126:9)
    at _runTestsForDescribeBlock (C:\Users\Cheem\OneDrive\Coding\clipsCommerce\node_modules\jest-circus\build\run.js:121:9)
    at _runTestsForDescribeBlock (C:\Users\Cheem\OneDrive\Coding\clipsCommerce\node_modules\jest-circus\build\run.js:121:9)
    at run (C:\Users\Cheem\OneDrive\Coding\clipsCommerce\node_modules\jest-circus\build\run.js:71:3)
    at runAndTransformResultsToJestFormat (C:\Users\Cheem\OneDrive\Coding\clipsCommerce\node_modules\jest-circus\build\legacy-code-todo-rewrite\jestAdapterInit.js:122:21)
    at jestAdapter (C:\Users\Cheem\OneDrive\Coding\clipsCommerce\node_modules\jest-circus\build\legacy-code-todo-rewrite\jestAdapter.js:79:19)
    at runTestInternal (C:\Users\Cheem\OneDrive\Coding\clipsCommerce\node_modules\jest-runner\build\runTest.js:367:16)
    at runTest (C:\Users\Cheem\OneDrive\Coding\clipsCommerce\node_modules\jest-runner\build\runTest.js:444:34)
    at Object.worker (C:\Users\Cheem\OneDrive\Coding\clipsCommerce\node_modules\jest-runner\build\testWorker.js:106:12)</failure>
    </testcase>
    <testcase classname="MasterOrchestratorAgent system metrics should update system metrics during orchestration" name="MasterOrchestratorAgent system metrics should update system metrics during orchestration" time="0.019">
      <failure>Error: Initialization failed
    at Object.&lt;anonymous&gt; (C:\Users\Cheem\OneDrive\Coding\clipsCommerce\src\app\workflows\AI_improvement\services\__tests__\MasterOrchestratorAgent.test.ts:99:72)
    at Promise.then.completed (C:\Users\Cheem\OneDrive\Coding\clipsCommerce\node_modules\jest-circus\build\utils.js:298:28)
    at new Promise (&lt;anonymous&gt;)
    at callAsyncCircusFn (C:\Users\Cheem\OneDrive\Coding\clipsCommerce\node_modules\jest-circus\build\utils.js:231:10)
    at _callCircusTest (C:\Users\Cheem\OneDrive\Coding\clipsCommerce\node_modules\jest-circus\build\run.js:316:40)
    at processTicksAndRejections (node:internal/process/task_queues:105:5)
    at _runTest (C:\Users\Cheem\OneDrive\Coding\clipsCommerce\node_modules\jest-circus\build\run.js:252:3)
    at _runTestsForDescribeBlock (C:\Users\Cheem\OneDrive\Coding\clipsCommerce\node_modules\jest-circus\build\run.js:126:9)
    at _runTestsForDescribeBlock (C:\Users\Cheem\OneDrive\Coding\clipsCommerce\node_modules\jest-circus\build\run.js:121:9)
    at _runTestsForDescribeBlock (C:\Users\Cheem\OneDrive\Coding\clipsCommerce\node_modules\jest-circus\build\run.js:121:9)
    at run (C:\Users\Cheem\OneDrive\Coding\clipsCommerce\node_modules\jest-circus\build\run.js:71:3)
    at runAndTransformResultsToJestFormat (C:\Users\Cheem\OneDrive\Coding\clipsCommerce\node_modules\jest-circus\build\legacy-code-todo-rewrite\jestAdapterInit.js:122:21)
    at jestAdapter (C:\Users\Cheem\OneDrive\Coding\clipsCommerce\node_modules\jest-circus\build\legacy-code-todo-rewrite\jestAdapter.js:79:19)
    at runTestInternal (C:\Users\Cheem\OneDrive\Coding\clipsCommerce\node_modules\jest-runner\build\runTest.js:367:16)
    at runTest (C:\Users\Cheem\OneDrive\Coding\clipsCommerce\node_modules\jest-runner\build\runTest.js:444:34)
    at Object.worker (C:\Users\Cheem\OneDrive\Coding\clipsCommerce\node_modules\jest-runner\build\testWorker.js:106:12)</failure>
    </testcase>
    <testcase classname="MasterOrchestratorAgent system metrics should maintain valid metric ranges" name="MasterOrchestratorAgent system metrics should maintain valid metric ranges" time="0.017">
      <failure>Error: Initialization failed
    at Object.&lt;anonymous&gt; (C:\Users\Cheem\OneDrive\Coding\clipsCommerce\src\app\workflows\AI_improvement\services\__tests__\MasterOrchestratorAgent.test.ts:99:72)
    at Promise.then.completed (C:\Users\Cheem\OneDrive\Coding\clipsCommerce\node_modules\jest-circus\build\utils.js:298:28)
    at new Promise (&lt;anonymous&gt;)
    at callAsyncCircusFn (C:\Users\Cheem\OneDrive\Coding\clipsCommerce\node_modules\jest-circus\build\utils.js:231:10)
    at _callCircusTest (C:\Users\Cheem\OneDrive\Coding\clipsCommerce\node_modules\jest-circus\build\run.js:316:40)
    at processTicksAndRejections (node:internal/process/task_queues:105:5)
    at _runTest (C:\Users\Cheem\OneDrive\Coding\clipsCommerce\node_modules\jest-circus\build\run.js:252:3)
    at _runTestsForDescribeBlock (C:\Users\Cheem\OneDrive\Coding\clipsCommerce\node_modules\jest-circus\build\run.js:126:9)
    at _runTestsForDescribeBlock (C:\Users\Cheem\OneDrive\Coding\clipsCommerce\node_modules\jest-circus\build\run.js:121:9)
    at _runTestsForDescribeBlock (C:\Users\Cheem\OneDrive\Coding\clipsCommerce\node_modules\jest-circus\build\run.js:121:9)
    at run (C:\Users\Cheem\OneDrive\Coding\clipsCommerce\node_modules\jest-circus\build\run.js:71:3)
    at runAndTransformResultsToJestFormat (C:\Users\Cheem\OneDrive\Coding\clipsCommerce\node_modules\jest-circus\build\legacy-code-todo-rewrite\jestAdapterInit.js:122:21)
    at jestAdapter (C:\Users\Cheem\OneDrive\Coding\clipsCommerce\node_modules\jest-circus\build\legacy-code-todo-rewrite\jestAdapter.js:79:19)
    at runTestInternal (C:\Users\Cheem\OneDrive\Coding\clipsCommerce\node_modules\jest-runner\build\runTest.js:367:16)
    at runTest (C:\Users\Cheem\OneDrive\Coding\clipsCommerce\node_modules\jest-runner\build\runTest.js:444:34)
    at Object.worker (C:\Users\Cheem\OneDrive\Coding\clipsCommerce\node_modules\jest-runner\build\testWorker.js:106:12)</failure>
    </testcase>
    <testcase classname="MasterOrchestratorAgent resource allocation should allocate resources to agents" name="MasterOrchestratorAgent resource allocation should allocate resources to agents" time="0.012">
      <failure>Error: Initialization failed
    at Object.&lt;anonymous&gt; (C:\Users\Cheem\OneDrive\Coding\clipsCommerce\src\app\workflows\AI_improvement\services\__tests__\MasterOrchestratorAgent.test.ts:99:72)
    at Promise.then.completed (C:\Users\Cheem\OneDrive\Coding\clipsCommerce\node_modules\jest-circus\build\utils.js:298:28)
    at new Promise (&lt;anonymous&gt;)
    at callAsyncCircusFn (C:\Users\Cheem\OneDrive\Coding\clipsCommerce\node_modules\jest-circus\build\utils.js:231:10)
    at _callCircusTest (C:\Users\Cheem\OneDrive\Coding\clipsCommerce\node_modules\jest-circus\build\run.js:316:40)
    at processTicksAndRejections (node:internal/process/task_queues:105:5)
    at _runTest (C:\Users\Cheem\OneDrive\Coding\clipsCommerce\node_modules\jest-circus\build\run.js:252:3)
    at _runTestsForDescribeBlock (C:\Users\Cheem\OneDrive\Coding\clipsCommerce\node_modules\jest-circus\build\run.js:126:9)
    at _runTestsForDescribeBlock (C:\Users\Cheem\OneDrive\Coding\clipsCommerce\node_modules\jest-circus\build\run.js:121:9)
    at _runTestsForDescribeBlock (C:\Users\Cheem\OneDrive\Coding\clipsCommerce\node_modules\jest-circus\build\run.js:121:9)
    at run (C:\Users\Cheem\OneDrive\Coding\clipsCommerce\node_modules\jest-circus\build\run.js:71:3)
    at runAndTransformResultsToJestFormat (C:\Users\Cheem\OneDrive\Coding\clipsCommerce\node_modules\jest-circus\build\legacy-code-todo-rewrite\jestAdapterInit.js:122:21)
    at jestAdapter (C:\Users\Cheem\OneDrive\Coding\clipsCommerce\node_modules\jest-circus\build\legacy-code-todo-rewrite\jestAdapter.js:79:19)
    at runTestInternal (C:\Users\Cheem\OneDrive\Coding\clipsCommerce\node_modules\jest-runner\build\runTest.js:367:16)
    at runTest (C:\Users\Cheem\OneDrive\Coding\clipsCommerce\node_modules\jest-runner\build\runTest.js:444:34)
    at Object.worker (C:\Users\Cheem\OneDrive\Coding\clipsCommerce\node_modules\jest-runner\build\testWorker.js:106:12)</failure>
    </testcase>
    <testcase classname="MasterOrchestratorAgent resource allocation should optimize resource allocation based on agent performance" name="MasterOrchestratorAgent resource allocation should optimize resource allocation based on agent performance" time="0.009">
      <failure>Error: Initialization failed
    at Object.&lt;anonymous&gt; (C:\Users\Cheem\OneDrive\Coding\clipsCommerce\src\app\workflows\AI_improvement\services\__tests__\MasterOrchestratorAgent.test.ts:99:72)
    at Promise.then.completed (C:\Users\Cheem\OneDrive\Coding\clipsCommerce\node_modules\jest-circus\build\utils.js:298:28)
    at new Promise (&lt;anonymous&gt;)
    at callAsyncCircusFn (C:\Users\Cheem\OneDrive\Coding\clipsCommerce\node_modules\jest-circus\build\utils.js:231:10)
    at _callCircusTest (C:\Users\Cheem\OneDrive\Coding\clipsCommerce\node_modules\jest-circus\build\run.js:316:40)
    at processTicksAndRejections (node:internal/process/task_queues:105:5)
    at _runTest (C:\Users\Cheem\OneDrive\Coding\clipsCommerce\node_modules\jest-circus\build\run.js:252:3)
    at _runTestsForDescribeBlock (C:\Users\Cheem\OneDrive\Coding\clipsCommerce\node_modules\jest-circus\build\run.js:126:9)
    at _runTestsForDescribeBlock (C:\Users\Cheem\OneDrive\Coding\clipsCommerce\node_modules\jest-circus\build\run.js:121:9)
    at _runTestsForDescribeBlock (C:\Users\Cheem\OneDrive\Coding\clipsCommerce\node_modules\jest-circus\build\run.js:121:9)
    at run (C:\Users\Cheem\OneDrive\Coding\clipsCommerce\node_modules\jest-circus\build\run.js:71:3)
    at runAndTransformResultsToJestFormat (C:\Users\Cheem\OneDrive\Coding\clipsCommerce\node_modules\jest-circus\build\legacy-code-todo-rewrite\jestAdapterInit.js:122:21)
    at jestAdapter (C:\Users\Cheem\OneDrive\Coding\clipsCommerce\node_modules\jest-circus\build\legacy-code-todo-rewrite\jestAdapter.js:79:19)
    at runTestInternal (C:\Users\Cheem\OneDrive\Coding\clipsCommerce\node_modules\jest-runner\build\runTest.js:367:16)
    at runTest (C:\Users\Cheem\OneDrive\Coding\clipsCommerce\node_modules\jest-runner\build\runTest.js:444:34)
    at Object.worker (C:\Users\Cheem\OneDrive\Coding\clipsCommerce\node_modules\jest-runner\build\testWorker.js:106:12)</failure>
    </testcase>
    <testcase classname="MasterOrchestratorAgent error handling and edge cases should handle agent initialization failures" name="MasterOrchestratorAgent error handling and edge cases should handle agent initialization failures" time="0.019">
      <failure>Error: Initialization failed
    at Object.&lt;anonymous&gt; (C:\Users\Cheem\OneDrive\Coding\clipsCommerce\src\app\workflows\AI_improvement\services\__tests__\MasterOrchestratorAgent.test.ts:99:72)
    at Promise.then.completed (C:\Users\Cheem\OneDrive\Coding\clipsCommerce\node_modules\jest-circus\build\utils.js:298:28)
    at new Promise (&lt;anonymous&gt;)
    at callAsyncCircusFn (C:\Users\Cheem\OneDrive\Coding\clipsCommerce\node_modules\jest-circus\build\utils.js:231:10)
    at _callCircusTest (C:\Users\Cheem\OneDrive\Coding\clipsCommerce\node_modules\jest-circus\build\run.js:316:40)
    at processTicksAndRejections (node:internal/process/task_queues:105:5)
    at _runTest (C:\Users\Cheem\OneDrive\Coding\clipsCommerce\node_modules\jest-circus\build\run.js:252:3)
    at _runTestsForDescribeBlock (C:\Users\Cheem\OneDrive\Coding\clipsCommerce\node_modules\jest-circus\build\run.js:126:9)
    at _runTestsForDescribeBlock (C:\Users\Cheem\OneDrive\Coding\clipsCommerce\node_modules\jest-circus\build\run.js:121:9)
    at _runTestsForDescribeBlock (C:\Users\Cheem\OneDrive\Coding\clipsCommerce\node_modules\jest-circus\build\run.js:121:9)
    at run (C:\Users\Cheem\OneDrive\Coding\clipsCommerce\node_modules\jest-circus\build\run.js:71:3)
    at runAndTransformResultsToJestFormat (C:\Users\Cheem\OneDrive\Coding\clipsCommerce\node_modules\jest-circus\build\legacy-code-todo-rewrite\jestAdapterInit.js:122:21)
    at jestAdapter (C:\Users\Cheem\OneDrive\Coding\clipsCommerce\node_modules\jest-circus\build\legacy-code-todo-rewrite\jestAdapter.js:79:19)
    at runTestInternal (C:\Users\Cheem\OneDrive\Coding\clipsCommerce\node_modules\jest-runner\build\runTest.js:367:16)
    at runTest (C:\Users\Cheem\OneDrive\Coding\clipsCommerce\node_modules\jest-runner\build\runTest.js:444:34)
    at Object.worker (C:\Users\Cheem\OneDrive\Coding\clipsCommerce\node_modules\jest-runner\build\testWorker.js:106:12)</failure>
    </testcase>
    <testcase classname="MasterOrchestratorAgent error handling and edge cases should handle missing agent status gracefully" name="MasterOrchestratorAgent error handling and edge cases should handle missing agent status gracefully" time="0.012">
      <failure>Error: Initialization failed
    at Object.&lt;anonymous&gt; (C:\Users\Cheem\OneDrive\Coding\clipsCommerce\src\app\workflows\AI_improvement\services\__tests__\MasterOrchestratorAgent.test.ts:99:72)
    at Promise.then.completed (C:\Users\Cheem\OneDrive\Coding\clipsCommerce\node_modules\jest-circus\build\utils.js:298:28)
    at new Promise (&lt;anonymous&gt;)
    at callAsyncCircusFn (C:\Users\Cheem\OneDrive\Coding\clipsCommerce\node_modules\jest-circus\build\utils.js:231:10)
    at _callCircusTest (C:\Users\Cheem\OneDrive\Coding\clipsCommerce\node_modules\jest-circus\build\run.js:316:40)
    at processTicksAndRejections (node:internal/process/task_queues:105:5)
    at _runTest (C:\Users\Cheem\OneDrive\Coding\clipsCommerce\node_modules\jest-circus\build\run.js:252:3)
    at _runTestsForDescribeBlock (C:\Users\Cheem\OneDrive\Coding\clipsCommerce\node_modules\jest-circus\build\run.js:126:9)
    at _runTestsForDescribeBlock (C:\Users\Cheem\OneDrive\Coding\clipsCommerce\node_modules\jest-circus\build\run.js:121:9)
    at _runTestsForDescribeBlock (C:\Users\Cheem\OneDrive\Coding\clipsCommerce\node_modules\jest-circus\build\run.js:121:9)
    at run (C:\Users\Cheem\OneDrive\Coding\clipsCommerce\node_modules\jest-circus\build\run.js:71:3)
    at runAndTransformResultsToJestFormat (C:\Users\Cheem\OneDrive\Coding\clipsCommerce\node_modules\jest-circus\build\legacy-code-todo-rewrite\jestAdapterInit.js:122:21)
    at jestAdapter (C:\Users\Cheem\OneDrive\Coding\clipsCommerce\node_modules\jest-circus\build\legacy-code-todo-rewrite\jestAdapter.js:79:19)
    at runTestInternal (C:\Users\Cheem\OneDrive\Coding\clipsCommerce\node_modules\jest-runner\build\runTest.js:367:16)
    at runTest (C:\Users\Cheem\OneDrive\Coding\clipsCommerce\node_modules\jest-runner\build\runTest.js:444:34)
    at Object.worker (C:\Users\Cheem\OneDrive\Coding\clipsCommerce\node_modules\jest-runner\build\testWorker.js:106:12)</failure>
    </testcase>
    <testcase classname="MasterOrchestratorAgent error handling and edge cases should handle concurrent orchestration cycles" name="MasterOrchestratorAgent error handling and edge cases should handle concurrent orchestration cycles" time="0.013">
      <failure>Error: Initialization failed
    at Object.&lt;anonymous&gt; (C:\Users\Cheem\OneDrive\Coding\clipsCommerce\src\app\workflows\AI_improvement\services\__tests__\MasterOrchestratorAgent.test.ts:99:72)
    at Promise.then.completed (C:\Users\Cheem\OneDrive\Coding\clipsCommerce\node_modules\jest-circus\build\utils.js:298:28)
    at new Promise (&lt;anonymous&gt;)
    at callAsyncCircusFn (C:\Users\Cheem\OneDrive\Coding\clipsCommerce\node_modules\jest-circus\build\utils.js:231:10)
    at _callCircusTest (C:\Users\Cheem\OneDrive\Coding\clipsCommerce\node_modules\jest-circus\build\run.js:316:40)
    at processTicksAndRejections (node:internal/process/task_queues:105:5)
    at _runTest (C:\Users\Cheem\OneDrive\Coding\clipsCommerce\node_modules\jest-circus\build\run.js:252:3)
    at _runTestsForDescribeBlock (C:\Users\Cheem\OneDrive\Coding\clipsCommerce\node_modules\jest-circus\build\run.js:126:9)
    at _runTestsForDescribeBlock (C:\Users\Cheem\OneDrive\Coding\clipsCommerce\node_modules\jest-circus\build\run.js:121:9)
    at _runTestsForDescribeBlock (C:\Users\Cheem\OneDrive\Coding\clipsCommerce\node_modules\jest-circus\build\run.js:121:9)
    at run (C:\Users\Cheem\OneDrive\Coding\clipsCommerce\node_modules\jest-circus\build\run.js:71:3)
    at runAndTransformResultsToJestFormat (C:\Users\Cheem\OneDrive\Coding\clipsCommerce\node_modules\jest-circus\build\legacy-code-todo-rewrite\jestAdapterInit.js:122:21)
    at jestAdapter (C:\Users\Cheem\OneDrive\Coding\clipsCommerce\node_modules\jest-circus\build\legacy-code-todo-rewrite\jestAdapter.js:79:19)
    at runTestInternal (C:\Users\Cheem\OneDrive\Coding\clipsCommerce\node_modules\jest-runner\build\runTest.js:367:16)
    at runTest (C:\Users\Cheem\OneDrive\Coding\clipsCommerce\node_modules\jest-runner\build\runTest.js:444:34)
    at Object.worker (C:\Users\Cheem\OneDrive\Coding\clipsCommerce\node_modules\jest-runner\build\testWorker.js:106:12)</failure>
    </testcase>
    <testcase classname="MasterOrchestratorAgent error handling and edge cases should handle system metric calculation errors" name="MasterOrchestratorAgent error handling and edge cases should handle system metric calculation errors" time="0.016">
      <failure>Error: Initialization failed
    at Object.&lt;anonymous&gt; (C:\Users\Cheem\OneDrive\Coding\clipsCommerce\src\app\workflows\AI_improvement\services\__tests__\MasterOrchestratorAgent.test.ts:99:72)
    at Promise.then.completed (C:\Users\Cheem\OneDrive\Coding\clipsCommerce\node_modules\jest-circus\build\utils.js:298:28)
    at new Promise (&lt;anonymous&gt;)
    at callAsyncCircusFn (C:\Users\Cheem\OneDrive\Coding\clipsCommerce\node_modules\jest-circus\build\utils.js:231:10)
    at _callCircusTest (C:\Users\Cheem\OneDrive\Coding\clipsCommerce\node_modules\jest-circus\build\run.js:316:40)
    at processTicksAndRejections (node:internal/process/task_queues:105:5)
    at _runTest (C:\Users\Cheem\OneDrive\Coding\clipsCommerce\node_modules\jest-circus\build\run.js:252:3)
    at _runTestsForDescribeBlock (C:\Users\Cheem\OneDrive\Coding\clipsCommerce\node_modules\jest-circus\build\run.js:126:9)
    at _runTestsForDescribeBlock (C:\Users\Cheem\OneDrive\Coding\clipsCommerce\node_modules\jest-circus\build\run.js:121:9)
    at _runTestsForDescribeBlock (C:\Users\Cheem\OneDrive\Coding\clipsCommerce\node_modules\jest-circus\build\run.js:121:9)
    at run (C:\Users\Cheem\OneDrive\Coding\clipsCommerce\node_modules\jest-circus\build\run.js:71:3)
    at runAndTransformResultsToJestFormat (C:\Users\Cheem\OneDrive\Coding\clipsCommerce\node_modules\jest-circus\build\legacy-code-todo-rewrite\jestAdapterInit.js:122:21)
    at jestAdapter (C:\Users\Cheem\OneDrive\Coding\clipsCommerce\node_modules\jest-circus\build\legacy-code-todo-rewrite\jestAdapter.js:79:19)
    at runTestInternal (C:\Users\Cheem\OneDrive\Coding\clipsCommerce\node_modules\jest-runner\build\runTest.js:367:16)
    at runTest (C:\Users\Cheem\OneDrive\Coding\clipsCommerce\node_modules\jest-runner\build\runTest.js:444:34)
    at Object.worker (C:\Users\Cheem\OneDrive\Coding\clipsCommerce\node_modules\jest-runner\build\testWorker.js:106:12)</failure>
    </testcase>
    <testcase classname="MasterOrchestratorAgent performance and scalability should handle large number of agents efficiently" name="MasterOrchestratorAgent performance and scalability should handle large number of agents efficiently" time="0.029">
      <failure>Error: Initialization failed
    at Object.&lt;anonymous&gt; (C:\Users\Cheem\OneDrive\Coding\clipsCommerce\src\app\workflows\AI_improvement\services\__tests__\MasterOrchestratorAgent.test.ts:99:72)
    at Promise.then.completed (C:\Users\Cheem\OneDrive\Coding\clipsCommerce\node_modules\jest-circus\build\utils.js:298:28)
    at new Promise (&lt;anonymous&gt;)
    at callAsyncCircusFn (C:\Users\Cheem\OneDrive\Coding\clipsCommerce\node_modules\jest-circus\build\utils.js:231:10)
    at _callCircusTest (C:\Users\Cheem\OneDrive\Coding\clipsCommerce\node_modules\jest-circus\build\run.js:316:40)
    at processTicksAndRejections (node:internal/process/task_queues:105:5)
    at _runTest (C:\Users\Cheem\OneDrive\Coding\clipsCommerce\node_modules\jest-circus\build\run.js:252:3)
    at _runTestsForDescribeBlock (C:\Users\Cheem\OneDrive\Coding\clipsCommerce\node_modules\jest-circus\build\run.js:126:9)
    at _runTestsForDescribeBlock (C:\Users\Cheem\OneDrive\Coding\clipsCommerce\node_modules\jest-circus\build\run.js:121:9)
    at _runTestsForDescribeBlock (C:\Users\Cheem\OneDrive\Coding\clipsCommerce\node_modules\jest-circus\build\run.js:121:9)
    at run (C:\Users\Cheem\OneDrive\Coding\clipsCommerce\node_modules\jest-circus\build\run.js:71:3)
    at runAndTransformResultsToJestFormat (C:\Users\Cheem\OneDrive\Coding\clipsCommerce\node_modules\jest-circus\build\legacy-code-todo-rewrite\jestAdapterInit.js:122:21)
    at jestAdapter (C:\Users\Cheem\OneDrive\Coding\clipsCommerce\node_modules\jest-circus\build\legacy-code-todo-rewrite\jestAdapter.js:79:19)
    at runTestInternal (C:\Users\Cheem\OneDrive\Coding\clipsCommerce\node_modules\jest-runner\build\runTest.js:367:16)
    at runTest (C:\Users\Cheem\OneDrive\Coding\clipsCommerce\node_modules\jest-runner\build\runTest.js:444:34)
    at Object.worker (C:\Users\Cheem\OneDrive\Coding\clipsCommerce\node_modules\jest-runner\build\testWorker.js:106:12)</failure>
    </testcase>
    <testcase classname="MasterOrchestratorAgent performance and scalability should maintain performance under stress" name="MasterOrchestratorAgent performance and scalability should maintain performance under stress" time="0.013">
      <failure>Error: Initialization failed
    at Object.&lt;anonymous&gt; (C:\Users\Cheem\OneDrive\Coding\clipsCommerce\src\app\workflows\AI_improvement\services\__tests__\MasterOrchestratorAgent.test.ts:99:72)
    at Promise.then.completed (C:\Users\Cheem\OneDrive\Coding\clipsCommerce\node_modules\jest-circus\build\utils.js:298:28)
    at new Promise (&lt;anonymous&gt;)
    at callAsyncCircusFn (C:\Users\Cheem\OneDrive\Coding\clipsCommerce\node_modules\jest-circus\build\utils.js:231:10)
    at _callCircusTest (C:\Users\Cheem\OneDrive\Coding\clipsCommerce\node_modules\jest-circus\build\run.js:316:40)
    at processTicksAndRejections (node:internal/process/task_queues:105:5)
    at _runTest (C:\Users\Cheem\OneDrive\Coding\clipsCommerce\node_modules\jest-circus\build\run.js:252:3)
    at _runTestsForDescribeBlock (C:\Users\Cheem\OneDrive\Coding\clipsCommerce\node_modules\jest-circus\build\run.js:126:9)
    at _runTestsForDescribeBlock (C:\Users\Cheem\OneDrive\Coding\clipsCommerce\node_modules\jest-circus\build\run.js:121:9)
    at _runTestsForDescribeBlock (C:\Users\Cheem\OneDrive\Coding\clipsCommerce\node_modules\jest-circus\build\run.js:121:9)
    at run (C:\Users\Cheem\OneDrive\Coding\clipsCommerce\node_modules\jest-circus\build\run.js:71:3)
    at runAndTransformResultsToJestFormat (C:\Users\Cheem\OneDrive\Coding\clipsCommerce\node_modules\jest-circus\build\legacy-code-todo-rewrite\jestAdapterInit.js:122:21)
    at jestAdapter (C:\Users\Cheem\OneDrive\Coding\clipsCommerce\node_modules\jest-circus\build\legacy-code-todo-rewrite\jestAdapter.js:79:19)
    at runTestInternal (C:\Users\Cheem\OneDrive\Coding\clipsCommerce\node_modules\jest-runner\build\runTest.js:367:16)
    at runTest (C:\Users\Cheem\OneDrive\Coding\clipsCommerce\node_modules\jest-runner\build\runTest.js:444:34)
    at Object.worker (C:\Users\Cheem\OneDrive\Coding\clipsCommerce\node_modules\jest-runner\build\testWorker.js:106:12)</failure>
    </testcase>
    <testcase classname="MasterOrchestratorAgent integration scenarios should coordinate with AI improvement service" name="MasterOrchestratorAgent integration scenarios should coordinate with AI improvement service" time="0.018">
      <failure>Error: Initialization failed
    at Object.&lt;anonymous&gt; (C:\Users\Cheem\OneDrive\Coding\clipsCommerce\src\app\workflows\AI_improvement\services\__tests__\MasterOrchestratorAgent.test.ts:99:72)
    at Promise.then.completed (C:\Users\Cheem\OneDrive\Coding\clipsCommerce\node_modules\jest-circus\build\utils.js:298:28)
    at new Promise (&lt;anonymous&gt;)
    at callAsyncCircusFn (C:\Users\Cheem\OneDrive\Coding\clipsCommerce\node_modules\jest-circus\build\utils.js:231:10)
    at _callCircusTest (C:\Users\Cheem\OneDrive\Coding\clipsCommerce\node_modules\jest-circus\build\run.js:316:40)
    at processTicksAndRejections (node:internal/process/task_queues:105:5)
    at _runTest (C:\Users\Cheem\OneDrive\Coding\clipsCommerce\node_modules\jest-circus\build\run.js:252:3)
    at _runTestsForDescribeBlock (C:\Users\Cheem\OneDrive\Coding\clipsCommerce\node_modules\jest-circus\build\run.js:126:9)
    at _runTestsForDescribeBlock (C:\Users\Cheem\OneDrive\Coding\clipsCommerce\node_modules\jest-circus\build\run.js:121:9)
    at _runTestsForDescribeBlock (C:\Users\Cheem\OneDrive\Coding\clipsCommerce\node_modules\jest-circus\build\run.js:121:9)
    at run (C:\Users\Cheem\OneDrive\Coding\clipsCommerce\node_modules\jest-circus\build\run.js:71:3)
    at runAndTransformResultsToJestFormat (C:\Users\Cheem\OneDrive\Coding\clipsCommerce\node_modules\jest-circus\build\legacy-code-todo-rewrite\jestAdapterInit.js:122:21)
    at jestAdapter (C:\Users\Cheem\OneDrive\Coding\clipsCommerce\node_modules\jest-circus\build\legacy-code-todo-rewrite\jestAdapter.js:79:19)
    at runTestInternal (C:\Users\Cheem\OneDrive\Coding\clipsCommerce\node_modules\jest-runner\build\runTest.js:367:16)
    at runTest (C:\Users\Cheem\OneDrive\Coding\clipsCommerce\node_modules\jest-runner\build\runTest.js:444:34)
    at Object.worker (C:\Users\Cheem\OneDrive\Coding\clipsCommerce\node_modules\jest-runner\build\testWorker.js:106:12)</failure>
    </testcase>
    <testcase classname="MasterOrchestratorAgent integration scenarios should handle cross-workflow optimizations" name="MasterOrchestratorAgent integration scenarios should handle cross-workflow optimizations" time="0.081">
    </testcase>
    <testcase classname="MasterOrchestratorAgent integration scenarios should manage model training schedules" name="MasterOrchestratorAgent integration scenarios should manage model training schedules" time="0.044">
    </testcase>
  </testsuite>
  <testsuite name="SubscriptionComponent" errors="0" failures="2" skipped="0" timestamp="2025-06-15T16:58:53" time="7.259" tests="7">
    <testcase classname="SubscriptionComponent renders subscription management without navigation" name="SubscriptionComponent renders subscription management without navigation" time="0.395">
    </testcase>
    <testcase classname="SubscriptionComponent renders the three pricing tiers" name="SubscriptionComponent renders the three pricing tiers" time="0.139">
    </testcase>
    <testcase classname="SubscriptionComponent shows the correct pricing for Pro tier" name="SubscriptionComponent shows the correct pricing for Pro tier" time="0.106">
      <failure>Error: expect(received).toHaveLength(expected)

Expected length: 2
Received length: 1
Received array:  [&lt;span class=&quot;text-3xl font-bold&quot;&gt;$70/month&lt;/span&gt;]
    at Object.&lt;anonymous&gt; (C:\Users\Cheem\OneDrive\Coding\clipsCommerce\src\__tests__\subscription-component.test.tsx:58:46)
    at Promise.then.completed (C:\Users\Cheem\OneDrive\Coding\clipsCommerce\node_modules\jest-circus\build\utils.js:298:28)
    at new Promise (&lt;anonymous&gt;)
    at callAsyncCircusFn (C:\Users\Cheem\OneDrive\Coding\clipsCommerce\node_modules\jest-circus\build\utils.js:231:10)
    at _callCircusTest (C:\Users\Cheem\OneDrive\Coding\clipsCommerce\node_modules\jest-circus\build\run.js:316:40)
    at processTicksAndRejections (node:internal/process/task_queues:105:5)
    at _runTest (C:\Users\Cheem\OneDrive\Coding\clipsCommerce\node_modules\jest-circus\build\run.js:252:3)
    at _runTestsForDescribeBlock (C:\Users\Cheem\OneDrive\Coding\clipsCommerce\node_modules\jest-circus\build\run.js:126:9)
    at _runTestsForDescribeBlock (C:\Users\Cheem\OneDrive\Coding\clipsCommerce\node_modules\jest-circus\build\run.js:121:9)
    at run (C:\Users\Cheem\OneDrive\Coding\clipsCommerce\node_modules\jest-circus\build\run.js:71:3)
    at runAndTransformResultsToJestFormat (C:\Users\Cheem\OneDrive\Coding\clipsCommerce\node_modules\jest-circus\build\legacy-code-todo-rewrite\jestAdapterInit.js:122:21)
    at jestAdapter (C:\Users\Cheem\OneDrive\Coding\clipsCommerce\node_modules\jest-circus\build\legacy-code-todo-rewrite\jestAdapter.js:79:19)
    at runTestInternal (C:\Users\Cheem\OneDrive\Coding\clipsCommerce\node_modules\jest-runner\build\runTest.js:367:16)
    at runTest (C:\Users\Cheem\OneDrive\Coding\clipsCommerce\node_modules\jest-runner\build\runTest.js:444:34)
    at Object.worker (C:\Users\Cheem\OneDrive\Coding\clipsCommerce\node_modules\jest-runner\build\testWorker.js:106:12)</failure>
    </testcase>
    <testcase classname="SubscriptionComponent renders the tab navigation for Plans, Billing, and Invoices" name="SubscriptionComponent renders the tab navigation for Plans, Billing, and Invoices" time="0.09">
    </testcase>
    <testcase classname="SubscriptionComponent shows the yearly/monthly toggle" name="SubscriptionComponent shows the yearly/monthly toggle" time="0.101">
      <failure>TestingLibraryElementError: Unable to find an element with the text: Save 20%. This could be because the text is broken up by multiple elements. In this case, you can provide a function for your text matcher to make your matcher more flexible.

Ignored nodes: comments, script, style
&lt;body&gt;
  &lt;div&gt;
    &lt;div
      class=&quot;min-h-screen bg-background text-foreground p-4 md:p-6 space-y-6&quot;
    &gt;
      &lt;div&gt;
        &lt;h1
          class=&quot;text-2xl md:text-3xl font-bold tracking-tight gradient-text&quot;
        &gt;
          Subscription
        &lt;/h1&gt;
        &lt;p
          class=&quot;text-muted-foreground mt-1&quot;
        &gt;
          Manage your subscription plan and billing
        &lt;/p&gt;
      &lt;/div&gt;
      &lt;div
        data-orientation=&quot;horizontal&quot;
        dir=&quot;ltr&quot;
      &gt;
        &lt;div
          aria-orientation=&quot;horizontal&quot;
          class=&quot;h-9 items-center justify-center rounded-lg bg-muted p-1 text-muted-foreground grid w-full grid-cols-3&quot;
          data-orientation=&quot;horizontal&quot;
          role=&quot;tablist&quot;
          style=&quot;outline: none;&quot;
          tabindex=&quot;0&quot;
        &gt;
          &lt;button
            aria-controls=&quot;radix-«rg»-content-plans&quot;
            aria-selected=&quot;true&quot;
            class=&quot;inline-flex items-center justify-center whitespace-nowrap rounded-md px-3 py-1 text-sm font-medium ring-offset-background transition-all focus-visible:outline-none focus-visible:ring-2 focus-visible:ring-ring focus-visible:ring-offset-2 disabled:pointer-events-none disabled:opacity-50 data-[state=active]:bg-background data-[state=active]:text-foreground data-[state=active]:shadow&quot;
            data-orientation=&quot;horizontal&quot;
            data-radix-collection-item=&quot;&quot;
            data-state=&quot;active&quot;
            id=&quot;radix-«rg»-trigger-plans&quot;
            role=&quot;tab&quot;
            tabindex=&quot;-1&quot;
            type=&quot;button&quot;
          &gt;
            &lt;svg
              class=&quot;h-4 w-4 mr-2&quot;
              data-testid=&quot;Shield-icon&quot;
            /&gt;
            Plans
          &lt;/button&gt;
          &lt;button
            aria-controls=&quot;radix-«rg»-content-billing&quot;
            aria-selected=&quot;false&quot;
            class=&quot;inline-flex items-center justify-center whitespace-nowrap rounded-md px-3 py-1 text-sm font-medium ring-offset-background transition-all focus-visible:outline-none focus-visible:ring-2 focus-visible:ring-ring focus-visible:ring-offset-2 disabled:pointer-events-none disabled:opacity-50 data-[state=active]:bg-background data-[state=active]:text-foreground data-[state=active]:shadow&quot;
            data-orientation=&quot;horizontal&quot;
            data-radix-collection-item=&quot;&quot;
            data-state=&quot;inactive&quot;
            id=&quot;radix-«rg»-trigger-billing&quot;
            role=&quot;tab&quot;
            tabindex=&quot;-1&quot;
            type=&quot;button&quot;
          &gt;
            &lt;svg
              class=&quot;h-4 w-4 mr-2&quot;
              data-testid=&quot;CreditCard-icon&quot;
            /&gt;
            Billing
          &lt;/button&gt;
          &lt;button
            aria-controls=&quot;radix-«rg»-content-invoices&quot;
            aria-selected=&quot;false&quot;
            class=&quot;inline-flex items-center justify-center whitespace-nowrap rounded-md px-3 py-1 text-sm font-medium ring-offset-background transition-all focus-visible:outline-none focus-visible:ring-2 focus-visible:ring-ring focus-visible:ring-offset-2 disabled:pointer-events-none disabled:opacity-50 data-[state=active]:bg-background data-[state=active]:text-foreground data-[state=active]:shadow&quot;
            data-orientation=&quot;horizontal&quot;
            data-radix-collection-item=&quot;&quot;
            data-state=&quot;inactive&quot;
            id=&quot;radix-«rg»-trigger-invoices&quot;
            role=&quot;tab&quot;
            tabindex=&quot;-1&quot;
            type=&quot;button&quot;
          &gt;
            &lt;svg
              class=&quot;h-4 w-4 mr-2&quot;
              data-testid=&quot;FileText-icon&quot;
            /&gt;
            Invoices
          &lt;/button&gt;
        &lt;/div&gt;
        &lt;div
          aria-labelledby=&quot;radix-«rg»-trigger-plans&quot;
          class=&quot;ring-offset-background focus-visible:outline-none focus-visible:ring-2 focus-visible:ring-ring focus-visible:ring-offset-2 mt-4&quot;
          data-orientation=&quot;horizontal&quot;
          data-state=&quot;active&quot;
          id=&quot;radix-«rg»-content-plans&quot;
          role=&quot;tabpanel&quot;
          style=&quot;animation-duration: 0s;&quot;
          tabindex=&quot;0&quot;
        &gt;
          &lt;div
            class=&quot;flex justify-center mb-6&quot;
          &gt;
            &lt;div
              class=&quot;bg-[#1A1A1A] p-1 rounded-full inline-flex items-center border border-[#8D5AFF]/20&quot;
            &gt;
              &lt;button
                class=&quot;inline-flex items-center justify-center font-medium transition-colors focus-visible:outline-none focus-visible:ring-1 focus-visible:ring-ring disabled:pointer-events-none disabled:opacity-50 shadow hover:bg-primary/90 h-8 px-3 text-xs rounded-full bg-[#8D5AFF] text-white&quot;
              &gt;
                Monthly
              &lt;/button&gt;
              &lt;button
                class=&quot;inline-flex items-center justify-center font-medium transition-colors focus-visible:outline-none focus-visible:ring-1 focus-visible:ring-ring disabled:pointer-events-none disabled:opacity-50 hover:bg-accent h-8 px-3 text-xs rounded-full text-gray-300 hover:text-white&quot;
              &gt;
                Yearly
                &lt;div
                  class=&quot;inline-flex items-center border transition-colors focus:outline-none focus:ring-2 focus:ring-ring focus:ring-offset-2 border-transparent bg-primary text-primary-foreground shadow hover:bg-primary/80 ml-2 px-2 py-0.5 rounded-sm text-xs font-medium&quot;
                &gt;
                  30% off
                &lt;/div&gt;
              &lt;/button&gt;
   ...
    at Object.getElementError (C:\Users\Cheem\OneDrive\Coding\clipsCommerce\node_modules\@testing-library\dom\dist\config.js:37:19)
    at C:\Users\Cheem\OneDrive\Coding\clipsCommerce\node_modules\@testing-library\dom\dist\query-helpers.js:76:38
    at C:\Users\Cheem\OneDrive\Coding\clipsCommerce\node_modules\@testing-library\dom\dist\query-helpers.js:52:17
    at C:\Users\Cheem\OneDrive\Coding\clipsCommerce\node_modules\@testing-library\dom\dist\query-helpers.js:95:19
    at Object.&lt;anonymous&gt; (C:\Users\Cheem\OneDrive\Coding\clipsCommerce\src\__tests__\subscription-component.test.tsx:74:19)
    at Promise.then.completed (C:\Users\Cheem\OneDrive\Coding\clipsCommerce\node_modules\jest-circus\build\utils.js:298:28)
    at new Promise (&lt;anonymous&gt;)
    at callAsyncCircusFn (C:\Users\Cheem\OneDrive\Coding\clipsCommerce\node_modules\jest-circus\build\utils.js:231:10)
    at _callCircusTest (C:\Users\Cheem\OneDrive\Coding\clipsCommerce\node_modules\jest-circus\build\run.js:316:40)
    at processTicksAndRejections (node:internal/process/task_queues:105:5)
    at _runTest (C:\Users\Cheem\OneDrive\Coding\clipsCommerce\node_modules\jest-circus\build\run.js:252:3)
    at _runTestsForDescribeBlock (C:\Users\Cheem\OneDrive\Coding\clipsCommerce\node_modules\jest-circus\build\run.js:126:9)
    at _runTestsForDescribeBlock (C:\Users\Cheem\OneDrive\Coding\clipsCommerce\node_modules\jest-circus\build\run.js:121:9)
    at run (C:\Users\Cheem\OneDrive\Coding\clipsCommerce\node_modules\jest-circus\build\run.js:71:3)
    at runAndTransformResultsToJestFormat (C:\Users\Cheem\OneDrive\Coding\clipsCommerce\node_modules\jest-circus\build\legacy-code-todo-rewrite\jestAdapterInit.js:122:21)
    at jestAdapter (C:\Users\Cheem\OneDrive\Coding\clipsCommerce\node_modules\jest-circus\build\legacy-code-todo-rewrite\jestAdapter.js:79:19)
    at runTestInternal (C:\Users\Cheem\OneDrive\Coding\clipsCommerce\node_modules\jest-runner\build\runTest.js:367:16)
    at runTest (C:\Users\Cheem\OneDrive\Coding\clipsCommerce\node_modules\jest-runner\build\runTest.js:444:34)
    at Object.worker (C:\Users\Cheem\OneDrive\Coding\clipsCommerce\node_modules\jest-runner\build\testWorker.js:106:12)</failure>
    </testcase>
    <testcase classname="SubscriptionComponent shows the Team plan as popular" name="SubscriptionComponent shows the Team plan as popular" time="0.059">
    </testcase>
    <testcase classname="SubscriptionComponent displays Pro as current plan by default" name="SubscriptionComponent displays Pro as current plan by default" time="0.07">
    </testcase>
  </testsuite>
  <testsuite name="DataCollectionService" errors="0" failures="3" skipped="0" timestamp="2025-06-15T16:58:53" time="7.144" tests="26">
    <testcase classname="DataCollectionService initialization should initialize successfully with valid platform auths" name="DataCollectionService initialization should initialize successfully with valid platform auths" time="0.065">
    </testcase>
    <testcase classname="DataCollectionService initialization should handle partial initialization failures gracefully" name="DataCollectionService initialization should handle partial initialization failures gracefully" time="0.04">
    </testcase>
    <testcase classname="DataCollectionService initialization should prevent double initialization" name="DataCollectionService initialization should prevent double initialization" time="0.004">
    </testcase>
    <testcase classname="DataCollectionService initialization should handle empty platform auths array" name="DataCollectionService initialization should handle empty platform auths array" time="0.009">
    </testcase>
    <testcase classname="DataCollectionService initialization should handle initialization with missing credentials" name="DataCollectionService initialization should handle initialization with missing credentials" time="0.004">
    </testcase>
    <testcase classname="DataCollectionService initialization should throw error if complete initialization fails" name="DataCollectionService initialization should throw error if complete initialization fails" time="0.008">
      <failure>Error: expect(received).rejects.toThrow()

Received promise resolved instead of rejected
Resolved to value: undefined
    at expect (C:\Users\Cheem\OneDrive\Coding\clipsCommerce\node_modules\expect\build\index.js:113:15)
    at Object.&lt;anonymous&gt; (C:\Users\Cheem\OneDrive\Coding\clipsCommerce\src\app\workflows\data_collection\lib\__tests__\data-collection-service.test.ts:122:13)
    at Promise.then.completed (C:\Users\Cheem\OneDrive\Coding\clipsCommerce\node_modules\jest-circus\build\utils.js:298:28)
    at new Promise (&lt;anonymous&gt;)
    at callAsyncCircusFn (C:\Users\Cheem\OneDrive\Coding\clipsCommerce\node_modules\jest-circus\build\utils.js:231:10)
    at _callCircusTest (C:\Users\Cheem\OneDrive\Coding\clipsCommerce\node_modules\jest-circus\build\run.js:316:40)
    at processTicksAndRejections (node:internal/process/task_queues:105:5)
    at _runTest (C:\Users\Cheem\OneDrive\Coding\clipsCommerce\node_modules\jest-circus\build\run.js:252:3)
    at _runTestsForDescribeBlock (C:\Users\Cheem\OneDrive\Coding\clipsCommerce\node_modules\jest-circus\build\run.js:126:9)
    at _runTestsForDescribeBlock (C:\Users\Cheem\OneDrive\Coding\clipsCommerce\node_modules\jest-circus\build\run.js:121:9)
    at _runTestsForDescribeBlock (C:\Users\Cheem\OneDrive\Coding\clipsCommerce\node_modules\jest-circus\build\run.js:121:9)
    at run (C:\Users\Cheem\OneDrive\Coding\clipsCommerce\node_modules\jest-circus\build\run.js:71:3)
    at runAndTransformResultsToJestFormat (C:\Users\Cheem\OneDrive\Coding\clipsCommerce\node_modules\jest-circus\build\legacy-code-todo-rewrite\jestAdapterInit.js:122:21)
    at jestAdapter (C:\Users\Cheem\OneDrive\Coding\clipsCommerce\node_modules\jest-circus\build\legacy-code-todo-rewrite\jestAdapter.js:79:19)
    at runTestInternal (C:\Users\Cheem\OneDrive\Coding\clipsCommerce\node_modules\jest-runner\build\runTest.js:367:16)
    at runTest (C:\Users\Cheem\OneDrive\Coding\clipsCommerce\node_modules\jest-runner\build\runTest.js:444:34)
    at Object.worker (C:\Users\Cheem\OneDrive\Coding\clipsCommerce\node_modules\jest-runner\build\testWorker.js:106:12)</failure>
    </testcase>
    <testcase classname="DataCollectionService getPostMetrics should get post metrics from all platforms successfully" name="DataCollectionService getPostMetrics should get post metrics from all platforms successfully" time="0.005">
    </testcase>
    <testcase classname="DataCollectionService getPostMetrics should handle platform-specific failures gracefully" name="DataCollectionService getPostMetrics should handle platform-specific failures gracefully" time="0.005">
    </testcase>
    <testcase classname="DataCollectionService getPostMetrics should handle client exceptions gracefully" name="DataCollectionService getPostMetrics should handle client exceptions gracefully" time="0.004">
    </testcase>
    <testcase classname="DataCollectionService getPostMetrics should throw error if service not initialized" name="DataCollectionService getPostMetrics should throw error if service not initialized" time="0.01">
    </testcase>
    <testcase classname="DataCollectionService getPostMetrics should handle empty post ID" name="DataCollectionService getPostMetrics should handle empty post ID" time="0.005">
    </testcase>
    <testcase classname="DataCollectionService getPostMetrics should process platforms in parallel" name="DataCollectionService getPostMetrics should process platforms in parallel" time="0.107">
    </testcase>
    <testcase classname="DataCollectionService getUserActivity should get user activity from all platforms successfully" name="DataCollectionService getUserActivity should get user activity from all platforms successfully" time="0.003">
    </testcase>
    <testcase classname="DataCollectionService getUserActivity should handle platform failures gracefully" name="DataCollectionService getUserActivity should handle platform failures gracefully" time="0.005">
    </testcase>
    <testcase classname="DataCollectionService getUserActivity should handle client exceptions gracefully" name="DataCollectionService getUserActivity should handle client exceptions gracefully" time="0.005">
    </testcase>
    <testcase classname="DataCollectionService getUserActivity should throw error if service not initialized" name="DataCollectionService getUserActivity should throw error if service not initialized" time="0.006">
    </testcase>
    <testcase classname="DataCollectionService getUserActivity should process multiple platforms in parallel" name="DataCollectionService getUserActivity should process multiple platforms in parallel" time="0.109">
    </testcase>
    <testcase classname="DataCollectionService getPlatformClient should return platform client for initialized platform" name="DataCollectionService getPlatformClient should return platform client for initialized platform" time="0.002">
    </testcase>
    <testcase classname="DataCollectionService getPlatformClient should throw error for uninitialized platform" name="DataCollectionService getPlatformClient should throw error for uninitialized platform" time="0.003">
    </testcase>
    <testcase classname="DataCollectionService getPlatformClient should throw error if service not initialized" name="DataCollectionService getPlatformClient should throw error if service not initialized" time="0.002">
      <failure>Error: DataCollectionService has not been initialized. Call initialize() first.
    at DataCollectionService.ensureInitialized (C:\Users\Cheem\OneDrive\Coding\clipsCommerce\src\app\workflows\data_collection\lib\data-collection-service.ts:141:13)
    at DataCollectionService.getPlatformClient (C:\Users\Cheem\OneDrive\Coding\clipsCommerce\src\app\workflows\data_collection\lib\data-collection-service.ts:125:10)
    at C:\Users\Cheem\OneDrive\Coding\clipsCommerce\src\app\workflows\data_collection\lib\__tests__\data-collection-service.test.ts:347:41
    at Object.toThrow (C:\Users\Cheem\OneDrive\Coding\clipsCommerce\node_modules\expect\build\index.js:202:58)
    at Object.&lt;anonymous&gt; (C:\Users\Cheem\OneDrive\Coding\clipsCommerce\src\app\workflows\data_collection\lib\__tests__\data-collection-service.test.ts:348:18)
    at Promise.then.completed (C:\Users\Cheem\OneDrive\Coding\clipsCommerce\node_modules\jest-circus\build\utils.js:298:28)
    at new Promise (&lt;anonymous&gt;)
    at callAsyncCircusFn (C:\Users\Cheem\OneDrive\Coding\clipsCommerce\node_modules\jest-circus\build\utils.js:231:10)
    at _callCircusTest (C:\Users\Cheem\OneDrive\Coding\clipsCommerce\node_modules\jest-circus\build\run.js:316:40)
    at _runTest (C:\Users\Cheem\OneDrive\Coding\clipsCommerce\node_modules\jest-circus\build\run.js:252:3)
    at _runTestsForDescribeBlock (C:\Users\Cheem\OneDrive\Coding\clipsCommerce\node_modules\jest-circus\build\run.js:126:9)
    at _runTestsForDescribeBlock (C:\Users\Cheem\OneDrive\Coding\clipsCommerce\node_modules\jest-circus\build\run.js:121:9)
    at _runTestsForDescribeBlock (C:\Users\Cheem\OneDrive\Coding\clipsCommerce\node_modules\jest-circus\build\run.js:121:9)
    at run (C:\Users\Cheem\OneDrive\Coding\clipsCommerce\node_modules\jest-circus\build\run.js:71:3)
    at runAndTransformResultsToJestFormat (C:\Users\Cheem\OneDrive\Coding\clipsCommerce\node_modules\jest-circus\build\legacy-code-todo-rewrite\jestAdapterInit.js:122:21)
    at jestAdapter (C:\Users\Cheem\OneDrive\Coding\clipsCommerce\node_modules\jest-circus\build\legacy-code-todo-rewrite\jestAdapter.js:79:19)
    at runTestInternal (C:\Users\Cheem\OneDrive\Coding\clipsCommerce\node_modules\jest-runner\build\runTest.js:367:16)
    at runTest (C:\Users\Cheem\OneDrive\Coding\clipsCommerce\node_modules\jest-runner\build\runTest.js:444:34)
    at Object.worker (C:\Users\Cheem\OneDrive\Coding\clipsCommerce\node_modules\jest-runner\build\testWorker.js:106:12)</failure>
    </testcase>
    <testcase classname="DataCollectionService error handling and edge cases should handle malformed platform auth data" name="DataCollectionService error handling and edge cases should handle malformed platform auth data" time="0.002">
    </testcase>
    <testcase classname="DataCollectionService error handling and edge cases should handle concurrent initialization attempts" name="DataCollectionService error handling and edge cases should handle concurrent initialization attempts" time="0.002">
      <failure>Error: expect(jest.fn()).toHaveBeenCalledTimes(expected)

Expected number of calls: 1
Received number of calls: 3
    at Object.&lt;anonymous&gt; (C:\Users\Cheem\OneDrive\Coding\clipsCommerce\src\app\workflows\data_collection\lib\__tests__\data-collection-service.test.ts:385:50)</failure>
    </testcase>
    <testcase classname="DataCollectionService error handling and edge cases should handle platform client factory returning null" name="DataCollectionService error handling and edge cases should handle platform client factory returning null" time="0.001">
    </testcase>
    <testcase classname="DataCollectionService error handling and edge cases should handle memory pressure with many platforms" name="DataCollectionService error handling and edge cases should handle memory pressure with many platforms" time="0.002">
    </testcase>
    <testcase classname="DataCollectionService performance and scalability should handle large post metrics requests efficiently" name="DataCollectionService performance and scalability should handle large post metrics requests efficiently" time="0.007">
    </testcase>
    <testcase classname="DataCollectionService performance and scalability should handle memory efficiently with large datasets" name="DataCollectionService performance and scalability should handle memory efficiently with large datasets" time="0.003">
    </testcase>
  </testsuite>
  <testsuite name="ContentAutomationWorkflow" errors="0" failures="1" skipped="0" timestamp="2025-06-15T16:58:53" time="7.629" tests="30">
    <testcase classname="ContentAutomationWorkflow bulk processing should process bulk requests and return results" name="ContentAutomationWorkflow bulk processing should process bulk requests and return results" time="0.217">
    </testcase>
    <testcase classname="ContentAutomationWorkflow bulk processing should handle different platforms in automation requests" name="ContentAutomationWorkflow bulk processing should handle different platforms in automation requests" time="0.128">
    </testcase>
    <testcase classname="ContentAutomationWorkflow bulk processing should handle empty request arrays" name="ContentAutomationWorkflow bulk processing should handle empty request arrays" time="0.003">
    </testcase>
    <testcase classname="ContentAutomationWorkflow bulk processing should process large batches efficiently" name="ContentAutomationWorkflow bulk processing should process large batches efficiently" time="0.136">
    </testcase>
    <testcase classname="ContentAutomationWorkflow automation workflow state management should maintain workflow state across different requests" name="ContentAutomationWorkflow automation workflow state management should maintain workflow state across different requests" time="0.014">
    </testcase>
    <testcase classname="ContentAutomationWorkflow automation workflow state management should handle concurrent workflow executions" name="ContentAutomationWorkflow automation workflow state management should handle concurrent workflow executions" time="0.017">
    </testcase>
    <testcase classname="ContentAutomationWorkflow video processing automation should handle different video formats" name="ContentAutomationWorkflow video processing automation should handle different video formats" time="0.019">
    </testcase>
    <testcase classname="ContentAutomationWorkflow video processing automation should handle invalid video URLs gracefully" name="ContentAutomationWorkflow video processing automation should handle invalid video URLs gracefully" time="0.012">
    </testcase>
    <testcase classname="ContentAutomationWorkflow video processing automation should handle missing video URLs" name="ContentAutomationWorkflow video processing automation should handle missing video URLs" time="0.02">
    </testcase>
    <testcase classname="ContentAutomationWorkflow time range processing should handle different time ranges" name="ContentAutomationWorkflow time range processing should handle different time ranges" time="0.026">
    </testcase>
    <testcase classname="ContentAutomationWorkflow time range processing should handle invalid time ranges" name="ContentAutomationWorkflow time range processing should handle invalid time ranges" time="0.02">
    </testcase>
    <testcase classname="ContentAutomationWorkflow error handling and resilience should handle malformed requests" name="ContentAutomationWorkflow error handling and resilience should handle malformed requests" time="0.001">
    </testcase>
    <testcase classname="ContentAutomationWorkflow error handling and resilience should handle network failures gracefully" name="ContentAutomationWorkflow error handling and resilience should handle network failures gracefully" time="0.01">
    </testcase>
    <testcase classname="ContentAutomationWorkflow error handling and resilience should handle processing timeouts" name="ContentAutomationWorkflow error handling and resilience should handle processing timeouts" time="0.049">
    </testcase>
    <testcase classname="ContentAutomationWorkflow performance and scalability should handle high concurrency efficiently" name="ContentAutomationWorkflow performance and scalability should handle high concurrency efficiently" time="0.058">
    </testcase>
    <testcase classname="ContentAutomationWorkflow performance and scalability should manage memory efficiently with large datasets" name="ContentAutomationWorkflow performance and scalability should manage memory efficiently with large datasets" time="0.223">
    </testcase>
    <testcase classname="ContentAutomationWorkflow automation workflow integration should integrate with external automation services" name="ContentAutomationWorkflow automation workflow integration should integrate with external automation services" time="0.003">
    </testcase>
    <testcase classname="ContentAutomationWorkflow advanced automation logic should handle automated content scheduling" name="ContentAutomationWorkflow advanced automation logic should handle automated content scheduling" time="0.01">
    </testcase>
    <testcase classname="ContentAutomationWorkflow advanced automation logic should handle automated content optimization" name="ContentAutomationWorkflow advanced automation logic should handle automated content optimization" time="0.008">
    </testcase>
    <testcase classname="ContentAutomationWorkflow advanced automation logic should handle automated analytics and reporting" name="ContentAutomationWorkflow advanced automation logic should handle automated analytics and reporting" time="0.006">
    </testcase>
    <testcase classname="ContentAutomationWorkflow advanced automation logic should handle automated content distribution" name="ContentAutomationWorkflow advanced automation logic should handle automated content distribution" time="0.006">
    </testcase>
    <testcase classname="ContentAutomationWorkflow scheduling system integration should validate scheduling constraints" name="ContentAutomationWorkflow scheduling system integration should validate scheduling constraints" time="0.008">
    </testcase>
    <testcase classname="ContentAutomationWorkflow scheduling system integration should handle timezone conversions correctly" name="ContentAutomationWorkflow scheduling system integration should handle timezone conversions correctly" time="0.009">
    </testcase>
    <testcase classname="ContentAutomationWorkflow scheduling system integration should handle recurring schedule patterns" name="ContentAutomationWorkflow scheduling system integration should handle recurring schedule patterns" time="0.013">
    </testcase>
    <testcase classname="ContentAutomationWorkflow comprehensive error handling should handle API rate limiting gracefully" name="ContentAutomationWorkflow comprehensive error handling should handle API rate limiting gracefully" time="0.073">
    </testcase>
    <testcase classname="ContentAutomationWorkflow comprehensive error handling should handle service unavailability with retry logic" name="ContentAutomationWorkflow comprehensive error handling should handle service unavailability with retry logic" time="0.009">
    </testcase>
    <testcase classname="ContentAutomationWorkflow comprehensive error handling should handle partial failures in batch processing" name="ContentAutomationWorkflow comprehensive error handling should handle partial failures in batch processing" time="0.01">
      <failure>Error: expect(received).toBeGreaterThan(expected)

Expected: &gt; 0
Received:   0
    at Object.&lt;anonymous&gt; (C:\Users\Cheem\OneDrive\Coding\clipsCommerce\src\services\__tests__\ContentAutomationWorkflow.test.ts:659:43)</failure>
    </testcase>
    <testcase classname="ContentAutomationWorkflow comprehensive error handling should handle resource exhaustion scenarios" name="ContentAutomationWorkflow comprehensive error handling should handle resource exhaustion scenarios" time="0.254">
    </testcase>
    <testcase classname="ContentAutomationWorkflow workflow state persistence should maintain workflow state across interruptions" name="ContentAutomationWorkflow workflow state persistence should maintain workflow state across interruptions" time="0.005">
    </testcase>
    <testcase classname="ContentAutomationWorkflow workflow state persistence should handle workflow resumption after failures" name="ContentAutomationWorkflow workflow state persistence should handle workflow resumption after failures" time="0.006">
    </testcase>
  </testsuite>
  <testsuite name="DashboardPage" errors="0" failures="3" skipped="0" timestamp="2025-06-15T16:59:01" time="1.863" tests="4">
    <testcase classname="DashboardPage renders the dashboard page with greeting" name="DashboardPage renders the dashboard page with greeting" time="0.361">
      <failure>TestingLibraryElementError: Unable to find an element with the text: /Good evening/. This could be because the text is broken up by multiple elements. In this case, you can provide a function for your text matcher to make your matcher more flexible.

Ignored nodes: comments, script, style
&lt;body&gt;
  &lt;div&gt;
    &lt;div
      aria-label=&quot;Dashboard&quot;
      class=&quot;min-h-screen bg-gradient-to-br from-slate-900 via-purple-900 to-slate-900 relative overflow-hidden transition-all duration-1000  performance-balanced&quot;
      role=&quot;main&quot;
    &gt;
      &lt;div
        aria-hidden=&quot;true&quot;
        class=&quot;absolute inset-0 overflow-hidden&quot;
      &gt;
        &lt;div
          class=&quot;absolute inset-0 bg-[var(--grid-background-svg)] opacity-40 transition-opacity duration-1000&quot;
          style=&quot;animation: gridFloat 20s ease-in-out infinite;&quot;
        /&gt;
      &lt;/div&gt;
      &lt;div
        class=&quot;relative z-10 p-6 space-y-8&quot;
      &gt;
        &lt;div
          class=&quot;transition-all duration-1000 opacity-100 translate-y-0&quot;
        &gt;
          &lt;div
            class=&quot;flex flex-col md:flex-row justify-between items-start md:items-center mb-8&quot;
          &gt;
            &lt;div
              class=&quot;space-y-2&quot;
            &gt;
              &lt;div
                class=&quot;flex items-center space-x-4 mb-2&quot;
              &gt;
                &lt;h1
                  class=&quot;text-4xl font-bold bg-gradient-to-r from-purple-500 to-pink-500 bg-clip-text text-transparent animate-pulse&quot;
                &gt;
                  Good morning
                  , 
                  test
                  ! 👋
                &lt;/h1&gt;
                &lt;div
                  class=&quot;flex items-center space-x-2&quot;
                &gt;
                  &lt;div
                    class=&quot;px-3 py-1 rounded-full bg-gradient-to-r from-blue-500 to-cyan-500 text-white text-xs font-medium&quot;
                  &gt;
                    Aurora
                     Theme
                  &lt;/div&gt;
                  &lt;button
                    aria-label=&quot;Change theme&quot;
                    class=&quot;p-2 rounded-full bg-white/10 hover:bg-white/20 transition-all duration-300 hover:scale-110&quot;
                    title=&quot;Change theme&quot;
                  &gt;
                    &lt;svg
                      class=&quot;h-4 w-4 text-white&quot;
                      data-testid=&quot;Sparkles-icon&quot;
                    /&gt;
                  &lt;/button&gt;
                  &lt;div
                    class=&quot;flex items-center space-x-2&quot;
                  &gt;
                    &lt;button
                      aria-label=&quot;Change font size&quot;
                      class=&quot;p-2 rounded-full bg-white/10 hover:bg-white/20 transition-all duration-300&quot;
                      title=&quot;Change font size&quot;
                    &gt;
                      &lt;span
                        class=&quot;text-white text-xs font-bold&quot;
                      &gt;
                        Aa
                      &lt;/span&gt;
                    &lt;/button&gt;
                    &lt;button
                      aria-label=&quot;Toggle high contrast&quot;
                      class=&quot;p-2 rounded-full transition-all duration-300 bg-white/10 hover:bg-white/20 text-white&quot;
                      title=&quot;Toggle high contrast&quot;
                    &gt;
                      &lt;svg
                        class=&quot;h-4 w-4&quot;
                        data-testid=&quot;Eye-icon&quot;
                      /&gt;
                    &lt;/button&gt;
                  &lt;/div&gt;
                &lt;/div&gt;
              &lt;/div&gt;
              &lt;p
                class=&quot;text-gray-300 text-lg&quot;
              &gt;
                Ready to accelerate your content success? Let&apos;s make today amazing.
              &lt;/p&gt;
              &lt;div
                class=&quot;flex items-center space-x-4 text-sm text-gray-400&quot;
              &gt;
                &lt;div
                  class=&quot;flex items-center space-x-2&quot;
                &gt;
                  &lt;svg
                    class=&quot;h-4 w-4&quot;
                    data-testid=&quot;Clock-icon&quot;
                  /&gt;
                  &lt;span&gt;
                    12:59:02 am
                  &lt;/span&gt;
                &lt;/div&gt;
                &lt;div
                  class=&quot;flex items-center space-x-2&quot;
                &gt;
                  &lt;svg
                    class=&quot;h-4 w-4 text-green-400&quot;
                    data-testid=&quot;Activity-icon&quot;
                  /&gt;
                  &lt;span&gt;
                    System Online
                  &lt;/span&gt;
                &lt;/div&gt;
              &lt;/div&gt;
            &lt;/div&gt;
            &lt;div
              class=&quot;flex items-center space-x-4 mt-4 md:mt-0&quot;
            &gt;
              &lt;button
                class=&quot;inline-flex items-center justify-center font-medium focus-visible:outline-none focus-visible:ring-1 focus-visible:ring-ring disabled:pointer-events-none disabled:opacity-50 border bg-background shadow-sm hover:text-accent-foreground h-8 rounded-md px-3 text-xs border-white/30 text-gray-300 hover:bg-white/20 backdrop-blur-sm transition-all duration-300 hover:scale-105 hover:shadow-lg&quot;
              &gt;
                &lt;svg
                  class=&quot;h-4 w-4 mr-2&quot;
                  data-testid=&quot;RefreshCw-icon&quot;
                /&gt;
                Refresh
              &lt;/button&gt;
              &lt;div
                class=&quot;rounded-xl border bg-card text-card-foreground shadow bg-gradient-to-br from-neutral-900 to-neutral-800 border-neutral-700&quot;
              &gt;
                &lt;div
                  class=&quot;p-6 pt-0 flex items-center justify-center h-32&quot;
                &gt;
                  &lt;div
                    class=&quot;animate-spin rounded-full h-8 w-8 border...
    at Object.getElementError (C:\Users\Cheem\OneDrive\Coding\clipsCommerce\node_modules\@testing-library\dom\dist\config.js:37:19)
    at C:\Users\Cheem\OneDrive\Coding\clipsCommerce\node_modules\@testing-library\dom\dist\query-helpers.js:76:38
    at C:\Users\Cheem\OneDrive\Coding\clipsCommerce\node_modules\@testing-library\dom\dist\query-helpers.js:52:17
    at C:\Users\Cheem\OneDrive\Coding\clipsCommerce\node_modules\@testing-library\dom\dist\query-helpers.js:95:19
    at Object.&lt;anonymous&gt; (C:\Users\Cheem\OneDrive\Coding\clipsCommerce\src\__tests__\dashboard-page.test.tsx:75:19)
    at Promise.then.completed (C:\Users\Cheem\OneDrive\Coding\clipsCommerce\node_modules\jest-circus\build\utils.js:298:28)
    at new Promise (&lt;anonymous&gt;)
    at callAsyncCircusFn (C:\Users\Cheem\OneDrive\Coding\clipsCommerce\node_modules\jest-circus\build\utils.js:231:10)
    at _callCircusTest (C:\Users\Cheem\OneDrive\Coding\clipsCommerce\node_modules\jest-circus\build\run.js:316:40)
    at processTicksAndRejections (node:internal/process/task_queues:105:5)
    at _runTest (C:\Users\Cheem\OneDrive\Coding\clipsCommerce\node_modules\jest-circus\build\run.js:252:3)
    at _runTestsForDescribeBlock (C:\Users\Cheem\OneDrive\Coding\clipsCommerce\node_modules\jest-circus\build\run.js:126:9)
    at _runTestsForDescribeBlock (C:\Users\Cheem\OneDrive\Coding\clipsCommerce\node_modules\jest-circus\build\run.js:121:9)
    at run (C:\Users\Cheem\OneDrive\Coding\clipsCommerce\node_modules\jest-circus\build\run.js:71:3)
    at runAndTransformResultsToJestFormat (C:\Users\Cheem\OneDrive\Coding\clipsCommerce\node_modules\jest-circus\build\legacy-code-todo-rewrite\jestAdapterInit.js:122:21)
    at jestAdapter (C:\Users\Cheem\OneDrive\Coding\clipsCommerce\node_modules\jest-circus\build\legacy-code-todo-rewrite\jestAdapter.js:79:19)
    at runTestInternal (C:\Users\Cheem\OneDrive\Coding\clipsCommerce\node_modules\jest-runner\build\runTest.js:367:16)
    at runTest (C:\Users\Cheem\OneDrive\Coding\clipsCommerce\node_modules\jest-runner\build\runTest.js:444:34)
    at Object.worker (C:\Users\Cheem\OneDrive\Coding\clipsCommerce\node_modules\jest-runner\build\testWorker.js:106:12)</failure>
    </testcase>
    <testcase classname="DashboardPage renders workflow cards" name="DashboardPage renders workflow cards" time="0.12">
    </testcase>
    <testcase classname="DashboardPage renders performance charts" name="DashboardPage renders performance charts" time="0.135">
      <failure>TestingLibraryElementError: Unable to find an element with the text: Sales. This could be because the text is broken up by multiple elements. In this case, you can provide a function for your text matcher to make your matcher more flexible.

Ignored nodes: comments, script, style
&lt;body&gt;
  &lt;div&gt;
    &lt;div
      aria-label=&quot;Dashboard&quot;
      class=&quot;min-h-screen bg-gradient-to-br from-slate-900 via-purple-900 to-slate-900 relative overflow-hidden transition-all duration-1000  performance-balanced&quot;
      role=&quot;main&quot;
    &gt;
      &lt;div
        aria-hidden=&quot;true&quot;
        class=&quot;absolute inset-0 overflow-hidden&quot;
      &gt;
        &lt;div
          class=&quot;absolute inset-0 bg-[var(--grid-background-svg)] opacity-40 transition-opacity duration-1000&quot;
          style=&quot;animation: gridFloat 20s ease-in-out infinite;&quot;
        /&gt;
      &lt;/div&gt;
      &lt;div
        class=&quot;relative z-10 p-6 space-y-8&quot;
      &gt;
        &lt;div
          class=&quot;transition-all duration-1000 opacity-100 translate-y-0&quot;
        &gt;
          &lt;div
            class=&quot;flex flex-col md:flex-row justify-between items-start md:items-center mb-8&quot;
          &gt;
            &lt;div
              class=&quot;space-y-2&quot;
            &gt;
              &lt;div
                class=&quot;flex items-center space-x-4 mb-2&quot;
              &gt;
                &lt;h1
                  class=&quot;text-4xl font-bold bg-gradient-to-r from-purple-500 to-pink-500 bg-clip-text text-transparent animate-pulse&quot;
                &gt;
                  Good morning
                  , 
                  test
                  ! 👋
                &lt;/h1&gt;
                &lt;div
                  class=&quot;flex items-center space-x-2&quot;
                &gt;
                  &lt;div
[...]
    at jestAdapter (C:\Users\Cheem\OneDrive\Coding\clipsCommerce\node_modules\jest-circus\build\legacy-code-todo-rewrite\jestAdapter.js:79:19)
    at runTestInternal (C:\Users\Cheem\OneDrive\Coding\clipsCommerce\node_modules\jest-runner\build\runTest.js:367:16)
    at runTest (C:\Users\Cheem\OneDrive\Coding\clipsCommerce\node_modules\jest-runner\build\runTest.js:444:34)
    at Object.worker (C:\Users\Cheem\OneDrive\Coding\clipsCommerce\node_modules\jest-runner\build\testWorker.js:106:12)</failure>
    </testcase>
    <testcase classname="Team Mode Dashboard Integration Root Redirect Logic for Team Users should handle browser back/forward navigation" name="Team Mode Dashboard Integration Root Redirect Logic for Team Users should handle browser back/forward navigation" time="1.016">
      <failure>Error: expect(jest.fn()).toHaveBeenCalledWith(...expected)

Expected: &quot;/team-dashboard&quot;

Number of calls: 0

Ignored nodes: comments, script, style
&lt;html&gt;
  &lt;head /&gt;
  &lt;body&gt;
    &lt;div&gt;
      &lt;div&gt;
        Navigation aware root
      &lt;/div&gt;
    &lt;/div&gt;
  &lt;/body&gt;
&lt;/html&gt;
    at C:\Users\Cheem\OneDrive\Coding\clipsCommerce\src\__tests__\team-dashboard\TeamModeIntegration.test.tsx:1650:26
    at runWithExpensiveErrorDiagnosticsDisabled (C:\Users\Cheem\OneDrive\Coding\clipsCommerce\node_modules\@testing-library\dom\dist\config.js:47:12)
    at checkCallback (C:\Users\Cheem\OneDrive\Coding\clipsCommerce\node_modules\@testing-library\dom\dist\wait-for.js:124:77)
    at checkRealTimersCallback (C:\Users\Cheem\OneDrive\Coding\clipsCommerce\node_modules\@testing-library\dom\dist\wait-for.js:118:16)
    at Timeout.task [as _onTimeout] (C:\Users\Cheem\OneDrive\Coding\clipsCommerce\node_modules\jsdom\lib\jsdom\browser\Window.js:579:19)
    at listOnTimeout (node:internal/timers:588:17)
    at processTimers (node:internal/timers:523:7)</failure>
    </testcase>
    <testcase classname="Team Mode Dashboard Integration Root Redirect Logic for Team Users should handle redirect with fragments and complex URLs" name="Team Mode Dashboard Integration Root Redirect Logic for Team Users should handle redirect with fragments and complex URLs" time="0.002">
      <failure>TypeError: Cannot redefine property: location
    at Function.defineProperty (&lt;anonymous&gt;)
    at Object.&lt;anonymous&gt; (C:\Users\Cheem\OneDrive\Coding\clipsCommerce\src\__tests__\team-dashboard\TeamModeIntegration.test.tsx:1692:14)
    at Promise.then.completed (C:\Users\Cheem\OneDrive\Coding\clipsCommerce\node_modules\jest-circus\build\utils.js:298:28)
    at new Promise (&lt;anonymous&gt;)
    at callAsyncCircusFn (C:\Users\Cheem\OneDrive\Coding\clipsCommerce\node_modules\jest-circus\build\utils.js:231:10)
    at _callCircusTest (C:\Users\Cheem\OneDrive\Coding\clipsCommerce\node_modules\jest-circus\build\run.js:316:40)
    at _runTest (C:\Users\Cheem\OneDrive\Coding\clipsCommerce\node_modules\jest-circus\build\run.js:252:3)
    at _runTestsForDescribeBlock (C:\Users\Cheem\OneDrive\Coding\clipsCommerce\node_modules\jest-circus\build\run.js:126:9)
    at _runTestsForDescribeBlock (C:\Users\Cheem\OneDrive\Coding\clipsCommerce\node_modules\jest-circus\build\run.js:121:9)
    at _runTestsForDescribeBlock (C:\Users\Cheem\OneDrive\Coding\clipsCommerce\node_modules\jest-circus\build\run.js:121:9)
    at run (C:\Users\Cheem\OneDrive\Coding\clipsCommerce\node_modules\jest-circus\build\run.js:71:3)
    at runAndTransformResultsToJestFormat (C:\Users\Cheem\OneDrive\Coding\clipsCommerce\node_modules\jest-circus\build\legacy-code-todo-rewrite\jestAdapterInit.js:122:21)
    at jestAdapter (C:\Users\Cheem\OneDrive\Coding\clipsCommerce\node_modules\jest-circus\build\legacy-code-todo-rewrite\jestAdapter.js:79:19)
    at runTestInternal (C:\Users\Cheem\OneDrive\Coding\clipsCommerce\node_modules\jest-runner\build\runTest.js:367:16)
    at runTest (C:\Users\Cheem\OneDrive\Coding\clipsCommerce\node_modules\jest-runner\build\runTest.js:444:34)
    at Object.worker (C:\Users\Cheem\OneDrive\Coding\clipsCommerce\node_modules\jest-runner\build\testWorker.js:106:12)</failure>
    </testcase>
    <testcase classname="Team Mode Dashboard Integration Integration with Real Components should work with actual team dashboard layout" name="Team Mode Dashboard Integration Integration with Real Components should work with actual team dashboard layout" time="0.026">
    </testcase>
    <testcase classname="Team Mode Provider should provide context to child components" name="Team Mode Provider should provide context to child components" time="0.007">
    </testcase>
    <testcase classname="Team Mode Provider should throw error when used outside provider" name="Team Mode Provider should throw error when used outside provider" time="0.018">
    </testcase>
    <testcase classname="Error Boundary Edge Cases should handle async errors" name="Error Boundary Edge Cases should handle async errors" time="0.005">
    </testcase>
    <testcase classname="Error Boundary Edge Cases should provide error details in development" name="Error Boundary Edge Cases should provide error details in development" time="0.047">
    </testcase>
  </testsuite>
  <testsuite name="Production Readiness Verification" errors="0" failures="0" skipped="0" timestamp="2025-06-15T16:59:11" time="0.363" tests="28">
    <testcase classname="Production Readiness Verification Core Implementation Status should verify pricing structure is updated" name="Production Readiness Verification Core Implementation Status should verify pricing structure is updated" time="0.001">
    </testcase>
    <testcase classname="Production Readiness Verification Core Implementation Status should verify usage limits are implemented" name="Production Readiness Verification Core Implementation Status should verify usage limits are implemented" time="0">
    </testcase>
    <testcase classname="Production Readiness Verification Core Implementation Status should verify team dashboard protection is active" name="Production Readiness Verification Core Implementation Status should verify team dashboard protection is active" time="0.001">
    </testcase>
    <testcase classname="Production Readiness Verification Core Implementation Status should verify brand colors are consistently applied" name="Production Readiness Verification Core Implementation Status should verify brand colors are consistently applied" time="0.001">
    </testcase>
    <testcase classname="Production Readiness Verification Core Implementation Status should verify CTA links point to dashboard" name="Production Readiness Verification Core Implementation Status should verify CTA links point to dashboard" time="0">
    </testcase>
    <testcase classname="Production Readiness Verification Core Implementation Status should verify resources page has comprehensive templates" name="Production Readiness Verification Core Implementation Status should verify resources page has comprehensive templates" time="0.001">
    </testcase>
    <testcase classname="Production Readiness Verification Core Implementation Status should verify API docs shows coming soon" name="Production Readiness Verification Core Implementation Status should verify API docs shows coming soon" time="0.001">
    </testcase>
    <testcase classname="Production Readiness Verification Core Implementation Status should verify solutions page is redesigned" name="Production Readiness Verification Core Implementation Status should verify solutions page is redesigned" time="0">
    </testcase>
    <testcase classname="Production Readiness Verification Core Implementation Status should verify scroll bar issues are fixed" name="Production Readiness Verification Core Implementation Status should verify scroll bar issues are fixed" time="0.001">
    </testcase>
    <testcase classname="Production Readiness Verification Core Implementation Status should verify terms of service styling is updated" name="Production Readiness Verification Core Implementation Status should verify terms of service styling is updated" time="0.001">
    </testcase>
    <testcase classname="Production Readiness Verification Feature Completeness should have all required pricing tiers" name="Production Readiness Verification Feature Completeness should have all required pricing tiers" time="0.001">
    </testcase>
    <testcase classname="Production Readiness Verification Feature Completeness should have proper usage tracking across all features" name="Production Readiness Verification Feature Completeness should have proper usage tracking across all features" time="0.001">
    </testcase>
    <testcase classname="Production Readiness Verification Feature Completeness should have team dashboard with proper access controls" name="Production Readiness Verification Feature Completeness should have team dashboard with proper access controls" time="0">
    </testcase>
    <testcase classname="Production Readiness Verification Feature Completeness should have comprehensive content templates" name="Production Readiness Verification Feature Completeness should have comprehensive content templates" time="0.002">
    </testcase>
    <testcase classname="Production Readiness Verification User Experience Validation should have consistent brand experience" name="Production Readiness Verification User Experience Validation should have consistent brand experience" time="0.001">
    </testcase>
    <testcase classname="Production Readiness Verification User Experience Validation should have clear upgrade paths" name="Production Readiness Verification User Experience Validation should have clear upgrade paths" time="0">
    </testcase>
    <testcase classname="Production Readiness Verification User Experience Validation should have proper error handling" name="Production Readiness Verification User Experience Validation should have proper error handling" time="0">
    </testcase>
    <testcase classname="Production Readiness Verification User Experience Validation should have responsive design" name="Production Readiness Verification User Experience Validation should have responsive design" time="0.001">
    </testcase>
    <testcase classname="Production Readiness Verification Performance and Reliability should load quickly without memory leaks" name="Production Readiness Verification Performance and Reliability should load quickly without memory leaks" time="0">
    </testcase>
    <testcase classname="Production Readiness Verification Performance and Reliability should handle concurrent users" name="Production Readiness Verification Performance and Reliability should handle concurrent users" time="0.001">
    </testcase>
    <testcase classname="Production Readiness Verification Performance and Reliability should have proper caching" name="Production Readiness Verification Performance and Reliability should have proper caching" time="0">
    </testcase>
    <testcase classname="Production Readiness Verification Security and Access Control should properly restrict team dashboard access" name="Production Readiness Verification Security and Access Control should properly restrict team dashboard access" time="0">
    </testcase>
    <testcase classname="Production Readiness Verification Security and Access Control should enforce usage limits correctly" name="Production Readiness Verification Security and Access Control should enforce usage limits correctly" time="0.001">
    </testcase>
    <testcase classname="Production Readiness Verification Security and Access Control should handle authentication states" name="Production Readiness Verification Security and Access Control should handle authentication states" time="0">
    </testcase>
    <testcase classname="End-to-End Production Readiness should complete full user journey from landing to dashboard" name="End-to-End Production Readiness should complete full user journey from landing to dashboard" time="0.001">
    </testcase>
    <testcase classname="End-to-End Production Readiness should handle subscription upgrades correctly" name="End-to-End Production Readiness should handle subscription upgrades correctly" time="0">
    </testcase>
    <testcase classname="End-to-End Production Readiness should track usage across all features" name="End-to-End Production Readiness should track usage across all features" time="0.001">
    </testcase>
    <testcase classname="End-to-End Production Readiness should provide consistent experience across all pages" name="End-to-End Production Readiness should provide consistent experience across all pages" time="0.001">
    </testcase>
  </testsuite>
  <testsuite name="Scroll Behavior" errors="0" failures="0" skipped="0" timestamp="2025-06-15T16:59:11" time="0.451" tests="4">
    <testcase classname="Scroll Behavior Smooth Scroll Implementation should have smooth scroll behavior in CSS" name="Scroll Behavior Smooth Scroll Implementation should have smooth scroll behavior in CSS" time="0.004">
    </testcase>
    <testcase classname="Scroll Behavior Smooth Scroll Implementation should scroll to features section when features link is clicked" name="Scroll Behavior Smooth Scroll Implementation should scroll to features section when features link is clicked" time="0.021">
    </testcase>
    <testcase classname="Scroll Behavior Anchor Link Navigation should handle hash navigation correctly" name="Scroll Behavior Anchor Link Navigation should handle hash navigation correctly" time="0.004">
    </testcase>
    <testcase classname="Scroll Behavior Anchor Link Navigation should scroll to correct position when hash changes" name="Scroll Behavior Anchor Link Navigation should scroll to correct position when hash changes" time="0.005">
    </testcase>
  </testsuite>
  <testsuite name="Payment Flow Verification" errors="0" failures="0" skipped="0" timestamp="2025-06-15T16:59:11" time="0.457" tests="4">
    <testcase classname="Payment Flow Verification should have correct environment variable names" name="Payment Flow Verification should have correct environment variable names" time="0.003">
    </testcase>
    <testcase classname="Payment Flow Verification should handle plan selection logic correctly" name="Payment Flow Verification should handle plan selection logic correctly" time="0.003">
    </testcase>
    <testcase classname="Payment Flow Verification should handle team plan redirect logic" name="Payment Flow Verification should handle team plan redirect logic" time="0.001">
    </testcase>
    <testcase classname="Payment Flow Verification should validate pricing structure" name="Payment Flow Verification should validate pricing structure" time="0.002">
    </testcase>
  </testsuite>
  <testsuite name="Simple Test" errors="0" failures="0" skipped="0" timestamp="2025-06-15T16:59:12" time="0.336" tests="1">
    <testcase classname="Simple Test should pass" name="Simple Test should pass" time="0.002">
    </testcase>
  </testsuite>
  <testsuite name="undefined" errors="0" failures="0" skipped="0" timestamp="2025-06-15T16:59:12" time="0.339" tests="1">
    <testcase classname=" 1 + 1 equals 2" name=" 1 + 1 equals 2" time="0.003">
    </testcase>
  </testsuite>
  <testsuite name="Example Test Suite" errors="0" failures="0" skipped="0" timestamp="2025-06-15T16:59:12" time="0.374" tests="1">
    <testcase classname="Example Test Suite should pass a simple test" name="Example Test Suite should pass a simple test" time="0.004">
    </testcase>
  </testsuite>
  <testsuite name="TikTok Client Tests" errors="0" failures="0" skipped="0" timestamp="2025-06-15T16:59:12" time="0.386" tests="1">
    <testcase classname="TikTok Client Tests should pass a basic test" name="TikTok Client Tests should pass a basic test" time="0.011">
    </testcase>
  </testsuite>
  <testsuite name="ContactSection" errors="0" failures="0" skipped="0" timestamp="2025-06-15T16:59:08" time="13.832" tests="18">
    <testcase classname="ContactSection Rendering should render the contact section with default props" name="ContactSection Rendering should render the contact section with default props" time="0.081">
    </testcase>
    <testcase classname="ContactSection Rendering should render without title when showTitle is false" name="ContactSection Rendering should render without title when showTitle is false" time="0.024">
    </testcase>
    <testcase classname="ContactSection Rendering should apply custom className" name="ContactSection Rendering should apply custom className" time="0.011">
    </testcase>
    <testcase classname="ContactSection Rendering should render email contact information" name="ContactSection Rendering should render email contact information" time="0.042">
    </testcase>
    <testcase classname="ContactSection Form Interaction should update form fields when user types" name="ContactSection Form Interaction should update form fields when user types" time="1.218">
    </testcase>
    <testcase classname="ContactSection Form Interaction should submit form with valid data and show success message" name="ContactSection Form Interaction should submit form with valid data and show success message" time="2.656">
    </testcase>
    <testcase classname="ContactSection Form Interaction should reset form when reset button is clicked" name="ContactSection Form Interaction should reset form when reset button is clicked" time="0.573">
    </testcase>
    <testcase classname="ContactSection Form Interaction should show character count for message field" name="ContactSection Form Interaction should show character count for message field" time="0.181">
    </testcase>
    <testcase classname="ContactSection Form Validation should validate required fields on form submission" name="ContactSection Form Validation should validate required fields on form submission" time="0.066">
    </testcase>
    <testcase classname="ContactSection Form Validation should validate email format on form submission" name="ContactSection Form Validation should validate email format on form submission" time="1.215">
    </testcase>
    <testcase classname="ContactSection Form Validation should validate message length on form submission" name="ContactSection Form Validation should validate message length on form submission" time="0.835">
    </testcase>
    <testcase classname="ContactSection Form Validation should clear validation errors when user starts typing" name="ContactSection Form Validation should clear validation errors when user starts typing" time="0.178">
    </testcase>
    <testcase classname="ContactSection Form Validation should show validation feedback on form submission with mixed valid/invalid data" name="ContactSection Form Validation should show validation feedback on form submission with mixed valid/invalid data" time="1.19">
    </testcase>
    <testcase classname="ContactSection Accessibility should have proper form labels and ARIA attributes" name="ContactSection Accessibility should have proper form labels and ARIA attributes" time="0.01">
    </testcase>
    <testcase classname="ContactSection Accessibility should associate error messages with form fields" name="ContactSection Accessibility should associate error messages with form fields" time="0.07">
    </testcase>
    <testcase classname="ContactSection Accessibility should announce validation errors to screen readers" name="ContactSection Accessibility should announce validation errors to screen readers" time="0.062">
    </testcase>
    <testcase classname="ContactSection Loading States should show loading state during form submission" name="ContactSection Loading States should show loading state during form submission" time="2.255">
    </testcase>
    <testcase classname="ContactSection Loading States should disable form during submission" name="ContactSection Loading States should disable form during submission" time="2.29">
    </testcase>
  </testsuite>
</testsuites>