<?xml version="1.0" encoding="UTF-8"?>
<testsuites name="jest tests" tests="298" failures="42" errors="0" time="22.969">
  <testsuite name="Payment Flow - Core Functionality" errors="0" failures="7" skipped="0" timestamp="2025-06-15T04:14:58" time="3.112" tests="8">
    <testcase classname="Payment Flow - Core Functionality should render all pricing plans" name="Payment Flow - Core Functionality should render all pricing plans" time="0.012">
      <failure>TypeError: window.location.assign.mockClear is not a function
    at Object.&lt;anonymous&gt; (C:\Users\Cheem\OneDrive\Coding\clipsCommerce\src\__tests__\payment-flow-simple.test.tsx:139:52)
    at Promise.then.completed (C:\Users\Cheem\OneDrive\Coding\clipsCommerce\node_modules\jest-circus\build\utils.js:298:28)
    at new Promise (&lt;anonymous&gt;)
    at callAsyncCircusFn (C:\Users\Cheem\OneDrive\Coding\clipsCommerce\node_modules\jest-circus\build\utils.js:231:10)
    at _callCircusHook (C:\Users\Cheem\OneDrive\Coding\clipsCommerce\node_modules\jest-circus\build\run.js:281:40)
    at processTicksAndRejections (node:internal/process/task_queues:105:5)
    at _runTest (C:\Users\Cheem\OneDrive\Coding\clipsCommerce\node_modules\jest-circus\build\run.js:246:5)
    at _runTestsForDescribeBlock (C:\Users\Cheem\OneDrive\Coding\clipsCommerce\node_modules\jest-circus\build\run.js:126:9)
    at _runTestsForDescribeBlock (C:\Users\Cheem\OneDrive\Coding\clipsCommerce\node_modules\jest-circus\build\run.js:121:9)
    at run (C:\Users\Cheem\OneDrive\Coding\clipsCommerce\node_modules\jest-circus\build\run.js:71:3)
    at runAndTransformResultsToJestFormat (C:\Users\Cheem\OneDrive\Coding\clipsCommerce\node_modules\jest-circus\build\legacy-code-todo-rewrite\jestAdapterInit.js:122:21)
    at jestAdapter (C:\Users\Cheem\OneDrive\Coding\clipsCommerce\node_modules\jest-circus\build\legacy-code-todo-rewrite\jestAdapter.js:79:19)
    at runTestInternal (C:\Users\Cheem\OneDrive\Coding\clipsCommerce\node_modules\jest-runner\build\runTest.js:367:16)
    at runTest (C:\Users\Cheem\OneDrive\Coding\clipsCommerce\node_modules\jest-runner\build\runTest.js:444:34)
    at Object.worker (C:\Users\Cheem\OneDrive\Coding\clipsCommerce\node_modules\jest-runner\build\testWorker.js:106:12)</failure>
    </testcase>
    <testcase classname="Payment Flow - Core Functionality should toggle between monthly and yearly billing" name="Payment Flow - Core Functionality should toggle between monthly and yearly billing" time="0.005">
      <failure>TypeError: window.location.assign.mockClear is not a function
    at Object.&lt;anonymous&gt; (C:\Users\Cheem\OneDrive\Coding\clipsCommerce\src\__tests__\payment-flow-simple.test.tsx:139:52)
    at Promise.then.completed (C:\Users\Cheem\OneDrive\Coding\clipsCommerce\node_modules\jest-circus\build\utils.js:298:28)
    at new Promise (&lt;anonymous&gt;)
    at callAsyncCircusFn (C:\Users\Cheem\OneDrive\Coding\clipsCommerce\node_modules\jest-circus\build\utils.js:231:10)
    at _callCircusHook (C:\Users\Cheem\OneDrive\Coding\clipsCommerce\node_modules\jest-circus\build\run.js:281:40)
    at processTicksAndRejections (node:internal/process/task_queues:105:5)
    at _runTest (C:\Users\Cheem\OneDrive\Coding\clipsCommerce\node_modules\jest-circus\build\run.js:246:5)
    at _runTestsForDescribeBlock (C:\Users\Cheem\OneDrive\Coding\clipsCommerce\node_modules\jest-circus\build\run.js:126:9)
    at _runTestsForDescribeBlock (C:\Users\Cheem\OneDrive\Coding\clipsCommerce\node_modules\jest-circus\build\run.js:121:9)
    at run (C:\Users\Cheem\OneDrive\Coding\clipsCommerce\node_modules\jest-circus\build\run.js:71:3)
    at runAndTransformResultsToJestFormat (C:\Users\Cheem\OneDrive\Coding\clipsCommerce\node_modules\jest-circus\build\legacy-code-todo-rewrite\jestAdapterInit.js:122:21)
    at jestAdapter (C:\Users\Cheem\OneDrive\Coding\clipsCommerce\node_modules\jest-circus\build\legacy-code-todo-rewrite\jestAdapter.js:79:19)
    at runTestInternal (C:\Users\Cheem\OneDrive\Coding\clipsCommerce\node_modules\jest-runner\build\runTest.js:367:16)
    at runTest (C:\Users\Cheem\OneDrive\Coding\clipsCommerce\node_modules\jest-runner\build\runTest.js:444:34)
    at Object.worker (C:\Users\Cheem\OneDrive\Coding\clipsCommerce\node_modules\jest-runner\build\testWorker.js:106:12)</failure>
    </testcase>
    <testcase classname="Payment Flow - Core Functionality should use correct Stripe link for Pro yearly plan" name="Payment Flow - Core Functionality should use correct Stripe link for Pro yearly plan" time="0.002">
      <failure>TypeError: window.location.assign.mockClear is not a function
    at Object.&lt;anonymous&gt; (C:\Users\Cheem\OneDrive\Coding\clipsCommerce\src\__tests__\payment-flow-simple.test.tsx:139:52)
    at Promise.then.completed (C:\Users\Cheem\OneDrive\Coding\clipsCommerce\node_modules\jest-circus\build\utils.js:298:28)
    at new Promise (&lt;anonymous&gt;)
    at callAsyncCircusFn (C:\Users\Cheem\OneDrive\Coding\clipsCommerce\node_modules\jest-circus\build\utils.js:231:10)
    at _callCircusHook (C:\Users\Cheem\OneDrive\Coding\clipsCommerce\node_modules\jest-circus\build\run.js:281:40)
    at processTicksAndRejections (node:internal/process/task_queues:105:5)
    at _runTest (C:\Users\Cheem\OneDrive\Coding\clipsCommerce\node_modules\jest-circus\build\run.js:246:5)
    at _runTestsForDescribeBlock (C:\Users\Cheem\OneDrive\Coding\clipsCommerce\node_modules\jest-circus\build\run.js:126:9)
    at _runTestsForDescribeBlock (C:\Users\Cheem\OneDrive\Coding\clipsCommerce\node_modules\jest-circus\build\run.js:121:9)
    at run (C:\Users\Cheem\OneDrive\Coding\clipsCommerce\node_modules\jest-circus\build\run.js:71:3)
    at runAndTransformResultsToJestFormat (C:\Users\Cheem\OneDrive\Coding\clipsCommerce\node_modules\jest-circus\build\legacy-code-todo-rewrite\jestAdapterInit.js:122:21)
    at jestAdapter (C:\Users\Cheem\OneDrive\Coding\clipsCommerce\node_modules\jest-circus\build\legacy-code-todo-rewrite\jestAdapter.js:79:19)
    at runTestInternal (C:\Users\Cheem\OneDrive\Coding\clipsCommerce\node_modules\jest-runner\build\runTest.js:367:16)
    at runTest (C:\Users\Cheem\OneDrive\Coding\clipsCommerce\node_modules\jest-runner\build\runTest.js:444:34)
    at Object.worker (C:\Users\Cheem\OneDrive\Coding\clipsCommerce\node_modules\jest-runner\build\testWorker.js:106:12)</failure>
    </testcase>
    <testcase classname="Payment Flow - Core Functionality should use correct Stripe link for Pro monthly plan" name="Payment Flow - Core Functionality should use correct Stripe link for Pro monthly plan" time="0.002">
      <failure>TypeError: window.location.assign.mockClear is not a function
    at Object.&lt;anonymous&gt; (C:\Users\Cheem\OneDrive\Coding\clipsCommerce\src\__tests__\payment-flow-simple.test.tsx:139:52)
    at Promise.then.completed (C:\Users\Cheem\OneDrive\Coding\clipsCommerce\node_modules\jest-circus\build\utils.js:298:28)
    at new Promise (&lt;anonymous&gt;)
    at callAsyncCircusFn (C:\Users\Cheem\OneDrive\Coding\clipsCommerce\node_modules\jest-circus\build\utils.js:231:10)
    at _callCircusHook (C:\Users\Cheem\OneDrive\Coding\clipsCommerce\node_modules\jest-circus\build\run.js:281:40)
    at processTicksAndRejections (node:internal/process/task_queues:105:5)
    at _runTest (C:\Users\Cheem\OneDrive\Coding\clipsCommerce\node_modules\jest-circus\build\run.js:246:5)
    at _runTestsForDescribeBlock (C:\Users\Cheem\OneDrive\Coding\clipsCommerce\node_modules\jest-circus\build\run.js:126:9)
    at _runTestsForDescribeBlock (C:\Users\Cheem\OneDrive\Coding\clipsCommerce\node_modules\jest-circus\build\run.js:121:9)
    at run (C:\Users\Cheem\OneDrive\Coding\clipsCommerce\node_modules\jest-circus\build\run.js:71:3)
    at runAndTransformResultsToJestFormat (C:\Users\Cheem\OneDrive\Coding\clipsCommerce\node_modules\jest-circus\build\legacy-code-todo-rewrite\jestAdapterInit.js:122:21)
    at jestAdapter (C:\Users\Cheem\OneDrive\Coding\clipsCommerce\node_modules\jest-circus\build\legacy-code-todo-rewrite\jestAdapter.js:79:19)
    at runTestInternal (C:\Users\Cheem\OneDrive\Coding\clipsCommerce\node_modules\jest-runner\build\runTest.js:367:16)
    at runTest (C:\Users\Cheem\OneDrive\Coding\clipsCommerce\node_modules\jest-runner\build\runTest.js:444:34)
    at Object.worker (C:\Users\Cheem\OneDrive\Coding\clipsCommerce\node_modules\jest-runner\build\testWorker.js:106:12)</failure>
    </testcase>
    <testcase classname="Payment Flow - Core Functionality should use correct Stripe link for Team yearly plan and set redirect" name="Payment Flow - Core Functionality should use correct Stripe link for Team yearly plan and set redirect" time="0.002">
      <failure>TypeError: window.location.assign.mockClear is not a function
    at Object.&lt;anonymous&gt; (C:\Users\Cheem\OneDrive\Coding\clipsCommerce\src\__tests__\payment-flow-simple.test.tsx:139:52)
    at Promise.then.completed (C:\Users\Cheem\OneDrive\Coding\clipsCommerce\node_modules\jest-circus\build\utils.js:298:28)
    at new Promise (&lt;anonymous&gt;)
    at callAsyncCircusFn (C:\Users\Cheem\OneDrive\Coding\clipsCommerce\node_modules\jest-circus\build\utils.js:231:10)
    at _callCircusHook (C:\Users\Cheem\OneDrive\Coding\clipsCommerce\node_modules\jest-circus\build\run.js:281:40)
    at processTicksAndRejections (node:internal/process/task_queues:105:5)
    at _runTest (C:\Users\Cheem\OneDrive\Coding\clipsCommerce\node_modules\jest-circus\build\run.js:246:5)
    at _runTestsForDescribeBlock (C:\Users\Cheem\OneDrive\Coding\clipsCommerce\node_modules\jest-circus\build\run.js:126:9)
    at _runTestsForDescribeBlock (C:\Users\Cheem\OneDrive\Coding\clipsCommerce\node_modules\jest-circus\build\run.js:121:9)
    at run (C:\Users\Cheem\OneDrive\Coding\clipsCommerce\node_modules\jest-circus\build\run.js:71:3)
    at runAndTransformResultsToJestFormat (C:\Users\Cheem\OneDrive\Coding\clipsCommerce\node_modules\jest-circus\build\legacy-code-todo-rewrite\jestAdapterInit.js:122:21)
    at jestAdapter (C:\Users\Cheem\OneDrive\Coding\clipsCommerce\node_modules\jest-circus\build\legacy-code-todo-rewrite\jestAdapter.js:79:19)
    at runTestInternal (C:\Users\Cheem\OneDrive\Coding\clipsCommerce\node_modules\jest-runner\build\runTest.js:367:16)
    at runTest (C:\Users\Cheem\OneDrive\Coding\clipsCommerce\node_modules\jest-runner\build\runTest.js:444:34)
    at Object.worker (C:\Users\Cheem\OneDrive\Coding\clipsCommerce\node_modules\jest-runner\build\testWorker.js:106:12)</failure>
    </testcase>
    <testcase classname="Payment Flow - Core Functionality should use correct Stripe link for Team monthly plan and set redirect" name="Payment Flow - Core Functionality should use correct Stripe link for Team monthly plan and set redirect" time="0.003">
      <failure>TypeError: window.location.assign.mockClear is not a function
    at Object.&lt;anonymous&gt; (C:\Users\Cheem\OneDrive\Coding\clipsCommerce\src\__tests__\payment-flow-simple.test.tsx:139:52)
    at Promise.then.completed (C:\Users\Cheem\OneDrive\Coding\clipsCommerce\node_modules\jest-circus\build\utils.js:298:28)
    at new Promise (&lt;anonymous&gt;)
    at callAsyncCircusFn (C:\Users\Cheem\OneDrive\Coding\clipsCommerce\node_modules\jest-circus\build\utils.js:231:10)
    at _callCircusHook (C:\Users\Cheem\OneDrive\Coding\clipsCommerce\node_modules\jest-circus\build\run.js:281:40)
    at processTicksAndRejections (node:internal/process/task_queues:105:5)
    at _runTest (C:\Users\Cheem\OneDrive\Coding\clipsCommerce\node_modules\jest-circus\build\run.js:246:5)
    at _runTestsForDescribeBlock (C:\Users\Cheem\OneDrive\Coding\clipsCommerce\node_modules\jest-circus\build\run.js:126:9)
    at _runTestsForDescribeBlock (C:\Users\Cheem\OneDrive\Coding\clipsCommerce\node_modules\jest-circus\build\run.js:121:9)
    at run (C:\Users\Cheem\OneDrive\Coding\clipsCommerce\node_modules\jest-circus\build\run.js:71:3)
    at runAndTransformResultsToJestFormat (C:\Users\Cheem\OneDrive\Coding\clipsCommerce\node_modules\jest-circus\build\legacy-code-todo-rewrite\jestAdapterInit.js:122:21)
    at jestAdapter (C:\Users\Cheem\OneDrive\Coding\clipsCommerce\node_modules\jest-circus\build\legacy-code-todo-rewrite\jestAdapter.js:79:19)
    at runTestInternal (C:\Users\Cheem\OneDrive\Coding\clipsCommerce\node_modules\jest-runner\build\runTest.js:367:16)
    at runTest (C:\Users\Cheem\OneDrive\Coding\clipsCommerce\node_modules\jest-runner\build\runTest.js:444:34)
    at Object.worker (C:\Users\Cheem\OneDrive\Coding\clipsCommerce\node_modules\jest-runner\build\testWorker.js:106:12)</failure>
    </testcase>
    <testcase classname="Payment Flow - Core Functionality should handle free plan correctly" name="Payment Flow - Core Functionality should handle free plan correctly" time="0.002">
      <failure>TypeError: window.location.assign.mockClear is not a function
    at Object.&lt;anonymous&gt; (C:\Users\Cheem\OneDrive\Coding\clipsCommerce\src\__tests__\payment-flow-simple.test.tsx:139:52)
    at Promise.then.completed (C:\Users\Cheem\OneDrive\Coding\clipsCommerce\node_modules\jest-circus\build\utils.js:298:28)
    at new Promise (&lt;anonymous&gt;)
    at callAsyncCircusFn (C:\Users\Cheem\OneDrive\Coding\clipsCommerce\node_modules\jest-circus\build\utils.js:231:10)
    at _callCircusHook (C:\Users\Cheem\OneDrive\Coding\clipsCommerce\node_modules\jest-circus\build\run.js:281:40)
    at processTicksAndRejections (node:internal/process/task_queues:105:5)
    at _runTest (C:\Users\Cheem\OneDrive\Coding\clipsCommerce\node_modules\jest-circus\build\run.js:246:5)
    at _runTestsForDescribeBlock (C:\Users\Cheem\OneDrive\Coding\clipsCommerce\node_modules\jest-circus\build\run.js:126:9)
    at _runTestsForDescribeBlock (C:\Users\Cheem\OneDrive\Coding\clipsCommerce\node_modules\jest-circus\build\run.js:121:9)
    at run (C:\Users\Cheem\OneDrive\Coding\clipsCommerce\node_modules\jest-circus\build\run.js:71:3)
    at runAndTransformResultsToJestFormat (C:\Users\Cheem\OneDrive\Coding\clipsCommerce\node_modules\jest-circus\build\legacy-code-todo-rewrite\jestAdapterInit.js:122:21)
    at jestAdapter (C:\Users\Cheem\OneDrive\Coding\clipsCommerce\node_modules\jest-circus\build\legacy-code-todo-rewrite\jestAdapter.js:79:19)
    at runTestInternal (C:\Users\Cheem\OneDrive\Coding\clipsCommerce\node_modules\jest-runner\build\runTest.js:367:16)
    at runTest (C:\Users\Cheem\OneDrive\Coding\clipsCommerce\node_modules\jest-runner\build\runTest.js:444:34)
    at Object.worker (C:\Users\Cheem\OneDrive\Coding\clipsCommerce\node_modules\jest-runner\build\testWorker.js:106:12)</failure>
    </testcase>
    <testcase classname="Environment Variable Validation should have all required Stripe environment variables defined" name="Environment Variable Validation should have all required Stripe environment variables defined" time="0.006">
    </testcase>
  </testsuite>
  <testsuite name="DataCollectionOptimizationAgent" errors="0" failures="10" skipped="0" timestamp="2025-06-15T04:14:59" time="3.221" tests="15">
    <testcase classname="DataCollectionOptimizationAgent should initialize with sample counts for all platforms" name="DataCollectionOptimizationAgent should initialize with sample counts for all platforms" time="0.038">
      <failure>Error: expect(received).toBe(expected) // Object.is equality

Expected: 3
Received: 6
    at Object.&lt;anonymous&gt; (C:\Users\Cheem\OneDrive\Coding\clipsCommerce\src\app\workflows\AI_improvement\__tests__\DataCollectionOptimizationAgent.test.ts:36:32)
    at Promise.then.completed (C:\Users\Cheem\OneDrive\Coding\clipsCommerce\node_modules\jest-circus\build\utils.js:298:28)
    at new Promise (&lt;anonymous&gt;)
    at callAsyncCircusFn (C:\Users\Cheem\OneDrive\Coding\clipsCommerce\node_modules\jest-circus\build\utils.js:231:10)
    at _callCircusTest (C:\Users\Cheem\OneDrive\Coding\clipsCommerce\node_modules\jest-circus\build\run.js:316:40)
    at processTicksAndRejections (node:internal/process/task_queues:105:5)
    at _runTest (C:\Users\Cheem\OneDrive\Coding\clipsCommerce\node_modules\jest-circus\build\run.js:252:3)
    at _runTestsForDescribeBlock (C:\Users\Cheem\OneDrive\Coding\clipsCommerce\node_modules\jest-circus\build\run.js:126:9)
    at _runTestsForDescribeBlock (C:\Users\Cheem\OneDrive\Coding\clipsCommerce\node_modules\jest-circus\build\run.js:121:9)
    at run (C:\Users\Cheem\OneDrive\Coding\clipsCommerce\node_modules\jest-circus\build\run.js:71:3)
    at runAndTransformResultsToJestFormat (C:\Users\Cheem\OneDrive\Coding\clipsCommerce\node_modules\jest-circus\build\legacy-code-todo-rewrite\jestAdapterInit.js:122:21)
    at jestAdapter (C:\Users\Cheem\OneDrive\Coding\clipsCommerce\node_modules\jest-circus\build\legacy-code-todo-rewrite\jestAdapter.js:79:19)
    at runTestInternal (C:\Users\Cheem\OneDrive\Coding\clipsCommerce\node_modules\jest-runner\build\runTest.js:367:16)
    at runTest (C:\Users\Cheem\OneDrive\Coding\clipsCommerce\node_modules\jest-runner\build\runTest.js:444:34)
    at Object.worker (C:\Users\Cheem\OneDrive\Coding\clipsCommerce\node_modules\jest-runner\build\testWorker.js:106:12)</failure>
    </testcase>
    <testcase classname="DataCollectionOptimizationAgent should add a new niche and initialize its counts to 0 for all platforms" name="DataCollectionOptimizationAgent should add a new niche and initialize its counts to 0 for all platforms" time="0.007">
    </testcase>
    <testcase classname="DataCollectionOptimizationAgent should warn and not add a duplicate niche" name="DataCollectionOptimizationAgent should warn and not add a duplicate niche" time="0.003">
      <failure>TypeError: (0 , globals_1.spyOn) is not a function
    at Object.&lt;anonymous&gt; (C:\Users\Cheem\OneDrive\Coding\clipsCommerce\src\app\workflows\AI_improvement\__tests__\DataCollectionOptimizationAgent.test.ts:62:33)
    at Promise.then.completed (C:\Users\Cheem\OneDrive\Coding\clipsCommerce\node_modules\jest-circus\build\utils.js:298:28)
    at new Promise (&lt;anonymous&gt;)
    at callAsyncCircusFn (C:\Users\Cheem\OneDrive\Coding\clipsCommerce\node_modules\jest-circus\build\utils.js:231:10)
    at _callCircusTest (C:\Users\Cheem\OneDrive\Coding\clipsCommerce\node_modules\jest-circus\build\run.js:316:40)
    at processTicksAndRejections (node:internal/process/task_queues:105:5)
    at _runTest (C:\Users\Cheem\OneDrive\Coding\clipsCommerce\node_modules\jest-circus\build\run.js:252:3)
    at _runTestsForDescribeBlock (C:\Users\Cheem\OneDrive\Coding\clipsCommerce\node_modules\jest-circus\build\run.js:126:9)
    at _runTestsForDescribeBlock (C:\Users\Cheem\OneDrive\Coding\clipsCommerce\node_modules\jest-circus\build\run.js:121:9)
    at run (C:\Users\Cheem\OneDrive\Coding\clipsCommerce\node_modules\jest-circus\build\run.js:71:3)
    at runAndTransformResultsToJestFormat (C:\Users\Cheem\OneDrive\Coding\clipsCommerce\node_modules\jest-circus\build\legacy-code-todo-rewrite\jestAdapterInit.js:122:21)
    at jestAdapter (C:\Users\Cheem\OneDrive\Coding\clipsCommerce\node_modules\jest-circus\build\legacy-code-todo-rewrite\jestAdapter.js:79:19)
    at runTestInternal (C:\Users\Cheem\OneDrive\Coding\clipsCommerce\node_modules\jest-runner\build\runTest.js:367:16)
    at runTest (C:\Users\Cheem\OneDrive\Coding\clipsCommerce\node_modules\jest-runner\build\runTest.js:444:34)
    at Object.worker (C:\Users\Cheem\OneDrive\Coding\clipsCommerce\node_modules\jest-runner\build\testWorker.js:106:12)</failure>
    </testcase>
    <testcase classname="DataCollectionOptimizationAgent should increment sample count for a niche on a specific platform using incrementSampleCount method" name="DataCollectionOptimizationAgent should increment sample count for a niche on a specific platform using incrementSampleCount method" time="0.014">
      <failure>Error: expect(received).toBe(expected) // Object.is equality

Expected: 10
Received: 0
    at Object.&lt;anonymous&gt; (C:\Users\Cheem\OneDrive\Coding\clipsCommerce\src\app\workflows\AI_improvement\__tests__\DataCollectionOptimizationAgent.test.ts:73:65)
    at Promise.then.completed (C:\Users\Cheem\OneDrive\Coding\clipsCommerce\node_modules\jest-circus\build\utils.js:298:28)
    at new Promise (&lt;anonymous&gt;)
    at callAsyncCircusFn (C:\Users\Cheem\OneDrive\Coding\clipsCommerce\node_modules\jest-circus\build\utils.js:231:10)
    at _callCircusTest (C:\Users\Cheem\OneDrive\Coding\clipsCommerce\node_modules\jest-circus\build\run.js:316:40)
    at processTicksAndRejections (node:internal/process/task_queues:105:5)
    at _runTest (C:\Users\Cheem\OneDrive\Coding\clipsCommerce\node_modules\jest-circus\build\run.js:252:3)
    at _runTestsForDescribeBlock (C:\Users\Cheem\OneDrive\Coding\clipsCommerce\node_modules\jest-circus\build\run.js:126:9)
    at _runTestsForDescribeBlock (C:\Users\Cheem\OneDrive\Coding\clipsCommerce\node_modules\jest-circus\build\run.js:121:9)
    at run (C:\Users\Cheem\OneDrive\Coding\clipsCommerce\node_modules\jest-circus\build\run.js:71:3)
    at runAndTransformResultsToJestFormat (C:\Users\Cheem\OneDrive\Coding\clipsCommerce\node_modules\jest-circus\build\legacy-code-todo-rewrite\jestAdapterInit.js:122:21)
    at jestAdapter (C:\Users\Cheem\OneDrive\Coding\clipsCommerce\node_modules\jest-circus\build\legacy-code-todo-rewrite\jestAdapter.js:79:19)
    at runTestInternal (C:\Users\Cheem\OneDrive\Coding\clipsCommerce\node_modules\jest-runner\build\runTest.js:367:16)
    at runTest (C:\Users\Cheem\OneDrive\Coding\clipsCommerce\node_modules\jest-runner\build\runTest.js:444:34)
    at Object.worker (C:\Users\Cheem\OneDrive\Coding\clipsCommerce\node_modules\jest-runner\build\testWorker.js:106:12)</failure>
    </testcase>
    <testcase classname="DataCollectionOptimizationAgent should not increment count for a non-existent niche and log an error via incrementSampleCount" name="DataCollectionOptimizationAgent should not increment count for a non-existent niche and log an error via incrementSampleCount" time="0.003">
      <failure>TypeError: (0 , globals_1.spyOn) is not a function
    at Object.&lt;anonymous&gt; (C:\Users\Cheem\OneDrive\Coding\clipsCommerce\src\app\workflows\AI_improvement\__tests__\DataCollectionOptimizationAgent.test.ts:81:34)
    at Promise.then.completed (C:\Users\Cheem\OneDrive\Coding\clipsCommerce\node_modules\jest-circus\build\utils.js:298:28)
    at new Promise (&lt;anonymous&gt;)
    at callAsyncCircusFn (C:\Users\Cheem\OneDrive\Coding\clipsCommerce\node_modules\jest-circus\build\utils.js:231:10)
    at _callCircusTest (C:\Users\Cheem\OneDrive\Coding\clipsCommerce\node_modules\jest-circus\build\run.js:316:40)
    at processTicksAndRejections (node:internal/process/task_queues:105:5)
    at _runTest (C:\Users\Cheem\OneDrive\Coding\clipsCommerce\node_modules\jest-circus\build\run.js:252:3)
    at _runTestsForDescribeBlock (C:\Users\Cheem\OneDrive\Coding\clipsCommerce\node_modules\jest-circus\build\run.js:126:9)
    at _runTestsForDescribeBlock (C:\Users\Cheem\OneDrive\Coding\clipsCommerce\node_modules\jest-circus\build\run.js:121:9)
    at run (C:\Users\Cheem\OneDrive\Coding\clipsCommerce\node_modules\jest-circus\build\run.js:71:3)
    at runAndTransformResultsToJestFormat (C:\Users\Cheem\OneDrive\Coding\clipsCommerce\node_modules\jest-circus\build\legacy-code-todo-rewrite\jestAdapterInit.js:122:21)
    at jestAdapter (C:\Users\Cheem\OneDrive\Coding\clipsCommerce\node_modules\jest-circus\build\legacy-code-todo-rewrite\jestAdapter.js:79:19)
    at runTestInternal (C:\Users\Cheem\OneDrive\Coding\clipsCommerce\node_modules\jest-runner\build\runTest.js:367:16)
    at runTest (C:\Users\Cheem\OneDrive\Coding\clipsCommerce\node_modules\jest-runner\build\runTest.js:444:34)
    at Object.worker (C:\Users\Cheem\OneDrive\Coding\clipsCommerce\node_modules\jest-runner\build\testWorker.js:106:12)</failure>
    </testcase>
    <testcase classname="DataCollectionOptimizationAgent getOverallSampleCounts should return all niche counts across platforms" name="DataCollectionOptimizationAgent getOverallSampleCounts should return all niche counts across platforms" time="0.012">
      <failure>Error: expect(received).toEqual(expected) // deep equality

Expected: ArrayContaining [{&quot;count&quot;: 100, &quot;nicheId&quot;: &quot;test-niche-data-quality&quot;, &quot;nicheName&quot;: &quot;Data Quality Test Niche&quot;, &quot;platform&quot;: undefined}, {&quot;count&quot;: 50, &quot;nicheId&quot;: &quot;test-niche-data-quality&quot;, &quot;nicheName&quot;: &quot;Data Quality Test Niche&quot;, &quot;platform&quot;: undefined}, {&quot;count&quot;: 75, &quot;nicheId&quot;: &quot;nX&quot;, &quot;nicheName&quot;: &quot;Niche X&quot;, &quot;platform&quot;: undefined}, {&quot;count&quot;: 0, &quot;nicheId&quot;: &quot;nX&quot;, &quot;nicheName&quot;: &quot;Niche X&quot;, &quot;platform&quot;: undefined}]
Received: [{&quot;count&quot;: 0, &quot;nicheId&quot;: &quot;test-niche-data-quality&quot;, &quot;nicheName&quot;: &quot;Data Quality Test Niche&quot;, &quot;platform&quot;: &quot;tiktok&quot;}, {&quot;count&quot;: 0, &quot;nicheId&quot;: &quot;nX&quot;, &quot;nicheName&quot;: &quot;Niche X&quot;, &quot;platform&quot;: &quot;tiktok&quot;}, {&quot;count&quot;: 0, &quot;nicheId&quot;: &quot;test-niche-data-quality&quot;, &quot;nicheName&quot;: &quot;Data Quality Test Niche&quot;, &quot;platform&quot;: &quot;instagram&quot;}, {&quot;count&quot;: 0, &quot;nicheId&quot;: &quot;nX&quot;, &quot;nicheName&quot;: &quot;Niche X&quot;, &quot;platform&quot;: &quot;instagram&quot;}, {&quot;count&quot;: 0, &quot;nicheId&quot;: &quot;test-niche-data-quality&quot;, &quot;nicheName&quot;: &quot;Data Quality Test Niche&quot;, &quot;platform&quot;: &quot;youtube&quot;}, {&quot;count&quot;: 0, &quot;nicheId&quot;: &quot;nX&quot;, &quot;nicheName&quot;: &quot;Niche X&quot;, &quot;platform&quot;: &quot;youtube&quot;}, {&quot;count&quot;: 0, &quot;nicheId&quot;: &quot;test-niche-data-quality&quot;, &quot;nicheName&quot;: &quot;Data Quality Test Niche&quot;, &quot;platform&quot;: &quot;facebook&quot;}, {&quot;count&quot;: 0, &quot;nicheId&quot;: &quot;nX&quot;, &quot;nicheName&quot;: &quot;Niche X&quot;, &quot;platform&quot;: &quot;facebook&quot;}, {&quot;count&quot;: 0, &quot;nicheId&quot;: &quot;test-niche-data-quality&quot;, &quot;nicheName&quot;: &quot;Data Quality Test Niche&quot;, &quot;platform&quot;: &quot;twitter&quot;}, {&quot;count&quot;: 0, &quot;nicheId&quot;: &quot;nX&quot;, &quot;nicheName&quot;: &quot;Niche X&quot;, &quot;platform&quot;: &quot;twitter&quot;}, â€¦]
    at Object.&lt;anonymous&gt; (C:\Users\Cheem\OneDrive\Coding\clipsCommerce\src\app\workflows\AI_improvement\__tests__\DataCollectionOptimizationAgent.test.ts:98:27)
    at Promise.then.completed (C:\Users\Cheem\OneDrive\Coding\clipsCommerce\node_modules\jest-circus\build\utils.js:298:28)
    at new Promise (&lt;anonymous&gt;)
    at callAsyncCircusFn (C:\Users\Cheem\OneDrive\Coding\clipsCommerce\node_modules\jest-circus\build\utils.js:231:10)
    at _callCircusTest (C:\Users\Cheem\OneDrive\Coding\clipsCommerce\node_modules\jest-circus\build\run.js:316:40)
    at processTicksAndRejections (node:internal/process/task_queues:105:5)
    at _runTest (C:\Users\Cheem\OneDrive\Coding\clipsCommerce\node_modules\jest-circus\build\run.js:252:3)
    at _runTestsForDescribeBlock (C:\Users\Cheem\OneDrive\Coding\clipsCommerce\node_modules\jest-circus\build\run.js:126:9)
    at _runTestsForDescribeBlock (C:\Users\Cheem\OneDrive\Coding\clipsCommerce\node_modules\jest-circus\build\run.js:121:9)
    at run (C:\Users\Cheem\OneDrive\Coding\clipsCommerce\node_modules\jest-circus\build\run.js:71:3)
    at runAndTransformResultsToJestFormat (C:\Users\Cheem\OneDrive\Coding\clipsCommerce\node_modules\jest-circus\build\legacy-code-todo-rewrite\jestAdapterInit.js:122:21)
    at jestAdapter (C:\Users\Cheem\OneDrive\Coding\clipsCommerce\node_modules\jest-circus\build\legacy-code-todo-rewrite\jestAdapter.js:79:19)
    at runTestInternal (C:\Users\Cheem\OneDrive\Coding\clipsCommerce\node_modules\jest-runner\build\runTest.js:367:16)
    at runTest (C:\Users\Cheem\OneDrive\Coding\clipsCommerce\node_modules\jest-runner\build\runTest.js:444:34)
    at Object.worker (C:\Users\Cheem\OneDrive\Coding\clipsCommerce\node_modules\jest-runner\build\testWorker.js:106:12)</failure>
    </testcase>
    <testcase classname="DataCollectionOptimizationAgent addSample - Data Quality Checks should add a high-quality sample successfully" name="DataCollectionOptimizationAgent addSample - Data Quality Checks should add a high-quality sample successfully" time="0.007">
      <failure>Error: expect(received).toBe(expected) // Object.is equality

Expected: 1
Received: 0
    at Object.&lt;anonymous&gt; (C:\Users\Cheem\OneDrive\Coding\clipsCommerce\src\app\workflows\AI_improvement\__tests__\DataCollectionOptimizationAgent.test.ts:142:67)
    at Promise.then.completed (C:\Users\Cheem\OneDrive\Coding\clipsCommerce\node_modules\jest-circus\build\utils.js:298:28)
    at new Promise (&lt;anonymous&gt;)
    at callAsyncCircusFn (C:\Users\Cheem\OneDrive\Coding\clipsCommerce\node_modules\jest-circus\build\utils.js:231:10)
    at _callCircusTest (C:\Users\Cheem\OneDrive\Coding\clipsCommerce\node_modules\jest-circus\build\run.js:316:40)
    at processTicksAndRejections (node:internal/process/task_queues:105:5)
    at _runTest (C:\Users\Cheem\OneDrive\Coding\clipsCommerce\node_modules\jest-circus\build\run.js:252:3)
    at _runTestsForDescribeBlock (C:\Users\Cheem\OneDrive\Coding\clipsCommerce\node_modules\jest-circus\build\run.js:126:9)
    at _runTestsForDescribeBlock (C:\Users\Cheem\OneDrive\Coding\clipsCommerce\node_modules\jest-circus\build\run.js:121:9)
    at _runTestsForDescribeBlock (C:\Users\Cheem\OneDrive\Coding\clipsCommerce\node_modules\jest-circus\build\run.js:121:9)
    at run (C:\Users\Cheem\OneDrive\Coding\clipsCommerce\node_modules\jest-circus\build\run.js:71:3)
    at runAndTransformResultsToJestFormat (C:\Users\Cheem\OneDrive\Coding\clipsCommerce\node_modules\jest-circus\build\legacy-code-todo-rewrite\jestAdapterInit.js:122:21)
    at jestAdapter (C:\Users\Cheem\OneDrive\Coding\clipsCommerce\node_modules\jest-circus\build\legacy-code-todo-rewrite\jestAdapter.js:79:19)
    at runTestInternal (C:\Users\Cheem\OneDrive\Coding\clipsCommerce\node_modules\jest-runner\build\runTest.js:367:16)
    at runTest (C:\Users\Cheem\OneDrive\Coding\clipsCommerce\node_modules\jest-runner\build\runTest.js:444:34)
    at Object.worker (C:\Users\Cheem\OneDrive\Coding\clipsCommerce\node_modules\jest-runner\build\testWorker.js:106:12)</failure>
    </testcase>
    <testcase classname="DataCollectionOptimizationAgent addSample - Data Quality Checks should reject a sample with missing critical metadata (low completeness)" name="DataCollectionOptimizationAgent addSample - Data Quality Checks should reject a sample with missing critical metadata (low completeness)" time="0.003">
    </testcase>
    <testcase classname="DataCollectionOptimizationAgent addSample - Data Quality Checks should reject an old sample (low recency) even if other metadata is complete" name="DataCollectionOptimizationAgent addSample - Data Quality Checks should reject an old sample (low recency) even if other metadata is complete" time="0.006">
    </testcase>
    <testcase classname="DataCollectionOptimizationAgent addSample - Data Quality Checks metadataCompletenessScore should be calculated correctly based on critical fields" name="DataCollectionOptimizationAgent addSample - Data Quality Checks metadataCompletenessScore should be calculated correctly based on critical fields" time="0.021">
      <failure>Error: expect(received).toBeCloseTo(expected)

Matcher error: received value must be a number

Received has value: undefined
    at Object.&lt;anonymous&gt; (C:\Users\Cheem\OneDrive\Coding\clipsCommerce\src\app\workflows\AI_improvement\__tests__\DataCollectionOptimizationAgent.test.ts:198:49)
    at Promise.then.completed (C:\Users\Cheem\OneDrive\Coding\clipsCommerce\node_modules\jest-circus\build\utils.js:298:28)
    at new Promise (&lt;anonymous&gt;)
    at callAsyncCircusFn (C:\Users\Cheem\OneDrive\Coding\clipsCommerce\node_modules\jest-circus\build\utils.js:231:10)
    at _callCircusTest (C:\Users\Cheem\OneDrive\Coding\clipsCommerce\node_modules\jest-circus\build\run.js:316:40)
    at processTicksAndRejections (node:internal/process/task_queues:105:5)
    at _runTest (C:\Users\Cheem\OneDrive\Coding\clipsCommerce\node_modules\jest-circus\build\run.js:252:3)
    at _runTestsForDescribeBlock (C:\Users\Cheem\OneDrive\Coding\clipsCommerce\node_modules\jest-circus\build\run.js:126:9)
    at _runTestsForDescribeBlock (C:\Users\Cheem\OneDrive\Coding\clipsCommerce\node_modules\jest-circus\build\run.js:121:9)
    at _runTestsForDescribeBlock (C:\Users\Cheem\OneDrive\Coding\clipsCommerce\node_modules\jest-circus\build\run.js:121:9)
    at run (C:\Users\Cheem\OneDrive\Coding\clipsCommerce\node_modules\jest-circus\build\run.js:71:3)
    at runAndTransformResultsToJestFormat (C:\Users\Cheem\OneDrive\Coding\clipsCommerce\node_modules\jest-circus\build\legacy-code-todo-rewrite\jestAdapterInit.js:122:21)
    at jestAdapter (C:\Users\Cheem\OneDrive\Coding\clipsCommerce\node_modules\jest-circus\build\legacy-code-todo-rewrite\jestAdapter.js:79:19)
    at runTestInternal (C:\Users\Cheem\OneDrive\Coding\clipsCommerce\node_modules\jest-runner\build\runTest.js:367:16)
    at runTest (C:\Users\Cheem\OneDrive\Coding\clipsCommerce\node_modules\jest-runner\build\runTest.js:444:34)
    at Object.worker (C:\Users\Cheem\OneDrive\Coding\clipsCommerce\node_modules\jest-runner\build\testWorker.js:106:12)</failure>
    </testcase>
    <testcase classname="DataCollectionOptimizationAgent addSample - Data Quality Checks isRecent flag should be set correctly" name="DataCollectionOptimizationAgent addSample - Data Quality Checks isRecent flag should be set correctly" time="0.005">
      <failure>Error: expect(received).toBe(expected) // Object.is equality

Expected: false
Received: undefined
    at Object.&lt;anonymous&gt; (C:\Users\Cheem\OneDrive\Coding\clipsCommerce\src\app\workflows\AI_improvement\__tests__\DataCollectionOptimizationAgent.test.ts:222:32)
    at Promise.then.completed (C:\Users\Cheem\OneDrive\Coding\clipsCommerce\node_modules\jest-circus\build\utils.js:298:28)
    at new Promise (&lt;anonymous&gt;)
    at callAsyncCircusFn (C:\Users\Cheem\OneDrive\Coding\clipsCommerce\node_modules\jest-circus\build\utils.js:231:10)
    at _callCircusTest (C:\Users\Cheem\OneDrive\Coding\clipsCommerce\node_modules\jest-circus\build\run.js:316:40)
    at processTicksAndRejections (node:internal/process/task_queues:105:5)
    at _runTest (C:\Users\Cheem\OneDrive\Coding\clipsCommerce\node_modules\jest-circus\build\run.js:252:3)
    at _runTestsForDescribeBlock (C:\Users\Cheem\OneDrive\Coding\clipsCommerce\node_modules\jest-circus\build\run.js:126:9)
    at _runTestsForDescribeBlock (C:\Users\Cheem\OneDrive\Coding\clipsCommerce\node_modules\jest-circus\build\run.js:121:9)
    at _runTestsForDescribeBlock (C:\Users\Cheem\OneDrive\Coding\clipsCommerce\node_modules\jest-circus\build\run.js:121:9)
    at run (C:\Users\Cheem\OneDrive\Coding\clipsCommerce\node_modules\jest-circus\build\run.js:71:3)
    at runAndTransformResultsToJestFormat (C:\Users\Cheem\OneDrive\Coding\clipsCommerce\node_modules\jest-circus\build\legacy-code-todo-rewrite\jestAdapterInit.js:122:21)
    at jestAdapter (C:\Users\Cheem\OneDrive\Coding\clipsCommerce\node_modules\jest-circus\build\legacy-code-todo-rewrite\jestAdapter.js:79:19)
    at runTestInternal (C:\Users\Cheem\OneDrive\Coding\clipsCommerce\node_modules\jest-runner\build\runTest.js:367:16)
    at runTest (C:\Users\Cheem\OneDrive\Coding\clipsCommerce\node_modules\jest-runner\build\runTest.js:444:34)
    at Object.worker (C:\Users\Cheem\OneDrive\Coding\clipsCommerce\node_modules\jest-runner\build\testWorker.js:106:12)</failure>
    </testcase>
    <testcase classname="DataCollectionOptimizationAgent addSample - Data Quality Checks overallQualityScore should reflect component scores and weights" name="DataCollectionOptimizationAgent addSample - Data Quality Checks overallQualityScore should reflect component scores and weights" time="0.003">
    </testcase>
    <testcase classname="DataCollectionOptimizationAgent addSample - Data Quality Checks getAverageQualityScore should calculate correctly after adding multiple samples" name="DataCollectionOptimizationAgent addSample - Data Quality Checks getAverageQualityScore should calculate correctly after adding multiple samples" time="0.014">
      <failure>Error: expect(received).toBeCloseTo(expected)

Expected: 100
Received: 0

Expected precision:    2
Expected difference: &lt; 0.005
Received difference:   100
    at Object.&lt;anonymous&gt; (C:\Users\Cheem\OneDrive\Coding\clipsCommerce\src\app\workflows\AI_improvement\__tests__\DataCollectionOptimizationAgent.test.ts:268:75)
    at Promise.then.completed (C:\Users\Cheem\OneDrive\Coding\clipsCommerce\node_modules\jest-circus\build\utils.js:298:28)
    at new Promise (&lt;anonymous&gt;)
    at callAsyncCircusFn (C:\Users\Cheem\OneDrive\Coding\clipsCommerce\node_modules\jest-circus\build\utils.js:231:10)
    at _callCircusTest (C:\Users\Cheem\OneDrive\Coding\clipsCommerce\node_modules\jest-circus\build\run.js:316:40)
    at processTicksAndRejections (node:internal/process/task_queues:105:5)
    at _runTest (C:\Users\Cheem\OneDrive\Coding\clipsCommerce\node_modules\jest-circus\build\run.js:252:3)
    at _runTestsForDescribeBlock (C:\Users\Cheem\OneDrive\Coding\clipsCommerce\node_modules\jest-circus\build\run.js:126:9)
    at _runTestsForDescribeBlock (C:\Users\Cheem\OneDrive\Coding\clipsCommerce\node_modules\jest-circus\build\run.js:121:9)
    at _runTestsForDescribeBlock (C:\Users\Cheem\OneDrive\Coding\clipsCommerce\node_modules\jest-circus\build\run.js:121:9)
    at run (C:\Users\Cheem\OneDrive\Coding\clipsCommerce\node_modules\jest-circus\build\run.js:71:3)
    at runAndTransformResultsToJestFormat (C:\Users\Cheem\OneDrive\Coding\clipsCommerce\node_modules\jest-circus\build\legacy-code-todo-rewrite\jestAdapterInit.js:122:21)
    at jestAdapter (C:\Users\Cheem\OneDrive\Coding\clipsCommerce\node_modules\jest-circus\build\legacy-code-todo-rewrite\jestAdapter.js:79:19)
    at runTestInternal (C:\Users\Cheem\OneDrive\Coding\clipsCommerce\node_modules\jest-runner\build\runTest.js:367:16)
    at runTest (C:\Users\Cheem\OneDrive\Coding\clipsCommerce\node_modules\jest-runner\build\runTest.js:444:34)
    at Object.worker (C:\Users\Cheem\OneDrive\Coding\clipsCommerce\node_modules\jest-runner\build\testWorker.js:106:12)</failure>
    </testcase>
    <testcase classname="DataCollectionOptimizationAgent addSample - Data Quality Checks addSample should return null and log error for non-existent niche" name="DataCollectionOptimizationAgent addSample - Data Quality Checks addSample should return null and log error for non-existent niche" time="0.002">
      <failure>TypeError: (0 , globals_1.spyOn) is not a function
    at Object.&lt;anonymous&gt; (C:\Users\Cheem\OneDrive\Coding\clipsCommerce\src\app\workflows\AI_improvement\__tests__\DataCollectionOptimizationAgent.test.ts:279:36)
    at Promise.then.completed (C:\Users\Cheem\OneDrive\Coding\clipsCommerce\node_modules\jest-circus\build\utils.js:298:28)
    at new Promise (&lt;anonymous&gt;)
    at callAsyncCircusFn (C:\Users\Cheem\OneDrive\Coding\clipsCommerce\node_modules\jest-circus\build\utils.js:231:10)
    at _callCircusTest (C:\Users\Cheem\OneDrive\Coding\clipsCommerce\node_modules\jest-circus\build\run.js:316:40)
    at processTicksAndRejections (node:internal/process/task_queues:105:5)
    at _runTest (C:\Users\Cheem\OneDrive\Coding\clipsCommerce\node_modules\jest-circus\build\run.js:252:3)
    at _runTestsForDescribeBlock (C:\Users\Cheem\OneDrive\Coding\clipsCommerce\node_modules\jest-circus\build\run.js:126:9)
    at _runTestsForDescribeBlock (C:\Users\Cheem\OneDrive\Coding\clipsCommerce\node_modules\jest-circus\build\run.js:121:9)
    at _runTestsForDescribeBlock (C:\Users\Cheem\OneDrive\Coding\clipsCommerce\node_modules\jest-circus\build\run.js:121:9)
    at run (C:\Users\Cheem\OneDrive\Coding\clipsCommerce\node_modules\jest-circus\build\run.js:71:3)
    at runAndTransformResultsToJestFormat (C:\Users\Cheem\OneDrive\Coding\clipsCommerce\node_modules\jest-circus\build\legacy-code-todo-rewrite\jestAdapterInit.js:122:21)
    at jestAdapter (C:\Users\Cheem\OneDrive\Coding\clipsCommerce\node_modules\jest-circus\build\legacy-code-todo-rewrite\jestAdapter.js:79:19)
    at runTestInternal (C:\Users\Cheem\OneDrive\Coding\clipsCommerce\node_modules\jest-runner\build\runTest.js:367:16)
    at runTest (C:\Users\Cheem\OneDrive\Coding\clipsCommerce\node_modules\jest-runner\build\runTest.js:444:34)
    at Object.worker (C:\Users\Cheem\OneDrive\Coding\clipsCommerce\node_modules\jest-runner\build\testWorker.js:106:12)</failure>
    </testcase>
    <testcase classname="DataCollectionOptimizationAgent addSample - Data Quality Checks getAverageQualityScore should return 0 if no samples or niche does not exist" name="DataCollectionOptimizationAgent addSample - Data Quality Checks getAverageQualityScore should return 0 if no samples or niche does not exist" time="0.002">
    </testcase>
  </testsuite>
  <testsuite name="OptimizedVideoGenerator" errors="0" failures="6" skipped="0" timestamp="2025-06-15T04:15:02" time="0.763" tests="28">
    <testcase classname="OptimizedVideoGenerator constructor should throw an error if API key is not provided" name="OptimizedVideoGenerator constructor should throw an error if API key is not provided" time="0.025">
    </testcase>
    <testcase classname="OptimizedVideoGenerator constructor should initialize OpenAI client with the provided API key" name="OptimizedVideoGenerator constructor should initialize OpenAI client with the provided API key" time="0.005">
    </testcase>
    <testcase classname="OptimizedVideoGenerator generateOptimizedContent - Prompt Generation should generate a comprehensive prompt including all provided data" name="OptimizedVideoGenerator generateOptimizedContent - Prompt Generation should generate a comprehensive prompt including all provided data" time="0.007">
      <failure>Error: expect(received).toContain(expected) // indexOf

Expected substring: &quot;Platform: TikTok&quot;
Received string:    &quot;You are an expert social media content strategist. Generate engaging and optimized video content in JSON format based on the provided data and user preferences.&quot;
    at Object.&lt;anonymous&gt; (C:\Users\Cheem\OneDrive\Coding\clipsCommerce\src\app\workflows\video_optimization\OptimizedVideoGenerator.spec.ts:115:22)
    at processTicksAndRejections (node:internal/process/task_queues:105:5)</failure>
    </testcase>
    <testcase classname="OptimizedVideoGenerator generateOptimizedContent - Prompt Generation should include product links in the prompt if provided" name="OptimizedVideoGenerator generateOptimizedContent - Prompt Generation should include product links in the prompt if provided" time="0.006">
      <failure>Error: expect(received).toContain(expected) // indexOf

Expected substring: &quot;--- Product Links to Incorporate ---&quot;
Received string:    &quot;You are an expert social media content strategist. Generate engaging and optimized video content in JSON format based on the provided data and user preferences.&quot;
    at Object.&lt;anonymous&gt; (C:\Users\Cheem\OneDrive\Coding\clipsCommerce\src\app\workflows\video_optimization\OptimizedVideoGenerator.spec.ts:136:22)
    at processTicksAndRejections (node:internal/process/task_queues:105:5)</failure>
    </testcase>
    <testcase classname="OptimizedVideoGenerator generateOptimizedContent - Prompt Generation should handle missing optional analysis data gracefully in prompt" name="OptimizedVideoGenerator generateOptimizedContent - Prompt Generation should handle missing optional analysis data gracefully in prompt" time="0.005">
    </testcase>
    <testcase classname="OptimizedVideoGenerator generateOptimizedContent - OpenAI API Interaction should call OpenAI API with the correct model and parse the JSON response" name="OptimizedVideoGenerator generateOptimizedContent - OpenAI API Interaction should call OpenAI API with the correct model and parse the JSON response" time="0.003">
    </testcase>
    <testcase classname="OptimizedVideoGenerator generateOptimizedContent - OpenAI API Interaction should use a custom OpenAI model if provided in config" name="OptimizedVideoGenerator generateOptimizedContent - OpenAI API Interaction should use a custom OpenAI model if provided in config" time="0.008">
    </testcase>
    <testcase classname="OptimizedVideoGenerator generateOptimizedContent - OpenAI API Interaction should throw an error if OpenAI API returns non-JSON content" name="OptimizedVideoGenerator generateOptimizedContent - OpenAI API Interaction should throw an error if OpenAI API returns non-JSON content" time="0.003">
    </testcase>
    <testcase classname="OptimizedVideoGenerator generateOptimizedContent - OpenAI API Interaction should throw an error if OpenAI API returns malformed JSON" name="OptimizedVideoGenerator generateOptimizedContent - OpenAI API Interaction should throw an error if OpenAI API returns malformed JSON" time="0.003">
    </testcase>
    <testcase classname="OptimizedVideoGenerator generateOptimizedContent - OpenAI API Interaction should throw an error if OpenAI API returns no choices" name="OptimizedVideoGenerator generateOptimizedContent - OpenAI API Interaction should throw an error if OpenAI API returns no choices" time="0.002">
    </testcase>
    <testcase classname="OptimizedVideoGenerator generateOptimizedContent - OpenAI API Interaction should throw an error if OpenAI API response content is null" name="OptimizedVideoGenerator generateOptimizedContent - OpenAI API Interaction should throw an error if OpenAI API response content is null" time="0.002">
    </testcase>
    <testcase classname="OptimizedVideoGenerator generateOptimizedContent - OpenAI API Interaction should throw an error if OpenAI API call fails" name="OptimizedVideoGenerator generateOptimizedContent - OpenAI API Interaction should throw an error if OpenAI API call fails" time="0.013">
    </testcase>
    <testcase classname="OptimizedVideoGenerator generateOptimizedContent - OpenAI API Interaction should throw an error if OpenAI API returns JSON that fails Zod validation" name="OptimizedVideoGenerator generateOptimizedContent - OpenAI API Interaction should throw an error if OpenAI API returns JSON that fails Zod validation" time="0.007">
      <failure>Error: expect(received).rejects.toThrow(expected)

Expected pattern: /^OpenAI response validation failed: captions.alternatives - Required/
Received message: &quot;OpenAI response validation failed: captions.alternatives: Required&quot;

      247 |         .map((e: any) =&gt; `${e.path?.join?.(&apos;.&apos;) || &apos;unknown&apos;}: ${e.message || &apos;Unknown error&apos;}`)
      248 |         .join(&apos; - &apos;);
    &gt; 249 |       throw new Error(`OpenAI response validation failed: ${errorDetails}`);
          |             ^
      250 |     }
      251 |     throw new Error(&apos;Failed to validate OpenAI response JSON due to an unknown Zod error.&apos;);
      252 |   }

      at OptimizedVideoGenerator.handleZodValidationError (src/app/workflows/video_optimization/OptimizedVideoGenerator.ts:249:13)
      at OptimizedVideoGenerator.generateOptimizedContent (src/app/workflows/video_optimization/OptimizedVideoGenerator.ts:228:16)
      at Object.&lt;anonymous&gt; (src/app/workflows/video_optimization/OptimizedVideoGenerator.spec.ts:215:7)
    at Object.toThrow (C:\Users\Cheem\OneDrive\Coding\clipsCommerce\node_modules\expect\build\index.js:218:22)
    at Object.&lt;anonymous&gt; (C:\Users\Cheem\OneDrive\Coding\clipsCommerce\src\app\workflows\video_optimization\OptimizedVideoGenerator.spec.ts:216:18)
    at Promise.then.completed (C:\Users\Cheem\OneDrive\Coding\clipsCommerce\node_modules\jest-circus\build\utils.js:298:28)
    at new Promise (&lt;anonymous&gt;)
    at callAsyncCircusFn (C:\Users\Cheem\OneDrive\Coding\clipsCommerce\node_modules\jest-circus\build\utils.js:231:10)
    at _callCircusTest (C:\Users\Cheem\OneDrive\Coding\clipsCommerce\node_modules\jest-circus\build\run.js:316:40)
    at processTicksAndRejections (node:internal/process/task_queues:105:5)
    at _runTest (C:\Users\Cheem\OneDrive\Coding\clipsCommerce\node_modules\jest-circus\build\run.js:252:3)
    at _runTestsForDescribeBlock (C:\Users\Cheem\OneDrive\Coding\clipsCommerce\node_modules\jest-circus\build\run.js:126:9)
    at _runTestsForDescribeBlock (C:\Users\Cheem\OneDrive\Coding\clipsCommerce\node_modules\jest-circus\build\run.js:121:9)
    at _runTestsForDescribeBlock (C:\Users\Cheem\OneDrive\Coding\clipsCommerce\node_modules\jest-circus\build\run.js:121:9)
    at run (C:\Users\Cheem\OneDrive\Coding\clipsCommerce\node_modules\jest-circus\build\run.js:71:3)
    at runAndTransformResultsToJestFormat (C:\Users\Cheem\OneDrive\Coding\clipsCommerce\node_modules\jest-circus\build\legacy-code-todo-rewrite\jestAdapterInit.js:122:21)
    at jestAdapter (C:\Users\Cheem\OneDrive\Coding\clipsCommerce\node_modules\jest-circus\build\legacy-code-todo-rewrite\jestAdapter.js:79:19)
    at runTestInternal (C:\Users\Cheem\OneDrive\Coding\clipsCommerce\node_modules\jest-runner\build\runTest.js:367:16)
    at runTest (C:\Users\Cheem\OneDrive\Coding\clipsCommerce\node_modules\jest-runner\build\runTest.js:444:34)
    at Object.worker (C:\Users\Cheem\OneDrive\Coding\clipsCommerce\node_modules\jest-runner\build\testWorker.js:106:12)</failure>
    </testcase>
    <testcase classname="OptimizedVideoGenerator generateOptimizedContent - OpenAI API Interaction should successfully generate content after a few transient API errors (e.g., 500)" name="OptimizedVideoGenerator generateOptimizedContent - OpenAI API Interaction should successfully generate content after a few transient API errors (e.g., 500)" time="0.001">
      <failure>TypeError: openai_1.APIError is not a constructor
    at Object.&lt;anonymous&gt; (C:\Users\Cheem\OneDrive\Coding\clipsCommerce\src\app\workflows\video_optimization\OptimizedVideoGenerator.spec.ts:220:30)
    at Promise.then.completed (C:\Users\Cheem\OneDrive\Coding\clipsCommerce\node_modules\jest-circus\build\utils.js:298:28)
    at new Promise (&lt;anonymous&gt;)
    at callAsyncCircusFn (C:\Users\Cheem\OneDrive\Coding\clipsCommerce\node_modules\jest-circus\build\utils.js:231:10)
    at _callCircusTest (C:\Users\Cheem\OneDrive\Coding\clipsCommerce\node_modules\jest-circus\build\run.js:316:40)
    at processTicksAndRejections (node:internal/process/task_queues:105:5)
    at _runTest (C:\Users\Cheem\OneDrive\Coding\clipsCommerce\node_modules\jest-circus\build\run.js:252:3)
    at _runTestsForDescribeBlock (C:\Users\Cheem\OneDrive\Coding\clipsCommerce\node_modules\jest-circus\build\run.js:126:9)
    at _runTestsForDescribeBlock (C:\Users\Cheem\OneDrive\Coding\clipsCommerce\node_modules\jest-circus\build\run.js:121:9)
    at _runTestsForDescribeBlock (C:\Users\Cheem\OneDrive\Coding\clipsCommerce\node_modules\jest-circus\build\run.js:121:9)
    at run (C:\Users\Cheem\OneDrive\Coding\clipsCommerce\node_modules\jest-circus\build\run.js:71:3)
    at runAndTransformResultsToJestFormat (C:\Users\Cheem\OneDrive\Coding\clipsCommerce\node_modules\jest-circus\build\legacy-code-todo-rewrite\jestAdapterInit.js:122:21)
    at jestAdapter (C:\Users\Cheem\OneDrive\Coding\clipsCommerce\node_modules\jest-circus\build\legacy-code-todo-rewrite\jestAdapter.js:79:19)
    at runTestInternal (C:\Users\Cheem\OneDrive\Coding\clipsCommerce\node_modules\jest-runner\build\runTest.js:367:16)
    at runTest (C:\Users\Cheem\OneDrive\Coding\clipsCommerce\node_modules\jest-runner\build\runTest.js:444:34)
    at Object.worker (C:\Users\Cheem\OneDrive\Coding\clipsCommerce\node_modules\jest-runner\build\testWorker.js:106:12)</failure>
    </testcase>
    <testcase classname="OptimizedVideoGenerator generateOptimizedContent - OpenAI API Interaction should throw an error after exhausting retries on persistent transient API errors" name="OptimizedVideoGenerator generateOptimizedContent - OpenAI API Interaction should throw an error after exhausting retries on persistent transient API errors" time="0.001">
      <failure>TypeError: openai_1.APIError is not a constructor
    at Object.&lt;anonymous&gt; (C:\Users\Cheem\OneDrive\Coding\clipsCommerce\src\app\workflows\video_optimization\OptimizedVideoGenerator.spec.ts:232:40)
    at Promise.then.completed (C:\Users\Cheem\OneDrive\Coding\clipsCommerce\node_modules\jest-circus\build\utils.js:298:28)
    at new Promise (&lt;anonymous&gt;)
    at callAsyncCircusFn (C:\Users\Cheem\OneDrive\Coding\clipsCommerce\node_modules\jest-circus\build\utils.js:231:10)
    at _callCircusTest (C:\Users\Cheem\OneDrive\Coding\clipsCommerce\node_modules\jest-circus\build\run.js:316:40)
    at processTicksAndRejections (node:internal/process/task_queues:105:5)
    at _runTest (C:\Users\Cheem\OneDrive\Coding\clipsCommerce\node_modules\jest-circus\build\run.js:252:3)
    at _runTestsForDescribeBlock (C:\Users\Cheem\OneDrive\Coding\clipsCommerce\node_modules\jest-circus\build\run.js:126:9)
    at _runTestsForDescribeBlock (C:\Users\Cheem\OneDrive\Coding\clipsCommerce\node_modules\jest-circus\build\run.js:121:9)
    at _runTestsForDescribeBlock (C:\Users\Cheem\OneDrive\Coding\clipsCommerce\node_modules\jest-circus\build\run.js:121:9)
    at run (C:\Users\Cheem\OneDrive\Coding\clipsCommerce\node_modules\jest-circus\build\run.js:71:3)
    at runAndTransformResultsToJestFormat (C:\Users\Cheem\OneDrive\Coding\clipsCommerce\node_modules\jest-circus\build\legacy-code-todo-rewrite\jestAdapterInit.js:122:21)
    at jestAdapter (C:\Users\Cheem\OneDrive\Coding\clipsCommerce\node_modules\jest-circus\build\legacy-code-todo-rewrite\jestAdapter.js:79:19)
    at runTestInternal (C:\Users\Cheem\OneDrive\Coding\clipsCommerce\node_modules\jest-runner\build\runTest.js:367:16)
    at runTest (C:\Users\Cheem\OneDrive\Coding\clipsCommerce\node_modules\jest-runner\build\runTest.js:444:34)
    at Object.worker (C:\Users\Cheem\OneDrive\Coding\clipsCommerce\node_modules\jest-runner\build\testWorker.js:106:12)</failure>
    </testcase>
    <testcase classname="OptimizedVideoGenerator generateOptimizedContent - OpenAI API Interaction should throw an error immediately for non-retryable API errors (e.g., 401)" name="OptimizedVideoGenerator generateOptimizedContent - OpenAI API Interaction should throw an error immediately for non-retryable API errors (e.g., 401)" time="0.001">
      <failure>TypeError: openai_1.APIError is not a constructor
    at Object.&lt;anonymous&gt; (C:\Users\Cheem\OneDrive\Coding\clipsCommerce\src\app\workflows\video_optimization\OptimizedVideoGenerator.spec.ts:241:33)
    at Promise.then.completed (C:\Users\Cheem\OneDrive\Coding\clipsCommerce\node_modules\jest-circus\build\utils.js:298:28)
    at new Promise (&lt;anonymous&gt;)
    at callAsyncCircusFn (C:\Users\Cheem\OneDrive\Coding\clipsCommerce\node_modules\jest-circus\build\utils.js:231:10)
    at _callCircusTest (C:\Users\Cheem\OneDrive\Coding\clipsCommerce\node_modules\jest-circus\build\run.js:316:40)
    at processTicksAndRejections (node:internal/process/task_queues:105:5)
    at _runTest (C:\Users\Cheem\OneDrive\Coding\clipsCommerce\node_modules\jest-circus\build\run.js:252:3)
    at _runTestsForDescribeBlock (C:\Users\Cheem\OneDrive\Coding\clipsCommerce\node_modules\jest-circus\build\run.js:126:9)
    at _runTestsForDescribeBlock (C:\Users\Cheem\OneDrive\Coding\clipsCommerce\node_modules\jest-circus\build\run.js:121:9)
    at _runTestsForDescribeBlock (C:\Users\Cheem\OneDrive\Coding\clipsCommerce\node_modules\jest-circus\build\run.js:121:9)
    at run (C:\Users\Cheem\OneDrive\Coding\clipsCommerce\node_modules\jest-circus\build\run.js:71:3)
    at runAndTransformResultsToJestFormat (C:\Users\Cheem\OneDrive\Coding\clipsCommerce\node_modules\jest-circus\build\legacy-code-todo-rewrite\jestAdapterInit.js:122:21)
    at jestAdapter (C:\Users\Cheem\OneDrive\Coding\clipsCommerce\node_modules\jest-circus\build\legacy-code-todo-rewrite\jestAdapter.js:79:19)
    at runTestInternal (C:\Users\Cheem\OneDrive\Coding\clipsCommerce\node_modules\jest-runner\build\runTest.js:367:16)
    at runTest (C:\Users\Cheem\OneDrive\Coding\clipsCommerce\node_modules\jest-runner\build\runTest.js:444:34)
    at Object.worker (C:\Users\Cheem\OneDrive\Coding\clipsCommerce\node_modules\jest-runner\build\testWorker.js:106:12)</failure>
    </testcase>
    <testcase classname="OptimizedVideoGenerator Input Validation should throw an error if analysisData is null" name="OptimizedVideoGenerator Input Validation should throw an error if analysisData is null" time="0.002">
    </testcase>
    <testcase classname="OptimizedVideoGenerator Input Validation should throw an error if userPreferences is null" name="OptimizedVideoGenerator Input Validation should throw an error if userPreferences is null" time="0.002">
    </testcase>
    <testcase classname="OptimizedVideoGenerator Input Validation should throw an error if userPreferences.userId is null" name="OptimizedVideoGenerator Input Validation should throw an error if userPreferences.userId is null" time="0.002">
    </testcase>
    <testcase classname="OptimizedVideoGenerator Input Validation should throw an error if userPreferences.userId is undefined" name="OptimizedVideoGenerator Input Validation should throw an error if userPreferences.userId is undefined" time="0.002">
    </testcase>
    <testcase classname="OptimizedVideoGenerator Input Validation should throw an error if userPreferences.userId is an empty string" name="OptimizedVideoGenerator Input Validation should throw an error if userPreferences.userId is an empty string" time="0.004">
    </testcase>
    <testcase classname="OptimizedVideoGenerator generateOptimizedContent - Caching should cache a successful response and return it on subsequent identical calls" name="OptimizedVideoGenerator generateOptimizedContent - Caching should cache a successful response and return it on subsequent identical calls" time="0.002">
    </testcase>
    <testcase classname="OptimizedVideoGenerator generateOptimizedContent - Caching should not use cache for different parameters" name="OptimizedVideoGenerator generateOptimizedContent - Caching should not use cache for different parameters" time="0.002">
    </testcase>
    <testcase classname="OptimizedVideoGenerator generateOptimizedContent - Caching should invalidate and fetch new data if cache expires" name="OptimizedVideoGenerator generateOptimizedContent - Caching should invalidate and fetch new data if cache expires" time="0.002">
    </testcase>
    <testcase classname="OptimizedVideoGenerator generateOptimizedContent - Rate Limiting should allow up to MAX_REQUESTS_PER_MINUTE requests within the window" name="OptimizedVideoGenerator generateOptimizedContent - Rate Limiting should allow up to MAX_REQUESTS_PER_MINUTE requests within the window" time="0.004">
    </testcase>
    <testcase classname="OptimizedVideoGenerator generateOptimizedContent - Rate Limiting should throw error when rate limit is exceeded (21st request)" name="OptimizedVideoGenerator generateOptimizedContent - Rate Limiting should throw error when rate limit is exceeded (21st request)" time="0.007">
    </testcase>
    <testcase classname="OptimizedVideoGenerator generateOptimizedContent - Rate Limiting should reset rate limit after the window expires" name="OptimizedVideoGenerator generateOptimizedContent - Rate Limiting should reset rate limit after the window expires" time="0.004">
    </testcase>
    <testcase classname="OptimizedVideoGenerator generateOptimizedContent - Rate Limiting should apply rate limits independently for different users" name="OptimizedVideoGenerator generateOptimizedContent - Rate Limiting should apply rate limits independently for different users" time="0.003">
    </testcase>
  </testsuite>
  <testsuite name="AIImprovementService" errors="0" failures="1" skipped="0" timestamp="2025-06-15T04:14:58" time="4.165" tests="21">
    <testcase classname="AIImprovementService Content Optimization should provide content optimization suggestions" name="AIImprovementService Content Optimization should provide content optimization suggestions" time="0.052">
    </testcase>
    <testcase classname="AIImprovementService Content Optimization should analyze sentiment correctly" name="AIImprovementService Content Optimization should analyze sentiment correctly" time="0.006">
    </testcase>
    <testcase classname="AIImprovementService Content Optimization should analyze tone correctly" name="AIImprovementService Content Optimization should analyze tone correctly" time="0.005">
    </testcase>
    <testcase classname="AIImprovementService Engagement Prediction should predict engagement for a post" name="AIImprovementService Engagement Prediction should predict engagement for a post" time="0.011">
    </testcase>
    <testcase classname="AIImprovementService Engagement Prediction should provide higher scores for optimal timing" name="AIImprovementService Engagement Prediction should provide higher scores for optimal timing" time="0.006">
      <failure>Error: expect(received).toBeGreaterThan(expected)

Expected: &gt; 50
Received:   20
    at Object.&lt;anonymous&gt; (C:\Users\Cheem\OneDrive\Coding\clipsCommerce\src\app\workflows\AI_improvement\__tests__\AIImprovementService.test.ts:124:49)
    at processTicksAndRejections (node:internal/process/task_queues:105:5)</failure>
    </testcase>
    <testcase classname="AIImprovementService A/B Testing should create A/B test experiments" name="AIImprovementService A/B Testing should create A/B test experiments" time="0.004">
    </testcase>
    <testcase classname="AIImprovementService A/B Testing should generate appropriate variants for different variation types" name="AIImprovementService A/B Testing should generate appropriate variants for different variation types" time="0.003">
    </testcase>
    <testcase classname="AIImprovementService Performance Insights should provide comprehensive performance insights" name="AIImprovementService Performance Insights should provide comprehensive performance insights" time="0.009">
    </testcase>
    <testcase classname="AIImprovementService Performance Insights should identify top performing platform correctly" name="AIImprovementService Performance Insights should identify top performing platform correctly" time="0.003">
    </testcase>
    <testcase classname="AIImprovementService Post Performance Recording should record post performance correctly" name="AIImprovementService Post Performance Recording should record post performance correctly" time="0.004">
    </testcase>
    <testcase classname="AIImprovementService Workflow Improvements should provide workflow improvement suggestions" name="AIImprovementService Workflow Improvements should provide workflow improvement suggestions" time="0.007">
    </testcase>
    <testcase classname="AIImprovementService Feedback System should handle positive feedback correctly" name="AIImprovementService Feedback System should handle positive feedback correctly" time="0.003">
    </testcase>
    <testcase classname="AIImprovementService Feedback System should handle negative feedback correctly" name="AIImprovementService Feedback System should handle negative feedback correctly" time="0.003">
    </testcase>
    <testcase classname="AIImprovementService Feedback System should handle neutral feedback correctly" name="AIImprovementService Feedback System should handle neutral feedback correctly" time="0.003">
    </testcase>
    <testcase classname="AIImprovementService Error Handling should handle missing experiment gracefully" name="AIImprovementService Error Handling should handle missing experiment gracefully" time="0.002">
    </testcase>
    <testcase classname="AIImprovementService Error Handling should handle empty content gracefully" name="AIImprovementService Error Handling should handle empty content gracefully" time="0.005">
    </testcase>
    <testcase classname="AIImprovementService Integration Points should initialize service correctly" name="AIImprovementService Integration Points should initialize service correctly" time="0.002">
    </testcase>
    <testcase classname="AIImprovementService Integration Points should auto-initialize when calling methods" name="AIImprovementService Integration Points should auto-initialize when calling methods" time="0.002">
    </testcase>
    <testcase classname="A/B Testing Functions should create experiments with proper validation" name="A/B Testing Functions should create experiments with proper validation" time="0.001">
    </testcase>
    <testcase classname="NLP Functions should analyze sentiment with emotion detection" name="NLP Functions should analyze sentiment with emotion detection" time="0.001">
    </testcase>
    <testcase classname="NLP Functions should generate caption variations" name="NLP Functions should generate caption variations" time="0.001">
    </testcase>
  </testsuite>
  <testsuite name="DashboardPage" errors="0" failures="1" skipped="0" timestamp="2025-06-15T04:14:58" time="4.421" tests="4">
    <testcase classname="DashboardPage renders the dashboard page with greeting" name="DashboardPage renders the dashboard page with greeting" time="0.177">
      <failure>TestingLibraryElementError: Unable to find an element with the text: /Good evening/. This could be because the text is broken up by multiple elements. In this case, you can provide a function for your text matcher to make your matcher more flexible.

Ignored nodes: comments, script, style
&lt;body&gt;
  &lt;div&gt;
    &lt;div
      class=&quot;min-h-full bg-background text-foreground flex flex-col gap-8&quot;
    &gt;
      &lt;div
        class=&quot;flex justify-between items-center py-2 px-1&quot;
      &gt;
        &lt;h1
          class=&quot;text-3xl md:text-4xl font-extrabold gradient-text&quot;
        &gt;
          Good afternoon
          , 
          test
        &lt;/h1&gt;
      &lt;/div&gt;
      &lt;div
        class=&quot;flex flex-col gap-6&quot;
      &gt;
        &lt;h2
          class=&quot;text-xl font-semibold mb-2 text-creative&quot;
        &gt;
          Choose your workflow
        &lt;/h2&gt;
        &lt;div
          class=&quot;flex flex-col md:flex-row gap-6&quot;
        &gt;
          &lt;div
            class=&quot;bg-panel rounded-lg p-6 flex-1 flex flex-col justify-between shadow-md border-2 border-mint/60 hover:shadow-lg transition-shadow&quot;
          &gt;
            &lt;div&gt;
              &lt;h3
                class=&quot;text-lg font-bold text-creative mb-2&quot;
              &gt;
                Sell Better
              &lt;/h3&gt;
              &lt;p
                class=&quot;text-secondaryText mb-3&quot;
              &gt;
                Optimize your sales workflow for better results. Click below to start.
              &lt;/p&gt;
            &lt;/div&gt;
            &lt;button
              class=&quot;inline-flex items-center justify-center rounded-md text-sm font-medium transition-colors focus-visible:outline-none focus-visible:ring-1 focus-visible:ring-ring disabled:pointer-events-none disabled:opacity-50 shadow h-9 px-4 py-2 bg-primary text-black hover:bg-creative hover:text-white w-full&quot;
            &gt;
              Start Sell Better
            &lt;/button&gt;
          &lt;/div&gt;
          &lt;div
            class=&quot;bg-panel rounded-lg p-6 flex-1 flex flex-col justify-between shadow-md border-2 border-lavender/60 hover:shadow-lg transition-shadow&quot;
          &gt;
            &lt;div&gt;
              &lt;h3
                class=&quot;text-lg font-bold text-creative mb-2&quot;
              &gt;
                How to Sell
              &lt;/h3&gt;
              &lt;p
                class=&quot;text-secondaryText mb-3&quot;
              &gt;
                Learn and implement proven selling tactics. Click below to explore.
              &lt;/p&gt;
            &lt;/div&gt;
            &lt;button
              class=&quot;inline-flex items-center justify-center rounded-md text-sm font-medium transition-colors focus-visible:outline-none focus-visible:ring-1 focus-visible:ring-ring disabled:pointer-events-none disabled:opacity-50 shadow h-9 px-4 py-2 bg-primary text-black hover:bg-creative hover:text-white w-full&quot;
            &gt;
              Start How to Sell
            &lt;/button&gt;
          &lt;/div&gt;
        &lt;/div&gt;
      &lt;/div&gt;
      &lt;div
        class=&quot;flex flex-col gap-6&quot;
      &gt;
        &lt;h2
          class=&quot;text-xl font-semibold mb-2 text-creative&quot;
        &gt;
          Performance
        &lt;/h2&gt;
        &lt;div
          class=&quot;flex flex-col md:flex-row gap-6&quot;
        &gt;
          &lt;div
            class=&quot;bg-panel rounded-lg p-6 shadow-md border border-border flex flex-col items-center flex-1&quot;
          &gt;
            &lt;span
              class=&quot;text-creative font-bold mb-2&quot;
            &gt;
              Sales
            &lt;/span&gt;
            &lt;div
              class=&quot;w-full h-28&quot;
            &gt;
              &lt;div
                class=&quot;flex items-center justify-center h-full&quot;
              &gt;
                Loading...
              &lt;/div&gt;
            &lt;/div&gt;
          &lt;/div&gt;
          &lt;div
            class=&quot;bg-panel rounded-lg p-6 shadow-md border border-border flex flex-col items-center flex-1&quot;
          &gt;
            &lt;span
              class=&quot;text-highlight font-bold mb-2&quot;
            &gt;
              Conversion
            &lt;/span&gt;
            &lt;div
              class=&quot;w-full h-28&quot;
            &gt;
              &lt;div
                class=&quot;flex items-center justify-center h-full&quot;
              &gt;
                Loading...
              &lt;/div&gt;
            &lt;/div&gt;
          &lt;/div&gt;
        &lt;/div&gt;
        &lt;div
          class=&quot;mt-6&quot;
        &gt;
          &lt;div
            class=&quot;rounded-xl border bg-card text-card-foreground shadow bg-gradient-to-br from-neutral-900 to-neutral-800 border-neutral-700&quot;
          &gt;
            &lt;div
              class=&quot;p-6 pt-0 flex items-center justify-center h-32&quot;
            &gt;
              &lt;div
                class=&quot;animate-spin rounded-full h-8 w-8 border-t-2 border-[#5afcc0]&quot;
              /&gt;
            &lt;/div&gt;
          &lt;/div&gt;
        &lt;/div&gt;
        &lt;div
          class=&quot;mt-4&quot;
        &gt;
          &lt;h3
            class=&quot;text-sm font-medium mb-1&quot;
          &gt;
            Onboarding Progress
          &lt;/h3&gt;
          &lt;div
            data-testid=&quot;progress&quot;
          &gt;
            Progress: 
            66
            %
          &lt;/div&gt;
        &lt;/div&gt;
      &lt;/div&gt;
    &lt;/div&gt;
  &lt;/div&gt;
&lt;/body&gt;
    at Object.getElementError (C:\Users\Cheem\OneDrive\Coding\clipsCommerce\node_modules\@testing-library\dom\dist\config.js:37:19)
    at C:\Users\Cheem\OneDrive\Coding\clipsCommerce\node_modules\@testing-library\dom\dist\query-helpers.js:76:38
    at C:\Users\Cheem\OneDrive\Coding\clipsCommerce\node_modules\@testing-library\dom\dist\query-helpers.js:52:17
    at C:\Users\Cheem\OneDrive\Coding\clipsCommerce\node_modules\@testing-library\dom\dist\query-helpers.js:95:19
    at Object.&lt;anonymous&gt; (C:\Users\Cheem\OneDrive\Coding\clipsCommerce\src\__tests__\dashboard-page.test.tsx:75:19)
    at Promise.then.completed (C:\Users\Cheem\OneDrive\Coding\clipsCommerce\node_modules\jest-circus\build\utils.js:298:28)
    at new Promise (&lt;anonymous&gt;)
    at callAsyncCircusFn (C:\Users\Cheem\OneDrive\Coding\clipsCommerce\node_modules\jest-circus\build\utils.js:231:10)
    at _callCircusTest (C:\Users\Cheem\OneDrive\Coding\clipsCommerce\node_modules\jest-circus\build\run.js:316:40)
    at processTicksAndRejections (node:internal/process/task_queues:105:5)
    at _runTest (C:\Users\Cheem\OneDrive\Coding\clipsCommerce\node_modules\jest-circus\build\run.js:252:3)
    at _runTestsForDescribeBlock (C:\Users\Cheem\OneDrive\Coding\clipsCommerce\node_modules\jest-circus\build\run.js:126:9)
    at _runTestsForDescribeBlock (C:\Users\Cheem\OneDrive\Coding\clipsCommerce\node_modules\jest-circus\build\run.js:121:9)
    at run (C:\Users\Cheem\OneDrive\Coding\clipsCommerce\node_modules\jest-circus\build\run.js:71:3)
    at runAndTransformResultsToJestFormat (C:\Users\Cheem\OneDrive\Coding\clipsCommerce\node_modules\jest-circus\build\legacy-code-todo-rewrite\jestAdapterInit.js:122:21)
    at jestAdapter (C:\Users\Cheem\OneDrive\Coding\clipsCommerce\node_modules\jest-circus\build\legacy-code-todo-rewrite\jestAdapter.js:79:19)
    at runTestInternal (C:\Users\Cheem\OneDrive\Coding\clipsCommerce\node_modules\jest-runner\build\runTest.js:367:16)
    at runTest (C:\Users\Cheem\OneDrive\Coding\clipsCommerce\node_modules\jest-runner\build\runTest.js:444:34)
    at Object.worker (C:\Users\Cheem\OneDrive\Coding\clipsCommerce\node_modules\jest-runner\build\testWorker.js:106:12)</failure>
    </testcase>
    <testcase classname="DashboardPage renders workflow cards" name="DashboardPage renders workflow cards" time="0.036">
    </testcase>
    <testcase classname="DashboardPage renders performance charts" name="DashboardPage renders performance charts" time="0.023">
    </testcase>
    <testcase classname="DashboardPage renders onboarding progress" name="DashboardPage renders onboarding progress" time="0.02">
    </testcase>
  </testsuite>
  <testsuite name="SubscriptionComponent" errors="0" failures="2" skipped="0" timestamp="2025-06-15T04:14:58" time="4.778" tests="7">
    <testcase classname="SubscriptionComponent renders subscription management without navigation" name="SubscriptionComponent renders subscription management without navigation" time="0.255">
    </testcase>
    <testcase classname="SubscriptionComponent renders the three pricing tiers" name="SubscriptionComponent renders the three pricing tiers" time="0.07">
    </testcase>
    <testcase classname="SubscriptionComponent shows the correct pricing for Pro tier" name="SubscriptionComponent shows the correct pricing for Pro tier" time="0.043">
      <failure>Error: expect(received).toHaveLength(expected)

Expected length: 2
Received length: 1
Received array:  [&lt;span class=&quot;text-3xl font-bold&quot;&gt;$70/month&lt;/span&gt;]
    at Object.&lt;anonymous&gt; (C:\Users\Cheem\OneDrive\Coding\clipsCommerce\src\__tests__\subscription-component.test.tsx:56:46)
    at Promise.then.completed (C:\Users\Cheem\OneDrive\Coding\clipsCommerce\node_modules\jest-circus\build\utils.js:298:28)
    at new Promise (&lt;anonymous&gt;)
    at callAsyncCircusFn (C:\Users\Cheem\OneDrive\Coding\clipsCommerce\node_modules\jest-circus\build\utils.js:231:10)
    at _callCircusTest (C:\Users\Cheem\OneDrive\Coding\clipsCommerce\node_modules\jest-circus\build\run.js:316:40)
    at processTicksAndRejections (node:internal/process/task_queues:105:5)
    at _runTest (C:\Users\Cheem\OneDrive\Coding\clipsCommerce\node_modules\jest-circus\build\run.js:252:3)
    at _runTestsForDescribeBlock (C:\Users\Cheem\OneDrive\Coding\clipsCommerce\node_modules\jest-circus\build\run.js:126:9)
    at _runTestsForDescribeBlock (C:\Users\Cheem\OneDrive\Coding\clipsCommerce\node_modules\jest-circus\build\run.js:121:9)
    at run (C:\Users\Cheem\OneDrive\Coding\clipsCommerce\node_modules\jest-circus\build\run.js:71:3)
    at runAndTransformResultsToJestFormat (C:\Users\Cheem\OneDrive\Coding\clipsCommerce\node_modules\jest-circus\build\legacy-code-todo-rewrite\jestAdapterInit.js:122:21)
    at jestAdapter (C:\Users\Cheem\OneDrive\Coding\clipsCommerce\node_modules\jest-circus\build\legacy-code-todo-rewrite\jestAdapter.js:79:19)
    at runTestInternal (C:\Users\Cheem\OneDrive\Coding\clipsCommerce\node_modules\jest-runner\build\runTest.js:367:16)
    at runTest (C:\Users\Cheem\OneDrive\Coding\clipsCommerce\node_modules\jest-runner\build\runTest.js:444:34)
    at Object.worker (C:\Users\Cheem\OneDrive\Coding\clipsCommerce\node_modules\jest-runner\build\testWorker.js:106:12)</failure>
    </testcase>
    <testcase classname="SubscriptionComponent renders the tab navigation for Plans, Billing, and Invoices" name="SubscriptionComponent renders the tab navigation for Plans, Billing, and Invoices" time="0.047">
    </testcase>
    <testcase classname="SubscriptionComponent shows the yearly/monthly toggle" name="SubscriptionComponent shows the yearly/monthly toggle" time="0.08">
      <failure>TestingLibraryElementError: Unable to find an element with the text: Save 20%. This could be because the text is broken up by multiple elements. In this case, you can provide a function for your text matcher to make your matcher more flexible.

Ignored nodes: comments, script, style
&lt;body&gt;
  &lt;div&gt;
    &lt;div
      class=&quot;min-h-screen bg-background text-foreground p-4 md:p-6 space-y-6&quot;
    &gt;
      &lt;div&gt;
        &lt;h1
          class=&quot;text-2xl md:text-3xl font-bold tracking-tight gradient-text&quot;
        &gt;
          Subscription
        &lt;/h1&gt;
        &lt;p
          class=&quot;text-muted-foreground mt-1&quot;
        &gt;
          Manage your subscription plan and billing
        &lt;/p&gt;
      &lt;/div&gt;
      &lt;div
        data-orientation=&quot;horizontal&quot;
        dir=&quot;ltr&quot;
      &gt;
        &lt;div
          aria-orientation=&quot;horizontal&quot;
          class=&quot;h-9 items-center justify-center rounded-lg bg-muted p-1 text-muted-foreground grid w-full grid-cols-3&quot;
          data-orientation=&quot;horizontal&quot;
          role=&quot;tablist&quot;
          style=&quot;outline: none;&quot;
          tabindex=&quot;0&quot;
        &gt;
          &lt;button
            aria-controls=&quot;radix-Â«rgÂ»-content-plans&quot;
            aria-selected=&quot;true&quot;
            class=&quot;inline-flex items-center justify-center whitespace-nowrap rounded-md px-3 py-1 text-sm font-medium ring-offset-background transition-all focus-visible:outline-none focus-visible:ring-2 focus-visible:ring-ring focus-visible:ring-offset-2 disabled:pointer-events-none disabled:opacity-50 data-[state=active]:bg-background data-[state=active]:text-foreground data-[state=active]:shadow&quot;
            data-orientation=&quot;horizontal&quot;
            data-radix-collection-item=&quot;&quot;
            data-state=&quot;active&quot;
            id=&quot;radix-Â«rgÂ»-trigger-plans&quot;
            role=&quot;tab&quot;
            tabindex=&quot;-1&quot;
            type=&quot;button&quot;
          &gt;
            &lt;svg
              class=&quot;h-4 w-4 mr-2&quot;
              data-testid=&quot;Shield-icon&quot;
            /&gt;
            Plans
          &lt;/button&gt;
          &lt;button
            aria-controls=&quot;radix-Â«rgÂ»-content-billing&quot;
            aria-selected=&quot;false&quot;
            class=&quot;inline-flex items-center justify-center whitespace-nowrap rounded-md px-3 py-1 text-sm font-medium ring-offset-background transition-all focus-visible:outline-none focus-visible:ring-2 focus-visible:ring-ring focus-visible:ring-offset-2 disabled:pointer-events-none disabled:opacity-50 data-[state=active]:bg-background data-[state=active]:text-foreground data-[state=active]:shadow&quot;
            data-orientation=&quot;horizontal&quot;
            data-radix-collection-item=&quot;&quot;
            data-state=&quot;inactive&quot;
            id=&quot;radix-Â«rgÂ»-trigger-billing&quot;
            role=&quot;tab&quot;
            tabindex=&quot;-1&quot;
            type=&quot;button&quot;
          &gt;
            &lt;svg
              class=&quot;h-4 w-4 mr-2&quot;
              data-testid=&quot;CreditCard-icon&quot;
            /&gt;
            Billing
          &lt;/button&gt;
          &lt;button
            aria-controls=&quot;radix-Â«rgÂ»-content-invoices&quot;
            aria-selected=&quot;false&quot;
            class=&quot;inline-flex items-center justify-center whitespace-nowrap rounded-md px-3 py-1 text-sm font-medium ring-offset-background transition-all focus-visible:outline-none focus-visible:ring-2 focus-visible:ring-ring focus-visible:ring-offset-2 disabled:pointer-events-none disabled:opacity-50 data-[state=active]:bg-background data-[state=active]:text-foreground data-[state=active]:shadow&quot;
            data-orientation=&quot;horizontal&quot;
            data-radix-collection-item=&quot;&quot;
            data-state=&quot;inactive&quot;
            id=&quot;radix-Â«rgÂ»-trigger-invoices&quot;
            role=&quot;tab&quot;
            tabindex=&quot;-1&quot;
            type=&quot;button&quot;
          &gt;
            &lt;svg
              class=&quot;h-4 w-4 mr-2&quot;
              data-testid=&quot;FileText-icon&quot;
            /&gt;
            Invoices
          &lt;/button&gt;
        &lt;/div&gt;
        &lt;div
          aria-labelledby=&quot;radix-Â«rgÂ»-trigger-plans&quot;
          class=&quot;ring-offset-background focus-visible:outline-none focus-visible:ring-2 focus-visible:ring-ring focus-visible:ring-offset-2 mt-4&quot;
          data-orientation=&quot;horizontal&quot;
          data-state=&quot;active&quot;
          id=&quot;radix-Â«rgÂ»-content-plans&quot;
          role=&quot;tabpanel&quot;
          style=&quot;animation-duration: 0s;&quot;
          tabindex=&quot;0&quot;
        &gt;
          &lt;div
            class=&quot;flex justify-center mb-6&quot;
          &gt;
            &lt;div
              class=&quot;bg-[#1A1A1A] p-1 rounded-full inline-flex items-center border border-[#8D5AFF]/20&quot;
            &gt;
              &lt;button
                class=&quot;inline-flex items-center justify-center font-medium transition-colors focus-visible:outline-none focus-visible:ring-1 focus-visible:ring-ring disabled:pointer-events-none disabled:opacity-50 shadow hover:bg-primary/90 h-8 px-3 text-xs rounded-full bg-[#8D5AFF] text-white&quot;
              &gt;
                Monthly
              &lt;/button&gt;
              &lt;button
                class=&quot;inline-flex items-center justify-center font-medium transition-colors focus-visible:outline-none focus-visible:ring-1 focus-visible:ring-ring disabled:pointer-events-none disabled:opacity-50 hover:bg-accent h-8 px-3 text-xs rounded-full text-gray-300 hover:text-white&quot;
              &gt;
                Yearly
                &lt;div
                  class=&quot;inline-flex items-center border transition-colors focus:outline-none focus:ring-2 focus:ring-ring focus:ring-offset-2 border-transparent bg-primary text-primary-foreground shadow hover:bg-primary/80 ml-2 px-2 py-0.5 rounded-sm text-xs font-medium&quot;
                &gt;
                  30% off
                &lt;/div&gt;
              &lt;/button&gt;
   ...
    at Object.getElementError (C:\Users\Cheem\OneDrive\Coding\clipsCommerce\node_modules\@testing-library\dom\dist\config.js:37:19)
    at C:\Users\Cheem\OneDrive\Coding\clipsCommerce\node_modules\@testing-library\dom\dist\query-helpers.js:76:38
    at C:\Users\Cheem\OneDrive\Coding\clipsCommerce\node_modules\@testing-library\dom\dist\query-helpers.js:52:17
    at C:\Users\Cheem\OneDrive\Coding\clipsCommerce\node_modules\@testing-library\dom\dist\query-helpers.js:95:19
    at Object.&lt;anonymous&gt; (C:\Users\Cheem\OneDrive\Coding\clipsCommerce\src\__tests__\subscription-component.test.tsx:72:19)
    at Promise.then.completed (C:\Users\Cheem\OneDrive\Coding\clipsCommerce\node_modules\jest-circus\build\utils.js:298:28)
    at new Promise (&lt;anonymous&gt;)
    at callAsyncCircusFn (C:\Users\Cheem\OneDrive\Coding\clipsCommerce\node_modules\jest-circus\build\utils.js:231:10)
    at _callCircusTest (C:\Users\Cheem\OneDrive\Coding\clipsCommerce\node_modules\jest-circus\build\run.js:316:40)
    at processTicksAndRejections (node:internal/process/task_queues:105:5)
    at _runTest (C:\Users\Cheem\OneDrive\Coding\clipsCommerce\node_modules\jest-circus\build\run.js:252:3)
    at _runTestsForDescribeBlock (C:\Users\Cheem\OneDrive\Coding\clipsCommerce\node_modules\jest-circus\build\run.js:126:9)
    at _runTestsForDescribeBlock (C:\Users\Cheem\OneDrive\Coding\clipsCommerce\node_modules\jest-circus\build\run.js:121:9)
    at run (C:\Users\Cheem\OneDrive\Coding\clipsCommerce\node_modules\jest-circus\build\run.js:71:3)
    at runAndTransformResultsToJestFormat (C:\Users\Cheem\OneDrive\Coding\clipsCommerce\node_modules\jest-circus\build\legacy-code-todo-rewrite\jestAdapterInit.js:122:21)
    at jestAdapter (C:\Users\Cheem\OneDrive\Coding\clipsCommerce\node_modules\jest-circus\build\legacy-code-todo-rewrite\jestAdapter.js:79:19)
    at runTestInternal (C:\Users\Cheem\OneDrive\Coding\clipsCommerce\node_modules\jest-runner\build\runTest.js:367:16)
    at runTest (C:\Users\Cheem\OneDrive\Coding\clipsCommerce\node_modules\jest-runner\build\runTest.js:444:34)
    at Object.worker (C:\Users\Cheem\OneDrive\Coding\clipsCommerce\node_modules\jest-runner\build\testWorker.js:106:12)</failure>
    </testcase>
    <testcase classname="SubscriptionComponent shows the Team plan as popular" name="SubscriptionComponent shows the Team plan as popular" time="0.034">
    </testcase>
    <testcase classname="SubscriptionComponent displays Pro as current plan by default" name="SubscriptionComponent displays Pro as current plan by default" time="0.042">
    </testcase>
  </testsuite>
  <testsuite name="AccelerateComponent" errors="0" failures="0" skipped="0" timestamp="2025-06-15T04:15:02" time="1.513" tests="8">
    <testcase classname="AccelerateComponent renders the main heading and description" name="AccelerateComponent renders the main heading and description" time="0.175">
    </testcase>
    <testcase classname="AccelerateComponent renders the Add Videos button" name="AccelerateComponent renders the Add Videos button" time="0.076">
    </testcase>
    <testcase classname="AccelerateComponent renders the upload drop zone" name="AccelerateComponent renders the upload drop zone" time="0.064">
    </testcase>
    <testcase classname="AccelerateComponent renders the progress section" name="AccelerateComponent renders the progress section" time="0.056">
    </testcase>
    <testcase classname="AccelerateComponent renders the video workflow columns" name="AccelerateComponent renders the video workflow columns" time="0.067">
    </testcase>
    <testcase classname="AccelerateComponent renders initial video cards" name="AccelerateComponent renders initial video cards" time="0.049">
    </testcase>
    <testcase classname="AccelerateComponent handles file input click when Add Videos button is clicked" name="AccelerateComponent handles file input click when Add Videos button is clicked" time="0.104">
    </testcase>
    <testcase classname="AccelerateComponent displays progress percentages correctly" name="AccelerateComponent displays progress percentages correctly" time="0.066">
    </testcase>
  </testsuite>
  <testsuite name="VideoOptimizationAnalysisService" errors="0" failures="0" skipped="0" timestamp="2025-06-15T04:15:03" time="1.671" tests="13">
    <testcase classname="VideoOptimizationAnalysisService constructor should throw error if no API key is provided" name="VideoOptimizationAnalysisService constructor should throw error if no API key is provided" time="0.018">
    </testcase>
    <testcase classname="VideoOptimizationAnalysisService constructor should instantiate OptimizedVideoGenerator with the API key" name="VideoOptimizationAnalysisService constructor should instantiate OptimizedVideoGenerator with the API key" time="0.005">
    </testcase>
    <testcase classname="VideoOptimizationAnalysisService getVideoOptimizationInsights should call all relevant engines and combine their data" name="VideoOptimizationAnalysisService getVideoOptimizationInsights should call all relevant engines and combine their data" time="0.01">
    </testcase>
    <testcase classname="VideoOptimizationAnalysisService getVideoOptimizationInsights should handle failure in ContentInsightsEngine gracefully" name="VideoOptimizationAnalysisService getVideoOptimizationInsights should handle failure in ContentInsightsEngine gracefully" time="0.005">
    </testcase>
    <testcase classname="VideoOptimizationAnalysisService getVideoOptimizationInsights should handle failure in ViralityEngine gracefully" name="VideoOptimizationAnalysisService getVideoOptimizationInsights should handle failure in ViralityEngine gracefully" time="0.003">
    </testcase>
    <testcase classname="VideoOptimizationAnalysisService getVideoOptimizationInsights should handle failure in SentimentAnalysisEngine gracefully" name="VideoOptimizationAnalysisService getVideoOptimizationInsights should handle failure in SentimentAnalysisEngine gracefully" time="0.006">
    </testcase>
    <testcase classname="VideoOptimizationAnalysisService getVideoOptimizationInsights should handle failure in AudioRecommendationEngine gracefully" name="VideoOptimizationAnalysisService getVideoOptimizationInsights should handle failure in AudioRecommendationEngine gracefully" time="0.005">
    </testcase>
    <testcase classname="VideoOptimizationAnalysisService getVideoOptimizationInsights should handle no captions found gracefully" name="VideoOptimizationAnalysisService getVideoOptimizationInsights should handle no captions found gracefully" time="0.005">
    </testcase>
    <testcase classname="VideoOptimizationAnalysisService getVideoOptimizationInsights should handle unexpected errors from engines" name="VideoOptimizationAnalysisService getVideoOptimizationInsights should handle unexpected errors from engines" time="0.006">
    </testcase>
    <testcase classname="VideoOptimizationAnalysisService generateOptimizedContent should call OptimizedVideoGenerator with correct parameters" name="VideoOptimizationAnalysisService generateOptimizedContent should call OptimizedVideoGenerator with correct parameters" time="0.002">
    </testcase>
    <testcase classname="VideoOptimizationAnalysisService generateOptimizedContent should return error for missing analysis" name="VideoOptimizationAnalysisService generateOptimizedContent should return error for missing analysis" time="0.008">
    </testcase>
    <testcase classname="VideoOptimizationAnalysisService generateOptimizedContent should return error for missing userPreferences" name="VideoOptimizationAnalysisService generateOptimizedContent should return error for missing userPreferences" time="0.001">
    </testcase>
    <testcase classname="VideoOptimizationAnalysisService generateOptimizedContent should handle generator failure gracefully" name="VideoOptimizationAnalysisService generateOptimizedContent should handle generator failure gracefully" time="0.003">
    </testcase>
  </testsuite>
  <testsuite name="EnhancedContentOptimizationAgent" errors="0" failures="0" skipped="0" timestamp="2025-06-15T04:15:03" time="1.438" tests="9">
    <testcase classname="EnhancedContentOptimizationAgent should instantiate correctly" name="EnhancedContentOptimizationAgent should instantiate correctly" time="0.017">
    </testcase>
    <testcase classname="EnhancedContentOptimizationAgent should start and stop correctly" name="EnhancedContentOptimizationAgent should start and stop correctly" time="0.004">
    </testcase>
    <testcase classname="EnhancedContentOptimizationAgent executeTask - generate_content_recommendations should successfully generate content recommendations" name="EnhancedContentOptimizationAgent executeTask - generate_content_recommendations should successfully generate content recommendations" time="0.019">
    </testcase>
    <testcase classname="EnhancedContentOptimizationAgent executeTask - optimize_posting_times should successfully optimize posting times" name="EnhancedContentOptimizationAgent executeTask - optimize_posting_times should successfully optimize posting times" time="0.006">
    </testcase>
    <testcase classname="EnhancedContentOptimizationAgent executeTask - design_ab_tests should successfully design A/B tests" name="EnhancedContentOptimizationAgent executeTask - design_ab_tests should successfully design A/B tests" time="0.004">
    </testcase>
    <testcase classname="EnhancedContentOptimizationAgent should handle unknown task type" name="EnhancedContentOptimizationAgent should handle unknown task type" time="0.023">
    </testcase>
    <testcase classname="EnhancedContentOptimizationAgent should handle rate limiting" name="EnhancedContentOptimizationAgent should handle rate limiting" time="0.007">
    </testcase>
    <testcase classname="EnhancedContentOptimizationAgent should use cache for identical tasks" name="EnhancedContentOptimizationAgent should use cache for identical tasks" time="0.005">
    </testcase>
    <testcase classname="EnhancedContentOptimizationAgent should track performance metrics" name="EnhancedContentOptimizationAgent should track performance metrics" time="0.007">
    </testcase>
  </testsuite>
  <testsuite name="Get Started Button Redirects - Simple Tests" errors="0" failures="0" skipped="0" timestamp="2025-06-15T04:15:03" time="0.944" tests="10">
    <testcase classname="Get Started Button Redirects - Simple Tests NavigationBar Get Started Button should have href pointing to /dashboard" name="Get Started Button Redirects - Simple Tests NavigationBar Get Started Button should have href pointing to /dashboard" time="0.054">
    </testcase>
    <testcase classname="Get Started Button Redirects - Simple Tests NavigationBar Get Started Button should not have href pointing to sign-in or auth pages" name="Get Started Button Redirects - Simple Tests NavigationBar Get Started Button should not have href pointing to sign-in or auth pages" time="0.013">
    </testcase>
    <testcase classname="Get Started Button Redirects - Simple Tests ValueStatementSection Get Started Button should have href pointing to /dashboard" name="Get Started Button Redirects - Simple Tests ValueStatementSection Get Started Button should have href pointing to /dashboard" time="0.155">
    </testcase>
    <testcase classname="Get Started Button Redirects - Simple Tests ValueStatementSection Get Started Button should not redirect to sign-in or stripe" name="Get Started Button Redirects - Simple Tests ValueStatementSection Get Started Button should not redirect to sign-in or stripe" time="0.024">
    </testcase>
    <testcase classname="Get Started Button Redirects - Simple Tests PricingCard Get Started Buttons should redirect to Stripe checkout for paid tiers" name="Get Started Button Redirects - Simple Tests PricingCard Get Started Buttons should redirect to Stripe checkout for paid tiers" time="0.013">
    </testcase>
    <testcase classname="Get Started Button Redirects - Simple Tests PricingCard Get Started Buttons should redirect to Stripe checkout, not dashboard for paid tiers" name="Get Started Button Redirects - Simple Tests PricingCard Get Started Buttons should redirect to Stripe checkout, not dashboard for paid tiers" time="0.013">
    </testcase>
    <testcase classname="Get Started Button Redirects - Simple Tests PricingCard Get Started Buttons should redirect to dashboard for tiers without stripePriceId (free tiers)" name="Get Started Button Redirects - Simple Tests PricingCard Get Started Buttons should redirect to dashboard for tiers without stripePriceId (free tiers)" time="0.008">
    </testcase>
    <testcase classname="Get Started Button Redirects - Simple Tests Integration Tests should ensure navigation Get Started buttons redirect to dashboard" name="Get Started Button Redirects - Simple Tests Integration Tests should ensure navigation Get Started buttons redirect to dashboard" time="0.036">
    </testcase>
    <testcase classname="Get Started Button Redirects - Simple Tests Integration Tests should ensure navigation buttons do not redirect to unwanted pages" name="Get Started Button Redirects - Simple Tests Integration Tests should ensure navigation buttons do not redirect to unwanted pages" time="0.045">
    </testcase>
    <testcase classname="Get Started Button Redirects - Simple Tests Summary Test should confirm navigation Get Started buttons redirect to dashboard and pricing buttons work correctly" name="Get Started Button Redirects - Simple Tests Summary Test should confirm navigation Get Started buttons redirect to dashboard and pricing buttons work correctly" time="0.053">
    </testcase>
  </testsuite>
  <testsuite name="Team Mode Dashboard Integration" errors="0" failures="0" skipped="7" timestamp="2025-06-15T04:15:03" time="1.283" tests="18">
    <testcase classname="Team Mode Dashboard Integration Core Functionality should render team dashboard with proper providers" name="Team Mode Dashboard Integration Core Functionality should render team dashboard with proper providers" time="0.052">
    </testcase>
    <testcase classname="Team Mode Dashboard Integration Core Functionality should handle client loading and display" name="Team Mode Dashboard Integration Core Functionality should handle client loading and display" time="0">
      <skipped/>
    </testcase>
    <testcase classname="Team Mode Dashboard Integration Error Handling should catch and display errors with error boundary" name="Team Mode Dashboard Integration Error Handling should catch and display errors with error boundary" time="0.066">
    </testcase>
    <testcase classname="Team Mode Dashboard Integration Error Handling should provide retry functionality in error boundary" name="Team Mode Dashboard Integration Error Handling should provide retry functionality in error boundary" time="0.063">
    </testcase>
    <testcase classname="Team Mode Dashboard Integration Accessibility should have proper ARIA labels and roles" name="Team Mode Dashboard Integration Accessibility should have proper ARIA labels and roles" time="0.018">
    </testcase>
    <testcase classname="Team Mode Dashboard Integration Accessibility should support keyboard navigation" name="Team Mode Dashboard Integration Accessibility should support keyboard navigation" time="0.046">
    </testcase>
    <testcase classname="Team Mode Dashboard Integration Accessibility should announce important changes to screen readers" name="Team Mode Dashboard Integration Accessibility should announce important changes to screen readers" time="0.015">
    </testcase>
    <testcase classname="Team Mode Dashboard Integration Mobile Responsiveness should adapt header for mobile devices" name="Team Mode Dashboard Integration Mobile Responsiveness should adapt header for mobile devices" time="0">
      <skipped/>
    </testcase>
    <testcase classname="Team Mode Dashboard Integration Mobile Responsiveness should show mobile menu when toggled" name="Team Mode Dashboard Integration Mobile Responsiveness should show mobile menu when toggled" time="0">
      <skipped/>
    </testcase>
    <testcase classname="Team Mode Dashboard Integration Performance should handle large client lists efficiently" name="Team Mode Dashboard Integration Performance should handle large client lists efficiently" time="0">
      <skipped/>
    </testcase>
    <testcase classname="Team Mode Dashboard Integration Performance should debounce search input" name="Team Mode Dashboard Integration Performance should debounce search input" time="0">
      <skipped/>
    </testcase>
    <testcase classname="Team Mode Dashboard Integration Data Management should handle client selection properly" name="Team Mode Dashboard Integration Data Management should handle client selection properly" time="0">
      <skipped/>
    </testcase>
    <testcase classname="Team Mode Dashboard Integration Data Management should refresh data when requested" name="Team Mode Dashboard Integration Data Management should refresh data when requested" time="0">
      <skipped/>
    </testcase>
    <testcase classname="Team Mode Dashboard Integration Integration with Real Components should work with actual team dashboard layout" name="Team Mode Dashboard Integration Integration with Real Components should work with actual team dashboard layout" time="0.02">
    </testcase>
    <testcase classname="Team Mode Provider should provide context to child components" name="Team Mode Provider should provide context to child components" time="0.009">
    </testcase>
    <testcase classname="Team Mode Provider should throw error when used outside provider" name="Team Mode Provider should throw error when used outside provider" time="0.016">
    </testcase>
    <testcase classname="Error Boundary Edge Cases should handle async errors" name="Error Boundary Edge Cases should handle async errors" time="0.007">
    </testcase>
    <testcase classname="Error Boundary Edge Cases should provide error details in development" name="Error Boundary Edge Cases should provide error details in development" time="0.029">
    </testcase>
  </testsuite>
  <testsuite name="SentimentAnalysisEngine" errors="0" failures="0" skipped="0" timestamp="2025-06-15T04:15:04" time="0.498" tests="7">
    <testcase classname="SentimentAnalysisEngine constructor should throw an error if API key is not provided" name="SentimentAnalysisEngine constructor should throw an error if API key is not provided" time="0.017">
    </testcase>
    <testcase classname="SentimentAnalysisEngine constructor should initialize OpenAI client with the provided API key" name="SentimentAnalysisEngine constructor should initialize OpenAI client with the provided API key" time="0.001">
    </testcase>
    <testcase classname="SentimentAnalysisEngine analyzeTextSentiment should return successful sentiment analysis result on valid API response" name="SentimentAnalysisEngine analyzeTextSentiment should return successful sentiment analysis result on valid API response" time="0.014">
    </testcase>
    <testcase classname="SentimentAnalysisEngine analyzeTextSentiment should return failure on API error" name="SentimentAnalysisEngine analyzeTextSentiment should return failure on API error" time="0.003">
    </testcase>
    <testcase classname="SentimentAnalysisEngine analyzeTextSentiment should return failure on invalid JSON response" name="SentimentAnalysisEngine analyzeTextSentiment should return failure on invalid JSON response" time="0.004">
    </testcase>
    <testcase classname="SentimentAnalysisEngine analyzeTextSentiment should return failure if API response content is null" name="SentimentAnalysisEngine analyzeTextSentiment should return failure if API response content is null" time="0.006">
    </testcase>
    <testcase classname="SentimentAnalysisEngine analyzeTextSentiment should return failure if API response choices are empty" name="SentimentAnalysisEngine analyzeTextSentiment should return failure if API response choices are empty" time="0.003">
    </testcase>
  </testsuite>
  <testsuite name="NavigationBar" errors="0" failures="0" skipped="0" timestamp="2025-06-15T04:15:04" time="0.542" tests="10">
    <testcase classname="NavigationBar Desktop Navigation should render all navigation items" name="NavigationBar Desktop Navigation should render all navigation items" time="0.048">
    </testcase>
    <testcase classname="NavigationBar Desktop Navigation should have correct href attributes for direct links" name="NavigationBar Desktop Navigation should have correct href attributes for direct links" time="0.019">
    </testcase>
    <testcase classname="NavigationBar Desktop Navigation should show dropdown when hovering over dropdown items" name="NavigationBar Desktop Navigation should show dropdown when hovering over dropdown items" time="0.032">
    </testcase>
    <testcase classname="NavigationBar Mobile Navigation should show mobile menu when hamburger is clicked" name="NavigationBar Mobile Navigation should show mobile menu when hamburger is clicked" time="0.02">
    </testcase>
    <testcase classname="NavigationBar Mobile Navigation should have mobile pricing link with correct attributes" name="NavigationBar Mobile Navigation should have mobile pricing link with correct attributes" time="0.014">
    </testcase>
    <testcase classname="NavigationBar Dropdown Functionality should toggle dropdowns correctly" name="NavigationBar Dropdown Functionality should toggle dropdowns correctly" time="0.038">
    </testcase>
    <testcase classname="NavigationBar Dropdown Functionality should have correct dropdown links" name="NavigationBar Dropdown Functionality should have correct dropdown links" time="0.03">
    </testcase>
    <testcase classname="NavigationBar Dropdown Functionality should have correct dropdown links for Solutions dropdown" name="NavigationBar Dropdown Functionality should have correct dropdown links for Solutions dropdown" time="0.026">
    </testcase>
    <testcase classname="NavigationBar Get Started Buttons should render Get Started buttons" name="NavigationBar Get Started Buttons should render Get Started buttons" time="0.012">
    </testcase>
    <testcase classname="NavigationBar Get Started Buttons should handle Get Started button clicks" name="NavigationBar Get Started Buttons should handle Get Started button clicks" time="0.008">
    </testcase>
  </testsuite>
  <testsuite name="Button Routing Confirmation" errors="0" failures="0" skipped="0" timestamp="2025-06-15T04:15:04" time="0.731" tests="7">
    <testcase classname="Button Routing Confirmation Get Started Button Redirects should have correct href attribute in ValueStatementSection" name="Button Routing Confirmation Get Started Button Redirects should have correct href attribute in ValueStatementSection" time="0.199">
    </testcase>
    <testcase classname="Button Routing Confirmation Get Started Button Redirects should verify button exists in GuaranteeSection" name="Button Routing Confirmation Get Started Button Redirects should verify button exists in GuaranteeSection" time="0.026">
    </testcase>
    <testcase classname="Button Routing Confirmation Get Started Button Redirects should verify button exists in FinalCTASection" name="Button Routing Confirmation Get Started Button Redirects should verify button exists in FinalCTASection" time="0.027">
    </testcase>
    <testcase classname="Button Routing Confirmation Button Accessibility should have proper button roles and labels" name="Button Routing Confirmation Button Accessibility should have proper button roles and labels" time="0.038">
    </testcase>
    <testcase classname="Button Routing Confirmation Button Accessibility should be keyboard accessible" name="Button Routing Confirmation Button Accessibility should be keyboard accessible" time="0.037">
    </testcase>
    <testcase classname="Button Routing Confirmation Button States should handle button click events properly" name="Button Routing Confirmation Button States should handle button click events properly" time="0.007">
    </testcase>
    <testcase classname="Button Routing Confirmation Button States should handle click events properly" name="Button Routing Confirmation Button States should handle click events properly" time="0.009">
    </testcase>
  </testsuite>
  <testsuite name="EngagementPredictionController" errors="0" failures="0" skipped="0" timestamp="2025-06-15T04:15:02" time="2.835" tests="7">
    <testcase classname="EngagementPredictionController should be defined" name="EngagementPredictionController should be defined" time="0.026">
    </testcase>
    <testcase classname="EngagementPredictionController POST /predict should return prediction results successfully" name="EngagementPredictionController POST /predict should return prediction results successfully" time="0.007">
    </testcase>
    <testcase classname="EngagementPredictionController POST /predict should throw HttpException if agent is not initialized" name="EngagementPredictionController POST /predict should throw HttpException if agent is not initialized" time="0.019">
    </testcase>
    <testcase classname="EngagementPredictionController POST /predict should handle general errors from the service" name="EngagementPredictionController POST /predict should handle general errors from the service" time="0.009">
    </testcase>
    <testcase classname="EngagementPredictionController GET /status should return agent status and performance when initialized" name="EngagementPredictionController GET /status should return agent status and performance when initialized" time="0.015">
    </testcase>
    <testcase classname="EngagementPredictionController GET /status should return agent status as not initialized if agent is not ready" name="EngagementPredictionController GET /status should return agent status as not initialized if agent is not ready" time="0.006">
    </testcase>
    <testcase classname="EngagementPredictionController GET /status should handle errors when fetching status" name="EngagementPredictionController GET /status should handle errors when fetching status" time="0.009">
    </testcase>
  </testsuite>
  <testsuite name="PricingSection Component" errors="0" failures="4" skipped="1" timestamp="2025-06-15T04:14:58" time="6.839" tests="20">
    <testcase classname="PricingSection Component Rendering renders pricing section with all plans" name="PricingSection Component Rendering renders pricing section with all plans" time="0.243">
    </testcase>
    <testcase classname="PricingSection Component Rendering highlights the most popular plan" name="PricingSection Component Rendering highlights the most popular plan" time="0.042">
    </testcase>
    <testcase classname="PricingSection Component Rendering displays pricing toggle buttons" name="PricingSection Component Rendering displays pricing toggle buttons" time="0.044">
    </testcase>
    <testcase classname="PricingSection Component Rendering shows save percentage for annual billing" name="PricingSection Component Rendering shows save percentage for annual billing" time="0.041">
    </testcase>
    <testcase classname="PricingSection Component Pricing Toggle Functionality switches between annual and monthly pricing" name="PricingSection Component Pricing Toggle Functionality switches between annual and monthly pricing" time="0.138">
    </testcase>
    <testcase classname="PricingSection Component Pricing Toggle Functionality updates pricing display when toggling billing cycle" name="PricingSection Component Pricing Toggle Functionality updates pricing display when toggling billing cycle" time="0.128">
    </testcase>
    <testcase classname="PricingSection Component Plan Selection navigates to dashboard when Pro plan button (Get Started) is clicked" name="PricingSection Component Plan Selection navigates to dashboard when Pro plan button (Get Started) is clicked" time="0.065">
      <failure>Error: expect(jest.fn()).toHaveBeenCalledWith(...expected)

Expected: &quot;/dashboard&quot;

Number of calls: 0
    at Object.&lt;anonymous&gt; (C:\Users\Cheem\OneDrive\Coding\clipsCommerce\testing\components\PricingSection.test.tsx:176:32)</failure>
    </testcase>
    <testcase classname="PricingSection Component Plan Selection navigates to dashboard when Lite plan button (Select Plan) is clicked" name="PricingSection Component Plan Selection navigates to dashboard when Lite plan button (Select Plan) is clicked" time="0.118">
      <failure>Error: expect(jest.fn()).toHaveBeenCalledWith(...expected)

Expected: &quot;/dashboard&quot;

Number of calls: 0
    at Object.&lt;anonymous&gt; (C:\Users\Cheem\OneDrive\Coding\clipsCommerce\testing\components\PricingSection.test.tsx:187:32)</failure>
    </testcase>
    <testcase classname="PricingSection Component Features Display displays all plan features" name="PricingSection Component Features Display displays all plan features" time="0.069">
    </testcase>
    <testcase classname="PricingSection Component Features Display shows guarantee information" name="PricingSection Component Features Display shows guarantee information" time="0.045">
    </testcase>
    <testcase classname="PricingSection Component Features Display displays bonus information" name="PricingSection Component Features Display displays bonus information" time="0.061">
      <failure>TestingLibraryElementError: Found multiple elements with the text: /Template Generator &amp; Hook Creator/

Here are the matching elements:

Ignored nodes: comments, script, style
&lt;p
  class=&quot;text-sm text-white/70&quot;
&gt;
  Template Generator &amp; Hook Creator included ($899 value)
&lt;/p&gt;

Ignored nodes: comments, script, style
&lt;p
  class=&quot;text-sm text-white/70&quot;
&gt;
  Template Generator &amp; Hook Creator included ($899 value)
&lt;/p&gt;

Ignored nodes: comments, script, style
&lt;p
  class=&quot;text-sm text-white/70&quot;
&gt;
  Template Generator &amp; Hook Creator included ($899 value)
&lt;/p&gt;

(If this is intentional, then use the `*AllBy*` variant of the query (like `queryAllByText`, `getAllByText`, or `findAllByText`)).

Ignored nodes: comments, script, style
&lt;body&gt;
  &lt;div&gt;
    &lt;section
      class=&quot;py-16 md:py-24 bg-gradient-to-b from-black to-[#0A0A0A] text-white&quot;
    &gt;
      &lt;div
        class=&quot;max-w-7xl mx-auto px-6 sm:px-12 lg:px-16&quot;
      &gt;
        &lt;div
          class=&quot;text-center mb-16&quot;
          initial=&quot;[object Object]&quot;
          transition=&quot;[object Object]&quot;
          viewport=&quot;[object Object]&quot;
          whileinview=&quot;[object Object]&quot;
        &gt;
          &lt;h2
            class=&quot;text-4xl md:text-6xl font-bold mb-6&quot;
          &gt;
            Choose Your 
            &lt;span
              class=&quot;text-[#5afcc0]&quot;
            &gt;
              Revenue
            &lt;/span&gt;
             Plan
          &lt;/h2&gt;
          &lt;p
            class=&quot;text-xl text-white/80 max-w-3xl mx-auto&quot;
          &gt;
            Every plan is designed to pay for itself within the first month through increased sales and conversions.
          &lt;/p&gt;
        &lt;/div&gt;
        &lt;div
          class=&quot;text-center mb-16&quot;
        &gt;
          &lt;span
            class=&quot;inline-block text-sm font-semibold text-[#5afcc0] uppercase tracking-wider mb-3&quot;
            initial=&quot;[object Object]&quot;
            transition=&quot;[object Object]&quot;
            viewport=&quot;[object Object]&quot;
            whileinview=&quot;[object Object]&quot;
          &gt;
            Simple, Transparent Pricing
          &lt;/span&gt;
          &lt;h2
            class=&quot;text-3xl md:text-4xl font-bold text-white mb-6&quot;
            initial=&quot;[object Object]&quot;
            transition=&quot;[object Object]&quot;
            viewport=&quot;[object Object]&quot;
            whileinview=&quot;[object Object]&quot;
          &gt;
            Scale Your Content and 
            &lt;span
              class=&quot;text-[#8D5AFF]&quot;
            &gt;
              Maximize Sales
            &lt;/span&gt;
          &lt;/h2&gt;
          &lt;p
            class=&quot;text-xl text-white/80 max-w-3xl mx-auto mb-10&quot;
            initial=&quot;[object Object]&quot;
            transition=&quot;[object Object]&quot;
            viewport=&quot;[object Object]&quot;
            whileinview=&quot;[object Object]&quot;
          &gt;
            Select the plan that best fits your needs. All plans include our core AI-powered features.
          &lt;/p&gt;
          &lt;div
            class=&quot;inline-flex items-center bg-black/30 p-1 rounded-full border border-white/10 mb-12 backdrop-blur-sm&quot;
            initial=&quot;[object Object]&quot;
            transition=&quot;[object Object]&quot;
            viewport=&quot;[object Object]&quot;
            whileinview=&quot;[object Object]&quot;
          &gt;
            &lt;button
              class=&quot;px-6 py-2 rounded-full text-sm font-medium transition-all bg-[#8D5AFF] text-white shadow-lg&quot;
            &gt;
              Annual
              &lt;span
                class=&quot;ml-1 text-xs bg-[#5afcc0] text-black px-2 py-0.5 rounded-full&quot;
              &gt;
                Save 20%
              &lt;/span&gt;
            &lt;/button&gt;
            &lt;button
              class=&quot;px-6 py-2 rounded-full text-sm font-medium transition-all text-white/60 hover:text-white&quot;
            &gt;
              Monthly
            &lt;/button&gt;
          &lt;/div&gt;
          &lt;div
            class=&quot;grid md:grid-cols-3 gap-6 xl:gap-10&quot;
          &gt;
            &lt;div
              class=&quot;relative rounded-2xl overflow-hidden backdrop-blur-sm border border-white/10 bg-black/40&quot;
              initial=&quot;[object Object]&quot;
              transition=&quot;[object Object]&quot;
              viewport=&quot;[object Object]&quot;
              whileinview=&quot;[object Object]&quot;
            &gt;
              &lt;div
                class=&quot;p-8 relative&quot;
              &gt;
                &lt;h3
                  class=&quot;text-2xl font-bold text-white mb-2&quot;
                &gt;
                  Lite
                &lt;/h3&gt;
                &lt;p
                  class=&quot;text-white/60 mb-6 min-h-[40px]&quot;
                &gt;
                  $20/month
                &lt;/p&gt;
                &lt;div
                  class=&quot;flex items-baseline mb-6&quot;
                &gt;
                  &lt;span
                    class=&quot;text-4xl font-bold text-white&quot;
                  &gt;
                    $
                    240
                  &lt;/span&gt;
                  &lt;span
                    class=&quot;text-white/60 ml-2&quot;
                  &gt;
                    /year
                  &lt;/span&gt;
                &lt;/div&gt;
                &lt;div
                  class=&quot;bg-[#5afcc0]/10 rounded-lg p-4 mb-6 border border-[#5afcc0]/20&quot;
                &gt;
                  &lt;div
                    class=&quot;flex items-start&quot;
                  &gt;
                    &lt;svg
                      class=&quot;h-5 w-5 text-[#5afcc0] mr-2 mt-0.5 flex-shrink-0&quot;
                      data-testid=&quot;Sparkles-icon&quot;
                    /&gt;
                    &lt;div&gt;
                      &lt;p
                        class=&quot;text-[#5afcc0] font-medium&quot;
                      &gt;
                        Limited Time Bonuses
                      &lt;/p&gt;
                      &lt;p
                        class=&quot;text-sm text-white/70&quot;
                      &gt;
                        Template Generator &amp; Hook Creator included ($899 value)
                      &lt;/p&gt;
                    &lt;/div&gt;
                  &lt;/div&gt;[...
    at Object.getElementError (C:\Users\Cheem\OneDrive\Coding\clipsCommerce\node_modules\@testing-library\dom\dist\config.js:37:19)
    at getElementError (C:\Users\Cheem\OneDrive\Coding\clipsCommerce\node_modules\@testing-library\dom\dist\query-helpers.js:20:35)
    at getMultipleElementsFoundError (C:\Users\Cheem\OneDrive\Coding\clipsCommerce\node_modules\@testing-library\dom\dist\query-helpers.js:23:10)
    at C:\Users\Cheem\OneDrive\Coding\clipsCommerce\node_modules\@testing-library\dom\dist\query-helpers.js:55:13
    at C:\Users\Cheem\OneDrive\Coding\clipsCommerce\node_modules\@testing-library\dom\dist\query-helpers.js:95:19
    at Object.&lt;anonymous&gt; (C:\Users\Cheem\OneDrive\Coding\clipsCommerce\testing\components\PricingSection.test.tsx:212:21)
    at Promise.then.completed (C:\Users\Cheem\OneDrive\Coding\clipsCommerce\node_modules\jest-circus\build\utils.js:298:28)
    at new Promise (&lt;anonymous&gt;)
    at callAsyncCircusFn (C:\Users\Cheem\OneDrive\Coding\clipsCommerce\node_modules\jest-circus\build\utils.js:231:10)
    at _callCircusTest (C:\Users\Cheem\OneDrive\Coding\clipsCommerce\node_modules\jest-circus\build\run.js:316:40)
    at _runTest (C:\Users\Cheem\OneDrive\Coding\clipsCommerce\node_modules\jest-circus\build\run.js:252:3)
    at _runTestsForDescribeBlock (C:\Users\Cheem\OneDrive\Coding\clipsCommerce\node_modules\jest-circus\build\run.js:126:9)
    at _runTestsForDescribeBlock (C:\Users\Cheem\OneDrive\Coding\clipsCommerce\node_modules\jest-circus\build\run.js:121:9)
    at _runTestsForDescribeBlock (C:\Users\Cheem\OneDrive\Coding\clipsCommerce\node_modules\jest-circus\build\run.js:121:9)
    at run (C:\Users\Cheem\OneDrive\Coding\clipsCommerce\node_modules\jest-circus\build\run.js:71:3)
    at runAndTransformResultsToJestFormat (C:\Users\Cheem\OneDrive\Coding\clipsCommerce\node_modules\jest-circus\build\legacy-code-todo-rewrite\jestAdapterInit.js:122:21)
    at jestAdapter (C:\Users\Cheem\OneDrive\Coding\clipsCommerce\node_modules\jest-circus\build\legacy-code-todo-rewrite\jestAdapter.js:79:19)
    at runTestInternal (C:\Users\Cheem\OneDrive\Coding\clipsCommerce\node_modules\jest-runner\build\runTest.js:367:16)
    at runTest (C:\Users\Cheem\OneDrive\Coding\clipsCommerce\node_modules\jest-runner\build\runTest.js:444:34)
    at Object.worker (C:\Users\Cheem\OneDrive\Coding\clipsCommerce\node_modules\jest-runner\build\testWorker.js:106:12)</failure>
    </testcase>
    <testcase classname="PricingSection Component Accessibility meets accessibility standards" name="PricingSection Component Accessibility meets accessibility standards" time="0.038">
    </testcase>
    <testcase classname="PricingSection Component Accessibility has proper ARIA labels for pricing toggle" name="PricingSection Component Accessibility has proper ARIA labels for pricing toggle" time="0.059">
    </testcase>
    <testcase classname="PricingSection Component Accessibility maintains focus management during interactions" name="PricingSection Component Accessibility maintains focus management during interactions" time="0">
      <skipped/>
    </testcase>
    <testcase classname="PricingSection Component Responsive Design adapts to different screen sizes" name="PricingSection Component Responsive Design adapts to different screen sizes" time="0.098">
    </testcase>
    <testcase classname="PricingSection Component Responsive Design plan buttons navigate on mobile devices" name="PricingSection Component Responsive Design plan buttons navigate on mobile devices" time="1.104">
      <failure>Error: expect(jest.fn()).toHaveBeenCalledWith(...expected)

Expected: &quot;/dashboard&quot;

Number of calls: 0

Ignored nodes: comments, script, style
&lt;html
  class=&quot;light&quot;
  style=&quot;color-scheme: light;&quot;
&gt;
  &lt;head /&gt;
  &lt;body&gt;
    &lt;div&gt;
      &lt;section
        class=&quot;py-16 md:py-24 bg-gradient-to-b from-black to-[#0A0A0A] text-white&quot;
      &gt;
        &lt;div
          class=&quot;max-w-7xl mx-auto px-6 sm:px-12 lg:px-16&quot;
        &gt;
          &lt;div
            class=&quot;text-center mb-16&quot;
            initial=&quot;[object Object]&quot;
            transition=&quot;[object Object]&quot;
            viewport=&quot;[object Object]&quot;
            whileinview=&quot;[object Object]&quot;
          &gt;
            &lt;h2
              class=&quot;text-4xl md:text-6xl font-bold mb-6&quot;
            &gt;
              Choose Your 
              &lt;span
                class=&quot;text-[#5afcc0]&quot;
              &gt;
                Revenue
              &lt;/span&gt;
               Plan
            &lt;/h2&gt;
            &lt;p
              class=&quot;text-xl text-white/80 max-w-3xl mx-auto&quot;
            &gt;
              Every plan is designed to pay for itself within the first month through increased sales and conversions.
            &lt;/p&gt;
          &lt;/div&gt;
          &lt;div
            class=&quot;text-center mb-16&quot;
          &gt;
            &lt;span
              class=&quot;inline-block text-sm font-semibold text-[#5afcc0] uppercase tracking-wider mb-3&quot;
              initial=&quot;[object Object]&quot;
              transition=&quot;[object Object]&quot;
              viewport=&quot;[object Object]&quot;
              whileinview=&quot;[object Object]&quot;
            &gt;
              Simple, Transparent Pricing
            &lt;/span&gt;
            &lt;h2
              class=&quot;text-3xl md:text-4xl font-bold text-white mb-6&quot;
              initial=&quot;[object Object]&quot;
              transition=&quot;[object Object]&quot;
              viewport=&quot;[object Object]&quot;
              whileinview=&quot;[object Object]&quot;
            &gt;
              Scale Your Content and 
              &lt;span
                class=&quot;text-[#8D5AFF]&quot;
              &gt;
                Maximize Sales
              &lt;/span&gt;
            &lt;/h2&gt;
            &lt;p
              class=&quot;text-xl text-white/80 max-w-3xl mx-auto mb-10&quot;
              initial=&quot;[object Object]&quot;
              transition=&quot;[object Object]&quot;
              viewport=&quot;[object Object]&quot;
              whileinview=&quot;[object Object]&quot;
            &gt;
              Select the plan that best fits your needs. All plans include our core AI-powered features.
            &lt;/p&gt;
            &lt;div
              class=&quot;inline-flex items-center bg-black/30 p-1 rounded-full border border-white/10 mb-12 backdrop-blur-sm&quot;
              initial=&quot;[object Object]&quot;
              transition=&quot;[object Object]&quot;
              viewport=&quot;[object Object]&quot;
              whileinview=&quot;[object Object]&quot;
            &gt;
              &lt;button
                class=&quot;px-6 py-2 rounded-full text-sm font-medium transition-all bg-[#8D5AFF] text-white shadow-lg&quot;
              &gt;
                Annual
                &lt;span
                  class=&quot;ml-1 text-xs bg-[#5afcc0] text-black px-2 py-0.5 rounded-full&quot;
                &gt;
                  Save 20%
                &lt;/span&gt;
              &lt;/button&gt;
              &lt;button
                class=&quot;px-6 py-2 rounded-full text-sm font-medium transition-all text-white/60 hover:text-white&quot;
              &gt;
                Monthly
              &lt;/button&gt;
            &lt;/div&gt;
            &lt;div
              class=&quot;grid md:grid-cols-3 gap-6 xl:gap-10&quot;
            &gt;
              &lt;div
                class=&quot;relative rounded-2xl overflow-hidden backdrop-blur-sm border border-white/10 bg-black/40&quot;
                initial=&quot;[object Object]&quot;
                transition=&quot;[object Object]&quot;
                viewport=&quot;[object Object]&quot;
                whileinview=&quot;[object Object]&quot;
              &gt;
                &lt;div
                  class=&quot;p-8 relative&quot;
                &gt;
                  &lt;h3
                    class=&quot;text-2xl font-bold text-white mb-2&quot;
                  &gt;
                    Lite
                  &lt;/h3&gt;
                  &lt;p
                    class=&quot;text-white/60 mb-6 min-h-[40px]&quot;
                  &gt;
                    $20/month
                  &lt;/p&gt;
                  &lt;div
                    class=&quot;flex items-baseline mb-6&quot;
                  &gt;
                    &lt;span
                      class=&quot;text-4xl font-bold text-white&quot;
                    &gt;
                      $
                      240
                    &lt;/span&gt;
                    &lt;span
                      class=&quot;text-white/60 ml-2&quot;
                    &gt;
                      /year
                    &lt;/span&gt;
                  &lt;/div&gt;
                  &lt;div
                    class=&quot;bg-[#5afcc0]/10 rounded-lg p-4 mb-6 border border-[#5afcc0]/20&quot;
                  &gt;
                    &lt;div
                      class=&quot;flex items-start&quot;
                    &gt;
                      &lt;svg
                        class=&quot;h-5 w-5 text-[#5afcc0] mr-2 mt-0.5 flex-shrink-0&quot;
                        data-testid=&quot;Sparkles-icon&quot;
                      /&gt;
                      &lt;div&gt;
                        &lt;p
                          class=&quot;text-[#5afcc0] font-medium&quot;
                        &gt;
      ...
    at C:\Users\Cheem\OneDrive\Coding\clipsCommerce\testing\components\PricingSection.test.tsx:280:34
    at runWithExpensiveErrorDiagnosticsDisabled (C:\Users\Cheem\OneDrive\Coding\clipsCommerce\node_modules\@testing-library\dom\dist\config.js:47:12)
    at checkCallback (C:\Users\Cheem\OneDrive\Coding\clipsCommerce\node_modules\@testing-library\dom\dist\wait-for.js:124:77)
    at checkRealTimersCallback (C:\Users\Cheem\OneDrive\Coding\clipsCommerce\node_modules\@testing-library\dom\dist\wait-for.js:118:16)
    at Timeout.task [as _onTimeout] (C:\Users\Cheem\OneDrive\Coding\clipsCommerce\node_modules\jsdom\lib\jsdom\browser\Window.js:579:19)
    at listOnTimeout (node:internal/timers:588:17)
    at processTimers (node:internal/timers:523:7)</failure>
    </testcase>
    <testcase classname="PricingSection Component Animation and Visual Effects handles animation states properly" name="PricingSection Component Animation and Visual Effects handles animation states properly" time="0.042">
    </testcase>
    <testcase classname="PricingSection Component Error Handling handles missing pricing data gracefully" name="PricingSection Component Error Handling handles missing pricing data gracefully" time="0.044">
    </testcase>
    <testcase classname="PricingSection Component Error Handling handles callback errors gracefully" name="PricingSection Component Error Handling handles callback errors gracefully" time="0.084">
    </testcase>
    <testcase classname="PricingSection Component Performance renders efficiently" name="PricingSection Component Performance renders efficiently" time="0.162">
    </testcase>
  </testsuite>
  <testsuite name="ContentOptimizationAgent" errors="0" failures="0" skipped="0" timestamp="2025-06-15T04:15:05" time="0.513" tests="7">
    <testcase classname="ContentOptimizationAgent should instantiate correctly" name="ContentOptimizationAgent should instantiate correctly" time="0.002">
    </testcase>
    <testcase classname="ContentOptimizationAgent should start and stop correctly" name="ContentOptimizationAgent should start and stop correctly" time="0.004">
    </testcase>
    <testcase classname="ContentOptimizationAgent should execute update_optimization_models task" name="ContentOptimizationAgent should execute update_optimization_models task" time="0.004">
    </testcase>
    <testcase classname="ContentOptimizationAgent should execute optimize_content task" name="ContentOptimizationAgent should execute optimize_content task" time="0.004">
    </testcase>
    <testcase classname="ContentOptimizationAgent should handle unknown task type" name="ContentOptimizationAgent should handle unknown task type" time="0.016">
    </testcase>
    <testcase classname="ContentOptimizationAgent should report active status when busy and idle when not" name="ContentOptimizationAgent should report active status when busy and idle when not" time="0.004">
    </testcase>
    <testcase classname="ContentOptimizationAgent performance should decrease on task failure" name="ContentOptimizationAgent performance should decrease on task failure" time="0.003">
    </testcase>
  </testsuite>
  <testsuite name="Production Readiness Verification" errors="0" failures="0" skipped="0" timestamp="2025-06-15T04:15:05" time="0.301" tests="28">
    <testcase classname="Production Readiness Verification Core Implementation Status should verify pricing structure is updated" name="Production Readiness Verification Core Implementation Status should verify pricing structure is updated" time="0.002">
    </testcase>
    <testcase classname="Production Readiness Verification Core Implementation Status should verify usage limits are implemented" name="Production Readiness Verification Core Implementation Status should verify usage limits are implemented" time="0.001">
    </testcase>
    <testcase classname="Production Readiness Verification Core Implementation Status should verify team dashboard protection is active" name="Production Readiness Verification Core Implementation Status should verify team dashboard protection is active" time="0.001">
    </testcase>
    <testcase classname="Production Readiness Verification Core Implementation Status should verify brand colors are consistently applied" name="Production Readiness Verification Core Implementation Status should verify brand colors are consistently applied" time="0.001">
    </testcase>
    <testcase classname="Production Readiness Verification Core Implementation Status should verify CTA links point to dashboard" name="Production Readiness Verification Core Implementation Status should verify CTA links point to dashboard" time="0">
    </testcase>
    <testcase classname="Production Readiness Verification Core Implementation Status should verify resources page has comprehensive templates" name="Production Readiness Verification Core Implementation Status should verify resources page has comprehensive templates" time="0">
    </testcase>
    <testcase classname="Production Readiness Verification Core Implementation Status should verify API docs shows coming soon" name="Production Readiness Verification Core Implementation Status should verify API docs shows coming soon" time="0.001">
    </testcase>
    <testcase classname="Production Readiness Verification Core Implementation Status should verify solutions page is redesigned" name="Production Readiness Verification Core Implementation Status should verify solutions page is redesigned" time="0">
    </testcase>
    <testcase classname="Production Readiness Verification Core Implementation Status should verify scroll bar issues are fixed" name="Production Readiness Verification Core Implementation Status should verify scroll bar issues are fixed" time="0.001">
    </testcase>
    <testcase classname="Production Readiness Verification Core Implementation Status should verify terms of service styling is updated" name="Production Readiness Verification Core Implementation Status should verify terms of service styling is updated" time="0">
    </testcase>
    <testcase classname="Production Readiness Verification Feature Completeness should have all required pricing tiers" name="Production Readiness Verification Feature Completeness should have all required pricing tiers" time="0.002">
    </testcase>
    <testcase classname="Production Readiness Verification Feature Completeness should have proper usage tracking across all features" name="Production Readiness Verification Feature Completeness should have proper usage tracking across all features" time="0">
    </testcase>
    <testcase classname="Production Readiness Verification Feature Completeness should have team dashboard with proper access controls" name="Production Readiness Verification Feature Completeness should have team dashboard with proper access controls" time="0.001">
    </testcase>
    <testcase classname="Production Readiness Verification Feature Completeness should have comprehensive content templates" name="Production Readiness Verification Feature Completeness should have comprehensive content templates" time="0.001">
    </testcase>
    <testcase classname="Production Readiness Verification User Experience Validation should have consistent brand experience" name="Production Readiness Verification User Experience Validation should have consistent brand experience" time="0.001">
    </testcase>
    <testcase classname="Production Readiness Verification User Experience Validation should have clear upgrade paths" name="Production Readiness Verification User Experience Validation should have clear upgrade paths" time="0.001">
    </testcase>
    <testcase classname="Production Readiness Verification User Experience Validation should have proper error handling" name="Production Readiness Verification User Experience Validation should have proper error handling" time="0">
    </testcase>
    <testcase classname="Production Readiness Verification User Experience Validation should have responsive design" name="Production Readiness Verification User Experience Validation should have responsive design" time="0.001">
    </testcase>
    <testcase classname="Production Readiness Verification Performance and Reliability should load quickly without memory leaks" name="Production Readiness Verification Performance and Reliability should load quickly without memory leaks" time="0">
    </testcase>
    <testcase classname="Production Readiness Verification Performance and Reliability should handle concurrent users" name="Production Readiness Verification Performance and Reliability should handle concurrent users" time="0.001">
    </testcase>
    <testcase classname="Production Readiness Verification Performance and Reliability should have proper caching" name="Production Readiness Verification Performance and Reliability should have proper caching" time="0">
    </testcase>
    <testcase classname="Production Readiness Verification Security and Access Control should properly restrict team dashboard access" name="Production Readiness Verification Security and Access Control should properly restrict team dashboard access" time="0">
    </testcase>
    <testcase classname="Production Readiness Verification Security and Access Control should enforce usage limits correctly" name="Production Readiness Verification Security and Access Control should enforce usage limits correctly" time="0.001">
    </testcase>
    <testcase classname="Production Readiness Verification Security and Access Control should handle authentication states" name="Production Readiness Verification Security and Access Control should handle authentication states" time="0">
    </testcase>
    <testcase classname="End-to-End Production Readiness should complete full user journey from landing to dashboard" name="End-to-End Production Readiness should complete full user journey from landing to dashboard" time="0.001">
    </testcase>
    <testcase classname="End-to-End Production Readiness should handle subscription upgrades correctly" name="End-to-End Production Readiness should handle subscription upgrades correctly" time="0.001">
    </testcase>
    <testcase classname="End-to-End Production Readiness should track usage across all features" name="End-to-End Production Readiness should track usage across all features" time="0">
    </testcase>
    <testcase classname="End-to-End Production Readiness should provide consistent experience across all pages" name="End-to-End Production Readiness should provide consistent experience across all pages" time="0.001">
    </testcase>
  </testsuite>
  <testsuite name="EngagementPredictionAgent" errors="0" failures="0" skipped="0" timestamp="2025-06-15T04:15:05" time="0.529" tests="14">
    <testcase classname="EngagementPredictionAgent Initialization should initialize successfully with mock data" name="EngagementPredictionAgent Initialization should initialize successfully with mock data" time="0.034">
    </testcase>
    <testcase classname="EngagementPredictionAgent Initialization should handle initialization errors gracefully" name="EngagementPredictionAgent Initialization should handle initialization errors gracefully" time="0.029">
    </testcase>
    <testcase classname="EngagementPredictionAgent Engagement Prediction should predict engagement for TikTok content" name="EngagementPredictionAgent Engagement Prediction should predict engagement for TikTok content" time="0.033">
    </testcase>
    <testcase classname="EngagementPredictionAgent Engagement Prediction should predict engagement for Instagram content" name="EngagementPredictionAgent Engagement Prediction should predict engagement for Instagram content" time="0.016">
    </testcase>
    <testcase classname="EngagementPredictionAgent Engagement Prediction should predict engagement for YouTube content" name="EngagementPredictionAgent Engagement Prediction should predict engagement for YouTube content" time="0.013">
    </testcase>
    <testcase classname="EngagementPredictionAgent Engagement Prediction should throw error when not initialized" name="EngagementPredictionAgent Engagement Prediction should throw error when not initialized" time="0.016">
    </testcase>
    <testcase classname="EngagementPredictionAgent Batch Predictions should handle batch predictions" name="EngagementPredictionAgent Batch Predictions should handle batch predictions" time="0.017">
    </testcase>
    <testcase classname="EngagementPredictionAgent Optimization Strategies should generate optimization strategies" name="EngagementPredictionAgent Optimization Strategies should generate optimization strategies" time="0.021">
    </testcase>
    <testcase classname="EngagementPredictionAgent Model Performance should return null performance when not initialized" name="EngagementPredictionAgent Model Performance should return null performance when not initialized" time="0.001">
    </testcase>
    <testcase classname="EngagementPredictionAgent Model Performance should return performance metrics when initialized" name="EngagementPredictionAgent Model Performance should return performance metrics when initialized" time="0.013">
    </testcase>
    <testcase classname="EngagementPredictionAgent Performance Updates should update with actual performance data" name="EngagementPredictionAgent Performance Updates should update with actual performance data" time="0.015">
    </testcase>
    <testcase classname="EngagementPredictionAgent Edge Cases should handle empty hashtags" name="EngagementPredictionAgent Edge Cases should handle empty hashtags" time="0.012">
    </testcase>
    <testcase classname="EngagementPredictionAgent Edge Cases should handle missing caption" name="EngagementPredictionAgent Edge Cases should handle missing caption" time="0.011">
    </testcase>
    <testcase classname="EngagementPredictionAgent Edge Cases should handle very long captions" name="EngagementPredictionAgent Edge Cases should handle very long captions" time="0.012">
    </testcase>
  </testsuite>
  <testsuite name="AudioRecommendationEngine" errors="0" failures="0" skipped="0" timestamp="2025-06-15T04:15:05" time="1.062" tests="7">
    <testcase classname="AudioRecommendationEngine constructor should throw an error if API key is not provided" name="AudioRecommendationEngine constructor should throw an error if API key is not provided" time="0.024">
    </testcase>
    <testcase classname="AudioRecommendationEngine constructor should initialize OpenAI client with the provided API key" name="AudioRecommendationEngine constructor should initialize OpenAI client with the provided API key" time="0.004">
    </testcase>
    <testcase classname="AudioRecommendationEngine recommendAudio should return successful audio recommendations on valid API response" name="AudioRecommendationEngine recommendAudio should return successful audio recommendations on valid API response" time="0.009">
    </testcase>
    <testcase classname="AudioRecommendationEngine recommendAudio should return failure on API error" name="AudioRecommendationEngine recommendAudio should return failure on API error" time="0.009">
    </testcase>
    <testcase classname="AudioRecommendationEngine recommendAudio should return failure on invalid JSON response" name="AudioRecommendationEngine recommendAudio should return failure on invalid JSON response" time="0.003">
    </testcase>
    <testcase classname="AudioRecommendationEngine recommendAudio should return failure if API response content is null" name="AudioRecommendationEngine recommendAudio should return failure if API response content is null" time="0.004">
    </testcase>
    <testcase classname="AudioRecommendationEngine recommendAudio should return failure if API response choices are empty" name="AudioRecommendationEngine recommendAudio should return failure if API response choices are empty" time="0.004">
    </testcase>
  </testsuite>
  <testsuite name="ConnectPage Platform Icons" errors="0" failures="0" skipped="0" timestamp="2025-06-15T04:15:05" time="0.612" tests="6">
    <testcase classname="ConnectPage Platform Icons renders platform names with their respective icons" name="ConnectPage Platform Icons renders platform names with their respective icons" time="0.08">
    </testcase>
    <testcase classname="ConnectPage Platform Icons shows connect buttons for all platforms initially" name="ConnectPage Platform Icons shows connect buttons for all platforms initially" time="0.021">
    </testcase>
    <testcase classname="ConnectPage Platform Icons shows disconnect status icons initially" name="ConnectPage Platform Icons shows disconnect status icons initially" time="0.02">
    </testcase>
    <testcase classname="ConnectPage Platform Icons handles platform connection process" name="ConnectPage Platform Icons handles platform connection process" time="0.058">
    </testcase>
    <testcase classname="ConnectPage Platform Icons groups platforms correctly" name="ConnectPage Platform Icons groups platforms correctly" time="0.032">
    </testcase>
    <testcase classname="ConnectPage Platform Icons renders section headers with icons" name="ConnectPage Platform Icons renders section headers with icons" time="0.025">
    </testcase>
  </testsuite>
  <testsuite name="ContentInsightsEngine" errors="0" failures="0" skipped="0" timestamp="2025-06-15T04:15:06" time="0.297" tests="3">
    <testcase classname="ContentInsightsEngine getDetailedPlatformAnalytics should return success:true and mock detailed platform analytics data" name="ContentInsightsEngine getDetailedPlatformAnalytics should return success:true and mock detailed platform analytics data" time="0.012">
    </testcase>
    <testcase classname="ContentInsightsEngine getDetailedPlatformAnalytics should include correlationId in metadata if provided in request" name="ContentInsightsEngine getDetailedPlatformAnalytics should include correlationId in metadata if provided in request" time="0.001">
    </testcase>
    <testcase classname="ContentInsightsEngine getDetailedPlatformAnalytics should handle request without correlationId" name="ContentInsightsEngine getDetailedPlatformAnalytics should handle request without correlationId" time="0.001">
    </testcase>
  </testsuite>
  <testsuite name="Scroll Behavior" errors="0" failures="0" skipped="0" timestamp="2025-06-15T04:15:05" time="0.499" tests="4">
    <testcase classname="Scroll Behavior Smooth Scroll Implementation should have smooth scroll behavior in CSS" name="Scroll Behavior Smooth Scroll Implementation should have smooth scroll behavior in CSS" time="0.003">
    </testcase>
    <testcase classname="Scroll Behavior Smooth Scroll Implementation should scroll to features section when features link is clicked" name="Scroll Behavior Smooth Scroll Implementation should scroll to features section when features link is clicked" time="0.055">
    </testcase>
    <testcase classname="Scroll Behavior Anchor Link Navigation should handle hash navigation correctly" name="Scroll Behavior Anchor Link Navigation should handle hash navigation correctly" time="0.002">
    </testcase>
    <testcase classname="Scroll Behavior Anchor Link Navigation should scroll to correct position when hash changes" name="Scroll Behavior Anchor Link Navigation should scroll to correct position when hash changes" time="0.001">
    </testcase>
  </testsuite>
  <testsuite name="IdeatorPage" errors="0" failures="0" skipped="0" timestamp="2025-06-15T04:15:05" time="0.635" tests="5">
    <testcase classname="IdeatorPage renders the ideator page with expanded input box" name="IdeatorPage renders the ideator page with expanded input box" time="0.047">
    </testcase>
    <testcase classname="IdeatorPage allows typing in the expanded textarea" name="IdeatorPage allows typing in the expanded textarea" time="0.017">
    </testcase>
    <testcase classname="IdeatorPage shows file upload option" name="IdeatorPage shows file upload option" time="0.01">
    </testcase>
    <testcase classname="IdeatorPage has generate button that is disabled when no description is provided" name="IdeatorPage has generate button that is disabled when no description is provided" time="0.019">
    </testcase>
    <testcase classname="IdeatorPage enables generate button when description is provided" name="IdeatorPage enables generate button when description is provided" time="0.017">
    </testcase>
  </testsuite>
  <testsuite name="Payment Flow Verification" errors="0" failures="0" skipped="0" timestamp="2025-06-15T04:15:06" time="0.253" tests="4">
    <testcase classname="Payment Flow Verification should have correct environment variable names" name="Payment Flow Verification should have correct environment variable names" time="0.002">
    </testcase>
    <testcase classname="Payment Flow Verification should handle plan selection logic correctly" name="Payment Flow Verification should handle plan selection logic correctly" time="0.001">
    </testcase>
    <testcase classname="Payment Flow Verification should handle team plan redirect logic" name="Payment Flow Verification should handle team plan redirect logic" time="0.001">
    </testcase>
    <testcase classname="Payment Flow Verification should validate pricing structure" name="Payment Flow Verification should validate pricing structure" time="0.001">
    </testcase>
  </testsuite>
  <testsuite name="TikTok Client Tests" errors="0" failures="0" skipped="0" timestamp="2025-06-15T04:15:06" time="0.235" tests="1">
    <testcase classname="TikTok Client Tests should pass a basic test" name="TikTok Client Tests should pass a basic test" time="0.003">
    </testcase>
  </testsuite>
  <testsuite name="TikTokClient" errors="0" failures="0" skipped="0" timestamp="2025-06-15T04:15:06" time="0.234" tests="1">
    <testcase classname="TikTokClient should pass a simple test" name="TikTokClient should pass a simple test" time="0.001">
    </testcase>
  </testsuite>
  <testsuite name="ABTestingAgent" errors="0" failures="0" skipped="0" timestamp="2025-06-15T04:15:06" time="0.408" tests="7">
    <testcase classname="ABTestingAgent should instantiate correctly" name="ABTestingAgent should instantiate correctly" time="0.002">
    </testcase>
    <testcase classname="ABTestingAgent should start and stop correctly" name="ABTestingAgent should start and stop correctly" time="0.006">
    </testcase>
    <testcase classname="ABTestingAgent should execute create_experiment task" name="ABTestingAgent should execute create_experiment task" time="0.004">
    </testcase>
    <testcase classname="ABTestingAgent should execute analyze_experiment task" name="ABTestingAgent should execute analyze_experiment task" time="0.006">
    </testcase>
    <testcase classname="ABTestingAgent should execute prioritize_experiments task" name="ABTestingAgent should execute prioritize_experiments task" time="0.004">
    </testcase>
    <testcase classname="ABTestingAgent should handle unknown task type gracefully" name="ABTestingAgent should handle unknown task type gracefully" time="0.013">
    </testcase>
    <testcase classname="ABTestingAgent performance should decrease on task failure" name="ABTestingAgent performance should decrease on task failure" time="0.007">
    </testcase>
  </testsuite>
  <testsuite name="Simple Test" errors="0" failures="0" skipped="0" timestamp="2025-06-15T04:15:06" time="0.231" tests="1">
    <testcase classname="Simple Test should pass" name="Simple Test should pass" time="0.002">
    </testcase>
  </testsuite>
  <testsuite name="Example Test Suite" errors="0" failures="0" skipped="0" timestamp="2025-06-15T04:15:06" time="0.234" tests="1">
    <testcase classname="Example Test Suite should pass a simple test" name="Example Test Suite should pass a simple test" time="0.003">
    </testcase>
  </testsuite>
  <testsuite name="undefined" errors="0" failures="0" skipped="0" timestamp="2025-06-15T04:15:06" time="0.254" tests="1">
    <testcase classname=" 1 + 1 equals 2" name=" 1 + 1 equals 2" time="0.003">
    </testcase>
  </testsuite>
  <testsuite name="Payment Flow Tests" errors="0" failures="11" skipped="0" timestamp="2025-06-15T04:14:58" time="20.435" tests="16">
    <testcase classname="Payment Flow Tests PricingSection Component should render all three pricing plans" name="Payment Flow Tests PricingSection Component should render all three pricing plans" time="0.141">
    </testcase>
    <testcase classname="Payment Flow Tests PricingSection Component should handle free plan (Lite) selection correctly" name="Payment Flow Tests PricingSection Component should handle free plan (Lite) selection correctly" time="1.133">
      <failure>Error: expect(jest.fn()).toHaveBeenCalledWith(...expected)

Expected: &quot;/dashboard&quot;

Number of calls: 0

Ignored nodes: comments, script, style
&lt;html&gt;
  &lt;head /&gt;
  &lt;body&gt;
    &lt;div&gt;
      &lt;section
        class=&quot;py-16 md:py-24 bg-gradient-to-b from-black to-[#0A0A0A] text-white&quot;
      &gt;
        &lt;div
          class=&quot;max-w-7xl mx-auto px-6 sm:px-12 lg:px-16&quot;
        &gt;
          &lt;div
            class=&quot;text-center mb-16&quot;
            initial=&quot;[object Object]&quot;
            transition=&quot;[object Object]&quot;
            viewport=&quot;[object Object]&quot;
            whileinview=&quot;[object Object]&quot;
          &gt;
            &lt;h2
              class=&quot;text-4xl md:text-6xl font-bold mb-6&quot;
            &gt;
              Choose Your 
              &lt;span
                class=&quot;text-[#5afcc0]&quot;
              &gt;
                Revenue
              &lt;/span&gt;
               Plan
            &lt;/h2&gt;
            &lt;p
              class=&quot;text-xl text-white/80 max-w-3xl mx-auto&quot;
            &gt;
              Every plan is designed to pay for itself within the first month through increased sales and conversions.
            &lt;/p&gt;
          &lt;/div&gt;
          &lt;div
            class=&quot;text-center mb-16&quot;
          &gt;
            &lt;span
              class=&quot;inline-block text-sm font-semibold text-[#5afcc0] uppercase tracking-wider mb-3&quot;
              initial=&quot;[object Object]&quot;
              transition=&quot;[object Object]&quot;
              viewport=&quot;[object Object]&quot;
              whileinview=&quot;[object Object]&quot;
            &gt;
              Simple, Transparent Pricing
            &lt;/span&gt;
            &lt;h2
              class=&quot;text-3xl md:text-4xl font-bold text-white mb-6&quot;
              initial=&quot;[object Object]&quot;
              transition=&quot;[object Object]&quot;
              viewport=&quot;[object Object]&quot;
              whileinview=&quot;[object Object]&quot;
            &gt;
              Scale Your Content and 
              &lt;span
                class=&quot;text-[#8D5AFF]&quot;
              &gt;
                Maximize Sales
              &lt;/span&gt;
            &lt;/h2&gt;
            &lt;p
              class=&quot;text-xl text-white/80 max-w-3xl mx-auto mb-10&quot;
              initial=&quot;[object Object]&quot;
              transition=&quot;[object Object]&quot;
              viewport=&quot;[object Object]&quot;
              whileinview=&quot;[object Object]&quot;
            &gt;
              Select the plan that best fits your needs. All plans include our core AI-powered features.
            &lt;/p&gt;
            &lt;div
              class=&quot;inline-flex items-center bg-black/30 p-1 rounded-full border border-white/10 mb-12 backdrop-blur-sm&quot;
              initial=&quot;[object Object]&quot;
              transition=&quot;[object Object]&quot;
              viewport=&quot;[object Object]&quot;
              whileinview=&quot;[object Object]&quot;
            &gt;
              &lt;button
                class=&quot;px-6 py-2 rounded-full text-sm font-medium transition-all bg-[#8D5AFF] text-white shadow-lg&quot;
              &gt;
                Annual
                &lt;span
                  class=&quot;ml-1 text-xs bg-[#5afcc0] text-black px-2 py-0.5 rounded-full&quot;
                &gt;
                  Save 20%
                &lt;/span&gt;
              &lt;/button&gt;
              &lt;button
                class=&quot;px-6 py-2 rounded-full text-sm font-medium transition-all text-white/60 hover:text-white&quot;
              &gt;
                Monthly
              &lt;/button&gt;
            &lt;/div&gt;
            &lt;div
              class=&quot;grid md:grid-cols-3 gap-6 xl:gap-10&quot;
            &gt;
              &lt;div
                class=&quot;relative rounded-2xl overflow-hidden backdrop-blur-sm border border-white/10 bg-black/40&quot;
                initial=&quot;[object Object]&quot;
                transition=&quot;[object Object]&quot;
                viewport=&quot;[object Object]&quot;
                whileinview=&quot;[object Object]&quot;
              &gt;
                &lt;div
                  class=&quot;p-8 relative&quot;
                &gt;
                  &lt;h3
                    class=&quot;text-2xl font-bold text-white mb-2&quot;
                  &gt;
                    Lite
                  &lt;/h3&gt;
                  &lt;p
                    class=&quot;text-white/60 mb-6 min-h-[40px]&quot;
                  &gt;
                    $20/month
                  &lt;/p&gt;
                  &lt;div
                    class=&quot;flex items-baseline mb-6&quot;
                  &gt;
                    &lt;span
                      class=&quot;text-4xl font-bold text-white&quot;
                    &gt;
                      $
                      240
                    &lt;/span&gt;
                    &lt;span
                      class=&quot;text-white/60 ml-2&quot;
                    &gt;
                      /year
                    &lt;/span&gt;
                  &lt;/div&gt;
                  &lt;div
                    class=&quot;bg-[#5afcc0]/10 rounded-lg p-4 mb-6 border border-[#5afcc0]/20&quot;
                  &gt;
                    &lt;div
                      class=&quot;flex items-start&quot;
                    &gt;
                      &lt;svg
                        class=&quot;h-5 w-5 text-[#5afcc0] mr-2 mt-0.5 flex-shrink-0&quot;
                        data-testid=&quot;Sparkles-icon&quot;
                      /&gt;
                      &lt;div&gt;
                        &lt;p
                          class=&quot;text-[#5afcc0] font-medium&quot;
                        &gt;
                          Limited Time Bonuses
                        &lt;/p&gt;
          ...
    at C:\Users\Cheem\OneDrive\Coding\clipsCommerce\src\__tests__\payment-flow.test.tsx:140:34
    at runWithExpensiveErrorDiagnosticsDisabled (C:\Users\Cheem\OneDrive\Coding\clipsCommerce\node_modules\@testing-library\dom\dist\config.js:47:12)
    at checkCallback (C:\Users\Cheem\OneDrive\Coding\clipsCommerce\node_modules\@testing-library\dom\dist\wait-for.js:124:77)
    at checkRealTimersCallback (C:\Users\Cheem\OneDrive\Coding\clipsCommerce\node_modules\@testing-library\dom\dist\wait-for.js:118:16)
    at Timeout.task [as _onTimeout] (C:\Users\Cheem\OneDrive\Coding\clipsCommerce\node_modules\jsdom\lib\jsdom\browser\Window.js:579:19)
    at listOnTimeout (node:internal/timers:588:17)
    at processTimers (node:internal/timers:523:7)</failure>
    </testcase>
    <testcase classname="Payment Flow Tests PricingSection Component should handle Pro monthly plan selection" name="Payment Flow Tests PricingSection Component should handle Pro monthly plan selection" time="1.212">
      <failure>Error: expect(jest.fn()).toHaveBeenCalledWith(...expected)

Expected: &quot;/dashboard&quot;

Number of calls: 0

Ignored nodes: comments, script, style
&lt;html&gt;
  &lt;head /&gt;
  &lt;body&gt;
    &lt;div&gt;
      &lt;section
        class=&quot;py-16 md:py-24 bg-gradient-to-b from-black to-[#0A0A0A] text-white&quot;
      &gt;
        &lt;div
          class=&quot;max-w-7xl mx-auto px-6 sm:px-12 lg:px-16&quot;
        &gt;
          &lt;div
            class=&quot;text-center mb-16&quot;
            initial=&quot;[object Object]&quot;
            transition=&quot;[object Object]&quot;
            viewport=&quot;[object Object]&quot;
            whileinview=&quot;[object Object]&quot;
          &gt;
            &lt;h2
              class=&quot;text-4xl md:text-6xl font-bold mb-6&quot;
            &gt;
              Choose Your 
              &lt;span
                class=&quot;text-[#5afcc0]&quot;
              &gt;
                Revenue
              &lt;/span&gt;
               Plan
            &lt;/h2&gt;
            &lt;p
              class=&quot;text-xl text-white/80 max-w-3xl mx-auto&quot;
            &gt;
              Every plan is designed to pay for itself within the first month through increased sales and conversions.
            &lt;/p&gt;
          &lt;/div&gt;
          &lt;div
            class=&quot;text-center mb-16&quot;
          &gt;
            &lt;span
              class=&quot;inline-block text-sm font-semibold text-[#5afcc0] uppercase tracking-wider mb-3&quot;
              initial=&quot;[object Object]&quot;
              transition=&quot;[object Object]&quot;
              viewport=&quot;[object Object]&quot;
              whileinview=&quot;[object Object]&quot;
            &gt;
              Simple, Transparent Pricing
            &lt;/span&gt;
            &lt;h2
              class=&quot;text-3xl md:text-4xl font-bold text-white mb-6&quot;
              initial=&quot;[object Object]&quot;
              transition=&quot;[object Object]&quot;
              viewport=&quot;[object Object]&quot;
              whileinview=&quot;[object Object]&quot;
            &gt;
              Scale Your Content and 
              &lt;span
                class=&quot;text-[#8D5AFF]&quot;
              &gt;
                Maximize Sales
              &lt;/span&gt;
            &lt;/h2&gt;
            &lt;p
              class=&quot;text-xl text-white/80 max-w-3xl mx-auto mb-10&quot;
              initial=&quot;[object Object]&quot;
              transition=&quot;[object Object]&quot;
              viewport=&quot;[object Object]&quot;
              whileinview=&quot;[object Object]&quot;
            &gt;
              Select the plan that best fits your needs. All plans include our core AI-powered features.
            &lt;/p&gt;
            &lt;div
              class=&quot;inline-flex items-center bg-black/30 p-1 rounded-full border border-white/10 mb-12 backdrop-blur-sm&quot;
              initial=&quot;[object Object]&quot;
              transition=&quot;[object Object]&quot;
              viewport=&quot;[object Object]&quot;
              whileinview=&quot;[object Object]&quot;
            &gt;
              &lt;button
                class=&quot;px-6 py-2 rounded-full text-sm font-medium transition-all text-white/60 hover:text-white&quot;
              &gt;
                Annual
                &lt;span
                  class=&quot;ml-1 text-xs bg-[#5afcc0] text-black px-2 py-0.5 rounded-full&quot;
                &gt;
                  Save 20%
                &lt;/span&gt;
              &lt;/button&gt;
              &lt;button
                class=&quot;px-6 py-2 rounded-full text-sm font-medium transition-all bg-[#8D5AFF] text-white shadow-lg&quot;
              &gt;
                Monthly
              &lt;/button&gt;
            &lt;/div&gt;
            &lt;div
              class=&quot;grid md:grid-cols-3 gap-6 xl:gap-10&quot;
            &gt;
              &lt;div
                class=&quot;relative rounded-2xl overflow-hidden backdrop-blur-sm border border-white/10 bg-black/40&quot;
                initial=&quot;[object Object]&quot;
                transition=&quot;[object Object]&quot;
                viewport=&quot;[object Object]&quot;
                whileinview=&quot;[object Object]&quot;
              &gt;
                &lt;div
                  class=&quot;p-8 relative&quot;
                &gt;
                  &lt;h3
                    class=&quot;text-2xl font-bold text-white mb-2&quot;
                  &gt;
                    Lite
                  &lt;/h3&gt;
                  &lt;p
                    class=&quot;text-white/60 mb-6 min-h-[40px]&quot;
                  &gt;
                    $20/month
                  &lt;/p&gt;
                  &lt;div
                    class=&quot;flex items-baseline mb-6&quot;
                  &gt;
                    &lt;span
                      class=&quot;text-4xl font-bold text-white&quot;
                    &gt;
                      $
                      20
                    &lt;/span&gt;
                    &lt;span
                      class=&quot;text-white/60 ml-2&quot;
                    &gt;
                      /month
                    &lt;/span&gt;
                  &lt;/div&gt;
                  &lt;div
                    class=&quot;bg-[#5afcc0]/10 rounded-lg p-4 mb-6 border border-[#5afcc0]/20&quot;
                  &gt;
                    &lt;div
                      class=&quot;flex items-start&quot;
                    &gt;
                      &lt;svg
                        class=&quot;h-5 w-5 text-[#5afcc0] mr-2 mt-0.5 flex-shrink-0&quot;
                        data-testid=&quot;Sparkles-icon&quot;
                      /&gt;
                      &lt;div&gt;
                        &lt;p
                          class=&quot;text-[#5afcc0] font-medium&quot;
                        &gt;
                          Limited Time Bonuses
                        &lt;/p&gt;
          ...
    at C:\Users\Cheem\OneDrive\Coding\clipsCommerce\src\__tests__\payment-flow.test.tsx:156:34
    at runWithExpensiveErrorDiagnosticsDisabled (C:\Users\Cheem\OneDrive\Coding\clipsCommerce\node_modules\@testing-library\dom\dist\config.js:47:12)
    at checkCallback (C:\Users\Cheem\OneDrive\Coding\clipsCommerce\node_modules\@testing-library\dom\dist\wait-for.js:124:77)
    at checkRealTimersCallback (C:\Users\Cheem\OneDrive\Coding\clipsCommerce\node_modules\@testing-library\dom\dist\wait-for.js:118:16)
    at Timeout.task [as _onTimeout] (C:\Users\Cheem\OneDrive\Coding\clipsCommerce\node_modules\jsdom\lib\jsdom\browser\Window.js:579:19)
    at listOnTimeout (node:internal/timers:588:17)
    at processTimers (node:internal/timers:523:7)</failure>
    </testcase>
    <testcase classname="Payment Flow Tests PricingSection Component should handle Pro yearly plan selection" name="Payment Flow Tests PricingSection Component should handle Pro yearly plan selection" time="1.168">
      <failure>Error: expect(jest.fn()).toHaveBeenCalledWith(...expected)

Expected: &quot;/dashboard&quot;

Number of calls: 0

Ignored nodes: comments, script, style
&lt;html&gt;
  &lt;head /&gt;
  &lt;body&gt;
    &lt;div&gt;
      &lt;section
        class=&quot;py-16 md:py-24 bg-gradient-to-b from-black to-[#0A0A0A] text-white&quot;
      &gt;
        &lt;div
          class=&quot;max-w-7xl mx-auto px-6 sm:px-12 lg:px-16&quot;
        &gt;
          &lt;div
            class=&quot;text-center mb-16&quot;
            initial=&quot;[object Object]&quot;
            transition=&quot;[object Object]&quot;
            viewport=&quot;[object Object]&quot;
            whileinview=&quot;[object Object]&quot;
          &gt;
            &lt;h2
              class=&quot;text-4xl md:text-6xl font-bold mb-6&quot;
            &gt;
              Choose Your 
              &lt;span
                class=&quot;text-[#5afcc0]&quot;
              &gt;
                Revenue
              &lt;/span&gt;
               Plan
            &lt;/h2&gt;
            &lt;p
              class=&quot;text-xl text-white/80 max-w-3xl mx-auto&quot;
            &gt;
              Every plan is designed to pay for itself within the first month through increased sales and conversions.
            &lt;/p&gt;
          &lt;/div&gt;
          &lt;div
            class=&quot;text-center mb-16&quot;
          &gt;
            &lt;span
              class=&quot;inline-block text-sm font-semibold text-[#5afcc0] uppercase tracking-wider mb-3&quot;
              initial=&quot;[object Object]&quot;
              transition=&quot;[object Object]&quot;
              viewport=&quot;[object Object]&quot;
              whileinview=&quot;[object Object]&quot;
            &gt;
              Simple, Transparent Pricing
            &lt;/span&gt;
            &lt;h2
              class=&quot;text-3xl md:text-4xl font-bold text-white mb-6&quot;
              initial=&quot;[object Object]&quot;
              transition=&quot;[object Object]&quot;
              viewport=&quot;[object Object]&quot;
              whileinview=&quot;[object Object]&quot;
            &gt;
              Scale Your Content and 
              &lt;span
                class=&quot;text-[#8D5AFF]&quot;
              &gt;
                Maximize Sales
              &lt;/span&gt;
            &lt;/h2&gt;
            &lt;p
              class=&quot;text-xl text-white/80 max-w-3xl mx-auto mb-10&quot;
              initial=&quot;[object Object]&quot;
              transition=&quot;[object Object]&quot;
              viewport=&quot;[object Object]&quot;
              whileinview=&quot;[object Object]&quot;
            &gt;
              Select the plan that best fits your needs. All plans include our core AI-powered features.
            &lt;/p&gt;
            &lt;div
              class=&quot;inline-flex items-center bg-black/30 p-1 rounded-full border border-white/10 mb-12 backdrop-blur-sm&quot;
              initial=&quot;[object Object]&quot;
              transition=&quot;[object Object]&quot;
              viewport=&quot;[object Object]&quot;
              whileinview=&quot;[object Object]&quot;
            &gt;
              &lt;button
                class=&quot;px-6 py-2 rounded-full text-sm font-medium transition-all bg-[#8D5AFF] text-white shadow-lg&quot;
              &gt;
                Annual
                &lt;span
                  class=&quot;ml-1 text-xs bg-[#5afcc0] text-black px-2 py-0.5 rounded-full&quot;
                &gt;
                  Save 20%
                &lt;/span&gt;
              &lt;/button&gt;
              &lt;button
                class=&quot;px-6 py-2 rounded-full text-sm font-medium transition-all text-white/60 hover:text-white&quot;
              &gt;
                Monthly
              &lt;/button&gt;
            &lt;/div&gt;
            &lt;div
              class=&quot;grid md:grid-cols-3 gap-6 xl:gap-10&quot;
            &gt;
              &lt;div
                class=&quot;relative rounded-2xl overflow-hidden backdrop-blur-sm border border-white/10 bg-black/40&quot;
                initial=&quot;[object Object]&quot;
                transition=&quot;[object Object]&quot;
                viewport=&quot;[object Object]&quot;
                whileinview=&quot;[object Object]&quot;
              &gt;
                &lt;div
                  class=&quot;p-8 relative&quot;
                &gt;
                  &lt;h3
                    class=&quot;text-2xl font-bold text-white mb-2&quot;
                  &gt;
                    Lite
                  &lt;/h3&gt;
                  &lt;p
                    class=&quot;text-white/60 mb-6 min-h-[40px]&quot;
                  &gt;
                    $20/month
                  &lt;/p&gt;
                  &lt;div
                    class=&quot;flex items-baseline mb-6&quot;
                  &gt;
                    &lt;span
                      class=&quot;text-4xl font-bold text-white&quot;
                    &gt;
                      $
                      240
                    &lt;/span&gt;
                    &lt;span
                      class=&quot;text-white/60 ml-2&quot;
                    &gt;
                      /year
                    &lt;/span&gt;
                  &lt;/div&gt;
                  &lt;div
                    class=&quot;bg-[#5afcc0]/10 rounded-lg p-4 mb-6 border border-[#5afcc0]/20&quot;
                  &gt;
                    &lt;div
                      class=&quot;flex items-start&quot;
                    &gt;
                      &lt;svg
                        class=&quot;h-5 w-5 text-[#5afcc0] mr-2 mt-0.5 flex-shrink-0&quot;
                        data-testid=&quot;Sparkles-icon&quot;
                      /&gt;
                      &lt;div&gt;
                        &lt;p
                          class=&quot;text-[#5afcc0] font-medium&quot;
                        &gt;
                          Limited Time Bonuses
                        &lt;/p&gt;
          ...
    at C:\Users\Cheem\OneDrive\Coding\clipsCommerce\src\__tests__\payment-flow.test.tsx:168:34
    at runWithExpensiveErrorDiagnosticsDisabled (C:\Users\Cheem\OneDrive\Coding\clipsCommerce\node_modules\@testing-library\dom\dist\config.js:47:12)
    at checkCallback (C:\Users\Cheem\OneDrive\Coding\clipsCommerce\node_modules\@testing-library\dom\dist\wait-for.js:124:77)
    at checkRealTimersCallback (C:\Users\Cheem\OneDrive\Coding\clipsCommerce\node_modules\@testing-library\dom\dist\wait-for.js:118:16)
    at Timeout.task [as _onTimeout] (C:\Users\Cheem\OneDrive\Coding\clipsCommerce\node_modules\jsdom\lib\jsdom\browser\Window.js:579:19)
    at listOnTimeout (node:internal/timers:588:17)
    at processTimers (node:internal/timers:523:7)</failure>
    </testcase>
    <testcase classname="Payment Flow Tests PricingSection Component should handle Team monthly plan selection and navigate to dashboard" name="Payment Flow Tests PricingSection Component should handle Team monthly plan selection and navigate to dashboard" time="1.18">
      <failure>Error: expect(jest.fn()).toHaveBeenCalledWith(...expected)

Expected: &quot;/dashboard&quot;

Number of calls: 0

Ignored nodes: comments, script, style
&lt;html&gt;
  &lt;head /&gt;
  &lt;body&gt;
    &lt;div&gt;
      &lt;section
        class=&quot;py-16 md:py-24 bg-gradient-to-b from-black to-[#0A0A0A] text-white&quot;
      &gt;
        &lt;div
          class=&quot;max-w-7xl mx-auto px-6 sm:px-12 lg:px-16&quot;
        &gt;
          &lt;div
            class=&quot;text-center mb-16&quot;
            initial=&quot;[object Object]&quot;
            transition=&quot;[object Object]&quot;
            viewport=&quot;[object Object]&quot;
            whileinview=&quot;[object Object]&quot;
          &gt;
            &lt;h2
              class=&quot;text-4xl md:text-6xl font-bold mb-6&quot;
            &gt;
              Choose Your 
              &lt;span
                class=&quot;text-[#5afcc0]&quot;
              &gt;
                Revenue
              &lt;/span&gt;
               Plan
            &lt;/h2&gt;
            &lt;p
              class=&quot;text-xl text-white/80 max-w-3xl mx-auto&quot;
            &gt;
              Every plan is designed to pay for itself within the first month through increased sales and conversions.
            &lt;/p&gt;
          &lt;/div&gt;
          &lt;div
            class=&quot;text-center mb-16&quot;
          &gt;
            &lt;span
              class=&quot;inline-block text-sm font-semibold text-[#5afcc0] uppercase tracking-wider mb-3&quot;
              initial=&quot;[object Object]&quot;
              transition=&quot;[object Object]&quot;
              viewport=&quot;[object Object]&quot;
              whileinview=&quot;[object Object]&quot;
            &gt;
              Simple, Transparent Pricing
            &lt;/span&gt;
            &lt;h2
              class=&quot;text-3xl md:text-4xl font-bold text-white mb-6&quot;
              initial=&quot;[object Object]&quot;
              transition=&quot;[object Object]&quot;
              viewport=&quot;[object Object]&quot;
              whileinview=&quot;[object Object]&quot;
            &gt;
              Scale Your Content and 
              &lt;span
                class=&quot;text-[#8D5AFF]&quot;
              &gt;
                Maximize Sales
              &lt;/span&gt;
            &lt;/h2&gt;
            &lt;p
              class=&quot;text-xl text-white/80 max-w-3xl mx-auto mb-10&quot;
              initial=&quot;[object Object]&quot;
              transition=&quot;[object Object]&quot;
              viewport=&quot;[object Object]&quot;
              whileinview=&quot;[object Object]&quot;
            &gt;
              Select the plan that best fits your needs. All plans include our core AI-powered features.
            &lt;/p&gt;
            &lt;div
              class=&quot;inline-flex items-center bg-black/30 p-1 rounded-full border border-white/10 mb-12 backdrop-blur-sm&quot;
              initial=&quot;[object Object]&quot;
              transition=&quot;[object Object]&quot;
              viewport=&quot;[object Object]&quot;
              whileinview=&quot;[object Object]&quot;
            &gt;
              &lt;button
                class=&quot;px-6 py-2 rounded-full text-sm font-medium transition-all text-white/60 hover:text-white&quot;
              &gt;
                Annual
                &lt;span
                  class=&quot;ml-1 text-xs bg-[#5afcc0] text-black px-2 py-0.5 rounded-full&quot;
                &gt;
                  Save 20%
                &lt;/span&gt;
              &lt;/button&gt;
              &lt;button
                class=&quot;px-6 py-2 rounded-full text-sm font-medium transition-all bg-[#8D5AFF] text-white shadow-lg&quot;
              &gt;
                Monthly
              &lt;/button&gt;
            &lt;/div&gt;
            &lt;div
              class=&quot;grid md:grid-cols-3 gap-6 xl:gap-10&quot;
            &gt;
              &lt;div
                class=&quot;relative rounded-2xl overflow-hidden backdrop-blur-sm border border-white/10 bg-black/40&quot;
                initial=&quot;[object Object]&quot;
                transition=&quot;[object Object]&quot;
                viewport=&quot;[object Object]&quot;
                whileinview=&quot;[object Object]&quot;
              &gt;
                &lt;div
                  class=&quot;p-8 relative&quot;
                &gt;
                  &lt;h3
                    class=&quot;text-2xl font-bold text-white mb-2&quot;
                  &gt;
                    Lite
                  &lt;/h3&gt;
                  &lt;p
                    class=&quot;text-white/60 mb-6 min-h-[40px]&quot;
                  &gt;
                    $20/month
                  &lt;/p&gt;
                  &lt;div
                    class=&quot;flex items-baseline mb-6&quot;
                  &gt;
                    &lt;span
                      class=&quot;text-4xl font-bold text-white&quot;
                    &gt;
                      $
                      20
                    &lt;/span&gt;
                    &lt;span
                      class=&quot;text-white/60 ml-2&quot;
                    &gt;
                      /month
                    &lt;/span&gt;
                  &lt;/div&gt;
                  &lt;div
                    class=&quot;bg-[#5afcc0]/10 rounded-lg p-4 mb-6 border border-[#5afcc0]/20&quot;
                  &gt;
                    &lt;div
                      class=&quot;flex items-start&quot;
                    &gt;
                      &lt;svg
                        class=&quot;h-5 w-5 text-[#5afcc0] mr-2 mt-0.5 flex-shrink-0&quot;
                        data-testid=&quot;Sparkles-icon&quot;
                      /&gt;
                      &lt;div&gt;
                        &lt;p
                          class=&quot;text-[#5afcc0] font-medium&quot;
                        &gt;
                          Limited Time Bonuses
                        &lt;/p&gt;
          ...
    at C:\Users\Cheem\OneDrive\Coding\clipsCommerce\src\__tests__\payment-flow.test.tsx:187:34
    at runWithExpensiveErrorDiagnosticsDisabled (C:\Users\Cheem\OneDrive\Coding\clipsCommerce\node_modules\@testing-library\dom\dist\config.js:47:12)
    at checkCallback (C:\Users\Cheem\OneDrive\Coding\clipsCommerce\node_modules\@testing-library\dom\dist\wait-for.js:124:77)
    at checkRealTimersCallback (C:\Users\Cheem\OneDrive\Coding\clipsCommerce\node_modules\@testing-library\dom\dist\wait-for.js:118:16)
    at Timeout.task [as _onTimeout] (C:\Users\Cheem\OneDrive\Coding\clipsCommerce\node_modules\jsdom\lib\jsdom\browser\Window.js:579:19)
    at listOnTimeout (node:internal/timers:588:17)
    at processTimers (node:internal/timers:523:7)</failure>
    </testcase>
    <testcase classname="Payment Flow Tests PricingSection Component should handle Team yearly plan selection and navigate to dashboard" name="Payment Flow Tests PricingSection Component should handle Team yearly plan selection and navigate to dashboard" time="1.115">
      <failure>Error: expect(jest.fn()).toHaveBeenCalledWith(...expected)

Expected: &quot;/dashboard&quot;

Number of calls: 0

Ignored nodes: comments, script, style
&lt;html&gt;
  &lt;head /&gt;
  &lt;body&gt;
    &lt;div&gt;
      &lt;section
        class=&quot;py-16 md:py-24 bg-gradient-to-b from-black to-[#0A0A0A] text-white&quot;
      &gt;
        &lt;div
          class=&quot;max-w-7xl mx-auto px-6 sm:px-12 lg:px-16&quot;
        &gt;
          &lt;div
            class=&quot;text-center mb-16&quot;
            initial=&quot;[object Object]&quot;
            transition=&quot;[object Object]&quot;
            viewport=&quot;[object Object]&quot;
            whileinview=&quot;[object Object]&quot;
          &gt;
            &lt;h2
              class=&quot;text-4xl md:text-6xl font-bold mb-6&quot;
            &gt;
              Choose Your 
              &lt;span
                class=&quot;text-[#5afcc0]&quot;
              &gt;
                Revenue
              &lt;/span&gt;
               Plan
            &lt;/h2&gt;
            &lt;p
              class=&quot;text-xl text-white/80 max-w-3xl mx-auto&quot;
            &gt;
              Every plan is designed to pay for itself within the first month through increased sales and conversions.
            &lt;/p&gt;
          &lt;/div&gt;
          &lt;div
            class=&quot;text-center mb-16&quot;
          &gt;
            &lt;span
              class=&quot;inline-block text-sm font-semibold text-[#5afcc0] uppercase tracking-wider mb-3&quot;
              initial=&quot;[object Object]&quot;
              transition=&quot;[object Object]&quot;
              viewport=&quot;[object Object]&quot;
              whileinview=&quot;[object Object]&quot;
            &gt;
              Simple, Transparent Pricing
            &lt;/span&gt;
            &lt;h2
              class=&quot;text-3xl md:text-4xl font-bold text-white mb-6&quot;
              initial=&quot;[object Object]&quot;
              transition=&quot;[object Object]&quot;
              viewport=&quot;[object Object]&quot;
              whileinview=&quot;[object Object]&quot;
            &gt;
              Scale Your Content and 
              &lt;span
                class=&quot;text-[#8D5AFF]&quot;
              &gt;
                Maximize Sales
              &lt;/span&gt;
            &lt;/h2&gt;
            &lt;p
              class=&quot;text-xl text-white/80 max-w-3xl mx-auto mb-10&quot;
              initial=&quot;[object Object]&quot;
              transition=&quot;[object Object]&quot;
              viewport=&quot;[object Object]&quot;
              whileinview=&quot;[object Object]&quot;
            &gt;
              Select the plan that best fits your needs. All plans include our core AI-powered features.
            &lt;/p&gt;
            &lt;div
              class=&quot;inline-flex items-center bg-black/30 p-1 rounded-full border border-white/10 mb-12 backdrop-blur-sm&quot;
              initial=&quot;[object Object]&quot;
              transition=&quot;[object Object]&quot;
              viewport=&quot;[object Object]&quot;
              whileinview=&quot;[object Object]&quot;
            &gt;
              &lt;button
                class=&quot;px-6 py-2 rounded-full text-sm font-medium transition-all bg-[#8D5AFF] text-white shadow-lg&quot;
              &gt;
                Annual
                &lt;span
                  class=&quot;ml-1 text-xs bg-[#5afcc0] text-black px-2 py-0.5 rounded-full&quot;
                &gt;
                  Save 20%
                &lt;/span&gt;
              &lt;/button&gt;
              &lt;button
                class=&quot;px-6 py-2 rounded-full text-sm font-medium transition-all text-white/60 hover:text-white&quot;
              &gt;
                Monthly
              &lt;/button&gt;
            &lt;/div&gt;
            &lt;div
              class=&quot;grid md:grid-cols-3 gap-6 xl:gap-10&quot;
            &gt;
              &lt;div
                class=&quot;relative rounded-2xl overflow-hidden backdrop-blur-sm border border-white/10 bg-black/40&quot;
                initial=&quot;[object Object]&quot;
                transition=&quot;[object Object]&quot;
                viewport=&quot;[object Object]&quot;
                whileinview=&quot;[object Object]&quot;
              &gt;
                &lt;div
                  class=&quot;p-8 relative&quot;
                &gt;
                  &lt;h3
                    class=&quot;text-2xl font-bold text-white mb-2&quot;
                  &gt;
                    Lite
                  &lt;/h3&gt;
                  &lt;p
                    class=&quot;text-white/60 mb-6 min-h-[40px]&quot;
                  &gt;
                    $20/month
                  &lt;/p&gt;
                  &lt;div
                    class=&quot;flex items-baseline mb-6&quot;
                  &gt;
                    &lt;span
                      class=&quot;text-4xl font-bold text-white&quot;
                    &gt;
                      $
                      240
                    &lt;/span&gt;
                    &lt;span
                      class=&quot;text-white/60 ml-2&quot;
                    &gt;
                      /year
                    &lt;/span&gt;
                  &lt;/div&gt;
                  &lt;div
                    class=&quot;bg-[#5afcc0]/10 rounded-lg p-4 mb-6 border border-[#5afcc0]/20&quot;
                  &gt;
                    &lt;div
                      class=&quot;flex items-start&quot;
                    &gt;
                      &lt;svg
                        class=&quot;h-5 w-5 text-[#5afcc0] mr-2 mt-0.5 flex-shrink-0&quot;
                        data-testid=&quot;Sparkles-icon&quot;
                      /&gt;
                      &lt;div&gt;
                        &lt;p
                          class=&quot;text-[#5afcc0] font-medium&quot;
                        &gt;
                          Limited Time Bonuses
                        &lt;/p&gt;
          ...
    at C:\Users\Cheem\OneDrive\Coding\clipsCommerce\src\__tests__\payment-flow.test.tsx:201:34
    at runWithExpensiveErrorDiagnosticsDisabled (C:\Users\Cheem\OneDrive\Coding\clipsCommerce\node_modules\@testing-library\dom\dist\config.js:47:12)
    at checkCallback (C:\Users\Cheem\OneDrive\Coding\clipsCommerce\node_modules\@testing-library\dom\dist\wait-for.js:124:77)
    at checkRealTimersCallback (C:\Users\Cheem\OneDrive\Coding\clipsCommerce\node_modules\@testing-library\dom\dist\wait-for.js:118:16)
    at Timeout.task [as _onTimeout] (C:\Users\Cheem\OneDrive\Coding\clipsCommerce\node_modules\jsdom\lib\jsdom\browser\Window.js:579:19)
    at listOnTimeout (node:internal/timers:588:17)
    at processTimers (node:internal/timers:523:7)</failure>
    </testcase>
    <testcase classname="Payment Flow Tests PricingSection Component should fallback to dashboard when Stripe links are not configured" name="Payment Flow Tests PricingSection Component should fallback to dashboard when Stripe links are not configured" time="1.11">
      <failure>Error: expect(jest.fn()).toHaveBeenCalledWith(...expected)

Expected: &quot;/dashboard&quot;

Number of calls: 0

Ignored nodes: comments, script, style
&lt;html&gt;
  &lt;head /&gt;
  &lt;body&gt;
    &lt;div&gt;
      &lt;section
        class=&quot;py-16 md:py-24 bg-gradient-to-b from-black to-[#0A0A0A] text-white&quot;
      &gt;
        &lt;div
          class=&quot;max-w-7xl mx-auto px-6 sm:px-12 lg:px-16&quot;
        &gt;
          &lt;div
            class=&quot;text-center mb-16&quot;
            initial=&quot;[object Object]&quot;
            transition=&quot;[object Object]&quot;
            viewport=&quot;[object Object]&quot;
            whileinview=&quot;[object Object]&quot;
          &gt;
            &lt;h2
              class=&quot;text-4xl md:text-6xl font-bold mb-6&quot;
            &gt;
              Choose Your 
              &lt;span
                class=&quot;text-[#5afcc0]&quot;
              &gt;
                Revenue
              &lt;/span&gt;
               Plan
            &lt;/h2&gt;
            &lt;p
              class=&quot;text-xl text-white/80 max-w-3xl mx-auto&quot;
            &gt;
              Every plan is designed to pay for itself within the first month through increased sales and conversions.
            &lt;/p&gt;
          &lt;/div&gt;
          &lt;div
            class=&quot;text-center mb-16&quot;
          &gt;
            &lt;span
              class=&quot;inline-block text-sm font-semibold text-[#5afcc0] uppercase tracking-wider mb-3&quot;
              initial=&quot;[object Object]&quot;
              transition=&quot;[object Object]&quot;
              viewport=&quot;[object Object]&quot;
              whileinview=&quot;[object Object]&quot;
            &gt;
              Simple, Transparent Pricing
            &lt;/span&gt;
            &lt;h2
              class=&quot;text-3xl md:text-4xl font-bold text-white mb-6&quot;
              initial=&quot;[object Object]&quot;
              transition=&quot;[object Object]&quot;
              viewport=&quot;[object Object]&quot;
              whileinview=&quot;[object Object]&quot;
            &gt;
              Scale Your Content and 
              &lt;span
                class=&quot;text-[#8D5AFF]&quot;
              &gt;
                Maximize Sales
              &lt;/span&gt;
            &lt;/h2&gt;
            &lt;p
              class=&quot;text-xl text-white/80 max-w-3xl mx-auto mb-10&quot;
              initial=&quot;[object Object]&quot;
              transition=&quot;[object Object]&quot;
              viewport=&quot;[object Object]&quot;
              whileinview=&quot;[object Object]&quot;
            &gt;
              Select the plan that best fits your needs. All plans include our core AI-powered features.
            &lt;/p&gt;
            &lt;div
              class=&quot;inline-flex items-center bg-black/30 p-1 rounded-full border border-white/10 mb-12 backdrop-blur-sm&quot;
              initial=&quot;[object Object]&quot;
              transition=&quot;[object Object]&quot;
              viewport=&quot;[object Object]&quot;
              whileinview=&quot;[object Object]&quot;
            &gt;
              &lt;button
                class=&quot;px-6 py-2 rounded-full text-sm font-medium transition-all bg-[#8D5AFF] text-white shadow-lg&quot;
              &gt;
                Annual
                &lt;span
                  class=&quot;ml-1 text-xs bg-[#5afcc0] text-black px-2 py-0.5 rounded-full&quot;
                &gt;
                  Save 20%
                &lt;/span&gt;
              &lt;/button&gt;
              &lt;button
                class=&quot;px-6 py-2 rounded-full text-sm font-medium transition-all text-white/60 hover:text-white&quot;
              &gt;
                Monthly
              &lt;/button&gt;
            &lt;/div&gt;
            &lt;div
              class=&quot;grid md:grid-cols-3 gap-6 xl:gap-10&quot;
            &gt;
              &lt;div
                class=&quot;relative rounded-2xl overflow-hidden backdrop-blur-sm border border-white/10 bg-black/40&quot;
                initial=&quot;[object Object]&quot;
                transition=&quot;[object Object]&quot;
                viewport=&quot;[object Object]&quot;
                whileinview=&quot;[object Object]&quot;
              &gt;
                &lt;div
                  class=&quot;p-8 relative&quot;
                &gt;
                  &lt;h3
                    class=&quot;text-2xl font-bold text-white mb-2&quot;
                  &gt;
                    Lite
                  &lt;/h3&gt;
                  &lt;p
                    class=&quot;text-white/60 mb-6 min-h-[40px]&quot;
                  &gt;
                    $20/month
                  &lt;/p&gt;
                  &lt;div
                    class=&quot;flex items-baseline mb-6&quot;
                  &gt;
                    &lt;span
                      class=&quot;text-4xl font-bold text-white&quot;
                    &gt;
                      $
                      240
                    &lt;/span&gt;
                    &lt;span
                      class=&quot;text-white/60 ml-2&quot;
                    &gt;
                      /year
                    &lt;/span&gt;
                  &lt;/div&gt;
                  &lt;div
                    class=&quot;bg-[#5afcc0]/10 rounded-lg p-4 mb-6 border border-[#5afcc0]/20&quot;
                  &gt;
                    &lt;div
                      class=&quot;flex items-start&quot;
                    &gt;
                      &lt;svg
                        class=&quot;h-5 w-5 text-[#5afcc0] mr-2 mt-0.5 flex-shrink-0&quot;
                        data-testid=&quot;Sparkles-icon&quot;
                      /&gt;
                      &lt;div&gt;
                        &lt;p
                          class=&quot;text-[#5afcc0] font-medium&quot;
                        &gt;
                          Limited Time Bonuses
                        &lt;/p&gt;
          ...
    at C:\Users\Cheem\OneDrive\Coding\clipsCommerce\src\__tests__\payment-flow.test.tsx:224:34
    at runWithExpensiveErrorDiagnosticsDisabled (C:\Users\Cheem\OneDrive\Coding\clipsCommerce\node_modules\@testing-library\dom\dist\config.js:47:12)
    at checkCallback (C:\Users\Cheem\OneDrive\Coding\clipsCommerce\node_modules\@testing-library\dom\dist\wait-for.js:124:77)
    at checkRealTimersCallback (C:\Users\Cheem\OneDrive\Coding\clipsCommerce\node_modules\@testing-library\dom\dist\wait-for.js:118:16)
    at Timeout.task [as _onTimeout] (C:\Users\Cheem\OneDrive\Coding\clipsCommerce\node_modules\jsdom\lib\jsdom\browser\Window.js:579:19)
    at listOnTimeout (node:internal/timers:588:17)
    at processTimers (node:internal/timers:523:7)</failure>
    </testcase>
    <testcase classname="Payment Flow Tests SubscriptionComponent should render all subscription plans" name="Payment Flow Tests SubscriptionComponent should render all subscription plans" time="0.116">
    </testcase>
    <testcase classname="Payment Flow Tests SubscriptionComponent should handle plan selection with correct billing cycle" name="Payment Flow Tests SubscriptionComponent should handle plan selection with correct billing cycle" time="1.242">
      <failure>Error: expect(jest.fn()).toHaveBeenCalledWith(...expected)

Expected: &quot;https://stripe.com/pro-yearly&quot;, &quot;_blank&quot;

Number of calls: 0

Ignored nodes: comments, script, style
&lt;html&gt;
  &lt;head /&gt;
  &lt;body&gt;
    &lt;div&gt;
      &lt;div
        class=&quot;min-h-screen bg-background text-foreground p-4 md:p-6 space-y-6&quot;
      &gt;
        &lt;div&gt;
          &lt;h1
            class=&quot;text-2xl md:text-3xl font-bold tracking-tight gradient-text&quot;
          &gt;
            Subscription
          &lt;/h1&gt;
          &lt;p
            class=&quot;text-muted-foreground mt-1&quot;
          &gt;
            Manage your subscription plan and billing
          &lt;/p&gt;
        &lt;/div&gt;
        &lt;div
          data-orientation=&quot;horizontal&quot;
          dir=&quot;ltr&quot;
        &gt;
          &lt;div
            aria-orientation=&quot;horizontal&quot;
            class=&quot;h-9 items-center justify-center rounded-lg bg-muted p-1 text-muted-foreground grid w-full grid-cols-3&quot;
            data-orientation=&quot;horizontal&quot;
            role=&quot;tablist&quot;
            style=&quot;outline: none;&quot;
            tabindex=&quot;0&quot;
          &gt;
            &lt;button
              aria-controls=&quot;radix-Â«r4Â»-content-plans&quot;
              aria-selected=&quot;true&quot;
              class=&quot;inline-flex items-center justify-center whitespace-nowrap rounded-md px-3 py-1 text-sm font-medium ring-offset-background transition-all focus-visible:outline-none focus-visible:ring-2 focus-visible:ring-ring focus-visible:ring-offset-2 disabled:pointer-events-none disabled:opacity-50 data-[state=active]:bg-background data-[state=active]:text-foreground data-[state=active]:shadow&quot;
              data-orientation=&quot;horizontal&quot;
              data-radix-collection-item=&quot;&quot;
              data-state=&quot;active&quot;
              id=&quot;radix-Â«r4Â»-trigger-plans&quot;
              role=&quot;tab&quot;
              tabindex=&quot;-1&quot;
              type=&quot;button&quot;
            &gt;
              &lt;svg
                class=&quot;h-4 w-4 mr-2&quot;
                data-testid=&quot;Shield-icon&quot;
              /&gt;
              Plans
            &lt;/button&gt;
            &lt;button
              aria-controls=&quot;radix-Â«r4Â»-content-billing&quot;
              aria-selected=&quot;false&quot;
              class=&quot;inline-flex items-center justify-center whitespace-nowrap rounded-md px-3 py-1 text-sm font-medium ring-offset-background transition-all focus-visible:outline-none focus-visible:ring-2 focus-visible:ring-ring focus-visible:ring-offset-2 disabled:pointer-events-none disabled:opacity-50 data-[state=active]:bg-background data-[state=active]:text-foreground data-[state=active]:shadow&quot;
              data-orientation=&quot;horizontal&quot;
              data-radix-collection-item=&quot;&quot;
              data-state=&quot;inactive&quot;
              id=&quot;radix-Â«r4Â»-trigger-billing&quot;
              role=&quot;tab&quot;
              tabindex=&quot;-1&quot;
              type=&quot;button&quot;
            &gt;
              &lt;svg
                class=&quot;h-4 w-4 mr-2&quot;
                data-testid=&quot;CreditCard-icon&quot;
              /&gt;
              Billing
            &lt;/button&gt;
            &lt;button
              aria-controls=&quot;radix-Â«r4Â»-content-invoices&quot;
              aria-selected=&quot;false&quot;
              class=&quot;inline-flex items-center justify-center whitespace-nowrap rounded-md px-3 py-1 text-sm font-medium ring-offset-background transition-all focus-visible:outline-none focus-visible:ring-2 focus-visible:ring-ring focus-visible:ring-offset-2 disabled:pointer-events-none disabled:opacity-50 data-[state=active]:bg-background data-[state=active]:text-foreground data-[state=active]:shadow&quot;
              data-orientation=&quot;horizontal&quot;
              data-radix-collection-item=&quot;&quot;
              data-state=&quot;inactive&quot;
              id=&quot;radix-Â«r4Â»-trigger-invoices&quot;
              role=&quot;tab&quot;
              tabindex=&quot;-1&quot;
              type=&quot;button&quot;
            &gt;
              &lt;svg
                class=&quot;h-4 w-4 mr-2&quot;
                data-testid=&quot;FileText-icon&quot;
              /&gt;
              Invoices
            &lt;/button&gt;
          &lt;/div&gt;
          &lt;div
            aria-labelledby=&quot;radix-Â«r4Â»-trigger-plans&quot;
            class=&quot;ring-offset-background focus-visible:outline-none focus-visible:ring-2 focus-visible:ring-ring focus-visible:ring-offset-2 mt-4&quot;
            data-orientation=&quot;horizontal&quot;
            data-state=&quot;active&quot;
            id=&quot;radix-Â«r4Â»-content-plans&quot;
            role=&quot;tabpanel&quot;
            style=&quot;&quot;
            tabindex=&quot;0&quot;
          &gt;
            &lt;div
              class=&quot;relative w-full rounded-lg border px-4 py-3 text-sm [&amp;:has(svg)]:pl-11 [&amp;&gt;svg+div]:translate-y-[-3px] [&amp;&gt;svg]:absolute [&amp;&gt;svg]:left-4 [&amp;&gt;svg]:top-4 [&amp;&gt;svg]:text-foreground bg-green-50 text-green-800 border-green-200 mb-4&quot;
              role=&quot;alert&quot;
            &gt;
              &lt;svg
                class=&quot;h-4 w-4 text-green-500&quot;
                data-testid=&quot;CheckCircle2-icon&quot;
              /&gt;
              &lt;div
                class=&quot;text-sm [&amp;_p]:leading-relaxed&quot;
              &gt;
                Your subscription plan has been updated successfully.
              &lt;/div&gt;
            &lt;/div&gt;
            &lt;div
              class=&quot;flex justify-center mb-6&quot;
            &gt;
              &lt;div
                class=&quot;bg-[#1A1A1A] p-1 rounded-full inline-flex items-center border border-[#8D5AFF]/20&quot;
              &gt;
                &lt;button
                  class=&quot;inline-flex items-center justify-center font-medium transition-colors focus-visible:outline-none focus-visible:ring-1 focus-visible:ring-ring disabled:pointer-events-none disabled:opacity-5...
    at C:\Users\Cheem\OneDrive\Coding\clipsCommerce\src\__tests__\payment-flow.test.tsx:256:32
    at runWithExpensiveErrorDiagnosticsDisabled (C:\Users\Cheem\OneDrive\Coding\clipsCommerce\node_modules\@testing-library\dom\dist\config.js:47:12)
    at checkCallback (C:\Users\Cheem\OneDrive\Coding\clipsCommerce\node_modules\@testing-library\dom\dist\wait-for.js:124:77)
    at checkRealTimersCallback (C:\Users\Cheem\OneDrive\Coding\clipsCommerce\node_modules\@testing-library\dom\dist\wait-for.js:118:16)
    at Timeout.task [as _onTimeout] (C:\Users\Cheem\OneDrive\Coding\clipsCommerce\node_modules\jsdom\lib\jsdom\browser\Window.js:579:19)
    at listOnTimeout (node:internal/timers:588:17)
    at processTimers (node:internal/timers:523:7)</failure>
    </testcase>
    <testcase classname="Payment Flow Tests SubscriptionComponent should handle team plan selection with redirect setup" name="Payment Flow Tests SubscriptionComponent should handle team plan selection with redirect setup" time="1.178">
      <failure>Error: expect(jest.fn()).toHaveBeenCalledWith(...expected)

Expected: &quot;https://stripe.com/team-monthly&quot;, &quot;_blank&quot;

Number of calls: 0

Ignored nodes: comments, script, style
&lt;html&gt;
  &lt;head /&gt;
  &lt;body&gt;
    &lt;div&gt;
      &lt;div
        class=&quot;min-h-screen bg-background text-foreground p-4 md:p-6 space-y-6&quot;
      &gt;
        &lt;div&gt;
          &lt;h1
            class=&quot;text-2xl md:text-3xl font-bold tracking-tight gradient-text&quot;
          &gt;
            Subscription
          &lt;/h1&gt;
          &lt;p
            class=&quot;text-muted-foreground mt-1&quot;
          &gt;
            Manage your subscription plan and billing
          &lt;/p&gt;
        &lt;/div&gt;
        &lt;div
          data-orientation=&quot;horizontal&quot;
          dir=&quot;ltr&quot;
        &gt;
          &lt;div
            aria-orientation=&quot;horizontal&quot;
            class=&quot;h-9 items-center justify-center rounded-lg bg-muted p-1 text-muted-foreground grid w-full grid-cols-3&quot;
            data-orientation=&quot;horizontal&quot;
            role=&quot;tablist&quot;
            style=&quot;outline: none;&quot;
            tabindex=&quot;0&quot;
          &gt;
            &lt;button
              aria-controls=&quot;radix-Â«r8Â»-content-plans&quot;
              aria-selected=&quot;true&quot;
              class=&quot;inline-flex items-center justify-center whitespace-nowrap rounded-md px-3 py-1 text-sm font-medium ring-offset-background transition-all focus-visible:outline-none focus-visible:ring-2 focus-visible:ring-ring focus-visible:ring-offset-2 disabled:pointer-events-none disabled:opacity-50 data-[state=active]:bg-background data-[state=active]:text-foreground data-[state=active]:shadow&quot;
              data-orientation=&quot;horizontal&quot;
              data-radix-collection-item=&quot;&quot;
              data-state=&quot;active&quot;
              id=&quot;radix-Â«r8Â»-trigger-plans&quot;
              role=&quot;tab&quot;
              tabindex=&quot;-1&quot;
              type=&quot;button&quot;
            &gt;
              &lt;svg
                class=&quot;h-4 w-4 mr-2&quot;
                data-testid=&quot;Shield-icon&quot;
              /&gt;
              Plans
            &lt;/button&gt;
            &lt;button
              aria-controls=&quot;radix-Â«r8Â»-content-billing&quot;
              aria-selected=&quot;false&quot;
              class=&quot;inline-flex items-center justify-center whitespace-nowrap rounded-md px-3 py-1 text-sm font-medium ring-offset-background transition-all focus-visible:outline-none focus-visible:ring-2 focus-visible:ring-ring focus-visible:ring-offset-2 disabled:pointer-events-none disabled:opacity-50 data-[state=active]:bg-background data-[state=active]:text-foreground data-[state=active]:shadow&quot;
              data-orientation=&quot;horizontal&quot;
              data-radix-collection-item=&quot;&quot;
              data-state=&quot;inactive&quot;
              id=&quot;radix-Â«r8Â»-trigger-billing&quot;
              role=&quot;tab&quot;
              tabindex=&quot;-1&quot;
              type=&quot;button&quot;
            &gt;
              &lt;svg
                class=&quot;h-4 w-4 mr-2&quot;
                data-testid=&quot;CreditCard-icon&quot;
              /&gt;
              Billing
            &lt;/button&gt;
            &lt;button
              aria-controls=&quot;radix-Â«r8Â»-content-invoices&quot;
              aria-selected=&quot;false&quot;
              class=&quot;inline-flex items-center justify-center whitespace-nowrap rounded-md px-3 py-1 text-sm font-medium ring-offset-background transition-all focus-visible:outline-none focus-visible:ring-2 focus-visible:ring-ring focus-visible:ring-offset-2 disabled:pointer-events-none disabled:opacity-50 data-[state=active]:bg-background data-[state=active]:text-foreground data-[state=active]:shadow&quot;
              data-orientation=&quot;horizontal&quot;
              data-radix-collection-item=&quot;&quot;
              data-state=&quot;inactive&quot;
              id=&quot;radix-Â«r8Â»-trigger-invoices&quot;
              role=&quot;tab&quot;
              tabindex=&quot;-1&quot;
              type=&quot;button&quot;
            &gt;
              &lt;svg
                class=&quot;h-4 w-4 mr-2&quot;
                data-testid=&quot;FileText-icon&quot;
              /&gt;
              Invoices
            &lt;/button&gt;
          &lt;/div&gt;
          &lt;div
            aria-labelledby=&quot;radix-Â«r8Â»-trigger-plans&quot;
            class=&quot;ring-offset-background focus-visible:outline-none focus-visible:ring-2 focus-visible:ring-ring focus-visible:ring-offset-2 mt-4&quot;
            data-orientation=&quot;horizontal&quot;
            data-state=&quot;active&quot;
            id=&quot;radix-Â«r8Â»-content-plans&quot;
            role=&quot;tabpanel&quot;
            style=&quot;&quot;
            tabindex=&quot;0&quot;
          &gt;
            &lt;div
              class=&quot;relative w-full rounded-lg border px-4 py-3 text-sm [&amp;:has(svg)]:pl-11 [&amp;&gt;svg+div]:translate-y-[-3px] [&amp;&gt;svg]:absolute [&amp;&gt;svg]:left-4 [&amp;&gt;svg]:top-4 [&amp;&gt;svg]:text-foreground bg-green-50 text-green-800 border-green-200 mb-4&quot;
              role=&quot;alert&quot;
            &gt;
              &lt;svg
                class=&quot;h-4 w-4 text-green-500&quot;
                data-testid=&quot;CheckCircle2-icon&quot;
              /&gt;
              &lt;div
                class=&quot;text-sm [&amp;_p]:leading-relaxed&quot;
              &gt;
                Your subscription plan has been updated successfully.
              &lt;/div&gt;
            &lt;/div&gt;
            &lt;div
              class=&quot;flex justify-center mb-6&quot;
            &gt;
              &lt;div
                class=&quot;bg-[#1A1A1A] p-1 rounded-full inline-flex items-center border border-[#8D5AFF]/20&quot;
              &gt;
                &lt;button
                  class=&quot;inline-flex items-center justify-center font-medium transition-colors focus-visible:outline-none focus-visible:ring-1 focus-visible:ring-ring disabled:pointer-events-none disabled:opacity-5...
    at C:\Users\Cheem\OneDrive\Coding\clipsCommerce\src\__tests__\payment-flow.test.tsx:272:32
    at runWithExpensiveErrorDiagnosticsDisabled (C:\Users\Cheem\OneDrive\Coding\clipsCommerce\node_modules\@testing-library\dom\dist\config.js:47:12)
    at checkCallback (C:\Users\Cheem\OneDrive\Coding\clipsCommerce\node_modules\@testing-library\dom\dist\wait-for.js:124:77)
    at checkRealTimersCallback (C:\Users\Cheem\OneDrive\Coding\clipsCommerce\node_modules\@testing-library\dom\dist\wait-for.js:118:16)
    at Timeout.task [as _onTimeout] (C:\Users\Cheem\OneDrive\Coding\clipsCommerce\node_modules\jsdom\lib\jsdom\browser\Window.js:579:19)
    at listOnTimeout (node:internal/timers:588:17)
    at processTimers (node:internal/timers:523:7)</failure>
    </testcase>
    <testcase classname="Payment Flow Tests PaymentSuccessPage should redirect to default dashboard when no stored redirect" name="Payment Flow Tests PaymentSuccessPage should redirect to default dashboard when no stored redirect" time="3.055">
    </testcase>
    <testcase classname="Payment Flow Tests PaymentSuccessPage should redirect to team dashboard when stored redirect exists" name="Payment Flow Tests PaymentSuccessPage should redirect to team dashboard when stored redirect exists" time="3.032">
    </testcase>
    <testcase classname="Payment Flow Tests PaymentSuccessPage should handle manual continue button click" name="Payment Flow Tests PaymentSuccessPage should handle manual continue button click" time="0.064">
    </testcase>
    <testcase classname="Payment Flow Tests Environment Variable Fallbacks should fallback to dashboard when Stripe links are not configured" name="Payment Flow Tests Environment Variable Fallbacks should fallback to dashboard when Stripe links are not configured" time="0.105">
      <failure>Error: expect(jest.fn()).toHaveBeenCalledWith(...expected)

Expected: &quot;/dashboard&quot;

Number of calls: 0
    at Object.&lt;anonymous&gt; (C:\Users\Cheem\OneDrive\Coding\clipsCommerce\src\__tests__\payment-flow.test.tsx:332:32)</failure>
    </testcase>
    <testcase classname="Payment Flow Tests Error Handling should handle localStorage errors gracefully (i.e., component throws)" name="Payment Flow Tests Error Handling should handle localStorage errors gracefully (i.e., component throws)" time="0.104">
      <failure>Error: LocalStorage Write Error
    at Object.&lt;anonymous&gt; (C:\Users\Cheem\OneDrive\Coding\clipsCommerce\src\__tests__\payment-flow.test.tsx:339:15)
    at C:\Users\Cheem\OneDrive\Coding\clipsCommerce\node_modules\@jest\environment-jsdom-abstract\node_modules\jest-mock\build\index.js:305:39
    at Object.&lt;anonymous&gt; (C:\Users\Cheem\OneDrive\Coding\clipsCommerce\node_modules\@jest\environment-jsdom-abstract\node_modules\jest-mock\build\index.js:312:13)
    at Object.mockConstructor [as setItem] (C:\Users\Cheem\OneDrive\Coding\clipsCommerce\node_modules\@jest\environment-jsdom-abstract\node_modules\jest-mock\build\index.js:102:19)
    at handleSelectPlan (C:\Users\Cheem\OneDrive\Coding\clipsCommerce\src\components\dashboard\SubscriptionComponent.tsx:107:22)
    at onClick (C:\Users\Cheem\OneDrive\Coding\clipsCommerce\src\components\dashboard\SubscriptionComponent.tsx:246:36)
    at executeDispatch (C:\Users\Cheem\OneDrive\Coding\clipsCommerce\node_modules\react-dom\cjs\react-dom-client.development.js:16368:9)
    at runWithFiberInDEV (C:\Users\Cheem\OneDrive\Coding\clipsCommerce\node_modules\react-dom\cjs\react-dom-client.development.js:1522:13)
    at processDispatchQueue (C:\Users\Cheem\OneDrive\Coding\clipsCommerce\node_modules\react-dom\cjs\react-dom-client.development.js:16418:19)
    at C:\Users\Cheem\OneDrive\Coding\clipsCommerce\node_modules\react-dom\cjs\react-dom-client.development.js:17016:9
    at batchedUpdates$1 (C:\Users\Cheem\OneDrive\Coding\clipsCommerce\node_modules\react-dom\cjs\react-dom-client.development.js:3262:40)
    at dispatchEventForPluginEventSystem (C:\Users\Cheem\OneDrive\Coding\clipsCommerce\node_modules\react-dom\cjs\react-dom-client.development.js:16572:7)
    at dispatchEvent (C:\Users\Cheem\OneDrive\Coding\clipsCommerce\node_modules\react-dom\cjs\react-dom-client.development.js:20658:11)
    at dispatchDiscreteEvent (C:\Users\Cheem\OneDrive\Coding\clipsCommerce\node_modules\react-dom\cjs\react-dom-client.development.js:20626:11)
    at HTMLDivElement.callTheUserObjectsOperation (C:\Users\Cheem\OneDrive\Coding\clipsCommerce\node_modules\jsdom\lib\jsdom\living\generated\EventListener.js:26:30)
    at innerInvokeEventListeners (C:\Users\Cheem\OneDrive\Coding\clipsCommerce\node_modules\jsdom\lib\jsdom\living\events\EventTarget-impl.js:350:25)
    at invokeEventListeners (C:\Users\Cheem\OneDrive\Coding\clipsCommerce\node_modules\jsdom\lib\jsdom\living\events\EventTarget-impl.js:286:3)
    at HTMLButtonElementImpl._dispatch (C:\Users\Cheem\OneDrive\Coding\clipsCommerce\node_modules\jsdom\lib\jsdom\living\events\EventTarget-impl.js:233:9)
    at HTMLButtonElementImpl.dispatchEvent (C:\Users\Cheem\OneDrive\Coding\clipsCommerce\node_modules\jsdom\lib\jsdom\living\events\EventTarget-impl.js:104:17)
    at HTMLButtonElement.dispatchEvent (C:\Users\Cheem\OneDrive\Coding\clipsCommerce\node_modules\jsdom\lib\jsdom\living\generated\EventTarget.js:241:34)
    at C:\Users\Cheem\OneDrive\Coding\clipsCommerce\node_modules\@testing-library\user-event\dist\cjs\event\dispatchEvent.js:45:43
    at C:\Users\Cheem\OneDrive\Coding\clipsCommerce\node_modules\@testing-library\react\dist\pure.js:108:16
    at C:\Users\Cheem\OneDrive\Coding\clipsCommerce\node_modules\@testing-library\react\dist\act-compat.js:48:24
    at Object.&lt;anonymous&gt;.process.env.NODE_ENV.exports.act (C:\Users\Cheem\OneDrive\Coding\clipsCommerce\node_modules\react\cjs\react.development.js:789:22)
    at C:\Users\Cheem\OneDrive\Coding\clipsCommerce\node_modules\@testing-library\react\dist\act-compat.js:47:25
    at Object.eventWrapper (C:\Users\Cheem\OneDrive\Coding\clipsCommerce\node_modules\@testing-library\react\dist\pure.js:107:28)
    at Object.wrapEvent (C:\Users\Cheem\OneDrive\Coding\clipsCommerce\node_modules\@testing-library\user-event\dist\cjs\event\wrapEvent.js:6:28)
    at Object.dispatchEvent (C:\Users\Cheem\OneDrive\Coding\clipsCommerce\node_modules\@testing-library\user-event\dist\cjs\event\dispatchEvent.js:45:22)
    at Object.dispatchUIEvent (C:\Users\Cheem\OneDrive\Coding\clipsCommerce\node_modules\@testing-library\user-event\dist\cjs\event\dispatchEvent.js:22:26)
    at Mouse.up (C:\Users\Cheem\OneDrive\Coding\clipsCommerce\node_modules\@testing-library\user-event\dist\cjs\system\pointer\mouse.js:100:30)
    at PointerHost.release (C:\Users\Cheem\OneDrive\Coding\clipsCommerce\node_modules\@testing-library\user-event\dist\cjs\system\pointer\index.js:87:24)
    at pointerAction (C:\Users\Cheem\OneDrive\Coding\clipsCommerce\node_modules\@testing-library\user-event\dist\cjs\pointer\index.js:54:47)
    at runNextTicks (node:internal/process/task_queues:65:5)
    at processTimers (node:internal/timers:520:9)
    at Object.pointer (C:\Users\Cheem\OneDrive\Coding\clipsCommerce\node_modules\@testing-library\user-event\dist\cjs\pointer\index.js:27:9)
    at Object.asyncWrapper (C:\Users\Cheem\OneDrive\Coding\clipsCommerce\node_modules\@testing-library\react\dist\pure.js:88:22)
    at Object.&lt;anonymous&gt; (C:\Users\Cheem\OneDrive\Coding\clipsCommerce\src\__tests__\payment-flow.test.tsx:344:7)</failure>
      <failure>Error: expect(received).rejects.toThrow()

Received promise resolved instead of rejected
Resolved to value: undefined
    at expect (C:\Users\Cheem\OneDrive\Coding\clipsCommerce\node_modules\expect\build\index.js:113:15)
    at Object.&lt;anonymous&gt; (C:\Users\Cheem\OneDrive\Coding\clipsCommerce\src\__tests__\payment-flow.test.tsx:344:13)
    at Promise.then.completed (C:\Users\Cheem\OneDrive\Coding\clipsCommerce\node_modules\jest-circus\build\utils.js:298:28)
    at new Promise (&lt;anonymous&gt;)
    at callAsyncCircusFn (C:\Users\Cheem\OneDrive\Coding\clipsCommerce\node_modules\jest-circus\build\utils.js:231:10)
    at _callCircusTest (C:\Users\Cheem\OneDrive\Coding\clipsCommerce\node_modules\jest-circus\build\run.js:316:40)
    at _runTest (C:\Users\Cheem\OneDrive\Coding\clipsCommerce\node_modules\jest-circus\build\run.js:252:3)
    at _runTestsForDescribeBlock (C:\Users\Cheem\OneDrive\Coding\clipsCommerce\node_modules\jest-circus\build\run.js:126:9)
    at _runTestsForDescribeBlock (C:\Users\Cheem\OneDrive\Coding\clipsCommerce\node_modules\jest-circus\build\run.js:121:9)
    at _runTestsForDescribeBlock (C:\Users\Cheem\OneDrive\Coding\clipsCommerce\node_modules\jest-circus\build\run.js:121:9)
    at run (C:\Users\Cheem\OneDrive\Coding\clipsCommerce\node_modules\jest-circus\build\run.js:71:3)
    at runAndTransformResultsToJestFormat (C:\Users\Cheem\OneDrive\Coding\clipsCommerce\node_modules\jest-circus\build\legacy-code-todo-rewrite\jestAdapterInit.js:122:21)
    at jestAdapter (C:\Users\Cheem\OneDrive\Coding\clipsCommerce\node_modules\jest-circus\build\legacy-code-todo-rewrite\jestAdapter.js:79:19)
    at runTestInternal (C:\Users\Cheem\OneDrive\Coding\clipsCommerce\node_modules\jest-runner\build\runTest.js:367:16)
    at runTest (C:\Users\Cheem\OneDrive\Coding\clipsCommerce\node_modules\jest-runner\build\runTest.js:444:34)
    at Object.worker (C:\Users\Cheem\OneDrive\Coding\clipsCommerce\node_modules\jest-runner\build\testWorker.js:106:12)</failure>
    </testcase>
    <testcase classname="Payment Flow Tests Error Handling should handle window.open errors gracefully (i.e., component throws)" name="Payment Flow Tests Error Handling should handle window.open errors gracefully (i.e., component throws)" time="0.097">
      <failure>Error: expect(received).rejects.toThrow()

Received promise resolved instead of rejected
Resolved to value: undefined
    at expect (C:\Users\Cheem\OneDrive\Coding\clipsCommerce\node_modules\expect\build\index.js:113:15)
    at Object.&lt;anonymous&gt; (C:\Users\Cheem\OneDrive\Coding\clipsCommerce\src\__tests__\payment-flow.test.tsx:354:13)
    at Promise.then.completed (C:\Users\Cheem\OneDrive\Coding\clipsCommerce\node_modules\jest-circus\build\utils.js:298:28)
    at new Promise (&lt;anonymous&gt;)
    at callAsyncCircusFn (C:\Users\Cheem\OneDrive\Coding\clipsCommerce\node_modules\jest-circus\build\utils.js:231:10)
    at _callCircusTest (C:\Users\Cheem\OneDrive\Coding\clipsCommerce\node_modules\jest-circus\build\run.js:316:40)
    at _runTest (C:\Users\Cheem\OneDrive\Coding\clipsCommerce\node_modules\jest-circus\build\run.js:252:3)
    at _runTestsForDescribeBlock (C:\Users\Cheem\OneDrive\Coding\clipsCommerce\node_modules\jest-circus\build\run.js:126:9)
    at _runTestsForDescribeBlock (C:\Users\Cheem\OneDrive\Coding\clipsCommerce\node_modules\jest-circus\build\run.js:121:9)
    at _runTestsForDescribeBlock (C:\Users\Cheem\OneDrive\Coding\clipsCommerce\node_modules\jest-circus\build\run.js:121:9)
    at run (C:\Users\Cheem\OneDrive\Coding\clipsCommerce\node_modules\jest-circus\build\run.js:71:3)
    at runAndTransformResultsToJestFormat (C:\Users\Cheem\OneDrive\Coding\clipsCommerce\node_modules\jest-circus\build\legacy-code-todo-rewrite\jestAdapterInit.js:122:21)
    at jestAdapter (C:\Users\Cheem\OneDrive\Coding\clipsCommerce\node_modules\jest-circus\build\legacy-code-todo-rewrite\jestAdapter.js:79:19)
    at runTestInternal (C:\Users\Cheem\OneDrive\Coding\clipsCommerce\node_modules\jest-runner\build\runTest.js:367:16)
    at runTest (C:\Users\Cheem\OneDrive\Coding\clipsCommerce\node_modules\jest-runner\build\runTest.js:444:34)
    at Object.worker (C:\Users\Cheem\OneDrive\Coding\clipsCommerce\node_modules\jest-runner\build\testWorker.js:106:12)</failure>
    </testcase>
  </testsuite>
</testsuites>