<?xml version="1.0" encoding="UTF-8"?>
<testsuites name="jest tests" tests="433" failures="89" errors="0" time="75.659">
  <testsuite name="ReportsAnalysisService" errors="0" failures="2" skipped="0" timestamp="2025-06-14T11:58:47" time="8.47" tests="2">
    <testcase classname="ReportsAnalysisService returns HTML report with chart and summary" name="ReportsAnalysisService returns HTML report with chart and summary" time="2.19">
      <failure>ProviderApiError: Failed to perform inference: Invalid credentials in Authorization header
    at innerRequest (C:\Users\Cheem\OneDrive\Coding\clipsCommerce\node_modules\@huggingface\inference\dist\commonjs\utils\request.js:39:23)
    at processTicksAndRejections (node:internal/process/task_queues:105:5)
    at summarization (C:\Users\Cheem\OneDrive\Coding\clipsCommerce\node_modules\@huggingface\inference\dist\commonjs\tasks\nlp\summarization.js:13:27)
    at TextSummaryEngine.summarizeText (C:\Users\Cheem\OneDrive\Coding\clipsCommerce\src\app\workflows\reports\TextSummaryEngine.ts:23:20)
    at ReportsAnalysisService.getFullReport (C:\Users\Cheem\OneDrive\Coding\clipsCommerce\src\app\workflows\reports\ReportsAnalysisService.ts:108:21)
    at Object.&lt;anonymous&gt; (C:\Users\Cheem\OneDrive\Coding\clipsCommerce\src\app\workflows\reports\__tests__\ReportsAnalysisService.test.ts:22:20)</failure>
    </testcase>
    <testcase classname="ReportsAnalysisService returns JSON report with e-commerce metrics and summary" name="ReportsAnalysisService returns JSON report with e-commerce metrics and summary" time="0.723">
      <failure>ProviderApiError: Failed to perform inference: Invalid credentials in Authorization header
    at innerRequest (C:\Users\Cheem\OneDrive\Coding\clipsCommerce\node_modules\@huggingface\inference\dist\commonjs\utils\request.js:39:23)
    at processTicksAndRejections (node:internal/process/task_queues:105:5)
    at summarization (C:\Users\Cheem\OneDrive\Coding\clipsCommerce\node_modules\@huggingface\inference\dist\commonjs\tasks\nlp\summarization.js:13:27)
    at TextSummaryEngine.summarizeText (C:\Users\Cheem\OneDrive\Coding\clipsCommerce\src\app\workflows\reports\TextSummaryEngine.ts:23:20)
    at ReportsAnalysisService.getFullReport (C:\Users\Cheem\OneDrive\Coding\clipsCommerce\src\app\workflows\reports\ReportsAnalysisService.ts:108:21)
    at Object.&lt;anonymous&gt; (C:\Users\Cheem\OneDrive\Coding\clipsCommerce\src\app\workflows\reports\__tests__\ReportsAnalysisService.test.ts:30:20)</failure>
    </testcase>
  </testsuite>
  <testsuite name="EnhancedTextAnalyzer" errors="0" failures="5" skipped="0" timestamp="2025-06-14T11:58:47" time="9.109" tests="8">
    <testcase classname="EnhancedTextAnalyzer summarizeContent generates a summary using local model" name="EnhancedTextAnalyzer summarizeContent generates a summary using local model" time="0.084">
      <failure>Error: expect(jest.fn()).toHaveBeenCalledWith(...expected)

Expected: &quot;This is a test text for summarization.&quot;

Number of calls: 0
    at Object.&lt;anonymous&gt; (C:\Users\Cheem\OneDrive\Coding\clipsCommerce\src\lib\ai\__tests__\unit\enhancedTextAnalyzer.test.ts:134:34)
    at processTicksAndRejections (node:internal/process/task_queues:105:5)</failure>
    </testcase>
    <testcase classname="EnhancedTextAnalyzer summarizeContent generates a summary using OpenAI when local model is disabled" name="EnhancedTextAnalyzer summarizeContent generates a summary using OpenAI when local model is disabled" time="0.127">
    </testcase>
    <testcase classname="EnhancedTextAnalyzer summarizeContent handles empty input" name="EnhancedTextAnalyzer summarizeContent handles empty input" time="0.036">
    </testcase>
    <testcase classname="EnhancedTextAnalyzer summarizeContent falls back to local model when OpenAI fails" name="EnhancedTextAnalyzer summarizeContent falls back to local model when OpenAI fails" time="1.922">
      <failure>Error: expect(jest.fn()).toHaveBeenCalledWith(...expected)

Expected: &quot;OpenAI summarization failed, falling back to local model&quot;, [Error: OpenAI API error]

Number of calls: 0
    at Object.&lt;anonymous&gt; (C:\Users\Cheem\OneDrive\Coding\clipsCommerce\src\lib\ai\__tests__\unit\enhancedTextAnalyzer.test.ts:208:28)</failure>
    </testcase>
    <testcase classname="EnhancedTextAnalyzer Batch Processing processes multiple texts in batch" name="EnhancedTextAnalyzer Batch Processing processes multiple texts in batch" time="0.018">
      <failure>Error: expect(received).toMatchObject(expected)

- Expected  - 3
+ Received  + 8

  Object {
    &quot;content&quot;: &quot;First test text for batch processing&quot;,
-   &quot;summary&quot;: ObjectContaining {
-     &quot;sentiment&quot;: StringMatching /^(positive|negative|neutral)$/,
-     &quot;shortSummary&quot;: StringContaining &quot;Summary 1&quot;,
+   &quot;summary&quot;: Object {
+     &quot;detailedSummary&quot;: &quot;First test text for batch processing&quot;,
+     &quot;keyPoints&quot;: Array [
+       &quot;First test text for batch processing&quot;,
+     ],
+     &quot;processingTimeMs&quot;: 0,
+     &quot;sentiment&quot;: &quot;neutral&quot;,
+     &quot;shortSummary&quot;: &quot;First test text for batch processing&quot;,
      &quot;source&quot;: &quot;local&quot;,
    },
  }
    at C:\Users\Cheem\OneDrive\Coding\clipsCommerce\src\lib\ai\__tests__\unit\enhancedTextAnalyzer.test.ts:274:24
    at Array.forEach (&lt;anonymous&gt;)
    at Object.&lt;anonymous&gt; (C:\Users\Cheem\OneDrive\Coding\clipsCommerce\src\lib\ai\__tests__\unit\enhancedTextAnalyzer.test.ts:273:26)</failure>
    </testcase>
    <testcase classname="EnhancedTextAnalyzer Batch Processing handles empty input" name="EnhancedTextAnalyzer Batch Processing handles empty input" time="0.002">
    </testcase>
    <testcase classname="EnhancedTextAnalyzer Error Handling throws error when both local and OpenAI models fail" name="EnhancedTextAnalyzer Error Handling throws error when both local and OpenAI models fail" time="1.661">
      <failure>Error: expect(received).rejects.toThrow()

Received promise resolved instead of rejected
Resolved to value: {&quot;detailedSummary&quot;: &quot;Test failure&quot;, &quot;keyPoints&quot;: [&quot;Test failure&quot;], &quot;processingTimeMs&quot;: 0, &quot;sentiment&quot;: &quot;neutral&quot;, &quot;shortSummary&quot;: &quot;[Error] Test failure&quot;, &quot;source&quot;: &quot;local&quot;}
    at expect (C:\Users\Cheem\OneDrive\Coding\clipsCommerce\node_modules\expect\build\index.js:113:15)
    at Object.&lt;anonymous&gt; (C:\Users\Cheem\OneDrive\Coding\clipsCommerce\src\lib\ai\__tests__\unit\enhancedTextAnalyzer.test.ts:310:13)
    at Promise.then.completed (C:\Users\Cheem\OneDrive\Coding\clipsCommerce\node_modules\jest-circus\build\utils.js:298:28)
    at new Promise (&lt;anonymous&gt;)
    at callAsyncCircusFn (C:\Users\Cheem\OneDrive\Coding\clipsCommerce\node_modules\jest-circus\build\utils.js:231:10)
    at _callCircusTest (C:\Users\Cheem\OneDrive\Coding\clipsCommerce\node_modules\jest-circus\build\run.js:316:40)
    at _runTest (C:\Users\Cheem\OneDrive\Coding\clipsCommerce\node_modules\jest-circus\build\run.js:252:3)
    at _runTestsForDescribeBlock (C:\Users\Cheem\OneDrive\Coding\clipsCommerce\node_modules\jest-circus\build\run.js:126:9)
    at _runTestsForDescribeBlock (C:\Users\Cheem\OneDrive\Coding\clipsCommerce\node_modules\jest-circus\build\run.js:121:9)
    at _runTestsForDescribeBlock (C:\Users\Cheem\OneDrive\Coding\clipsCommerce\node_modules\jest-circus\build\run.js:121:9)
    at run (C:\Users\Cheem\OneDrive\Coding\clipsCommerce\node_modules\jest-circus\build\run.js:71:3)
    at runAndTransformResultsToJestFormat (C:\Users\Cheem\OneDrive\Coding\clipsCommerce\node_modules\jest-circus\build\legacy-code-todo-rewrite\jestAdapterInit.js:122:21)
    at jestAdapter (C:\Users\Cheem\OneDrive\Coding\clipsCommerce\node_modules\jest-circus\build\legacy-code-todo-rewrite\jestAdapter.js:79:19)
    at runTestInternal (C:\Users\Cheem\OneDrive\Coding\clipsCommerce\node_modules\jest-runner\build\runTest.js:367:16)
    at runTest (C:\Users\Cheem\OneDrive\Coding\clipsCommerce\node_modules\jest-runner\build\runTest.js:444:34)
    at Object.worker (C:\Users\Cheem\OneDrive\Coding\clipsCommerce\node_modules\jest-runner\build\testWorker.js:106:12)</failure>
    </testcase>
    <testcase classname="EnhancedTextAnalyzer Error Handling handles cache errors gracefully" name="EnhancedTextAnalyzer Error Handling handles cache errors gracefully" time="0.004">
      <failure>Error: expect(received).toBe(expected) // Object.is equality

Expected: &quot;Test summary&quot;
Received: &quot;Test cache error&quot;
    at Object.&lt;anonymous&gt; (C:\Users\Cheem\OneDrive\Coding\clipsCommerce\src\lib\ai\__tests__\unit\enhancedTextAnalyzer.test.ts:369:35)</failure>
    </testcase>
  </testsuite>
  <testsuite name="SentimentAnalyzer" errors="0" failures="8" skipped="0" timestamp="2025-06-14T11:58:47" time="9.468" tests="8">
    <testcase classname="SentimentAnalyzer should analyze text and return sentiment, tone, captions, and hashtags" name="SentimentAnalyzer should analyze text and return sentiment, tone, captions, and hashtags" time="1.719">
      <failure>Error: 401 Incorrect API key provided: test-key. You can find your API key at https://platform.openai.com/account/api-keys.
    at Function.generate (C:\Users\Cheem\OneDrive\Coding\clipsCommerce\node_modules\openai\src\error.ts:76:14)
    at OpenAI.makeStatusError (C:\Users\Cheem\OneDrive\Coding\clipsCommerce\node_modules\openai\src\core.ts:462:21)
    at OpenAI.makeRequest (C:\Users\Cheem\OneDrive\Coding\clipsCommerce\node_modules\openai\src\core.ts:526:24)
    at processTicksAndRejections (node:internal/process/task_queues:105:5)
    at SentimentAnalyzer.analyzeWithOpenAI (C:\Users\Cheem\OneDrive\Coding\clipsCommerce\src\lib\ai\sentimentAnalyzer.ts:246:24)
    at SentimentAnalyzer.analyzeSentiment (C:\Users\Cheem\OneDrive\Coding\clipsCommerce\src\lib\ai\sentimentAnalyzer.ts:129:18)
    at Object.&lt;anonymous&gt; (C:\Users\Cheem\OneDrive\Coding\clipsCommerce\src\lib\ai\__tests__\unit\sentimentAnalyzer.test.ts:94:20)</failure>
    </testcase>
    <testcase classname="SentimentAnalyzer should return cached result if available" name="SentimentAnalyzer should return cached result if available" time="0.242">
      <failure>Error: 401 Incorrect API key provided: test-key. You can find your API key at https://platform.openai.com/account/api-keys.
    at Function.generate (C:\Users\Cheem\OneDrive\Coding\clipsCommerce\node_modules\openai\src\error.ts:76:14)
    at OpenAI.makeStatusError (C:\Users\Cheem\OneDrive\Coding\clipsCommerce\node_modules\openai\src\core.ts:462:21)
    at OpenAI.makeRequest (C:\Users\Cheem\OneDrive\Coding\clipsCommerce\node_modules\openai\src\core.ts:526:24)
    at processTicksAndRejections (node:internal/process/task_queues:105:5)
    at SentimentAnalyzer.analyzeWithOpenAI (C:\Users\Cheem\OneDrive\Coding\clipsCommerce\src\lib\ai\sentimentAnalyzer.ts:246:24)
    at SentimentAnalyzer.analyzeSentiment (C:\Users\Cheem\OneDrive\Coding\clipsCommerce\src\lib\ai\sentimentAnalyzer.ts:129:18)
    at Object.&lt;anonymous&gt; (C:\Users\Cheem\OneDrive\Coding\clipsCommerce\src\lib\ai\__tests__\unit\sentimentAnalyzer.test.ts:139:20)</failure>
    </testcase>
    <testcase classname="SentimentAnalyzer should handle API errors gracefully" name="SentimentAnalyzer should handle API errors gracefully" time="0.272">
      <failure>Error: expect(received).rejects.toThrow(expected)

Expected substring: &quot;API Error&quot;
Received message:   &quot;401 Incorrect API key provided: test-key. You can find your API key at https://platform.openai.com/account/api-keys.&quot;

      244 |       }
      245 |       
    &gt; 246 |       const response = await this.openai.chat.completions.create({
          |                        ^
      247 |         model: &apos;gpt-3.5-turbo&apos;,
      248 |         messages: [
      249 |           {

      at Function.generate (node_modules/openai/src/error.ts:76:14)
      at OpenAI.makeStatusError (node_modules/openai/src/core.ts:462:21)
      at OpenAI.makeRequest (node_modules/openai/src/core.ts:526:24)
      at SentimentAnalyzer.analyzeWithOpenAI (src/lib/ai/sentimentAnalyzer.ts:246:24)
      at SentimentAnalyzer.analyzeSentiment (src/lib/ai/sentimentAnalyzer.ts:129:18)
      at Object.&lt;anonymous&gt; (src/lib/ai/__tests__/unit/sentimentAnalyzer.test.ts:149:5)
    at Object.toThrow (C:\Users\Cheem\OneDrive\Coding\clipsCommerce\node_modules\expect\build\index.js:218:22)
    at Object.&lt;anonymous&gt; (C:\Users\Cheem\OneDrive\Coding\clipsCommerce\src\lib\ai\__tests__\unit\sentimentAnalyzer.test.ts:149:74)
    at Promise.then.completed (C:\Users\Cheem\OneDrive\Coding\clipsCommerce\node_modules\jest-circus\build\utils.js:298:28)
    at new Promise (&lt;anonymous&gt;)
    at callAsyncCircusFn (C:\Users\Cheem\OneDrive\Coding\clipsCommerce\node_modules\jest-circus\build\utils.js:231:10)
    at _callCircusTest (C:\Users\Cheem\OneDrive\Coding\clipsCommerce\node_modules\jest-circus\build\run.js:316:40)
    at processTicksAndRejections (node:internal/process/task_queues:105:5)
    at _runTest (C:\Users\Cheem\OneDrive\Coding\clipsCommerce\node_modules\jest-circus\build\run.js:252:3)
    at _runTestsForDescribeBlock (C:\Users\Cheem\OneDrive\Coding\clipsCommerce\node_modules\jest-circus\build\run.js:126:9)
    at _runTestsForDescribeBlock (C:\Users\Cheem\OneDrive\Coding\clipsCommerce\node_modules\jest-circus\build\run.js:121:9)
    at run (C:\Users\Cheem\OneDrive\Coding\clipsCommerce\node_modules\jest-circus\build\run.js:71:3)
    at runAndTransformResultsToJestFormat (C:\Users\Cheem\OneDrive\Coding\clipsCommerce\node_modules\jest-circus\build\legacy-code-todo-rewrite\jestAdapterInit.js:122:21)
    at jestAdapter (C:\Users\Cheem\OneDrive\Coding\clipsCommerce\node_modules\jest-circus\build\legacy-code-todo-rewrite\jestAdapter.js:79:19)
    at runTestInternal (C:\Users\Cheem\OneDrive\Coding\clipsCommerce\node_modules\jest-runner\build\runTest.js:367:16)
    at runTest (C:\Users\Cheem\OneDrive\Coding\clipsCommerce\node_modules\jest-runner\build\runTest.js:444:34)
    at Object.worker (C:\Users\Cheem\OneDrive\Coding\clipsCommerce\node_modules\jest-runner\build\testWorker.js:106:12)</failure>
    </testcase>
    <testcase classname="SentimentAnalyzer should throw an error if OpenAI response is invalid JSON" name="SentimentAnalyzer should throw an error if OpenAI response is invalid JSON" time="0.25">
      <failure>Error: expect(received).rejects.toThrow(expected)

Expected substring: &quot;Failed to parse OpenAI response as JSON&quot;
Received message:   &quot;401 Incorrect API key provided: test-key. You can find your API key at https://platform.openai.com/account/api-keys.&quot;

      244 |       }
      245 |       
    &gt; 246 |       const response = await this.openai.chat.completions.create({
          |                        ^
      247 |         model: &apos;gpt-3.5-turbo&apos;,
      248 |         messages: [
      249 |           {

      at Function.generate (node_modules/openai/src/error.ts:76:14)
      at OpenAI.makeStatusError (node_modules/openai/src/core.ts:462:21)
      at OpenAI.makeRequest (node_modules/openai/src/core.ts:526:24)
      at SentimentAnalyzer.analyzeWithOpenAI (src/lib/ai/sentimentAnalyzer.ts:246:24)
      at SentimentAnalyzer.analyzeSentiment (src/lib/ai/sentimentAnalyzer.ts:129:18)
      at Object.&lt;anonymous&gt; (src/lib/ai/__tests__/unit/sentimentAnalyzer.test.ts:156:5)
    at Object.toThrow (C:\Users\Cheem\OneDrive\Coding\clipsCommerce\node_modules\expect\build\index.js:218:22)
    at Object.&lt;anonymous&gt; (C:\Users\Cheem\OneDrive\Coding\clipsCommerce\src\lib\ai\__tests__\unit\sentimentAnalyzer.test.ts:156:81)
    at Promise.then.completed (C:\Users\Cheem\OneDrive\Coding\clipsCommerce\node_modules\jest-circus\build\utils.js:298:28)
    at new Promise (&lt;anonymous&gt;)
    at callAsyncCircusFn (C:\Users\Cheem\OneDrive\Coding\clipsCommerce\node_modules\jest-circus\build\utils.js:231:10)
    at _callCircusTest (C:\Users\Cheem\OneDrive\Coding\clipsCommerce\node_modules\jest-circus\build\run.js:316:40)
    at processTicksAndRejections (node:internal/process/task_queues:105:5)
    at _runTest (C:\Users\Cheem\OneDrive\Coding\clipsCommerce\node_modules\jest-circus\build\run.js:252:3)
    at _runTestsForDescribeBlock (C:\Users\Cheem\OneDrive\Coding\clipsCommerce\node_modules\jest-circus\build\run.js:126:9)
    at _runTestsForDescribeBlock (C:\Users\Cheem\OneDrive\Coding\clipsCommerce\node_modules\jest-circus\build\run.js:121:9)
    at run (C:\Users\Cheem\OneDrive\Coding\clipsCommerce\node_modules\jest-circus\build\run.js:71:3)
    at runAndTransformResultsToJestFormat (C:\Users\Cheem\OneDrive\Coding\clipsCommerce\node_modules\jest-circus\build\legacy-code-todo-rewrite\jestAdapterInit.js:122:21)
    at jestAdapter (C:\Users\Cheem\OneDrive\Coding\clipsCommerce\node_modules\jest-circus\build\legacy-code-todo-rewrite\jestAdapter.js:79:19)
    at runTestInternal (C:\Users\Cheem\OneDrive\Coding\clipsCommerce\node_modules\jest-runner\build\runTest.js:367:16)
    at runTest (C:\Users\Cheem\OneDrive\Coding\clipsCommerce\node_modules\jest-runner\build\runTest.js:444:34)
    at Object.worker (C:\Users\Cheem\OneDrive\Coding\clipsCommerce\node_modules\jest-runner\build\testWorker.js:106:12)</failure>
    </testcase>
    <testcase classname="SentimentAnalyzer should throw a Zod error if parsed JSON does not match schema" name="SentimentAnalyzer should throw a Zod error if parsed JSON does not match schema" time="0.233">
      <failure>Error: expect(received).rejects.toThrow(expected)

Expected pattern: /OpenAI response validation failed/
Received message: &quot;401 Incorrect API key provided: test-key. You can find your API key at https://platform.openai.com/account/api-keys.&quot;

      244 |       }
      245 |       
    &gt; 246 |       const response = await this.openai.chat.completions.create({
          |                        ^
      247 |         model: &apos;gpt-3.5-turbo&apos;,
      248 |         messages: [
      249 |           {

      at Function.generate (node_modules/openai/src/error.ts:76:14)
      at OpenAI.makeStatusError (node_modules/openai/src/core.ts:462:21)
      at OpenAI.makeRequest (node_modules/openai/src/core.ts:526:24)
      at SentimentAnalyzer.analyzeWithOpenAI (src/lib/ai/sentimentAnalyzer.ts:246:24)
      at SentimentAnalyzer.analyzeSentiment (src/lib/ai/sentimentAnalyzer.ts:129:18)
      at Object.&lt;anonymous&gt; (src/lib/ai/__tests__/unit/sentimentAnalyzer.test.ts:173:5)
    at Object.toThrow (C:\Users\Cheem\OneDrive\Coding\clipsCommerce\node_modules\expect\build\index.js:218:22)
    at Object.&lt;anonymous&gt; (C:\Users\Cheem\OneDrive\Coding\clipsCommerce\src\lib\ai\__tests__\unit\sentimentAnalyzer.test.ts:173:79)
    at Promise.then.completed (C:\Users\Cheem\OneDrive\Coding\clipsCommerce\node_modules\jest-circus\build\utils.js:298:28)
    at new Promise (&lt;anonymous&gt;)
    at callAsyncCircusFn (C:\Users\Cheem\OneDrive\Coding\clipsCommerce\node_modules\jest-circus\build\utils.js:231:10)
    at _callCircusTest (C:\Users\Cheem\OneDrive\Coding\clipsCommerce\node_modules\jest-circus\build\run.js:316:40)
    at processTicksAndRejections (node:internal/process/task_queues:105:5)
    at _runTest (C:\Users\Cheem\OneDrive\Coding\clipsCommerce\node_modules\jest-circus\build\run.js:252:3)
    at _runTestsForDescribeBlock (C:\Users\Cheem\OneDrive\Coding\clipsCommerce\node_modules\jest-circus\build\run.js:126:9)
    at _runTestsForDescribeBlock (C:\Users\Cheem\OneDrive\Coding\clipsCommerce\node_modules\jest-circus\build\run.js:121:9)
    at run (C:\Users\Cheem\OneDrive\Coding\clipsCommerce\node_modules\jest-circus\build\run.js:71:3)
    at runAndTransformResultsToJestFormat (C:\Users\Cheem\OneDrive\Coding\clipsCommerce\node_modules\jest-circus\build\legacy-code-todo-rewrite\jestAdapterInit.js:122:21)
    at jestAdapter (C:\Users\Cheem\OneDrive\Coding\clipsCommerce\node_modules\jest-circus\build\legacy-code-todo-rewrite\jestAdapter.js:79:19)
    at runTestInternal (C:\Users\Cheem\OneDrive\Coding\clipsCommerce\node_modules\jest-runner\build\runTest.js:367:16)
    at runTest (C:\Users\Cheem\OneDrive\Coding\clipsCommerce\node_modules\jest-runner\build\runTest.js:444:34)
    at Object.worker (C:\Users\Cheem\OneDrive\Coding\clipsCommerce\node_modules\jest-runner\build\testWorker.js:106:12)</failure>
    </testcase>
    <testcase classname="SentimentAnalyzer should track API usage with correct parameters for a new analysis" name="SentimentAnalyzer should track API usage with correct parameters for a new analysis" time="0.234">
      <failure>Error: 401 Incorrect API key provided: test-key. You can find your API key at https://platform.openai.com/account/api-keys.
    at Function.generate (C:\Users\Cheem\OneDrive\Coding\clipsCommerce\node_modules\openai\src\error.ts:76:14)
    at OpenAI.makeStatusError (C:\Users\Cheem\OneDrive\Coding\clipsCommerce\node_modules\openai\src\core.ts:462:21)
    at OpenAI.makeRequest (C:\Users\Cheem\OneDrive\Coding\clipsCommerce\node_modules\openai\src\core.ts:526:24)
    at processTicksAndRejections (node:internal/process/task_queues:105:5)
    at SentimentAnalyzer.analyzeWithOpenAI (C:\Users\Cheem\OneDrive\Coding\clipsCommerce\src\lib\ai\sentimentAnalyzer.ts:246:24)
    at SentimentAnalyzer.analyzeSentiment (C:\Users\Cheem\OneDrive\Coding\clipsCommerce\src\lib\ai\sentimentAnalyzer.ts:129:18)
    at Object.&lt;anonymous&gt; (C:\Users\Cheem\OneDrive\Coding\clipsCommerce\src\lib\ai\__tests__\unit\sentimentAnalyzer.test.ts:180:5)</failure>
    </testcase>
    <testcase classname="SentimentAnalyzer should not track API usage if result is from cache" name="SentimentAnalyzer should not track API usage if result is from cache" time="0.226">
      <failure>Error: 401 Incorrect API key provided: test-key. You can find your API key at https://platform.openai.com/account/api-keys.
    at Function.generate (C:\Users\Cheem\OneDrive\Coding\clipsCommerce\node_modules\openai\src\error.ts:76:14)
    at OpenAI.makeStatusError (C:\Users\Cheem\OneDrive\Coding\clipsCommerce\node_modules\openai\src\core.ts:462:21)
    at OpenAI.makeRequest (C:\Users\Cheem\OneDrive\Coding\clipsCommerce\node_modules\openai\src\core.ts:526:24)
    at processTicksAndRejections (node:internal/process/task_queues:105:5)
    at SentimentAnalyzer.analyzeWithOpenAI (C:\Users\Cheem\OneDrive\Coding\clipsCommerce\src\lib\ai\sentimentAnalyzer.ts:246:24)
    at SentimentAnalyzer.analyzeSentiment (C:\Users\Cheem\OneDrive\Coding\clipsCommerce\src\lib\ai\sentimentAnalyzer.ts:129:18)
    at Object.&lt;anonymous&gt; (C:\Users\Cheem\OneDrive\Coding\clipsCommerce\src\lib\ai\__tests__\unit\sentimentAnalyzer.test.ts:203:5)</failure>
    </testcase>
    <testcase classname="SentimentAnalyzer should reset API usage stats" name="SentimentAnalyzer should reset API usage stats" time="0.268">
      <failure>Error: 401 Incorrect API key provided: test-key. You can find your API key at https://platform.openai.com/account/api-keys.
    at Function.generate (C:\Users\Cheem\OneDrive\Coding\clipsCommerce\node_modules\openai\src\error.ts:76:14)
    at OpenAI.makeStatusError (C:\Users\Cheem\OneDrive\Coding\clipsCommerce\node_modules\openai\src\core.ts:462:21)
    at OpenAI.makeRequest (C:\Users\Cheem\OneDrive\Coding\clipsCommerce\node_modules\openai\src\core.ts:526:24)
    at processTicksAndRejections (node:internal/process/task_queues:105:5)
    at SentimentAnalyzer.analyzeWithOpenAI (C:\Users\Cheem\OneDrive\Coding\clipsCommerce\src\lib\ai\sentimentAnalyzer.ts:246:24)
    at SentimentAnalyzer.analyzeSentiment (C:\Users\Cheem\OneDrive\Coding\clipsCommerce\src\lib\ai\sentimentAnalyzer.ts:129:18)
    at Object.&lt;anonymous&gt; (C:\Users\Cheem\OneDrive\Coding\clipsCommerce\src\lib\ai\__tests__\unit\sentimentAnalyzer.test.ts:214:5)</failure>
    </testcase>
  </testsuite>
  <testsuite name="TikTokClient" errors="0" failures="4" skipped="0" timestamp="2025-06-14T11:58:47" time="10.608" tests="17">
    <testcase classname="TikTokClient constructor should initialize correctly" name="TikTokClient constructor should initialize correctly" time="0.029">
    </testcase>
    <testcase classname="TikTokClient getUserInfo should return user info on successful API call" name="TikTokClient getUserInfo should return user info on successful API call" time="0.008">
    </testcase>
    <testcase classname="TikTokClient getUserInfo should throw ApiError when TikTok API returns an error" name="TikTokClient getUserInfo should throw ApiError when TikTok API returns an error" time="0.103">
      <failure>Error: expect(received).toBeInstanceOf(expected)

Expected constructor: ApiError
Received constructor: Object

    at Object.&lt;anonymous&gt; (C:\Users\Cheem\OneDrive\Coding\clipsCommerce\src\app\workflows\data_collection\lib\platforms\TikTokClient.test.ts:159:27)
    at processTicksAndRejections (node:internal/process/task_queues:105:5)</failure>
    </testcase>
    <testcase classname="TikTokClient getUserInfo should throw ValidationError if _callTikTokApi returns data that fails schema validation (simulated)" name="TikTokClient getUserInfo should throw ValidationError if _callTikTokApi returns data that fails schema validation (simulated)" time="0.009">
      <failure>Error: expect(received).rejects.toMatchObject()

Received promise resolved instead of rejected
Resolved to value: {&quot;avatar_url&quot;: &quot;http://example.com/avatar.jpg&quot;, &quot;bio_description&quot;: &quot;Test bio&quot;, &quot;display_name&quot;: &quot;Test User&quot;, &quot;follower_count&quot;: 100, &quot;following_count&quot;: 50, &quot;is_verified&quot;: false, &quot;likes_count&quot;: 1000, &quot;open_id&quot;: &quot;test_open_id&quot;, &quot;profile_deep_link&quot;: &quot;tiktok://user?id=123&quot;, &quot;union_id&quot;: &quot;test_union_id&quot;}
    at expect (C:\Users\Cheem\OneDrive\Coding\clipsCommerce\node_modules\expect\build\index.js:113:15)
    at Object.&lt;anonymous&gt; (C:\Users\Cheem\OneDrive\Coding\clipsCommerce\src\app\workflows\data_collection\lib\platforms\TikTokClient.test.ts:177:13)
    at processTicksAndRejections (node:internal/process/task_queues:105:5)</failure>
    </testcase>
    <testcase classname="TikTokClient getUserInfo should correctly pass request parameters to _callTikTokApi" name="TikTokClient getUserInfo should correctly pass request parameters to _callTikTokApi" time="0.008">
      <failure>Error: expect(jest.fn()).toHaveBeenCalledWith(...expected)

Expected: &quot;getUserInfo&quot;, ObjectContaining {&quot;data&quot;: {&quot;fields&quot;: [&quot;follower_count&quot;, &quot;likes_count&quot;]}}, Anything, {&quot;fields&quot;: [&quot;follower_count&quot;, &quot;likes_count&quot;]}
Received: &quot;/user/info/&quot;, {&quot;fields&quot;: [&quot;follower_count&quot;, &quot;likes_count&quot;]}, {&quot;_cached&quot;: null, &quot;_def&quot;: {&quot;catchall&quot;: {&quot;_def&quot;: {&quot;typeName&quot;: &quot;ZodNever&quot;}, &quot;and&quot;: [Function bound and], &quot;array&quot;: [Function bound array], &quot;brand&quot;: [Function bound brand], &quot;catch&quot;: [Function bound catch], &quot;default&quot;: [Function bound default], &quot;describe&quot;: [Function bound describe], &quot;isNullable&quot;: [Function bound isNullable], &quot;isOptional&quot;: [Function bound isOptional], &quot;nullable&quot;: [Function bound nullable], &quot;nullish&quot;: [Function bound nullish], &quot;optional&quot;: [Function bound optional], &quot;or&quot;: [Function bound or], &quot;parse&quot;: [Function bound parse], &quot;parseAsync&quot;: [Function bound parseAsync], &quot;pipe&quot;: [Function bound pipe], &quot;promise&quot;: [Function bound promise], &quot;readonly&quot;: [Function bound readonly], &quot;refine&quot;: [Function bound refine], &quot;refinement&quot;: [Function bound refinement], &quot;safeParse&quot;: [Function bound safeParse], &quot;safeParseAsync&quot;: [Function bound safeParseAsync], &quot;spa&quot;: [Function bound safeParseAsync], &quot;superRefine&quot;: [Function bound superRefine], &quot;transform&quot;: [Function bound transform], &quot;~standard&quot;: {&quot;validate&quot;: [Function validate], &quot;vendor&quot;: &quot;zod&quot;, &quot;version&quot;: 1}}, &quot;shape&quot;: [Function shape], &quot;typeName&quot;: &quot;ZodObject&quot;, &quot;unknownKeys&quot;: &quot;strip&quot;}, &quot;and&quot;: [Function bound and], &quot;array&quot;: [Function bound array], &quot;augment&quot;: [Function extend], &quot;brand&quot;: [Function bound brand], &quot;catch&quot;: [Function bound catch], &quot;default&quot;: [Function bound default], &quot;describe&quot;: [Function bound describe], &quot;isNullable&quot;: [Function bound isNullable], &quot;isOptional&quot;: [Function bound isOptional], &quot;nonstrict&quot;: [Function passthrough], &quot;nullable&quot;: [Function bound nullable], &quot;nullish&quot;: [Function bound nullish], &quot;optional&quot;: [Function bound optional], &quot;or&quot;: [Function bound or], &quot;parse&quot;: [Function bound parse], &quot;parseAsync&quot;: [Function bound parseAsync], &quot;pipe&quot;: [Function bound pipe], &quot;promise&quot;: [Function bound promise], &quot;readonly&quot;: [Function bound readonly], &quot;refine&quot;: [Function bound refine], &quot;refinement&quot;: [Function bound refinement], &quot;safeParse&quot;: [Function bound safeParse], &quot;safeParseAsync&quot;: [Function bound safeParseAsync], &quot;spa&quot;: [Function bound safeParseAsync], &quot;superRefine&quot;: [Function bound superRefine], &quot;transform&quot;: [Function bound transform], &quot;~standard&quot;: {&quot;validate&quot;: [Function validate], &quot;vendor&quot;: &quot;zod&quot;, &quot;version&quot;: 1}}, &quot;getUserInfo&quot;

Number of calls: 1
    at Object.&lt;anonymous&gt; (C:\Users\Cheem\OneDrive\Coding\clipsCommerce\src\app\workflows\data_collection\lib\platforms\TikTokClient.test.ts:194:46)
    at processTicksAndRejections (node:internal/process/task_queues:105:5)</failure>
    </testcase>
    <testcase classname="TikTokClient listUserVideos should return video list on successful API call" name="TikTokClient listUserVideos should return video list on successful API call" time="0.003">
    </testcase>
    <testcase classname="TikTokClient listUserVideos should throw ApiError when TikTok API returns an error" name="TikTokClient listUserVideos should throw ApiError when TikTok API returns an error" time="0.003">
    </testcase>
    <testcase classname="TikTokClient listUserVideos should throw ValidationError if response data is invalid (simulated)" name="TikTokClient listUserVideos should throw ValidationError if response data is invalid (simulated)" time="0.005">
    </testcase>
    <testcase classname="TikTokClient queryVideos should return video analytics on successful API call" name="TikTokClient queryVideos should return video analytics on successful API call" time="0.006">
    </testcase>
    <testcase classname="TikTokClient queryVideos should throw ApiError when TikTok API returns an error" name="TikTokClient queryVideos should throw ApiError when TikTok API returns an error" time="0.005">
    </testcase>
    <testcase classname="TikTokClient initiateVideoUpload should return upload info on successful API call" name="TikTokClient initiateVideoUpload should return upload info on successful API call" time="0.004">
    </testcase>
    <testcase classname="TikTokClient initiateVideoUpload should throw ApiError when TikTok API returns an error" name="TikTokClient initiateVideoUpload should throw ApiError when TikTok API returns an error" time="0.004">
    </testcase>
    <testcase classname="TikTokClient publishVideo should return publish info on successful API call" name="TikTokClient publishVideo should return publish info on successful API call" time="0.002">
    </testcase>
    <testcase classname="TikTokClient publishVideo should throw ApiError when TikTok API returns an error" name="TikTokClient publishVideo should throw ApiError when TikTok API returns an error" time="0.003">
    </testcase>
    <testcase classname="TikTokClient postVideo should successfully initiate upload and publish video" name="TikTokClient postVideo should successfully initiate upload and publish video" time="0.015">
      <failure>Error: Unexpected call in postVideo mock for initiateVideoUpload
    at TikTokClient.&lt;anonymous&gt; (C:\Users\Cheem\OneDrive\Coding\clipsCommerce\src\app\workflows\data_collection\lib\platforms\TikTokClient.test.ts:411:17)
    at C:\Users\Cheem\OneDrive\Coding\clipsCommerce\node_modules\@jest\environment-jsdom-abstract\node_modules\jest-mock\build\index.js:305:39
    at TikTokClient.&lt;anonymous&gt; (C:\Users\Cheem\OneDrive\Coding\clipsCommerce\node_modules\@jest\environment-jsdom-abstract\node_modules\jest-mock\build\index.js:312:13)
    at TikTokClient.mockConstructor [as _callTikTokApi] (C:\Users\Cheem\OneDrive\Coding\clipsCommerce\node_modules\@jest\environment-jsdom-abstract\node_modules\jest-mock\build\index.js:102:19)
    at TikTokClient.initiateVideoUpload (C:\Users\Cheem\OneDrive\Coding\clipsCommerce\src\app\workflows\data_collection\lib\platforms\TikTokClient.ts:223:33)
    at TikTokClient.postVideo (C:\Users\Cheem\OneDrive\Coding\clipsCommerce\src\app\workflows\data_collection\lib\platforms\TikTokClient.ts:300:40)
    at Object.&lt;anonymous&gt; (C:\Users\Cheem\OneDrive\Coding\clipsCommerce\src\app\workflows\data_collection\lib\platforms\TikTokClient.test.ts:419:35)
    at Promise.then.completed (C:\Users\Cheem\OneDrive\Coding\clipsCommerce\node_modules\jest-circus\build\utils.js:298:28)
    at new Promise (&lt;anonymous&gt;)
    at callAsyncCircusFn (C:\Users\Cheem\OneDrive\Coding\clipsCommerce\node_modules\jest-circus\build\utils.js:231:10)
    at _callCircusTest (C:\Users\Cheem\OneDrive\Coding\clipsCommerce\node_modules\jest-circus\build\run.js:316:40)
    at processTicksAndRejections (node:internal/process/task_queues:105:5)
    at _runTest (C:\Users\Cheem\OneDrive\Coding\clipsCommerce\node_modules\jest-circus\build\run.js:252:3)
    at _runTestsForDescribeBlock (C:\Users\Cheem\OneDrive\Coding\clipsCommerce\node_modules\jest-circus\build\run.js:126:9)
    at _runTestsForDescribeBlock (C:\Users\Cheem\OneDrive\Coding\clipsCommerce\node_modules\jest-circus\build\run.js:121:9)
    at _runTestsForDescribeBlock (C:\Users\Cheem\OneDrive\Coding\clipsCommerce\node_modules\jest-circus\build\run.js:121:9)
    at run (C:\Users\Cheem\OneDrive\Coding\clipsCommerce\node_modules\jest-circus\build\run.js:71:3)
    at runAndTransformResultsToJestFormat (C:\Users\Cheem\OneDrive\Coding\clipsCommerce\node_modules\jest-circus\build\legacy-code-todo-rewrite\jestAdapterInit.js:122:21)
    at jestAdapter (C:\Users\Cheem\OneDrive\Coding\clipsCommerce\node_modules\jest-circus\build\legacy-code-todo-rewrite\jestAdapter.js:79:19)
    at runTestInternal (C:\Users\Cheem\OneDrive\Coding\clipsCommerce\node_modules\jest-runner\build\runTest.js:367:16)
    at runTest (C:\Users\Cheem\OneDrive\Coding\clipsCommerce\node_modules\jest-runner\build\runTest.js:444:34)
    at Object.worker (C:\Users\Cheem\OneDrive\Coding\clipsCommerce\node_modules\jest-runner\build\testWorker.js:106:12)</failure>
    </testcase>
    <testcase classname="TikTokClient postVideo should throw error if initiateVideoUpload fails" name="TikTokClient postVideo should throw error if initiateVideoUpload fails" time="0.006">
    </testcase>
    <testcase classname="TikTokClient postVideo should throw error if publishVideo fails" name="TikTokClient postVideo should throw error if publishVideo fails" time="5.01">
    </testcase>
  </testsuite>
  <testsuite name="Team Mode Dashboard Integration" errors="0" failures="10" skipped="0" timestamp="2025-06-14T11:58:47" time="10.824" tests="19">
    <testcase classname="Team Mode Dashboard Integration Core Functionality should render team dashboard with proper providers" name="Team Mode Dashboard Integration Core Functionality should render team dashboard with proper providers" time="0.182">
    </testcase>
    <testcase classname="Team Mode Dashboard Integration Core Functionality should handle client loading and display" name="Team Mode Dashboard Integration Core Functionality should handle client loading and display" time="1.055">
      <failure>Error: Unable to find an element with the text: /clients/i. This could be because the text is broken up by multiple elements. In this case, you can provide a function for your text matcher to make your matcher more flexible.

Ignored nodes: comments, script, style
&lt;body&gt;
  &lt;div&gt;
    &lt;header
      class=&quot;bg-neutral-900 border-b border-neutral-800 px-6 py-4&quot;
    &gt;
      &lt;div
        class=&quot;flex items-center justify-between&quot;
      &gt;
        &lt;div&gt;
          &lt;h1
            class=&quot;text-2xl font-bold text-white&quot;
          &gt;
            Team Dashboard
          &lt;/h1&gt;
        &lt;/div&gt;
        &lt;div
          class=&quot;flex items-center space-x-4&quot;
        &gt;
          &lt;button
            class=&quot;inline-flex items-center justify-center font-medium transition-colors focus-visible:outline-none focus-visible:ring-1 focus-visible:ring-ring disabled:pointer-events-none disabled:opacity-50 hover:bg-accent h-8 rounded-md px-3 text-xs text-neutral-400 hover:text-white&quot;
          &gt;
            &lt;svg
              class=&quot;h-5 w-5&quot;
              data-testid=&quot;Bell-icon&quot;
            /&gt;
          &lt;/button&gt;
          &lt;button
            class=&quot;inline-flex items-center justify-center font-medium transition-colors focus-visible:outline-none focus-visible:ring-1 focus-visible:ring-ring disabled:pointer-events-none disabled:opacity-50 hover:bg-accent h-8 rounded-md px-3 text-xs text-neutral-400 hover:text-white&quot;
          &gt;
            &lt;svg
              class=&quot;h-5 w-5&quot;
              data-testid=&quot;Settings-icon&quot;
            /&gt;
          &lt;/button&gt;
          &lt;div
            class=&quot;flex items-center space-x-3&quot;
          &gt;
            &lt;span
              class=&quot;relative flex shrink-0 overflow-hidden rounded-full h-8 w-8&quot;
            &gt;
              &lt;span
                class=&quot;flex h-full w-full items-center justify-center rounded-full bg-[#8D5AFF] text-white&quot;
              &gt;
                T
              &lt;/span&gt;
            &lt;/span&gt;
            &lt;div
              class=&quot;hidden md:block&quot;
            &gt;
              &lt;p
                class=&quot;text-sm font-medium text-white&quot;
              &gt;
                test
              &lt;/p&gt;
              &lt;p
                class=&quot;text-xs text-neutral-400&quot;
              &gt;
                Team Admin
              &lt;/p&gt;
            &lt;/div&gt;
            &lt;button
              class=&quot;inline-flex items-center justify-center font-medium transition-colors focus-visible:outline-none focus-visible:ring-1 focus-visible:ring-ring disabled:pointer-events-none disabled:opacity-50 hover:bg-accent h-8 rounded-md px-3 text-xs text-neutral-400 hover:text-white&quot;
            &gt;
              &lt;svg
                class=&quot;h-4 w-4&quot;
                data-testid=&quot;LogOut-icon&quot;
              /&gt;
            &lt;/button&gt;
          &lt;/div&gt;
        &lt;/div&gt;
      &lt;/div&gt;
    &lt;/header&gt;
    &lt;div
      aria-atomic=&quot;true&quot;
      aria-live=&quot;polite&quot;
      class=&quot;sr-only&quot;
    /&gt;
  &lt;/div&gt;
&lt;/body&gt;
    at waitForWrapper (C:\Users\Cheem\OneDrive\Coding\clipsCommerce\node_modules\@testing-library\dom\dist\wait-for.js:163:27)
    at Object.&lt;anonymous&gt; (C:\Users\Cheem\OneDrive\Coding\clipsCommerce\src\__tests__\team-dashboard\TeamModeIntegration.test.tsx:79:20)
    at Promise.then.completed (C:\Users\Cheem\OneDrive\Coding\clipsCommerce\node_modules\jest-circus\build\utils.js:298:28)
    at new Promise (&lt;anonymous&gt;)
    at callAsyncCircusFn (C:\Users\Cheem\OneDrive\Coding\clipsCommerce\node_modules\jest-circus\build\utils.js:231:10)
    at _callCircusTest (C:\Users\Cheem\OneDrive\Coding\clipsCommerce\node_modules\jest-circus\build\run.js:316:40)
    at processTicksAndRejections (node:internal/process/task_queues:105:5)
    at _runTest (C:\Users\Cheem\OneDrive\Coding\clipsCommerce\node_modules\jest-circus\build\run.js:252:3)
    at _runTestsForDescribeBlock (C:\Users\Cheem\OneDrive\Coding\clipsCommerce\node_modules\jest-circus\build\run.js:126:9)
    at _runTestsForDescribeBlock (C:\Users\Cheem\OneDrive\Coding\clipsCommerce\node_modules\jest-circus\build\run.js:121:9)
    at _runTestsForDescribeBlock (C:\Users\Cheem\OneDrive\Coding\clipsCommerce\node_modules\jest-circus\build\run.js:121:9)
    at run (C:\Users\Cheem\OneDrive\Coding\clipsCommerce\node_modules\jest-circus\build\run.js:71:3)
    at runAndTransformResultsToJestFormat (C:\Users\Cheem\OneDrive\Coding\clipsCommerce\node_modules\jest-circus\build\legacy-code-todo-rewrite\jestAdapterInit.js:122:21)
    at jestAdapter (C:\Users\Cheem\OneDrive\Coding\clipsCommerce\node_modules\jest-circus\build\legacy-code-todo-rewrite\jestAdapter.js:79:19)
    at runTestInternal (C:\Users\Cheem\OneDrive\Coding\clipsCommerce\node_modules\jest-runner\build\runTest.js:367:16)
    at runTest (C:\Users\Cheem\OneDrive\Coding\clipsCommerce\node_modules\jest-runner\build\runTest.js:444:34)
    at Object.worker (C:\Users\Cheem\OneDrive\Coding\clipsCommerce\node_modules\jest-runner\build\testWorker.js:106:12)</failure>
    </testcase>
    <testcase classname="Team Mode Dashboard Integration Core Functionality should support search functionality" name="Team Mode Dashboard Integration Core Functionality should support search functionality" time="0.015">
      <failure>TestingLibraryElementError: Unable to find an element with the placeholder text of: /search clients/i

Ignored nodes: comments, script, style
&lt;body&gt;
  &lt;div&gt;
    &lt;header
      class=&quot;bg-neutral-900 border-b border-neutral-800 px-6 py-4&quot;
    &gt;
      &lt;div
        class=&quot;flex items-center justify-between&quot;
      &gt;
        &lt;div&gt;
          &lt;h1
            class=&quot;text-2xl font-bold text-white&quot;
          &gt;
            Team Dashboard
          &lt;/h1&gt;
        &lt;/div&gt;
        &lt;div
          class=&quot;flex items-center space-x-4&quot;
        &gt;
          &lt;button
            class=&quot;inline-flex items-center justify-center font-medium transition-colors focus-visible:outline-none focus-visible:ring-1 focus-visible:ring-ring disabled:pointer-events-none disabled:opacity-50 hover:bg-accent h-8 rounded-md px-3 text-xs text-neutral-400 hover:text-white&quot;
          &gt;
            &lt;svg
              class=&quot;h-5 w-5&quot;
              data-testid=&quot;Bell-icon&quot;
            /&gt;
          &lt;/button&gt;
          &lt;button
            class=&quot;inline-flex items-center justify-center font-medium transition-colors focus-visible:outline-none focus-visible:ring-1 focus-visible:ring-ring disabled:pointer-events-none disabled:opacity-50 hover:bg-accent h-8 rounded-md px-3 text-xs text-neutral-400 hover:text-white&quot;
          &gt;
            &lt;svg
              class=&quot;h-5 w-5&quot;
              data-testid=&quot;Settings-icon&quot;
            /&gt;
          &lt;/button&gt;
          &lt;div
            class=&quot;flex items-center space-x-3&quot;
          &gt;
            &lt;span
              class=&quot;relative flex shrink-0 overflow-hidden rounded-full h-8 w-8&quot;
            &gt;
              &lt;span
                class=&quot;flex h-full w-full items-center justify-center rounded-full bg-[#8D5AFF] text-white&quot;
              &gt;
                T
              &lt;/span&gt;
            &lt;/span&gt;
            &lt;div
              class=&quot;hidden md:block&quot;
            &gt;
              &lt;p
                class=&quot;text-sm font-medium text-white&quot;
              &gt;
                test
              &lt;/p&gt;
              &lt;p
                class=&quot;text-xs text-neutral-400&quot;
              &gt;
                Team Admin
              &lt;/p&gt;
            &lt;/div&gt;
            &lt;button
              class=&quot;inline-flex items-center justify-center font-medium transition-colors focus-visible:outline-none focus-visible:ring-1 focus-visible:ring-ring disabled:pointer-events-none disabled:opacity-50 hover:bg-accent h-8 rounded-md px-3 text-xs text-neutral-400 hover:text-white&quot;
            &gt;
              &lt;svg
                class=&quot;h-4 w-4&quot;
                data-testid=&quot;LogOut-icon&quot;
              /&gt;
            &lt;/button&gt;
          &lt;/div&gt;
        &lt;/div&gt;
      &lt;/div&gt;
    &lt;/header&gt;
    &lt;div
      aria-atomic=&quot;true&quot;
      aria-live=&quot;polite&quot;
      class=&quot;sr-only&quot;
    /&gt;
  &lt;/div&gt;
&lt;/body&gt;
    at Object.getElementError (C:\Users\Cheem\OneDrive\Coding\clipsCommerce\node_modules\@testing-library\dom\dist\config.js:37:19)
    at C:\Users\Cheem\OneDrive\Coding\clipsCommerce\node_modules\@testing-library\dom\dist\query-helpers.js:76:38
    at C:\Users\Cheem\OneDrive\Coding\clipsCommerce\node_modules\@testing-library\dom\dist\query-helpers.js:52:17
    at C:\Users\Cheem\OneDrive\Coding\clipsCommerce\node_modules\@testing-library\dom\dist\query-helpers.js:95:19
    at Object.&lt;anonymous&gt; (C:\Users\Cheem\OneDrive\Coding\clipsCommerce\src\__tests__\team-dashboard\TeamModeIntegration.test.tsx:95:34)
    at Promise.then.completed (C:\Users\Cheem\OneDrive\Coding\clipsCommerce\node_modules\jest-circus\build\utils.js:298:28)
    at new Promise (&lt;anonymous&gt;)
    at callAsyncCircusFn (C:\Users\Cheem\OneDrive\Coding\clipsCommerce\node_modules\jest-circus\build\utils.js:231:10)
    at _callCircusTest (C:\Users\Cheem\OneDrive\Coding\clipsCommerce\node_modules\jest-circus\build\run.js:316:40)
    at _runTest (C:\Users\Cheem\OneDrive\Coding\clipsCommerce\node_modules\jest-circus\build\run.js:252:3)
    at _runTestsForDescribeBlock (C:\Users\Cheem\OneDrive\Coding\clipsCommerce\node_modules\jest-circus\build\run.js:126:9)
    at _runTestsForDescribeBlock (C:\Users\Cheem\OneDrive\Coding\clipsCommerce\node_modules\jest-circus\build\run.js:121:9)
    at _runTestsForDescribeBlock (C:\Users\Cheem\OneDrive\Coding\clipsCommerce\node_modules\jest-circus\build\run.js:121:9)
    at run (C:\Users\Cheem\OneDrive\Coding\clipsCommerce\node_modules\jest-circus\build\run.js:71:3)
    at runAndTransformResultsToJestFormat (C:\Users\Cheem\OneDrive\Coding\clipsCommerce\node_modules\jest-circus\build\legacy-code-todo-rewrite\jestAdapterInit.js:122:21)
    at jestAdapter (C:\Users\Cheem\OneDrive\Coding\clipsCommerce\node_modules\jest-circus\build\legacy-code-todo-rewrite\jestAdapter.js:79:19)
    at runTestInternal (C:\Users\Cheem\OneDrive\Coding\clipsCommerce\node_modules\jest-runner\build\runTest.js:367:16)
    at runTest (C:\Users\Cheem\OneDrive\Coding\clipsCommerce\node_modules\jest-runner\build\runTest.js:444:34)
    at Object.worker (C:\Users\Cheem\OneDrive\Coding\clipsCommerce\node_modules\jest-runner\build\testWorker.js:106:12)</failure>
    </testcase>
    <testcase classname="Team Mode Dashboard Integration Error Handling should catch and display errors with error boundary" name="Team Mode Dashboard Integration Error Handling should catch and display errors with error boundary" time="0.051">
    </testcase>
    <testcase classname="Team Mode Dashboard Integration Error Handling should provide retry functionality in error boundary" name="Team Mode Dashboard Integration Error Handling should provide retry functionality in error boundary" time="0.086">
    </testcase>
    <testcase classname="Team Mode Dashboard Integration Accessibility should have proper ARIA labels and roles" name="Team Mode Dashboard Integration Accessibility should have proper ARIA labels and roles" time="0.049">
      <failure>TestingLibraryElementError: Unable to find an accessible element with the role &quot;searchbox&quot;

Here are the accessible roles:

  banner:

  Name &quot;&quot;:
  &lt;header
    class=&quot;bg-neutral-900 border-b border-neutral-800 px-6 py-4&quot;
  /&gt;

  --------------------------------------------------
  heading:

  Name &quot;Team Dashboard&quot;:
  &lt;h1
    class=&quot;text-2xl font-bold text-white&quot;
  /&gt;

  Name &quot;Team Dashboard&quot;:
  &lt;h2
    class=&quot;text-xl font-bold text-white&quot;
  /&gt;

  --------------------------------------------------
  button:

  Name &quot;&quot;:
  &lt;button
    class=&quot;inline-flex items-center justify-center font-medium transition-colors focus-visible:outline-none focus-visible:ring-1 focus-visible:ring-ring disabled:pointer-events-none disabled:opacity-50 hover:bg-accent h-8 rounded-md px-3 text-xs text-neutral-400 hover:text-white&quot;
  /&gt;

  Name &quot;&quot;:
  &lt;button
    class=&quot;inline-flex items-center justify-center font-medium transition-colors focus-visible:outline-none focus-visible:ring-1 focus-visible:ring-ring disabled:pointer-events-none disabled:opacity-50 hover:bg-accent h-8 rounded-md px-3 text-xs text-neutral-400 hover:text-white&quot;
  /&gt;

  Name &quot;&quot;:
  &lt;button
    class=&quot;inline-flex items-center justify-center font-medium transition-colors focus-visible:outline-none focus-visible:ring-1 focus-visible:ring-ring disabled:pointer-events-none disabled:opacity-50 hover:bg-accent h-8 rounded-md px-3 text-xs text-neutral-400 hover:text-white&quot;
  /&gt;

  Name &quot;Overview&quot;:
  &lt;button
    class=&quot;w-full flex items-center px-3 py-2 text-sm font-medium rounded-lg transition-colors text-neutral-300 hover:text-white hover:bg-neutral-800&quot;
  /&gt;

  Name &quot;Operations&quot;:
  &lt;button
    class=&quot;w-full flex items-center px-3 py-2 text-sm font-medium rounded-lg transition-colors bg-[#8D5AFF]/20 text-[#8D5AFF] border border-[#8D5AFF]/30&quot;
  /&gt;

  Name &quot;Workflows&quot;:
  &lt;button
    class=&quot;w-full flex items-center px-3 py-2 text-sm font-medium rounded-lg transition-colors text-neutral-300 hover:text-white hover:bg-neutral-800&quot;
  /&gt;

  Name &quot;Analytics&quot;:
  &lt;button
    class=&quot;w-full flex items-center px-3 py-2 text-sm font-medium rounded-lg transition-colors text-neutral-300 hover:text-white hover:bg-neutral-800&quot;
  /&gt;

  Name &quot;Settings&quot;:
  &lt;button
    class=&quot;w-full flex items-center px-3 py-2 text-sm font-medium rounded-lg transition-colors text-neutral-300 hover:text-white hover:bg-neutral-800&quot;
  /&gt;

  --------------------------------------------------
  paragraph:

  Name &quot;&quot;:
  &lt;p
    class=&quot;text-sm font-medium text-white&quot;
  /&gt;

  Name &quot;&quot;:
  &lt;p
    class=&quot;text-xs text-neutral-400&quot;
  /&gt;

  Name &quot;&quot;:
  &lt;p
    class=&quot;text-sm text-neutral-400 mt-1&quot;
  /&gt;

  --------------------------------------------------
  navigation:

  Name &quot;&quot;:
  &lt;nav
    class=&quot;flex-1 px-4 pb-4&quot;
  /&gt;

  --------------------------------------------------
  list:

  Name &quot;&quot;:
  &lt;ul
    class=&quot;space-y-2&quot;
  /&gt;

  --------------------------------------------------
  listitem:

  Name &quot;&quot;:
  &lt;li /&gt;

  Name &quot;&quot;:
  &lt;li /&gt;

  Name &quot;&quot;:
  &lt;li /&gt;

  Name &quot;&quot;:
  &lt;li /&gt;

  Name &quot;&quot;:
  &lt;li /&gt;

  --------------------------------------------------

Ignored nodes: comments, script, style
&lt;body&gt;
  &lt;div&gt;
    &lt;header
      class=&quot;bg-neutral-900 border-b border-neutral-800 px-6 py-4&quot;
    &gt;
      &lt;div
        class=&quot;flex items-center justify-between&quot;
      &gt;
        &lt;div&gt;
          &lt;h1
            class=&quot;text-2xl font-bold text-white&quot;
          &gt;
            Team Dashboard
          &lt;/h1&gt;
        &lt;/div&gt;
        &lt;div
          class=&quot;flex items-center space-x-4&quot;
        &gt;
          &lt;button
            class=&quot;inline-flex items-center justify-center font-medium transition-colors focus-visible:outline-none focus-visible:ring-1 focus-visible:ring-ring disabled:pointer-events-none disabled:opacity-50 hover:bg-accent h-8 rounded-md px-3 text-xs text-neutral-400 hover:text-white&quot;
          &gt;
            &lt;svg
              class=&quot;h-5 w-5&quot;
              data-testid=&quot;Bell-icon&quot;
            /&gt;
          &lt;/button&gt;
          &lt;button
            class=&quot;inline-flex items-center justify-center font-medium transition-colors focus-visible:outline-none focus-visible:ring-1 focus-visible:ring-ring disabled:pointer-events-none disabled:opacity-50 hover:bg-accent h-8 rounded-md px-3 text-xs text-neutral-400 hover:text-white&quot;
          &gt;
            &lt;svg
              class=&quot;h-5 w-5&quot;
              data-testid=&quot;Settings-icon&quot;
            /&gt;
          &lt;/button&gt;
          &lt;div
            class=&quot;flex items-center space-x-3&quot;
          &gt;
            &lt;span
              class=&quot;relative flex shrink-0 overflow-hidden rounded-full h-8 w-8&quot;
            &gt;
              &lt;span
                class=&quot;flex h-full w-full items-center justify-center rounded-full bg-[#8D5AFF] text-white&quot;
              &gt;
                T
              &lt;/span&gt;
            &lt;/span&gt;
            &lt;div
              class=&quot;hidden md:block&quot;
            &gt;
              &lt;p
                class=&quot;text-sm font-medium text-white&quot;
              &gt;
                test
              &lt;/p&gt;
              &lt;p
                class=&quot;text-xs text-neutral-400&quot;
              &gt;
                Team Admin
              &lt;/p&gt;
            &lt;/div&gt;
            &lt;button
              class=&quot;inline-flex items-center justify-center font-medium transition-colors focus-visible:outline-none focus-visible:ring-1 focus-visible:ring-ring disabled:pointer-events-none disabled:opacity-50 hover:bg-accent h-8 rounded-md px-3 text-xs text-neutral-400 hover:text-white&quot;
            &gt;
              &lt;svg
                class=&quot;h-4 w-4&quot;
                data-testid=&quot;LogOut-icon&quot;
              /&gt;
            &lt;/button&gt;
          &lt;/div&gt;
        &lt;/div&gt;
      &lt;/div&gt;
    &lt;/header&gt;
    &lt;div
      class=&quot;flex flex-col w-64 bg-neutral-900 border-r border-neutral-800&quot;
    &gt;
      &lt;div
        class=&quot;p-6&quot;
      &gt;
        &lt;h2
          class=&quot;text-xl font-bold text-white&quot;
        &gt;
          Team Dashboard
        &lt;/h2&gt;
        &lt;p
          class=&quot;text-sm text-neutral-400 mt-1&quot;
        &gt;
          Manage your team operations
        &lt;/p&gt;
      &lt;/div&gt;
      &lt;nav
        class=&quot;flex-1 px-4 pb-4&quot;
      &gt;
        &lt;ul
          class=&quot;space-y-2&quot;
        &gt;
          &lt;li&gt;
            &lt;button
              class=&quot;w-full flex items-center px-3 py-2 text-sm font-medium rounded-lg transition-colors text-neutral-300 hover:text-white hover:bg-neutral-800&quot;
            &gt;
              &lt;svg
                class=&quot;h-5 w-5 mr-3&quot;
                data-testid=&quot;Home-icon&quot;
              /&gt;
              Overview
            &lt;/button&gt;
          &lt;/li&gt;
          &lt;li&gt;
            &lt;button
              class=&quot;w-full flex items-center px-3 py-2 text-sm font-medium rounded-lg transition-colors bg-[#8D5AFF]/20 text-[#8D5AFF] border border-[#8D5AFF]/30&quot;
            &gt;
              &lt;svg
                class=&quot;h-5 w-5 mr-3&quot;
                data-testid=&quot;Users-icon&quot;
              /&gt;
              Operations
              &lt;svg
                class=&quot;h-4 w-4 ml-auto&quot;
                data-testid=&quot;ChevronRight-icon&quot;
              /&gt;
            &lt;/button&gt;
          &lt;/li&gt;
          &lt;li&gt;
            &lt;button
              class=&quot;w-full flex items-center px-3 py-2 text-sm font-medium rounded-lg transition-colors text-neutral-300 hover:text-white hover:bg-neutral-800&quot;
            &gt;
              &lt;svg
                class=&quot;h-5 w-5 mr-3&quot;
                data-testid=&quot;Zap-icon&quot;
              /&gt;
              Workflows
            &lt;/button&gt;
          &lt;/li&gt;
          &lt;li&gt;
            &lt;button
              class=&quot;w-full flex items-center px-3 py-2 text-sm font-medium rounded-lg transition-colors text-neutral-300 hover:text-white hover:bg-neutral-800&quot;
            &gt;
              &lt;svg
                class=&quot;h-5 w-5 mr-3&quot;
                data-testid=&quot;BarChart3-icon&quot;
              /&gt;
              Analytics
            &lt;/button&gt;
          &lt;/li&gt;
          &lt;li&gt;
            &lt;button
              class=&quot;w-full flex items-center px-3 py-2 text-sm font-medium rounded-lg transition-colors text-neutral-300 hover:text-white hover:bg-neutral-800&quot;
            &gt;
              &lt;svg
                class=&quot;h-5 w-5 mr-3&quot;
                data-testid=&quot;Settings-icon&quot;
              /&gt;
              Settings
            &lt;/button&gt;
          &lt;/li&gt;
        &lt;/ul&gt;
      &lt;/nav&gt;
    &lt;/div&gt;
    &lt;div
      aria-atomic=&quot;true&quot;
      aria-live=&quot;polite&quot;
      class=&quot;sr-only&quot;
    /&gt;
  &lt;/div&gt;
&lt;/body&gt;
    at Object.getElementError (C:\Users\Cheem\OneDrive\Coding\clipsCommerce\node_modules\@testing-library\dom\dist\config.js:37:19)
    at C:\Users\Cheem\OneDrive\Coding\clipsCommerce\node_modules\@testing-library\dom\dist\query-helpers.js:76:38
    at C:\Users\Cheem\OneDrive\Coding\clipsCommerce\node_modules\@testing-library\dom\dist\query-helpers.js:52:17
    at C:\Users\Cheem\OneDrive\Coding\clipsCommerce\node_modules\@testing-library\dom\dist\query-helpers.js:95:19
    at Object.&lt;anonymous&gt; (C:\Users\Cheem\OneDrive\Coding\clipsCommerce\src\__tests__\team-dashboard\TeamModeIntegration.test.tsx:179:34)
    at Promise.then.completed (C:\Users\Cheem\OneDrive\Coding\clipsCommerce\node_modules\jest-circus\build\utils.js:298:28)
    at new Promise (&lt;anonymous&gt;)
    at callAsyncCircusFn (C:\Users\Cheem\OneDrive\Coding\clipsCommerce\node_modules\jest-circus\build\utils.js:231:10)
    at _callCircusTest (C:\Users\Cheem\OneDrive\Coding\clipsCommerce\node_modules\jest-circus\build\run.js:316:40)
    at _runTest (C:\Users\Cheem\OneDrive\Coding\clipsCommerce\node_modules\jest-circus\build\run.js:252:3)
    at _runTestsForDescribeBlock (C:\Users\Cheem\OneDrive\Coding\clipsCommerce\node_modules\jest-circus\build\run.js:126:9)
    at _runTestsForDescribeBlock (C:\Users\Cheem\OneDrive\Coding\clipsCommerce\node_modules\jest-circus\build\run.js:121:9)
    at _runTestsForDescribeBlock (C:\Users\Cheem\OneDrive\Coding\clipsCommerce\node_modules\jest-circus\build\run.js:121:9)
    at run (C:\Users\Cheem\OneDrive\Coding\clipsCommerce\node_modules\jest-circus\build\run.js:71:3)
    at runAndTransformResultsToJestFormat (C:\Users\Cheem\OneDrive\Coding\clipsCommerce\node_modules\jest-circus\build\legacy-code-todo-rewrite\jestAdapterInit.js:122:21)
    at jestAdapter (C:\Users\Cheem\OneDrive\Coding\clipsCommerce\node_modules\jest-circus\build\legacy-code-todo-rewrite\jestAdapter.js:79:19)
    at runTestInternal (C:\Users\Cheem\OneDrive\Coding\clipsCommerce\node_modules\jest-runner\build\runTest.js:367:16)
    at runTest (C:\Users\Cheem\OneDrive\Coding\clipsCommerce\node_modules\jest-runner\build\runTest.js:444:34)
    at Object.worker (C:\Users\Cheem\OneDrive\Coding\clipsCommerce\node_modules\jest-runner\build\testWorker.js:106:12)</failure>
    </testcase>
    <testcase classname="Team Mode Dashboard Integration Accessibility should support keyboard navigation" name="Team Mode Dashboard Integration Accessibility should support keyboard navigation" time="0.036">
    </testcase>
    <testcase classname="Team Mode Dashboard Integration Accessibility should announce important changes to screen readers" name="Team Mode Dashboard Integration Accessibility should announce important changes to screen readers" time="0.015">
    </testcase>
    <testcase classname="Team Mode Dashboard Integration Mobile Responsiveness should adapt header for mobile devices" name="Team Mode Dashboard Integration Mobile Responsiveness should adapt header for mobile devices" time="0.019">
      <failure>TestingLibraryElementError: Unable to find a label with the text of: /toggle mobile menu/i

Ignored nodes: comments, script, style
&lt;body&gt;
  &lt;div&gt;
    &lt;header
      class=&quot;bg-neutral-900 border-b border-neutral-800 px-6 py-4&quot;
    &gt;
      &lt;div
        class=&quot;flex items-center justify-between&quot;
      &gt;
        &lt;div&gt;
          &lt;h1
            class=&quot;text-2xl font-bold text-white&quot;
          &gt;
            Team Dashboard
          &lt;/h1&gt;
        &lt;/div&gt;
        &lt;div
          class=&quot;flex items-center space-x-4&quot;
        &gt;
          &lt;button
            class=&quot;inline-flex items-center justify-center font-medium transition-colors focus-visible:outline-none focus-visible:ring-1 focus-visible:ring-ring disabled:pointer-events-none disabled:opacity-50 hover:bg-accent h-8 rounded-md px-3 text-xs text-neutral-400 hover:text-white&quot;
          &gt;
            &lt;svg
              class=&quot;h-5 w-5&quot;
              data-testid=&quot;Bell-icon&quot;
            /&gt;
          &lt;/button&gt;
          &lt;button
            class=&quot;inline-flex items-center justify-center font-medium transition-colors focus-visible:outline-none focus-visible:ring-1 focus-visible:ring-ring disabled:pointer-events-none disabled:opacity-50 hover:bg-accent h-8 rounded-md px-3 text-xs text-neutral-400 hover:text-white&quot;
          &gt;
            &lt;svg
              class=&quot;h-5 w-5&quot;
              data-testid=&quot;Settings-icon&quot;
            /&gt;
          &lt;/button&gt;
          &lt;div
            class=&quot;flex items-center space-x-3&quot;
          &gt;
            &lt;span
              class=&quot;relative flex shrink-0 overflow-hidden rounded-full h-8 w-8&quot;
            &gt;
              &lt;span
                class=&quot;flex h-full w-full items-center justify-center rounded-full bg-[#8D5AFF] text-white&quot;
              &gt;
                T
              &lt;/span&gt;
            &lt;/span&gt;
            &lt;div
              class=&quot;hidden md:block&quot;
            &gt;
              &lt;p
                class=&quot;text-sm font-medium text-white&quot;
              &gt;
                test
              &lt;/p&gt;
              &lt;p
                class=&quot;text-xs text-neutral-400&quot;
              &gt;
                Team Admin
              &lt;/p&gt;
            &lt;/div&gt;
            &lt;button
              class=&quot;inline-flex items-center justify-center font-medium transition-colors focus-visible:outline-none focus-visible:ring-1 focus-visible:ring-ring disabled:pointer-events-none disabled:opacity-50 hover:bg-accent h-8 rounded-md px-3 text-xs text-neutral-400 hover:text-white&quot;
            &gt;
              &lt;svg
                class=&quot;h-4 w-4&quot;
                data-testid=&quot;LogOut-icon&quot;
              /&gt;
            &lt;/button&gt;
          &lt;/div&gt;
        &lt;/div&gt;
      &lt;/div&gt;
    &lt;/header&gt;
    &lt;div
      aria-atomic=&quot;true&quot;
      aria-live=&quot;polite&quot;
      class=&quot;sr-only&quot;
    /&gt;
  &lt;/div&gt;
&lt;/body&gt;
    at Object.getElementError (C:\Users\Cheem\OneDrive\Coding\clipsCommerce\node_modules\@testing-library\dom\dist\config.js:37:19)
    at getAllByLabelText (C:\Users\Cheem\OneDrive\Coding\clipsCommerce\node_modules\@testing-library\dom\dist\queries\label-text.js:111:38)
    at C:\Users\Cheem\OneDrive\Coding\clipsCommerce\node_modules\@testing-library\dom\dist\query-helpers.js:52:17
    at C:\Users\Cheem\OneDrive\Coding\clipsCommerce\node_modules\@testing-library\dom\dist\query-helpers.js:95:19
    at Object.&lt;anonymous&gt; (C:\Users\Cheem\OneDrive\Coding\clipsCommerce\src\__tests__\team-dashboard\TeamModeIntegration.test.tsx:235:39)
    at Promise.then.completed (C:\Users\Cheem\OneDrive\Coding\clipsCommerce\node_modules\jest-circus\build\utils.js:298:28)
    at new Promise (&lt;anonymous&gt;)
    at callAsyncCircusFn (C:\Users\Cheem\OneDrive\Coding\clipsCommerce\node_modules\jest-circus\build\utils.js:231:10)
    at _callCircusTest (C:\Users\Cheem\OneDrive\Coding\clipsCommerce\node_modules\jest-circus\build\run.js:316:40)
    at _runTest (C:\Users\Cheem\OneDrive\Coding\clipsCommerce\node_modules\jest-circus\build\run.js:252:3)
    at _runTestsForDescribeBlock (C:\Users\Cheem\OneDrive\Coding\clipsCommerce\node_modules\jest-circus\build\run.js:126:9)
    at _runTestsForDescribeBlock (C:\Users\Cheem\OneDrive\Coding\clipsCommerce\node_modules\jest-circus\build\run.js:121:9)
    at _runTestsForDescribeBlock (C:\Users\Cheem\OneDrive\Coding\clipsCommerce\node_modules\jest-circus\build\run.js:121:9)
    at run (C:\Users\Cheem\OneDrive\Coding\clipsCommerce\node_modules\jest-circus\build\run.js:71:3)
    at runAndTransformResultsToJestFormat (C:\Users\Cheem\OneDrive\Coding\clipsCommerce\node_modules\jest-circus\build\legacy-code-todo-rewrite\jestAdapterInit.js:122:21)
    at jestAdapter (C:\Users\Cheem\OneDrive\Coding\clipsCommerce\node_modules\jest-circus\build\legacy-code-todo-rewrite\jestAdapter.js:79:19)
    at runTestInternal (C:\Users\Cheem\OneDrive\Coding\clipsCommerce\node_modules\jest-runner\build\runTest.js:367:16)
    at runTest (C:\Users\Cheem\OneDrive\Coding\clipsCommerce\node_modules\jest-runner\build\runTest.js:444:34)
    at Object.worker (C:\Users\Cheem\OneDrive\Coding\clipsCommerce\node_modules\jest-runner\build\testWorker.js:106:12)</failure>
    </testcase>
    <testcase classname="Team Mode Dashboard Integration Mobile Responsiveness should show mobile menu when toggled" name="Team Mode Dashboard Integration Mobile Responsiveness should show mobile menu when toggled" time="0.017">
      <failure>TestingLibraryElementError: Unable to find a label with the text of: /toggle mobile menu/i

Ignored nodes: comments, script, style
&lt;body&gt;
  &lt;div&gt;
    &lt;header
      class=&quot;bg-neutral-900 border-b border-neutral-800 px-6 py-4&quot;
    &gt;
      &lt;div
        class=&quot;flex items-center justify-between&quot;
      &gt;
        &lt;div&gt;
          &lt;h1
            class=&quot;text-2xl font-bold text-white&quot;
          &gt;
            Team Dashboard
          &lt;/h1&gt;
        &lt;/div&gt;
        &lt;div
          class=&quot;flex items-center space-x-4&quot;
        &gt;
          &lt;button
            class=&quot;inline-flex items-center justify-center font-medium transition-colors focus-visible:outline-none focus-visible:ring-1 focus-visible:ring-ring disabled:pointer-events-none disabled:opacity-50 hover:bg-accent h-8 rounded-md px-3 text-xs text-neutral-400 hover:text-white&quot;
          &gt;
            &lt;svg
              class=&quot;h-5 w-5&quot;
              data-testid=&quot;Bell-icon&quot;
            /&gt;
          &lt;/button&gt;
          &lt;button
            class=&quot;inline-flex items-center justify-center font-medium transition-colors focus-visible:outline-none focus-visible:ring-1 focus-visible:ring-ring disabled:pointer-events-none disabled:opacity-50 hover:bg-accent h-8 rounded-md px-3 text-xs text-neutral-400 hover:text-white&quot;
          &gt;
            &lt;svg
              class=&quot;h-5 w-5&quot;
              data-testid=&quot;Settings-icon&quot;
            /&gt;
          &lt;/button&gt;
          &lt;div
            class=&quot;flex items-center space-x-3&quot;
          &gt;
            &lt;span
              class=&quot;relative flex shrink-0 overflow-hidden rounded-full h-8 w-8&quot;
            &gt;
              &lt;span
                class=&quot;flex h-full w-full items-center justify-center rounded-full bg-[#8D5AFF] text-white&quot;
              &gt;
                T
              &lt;/span&gt;
            &lt;/span&gt;
            &lt;div
              class=&quot;hidden md:block&quot;
            &gt;
              &lt;p
                class=&quot;text-sm font-medium text-white&quot;
              &gt;
                test
              &lt;/p&gt;
              &lt;p
                class=&quot;text-xs text-neutral-400&quot;
              &gt;
                Team Admin
              &lt;/p&gt;
            &lt;/div&gt;
            &lt;button
              class=&quot;inline-flex items-center justify-center font-medium transition-colors focus-visible:outline-none focus-visible:ring-1 focus-visible:ring-ring disabled:pointer-events-none disabled:opacity-50 hover:bg-accent h-8 rounded-md px-3 text-xs text-neutral-400 hover:text-white&quot;
            &gt;
              &lt;svg
                class=&quot;h-4 w-4&quot;
                data-testid=&quot;LogOut-icon&quot;
              /&gt;
            &lt;/button&gt;
          &lt;/div&gt;
        &lt;/div&gt;
      &lt;/div&gt;
    &lt;/header&gt;
    &lt;div
      aria-atomic=&quot;true&quot;
      aria-live=&quot;polite&quot;
      class=&quot;sr-only&quot;
    /&gt;
  &lt;/div&gt;
&lt;/body&gt;
    at Object.getElementError (C:\Users\Cheem\OneDrive\Coding\clipsCommerce\node_modules\@testing-library\dom\dist\config.js:37:19)
    at getAllByLabelText (C:\Users\Cheem\OneDrive\Coding\clipsCommerce\node_modules\@testing-library\dom\dist\queries\label-text.js:111:38)
    at C:\Users\Cheem\OneDrive\Coding\clipsCommerce\node_modules\@testing-library\dom\dist\query-helpers.js:52:17
    at C:\Users\Cheem\OneDrive\Coding\clipsCommerce\node_modules\@testing-library\dom\dist\query-helpers.js:95:19
    at Object.&lt;anonymous&gt; (C:\Users\Cheem\OneDrive\Coding\clipsCommerce\src\__tests__\team-dashboard\TeamModeIntegration.test.tsx:246:39)
    at Promise.then.completed (C:\Users\Cheem\OneDrive\Coding\clipsCommerce\node_modules\jest-circus\build\utils.js:298:28)
    at new Promise (&lt;anonymous&gt;)
    at callAsyncCircusFn (C:\Users\Cheem\OneDrive\Coding\clipsCommerce\node_modules\jest-circus\build\utils.js:231:10)
    at _callCircusTest (C:\Users\Cheem\OneDrive\Coding\clipsCommerce\node_modules\jest-circus\build\run.js:316:40)
    at _runTest (C:\Users\Cheem\OneDrive\Coding\clipsCommerce\node_modules\jest-circus\build\run.js:252:3)
    at _runTestsForDescribeBlock (C:\Users\Cheem\OneDrive\Coding\clipsCommerce\node_modules\jest-circus\build\run.js:126:9)
    at _runTestsForDescribeBlock (C:\Users\Cheem\OneDrive\Coding\clipsCommerce\node_modules\jest-circus\build\run.js:121:9)
    at _runTestsForDescribeBlock (C:\Users\Cheem\OneDrive\Coding\clipsCommerce\node_modules\jest-circus\build\run.js:121:9)
    at run (C:\Users\Cheem\OneDrive\Coding\clipsCommerce\node_modules\jest-circus\build\run.js:71:3)
    at runAndTransformResultsToJestFormat (C:\Users\Cheem\OneDrive\Coding\clipsCommerce\node_modules\jest-circus\build\legacy-code-todo-rewrite\jestAdapterInit.js:122:21)
    at jestAdapter (C:\Users\Cheem\OneDrive\Coding\clipsCommerce\node_modules\jest-circus\build\legacy-code-todo-rewrite\jestAdapter.js:79:19)
    at runTestInternal (C:\Users\Cheem\OneDrive\Coding\clipsCommerce\node_modules\jest-runner\build\runTest.js:367:16)
    at runTest (C:\Users\Cheem\OneDrive\Coding\clipsCommerce\node_modules\jest-runner\build\runTest.js:444:34)
    at Object.worker (C:\Users\Cheem\OneDrive\Coding\clipsCommerce\node_modules\jest-runner\build\testWorker.js:106:12)</failure>
    </testcase>
    <testcase classname="Team Mode Dashboard Integration Performance should handle large client lists efficiently" name="Team Mode Dashboard Integration Performance should handle large client lists efficiently" time="1.015">
      <failure>Error: Unable to find an element with the text: /clients/i. This could be because the text is broken up by multiple elements. In this case, you can provide a function for your text matcher to make your matcher more flexible.

Ignored nodes: comments, script, style
&lt;body&gt;
  &lt;div&gt;
    &lt;header
      class=&quot;bg-neutral-900 border-b border-neutral-800 px-6 py-4&quot;
    &gt;
      &lt;div
        class=&quot;flex items-center justify-between&quot;
      &gt;
        &lt;div&gt;
          &lt;h1
            class=&quot;text-2xl font-bold text-white&quot;
          &gt;
            Team Dashboard
          &lt;/h1&gt;
        &lt;/div&gt;
        &lt;div
          class=&quot;flex items-center space-x-4&quot;
        &gt;
          &lt;button
            class=&quot;inline-flex items-center justify-center font-medium transition-colors focus-visible:outline-none focus-visible:ring-1 focus-visible:ring-ring disabled:pointer-events-none disabled:opacity-50 hover:bg-accent h-8 rounded-md px-3 text-xs text-neutral-400 hover:text-white&quot;
          &gt;
            &lt;svg
              class=&quot;h-5 w-5&quot;
              data-testid=&quot;Bell-icon&quot;
            /&gt;
          &lt;/button&gt;
          &lt;button
            class=&quot;inline-flex items-center justify-center font-medium transition-colors focus-visible:outline-none focus-visible:ring-1 focus-visible:ring-ring disabled:pointer-events-none disabled:opacity-50 hover:bg-accent h-8 rounded-md px-3 text-xs text-neutral-400 hover:text-white&quot;
          &gt;
            &lt;svg
              class=&quot;h-5 w-5&quot;
              data-testid=&quot;Settings-icon&quot;
            /&gt;
          &lt;/button&gt;
          &lt;div
            class=&quot;flex items-center space-x-3&quot;
          &gt;
            &lt;span
              class=&quot;relative flex shrink-0 overflow-hidden rounded-full h-8 w-8&quot;
            &gt;
              &lt;span
                class=&quot;flex h-full w-full items-center justify-center rounded-full bg-[#8D5AFF] text-white&quot;
              &gt;
                T
              &lt;/span&gt;
            &lt;/span&gt;
            &lt;div
              class=&quot;hidden md:block&quot;
            &gt;
              &lt;p
                class=&quot;text-sm font-medium text-white&quot;
              &gt;
                test
              &lt;/p&gt;
              &lt;p
                class=&quot;text-xs text-neutral-400&quot;
              &gt;
                Team Admin
              &lt;/p&gt;
            &lt;/div&gt;
            &lt;button
              class=&quot;inline-flex items-center justify-center font-medium transition-colors focus-visible:outline-none focus-visible:ring-1 focus-visible:ring-ring disabled:pointer-events-none disabled:opacity-50 hover:bg-accent h-8 rounded-md px-3 text-xs text-neutral-400 hover:text-white&quot;
            &gt;
              &lt;svg
                class=&quot;h-4 w-4&quot;
                data-testid=&quot;LogOut-icon&quot;
              /&gt;
            &lt;/button&gt;
          &lt;/div&gt;
        &lt;/div&gt;
      &lt;/div&gt;
    &lt;/header&gt;
    &lt;div
      aria-atomic=&quot;true&quot;
      aria-live=&quot;polite&quot;
      class=&quot;sr-only&quot;
    /&gt;
  &lt;/div&gt;
&lt;/body&gt;
    at waitForWrapper (C:\Users\Cheem\OneDrive\Coding\clipsCommerce\node_modules\@testing-library\dom\dist\wait-for.js:163:27)
    at Object.&lt;anonymous&gt; (C:\Users\Cheem\OneDrive\Coding\clipsCommerce\src\__tests__\team-dashboard\TeamModeIntegration.test.tsx:259:20)
    at Promise.then.completed (C:\Users\Cheem\OneDrive\Coding\clipsCommerce\node_modules\jest-circus\build\utils.js:298:28)
    at new Promise (&lt;anonymous&gt;)
    at callAsyncCircusFn (C:\Users\Cheem\OneDrive\Coding\clipsCommerce\node_modules\jest-circus\build\utils.js:231:10)
    at _callCircusTest (C:\Users\Cheem\OneDrive\Coding\clipsCommerce\node_modules\jest-circus\build\run.js:316:40)
    at _runTest (C:\Users\Cheem\OneDrive\Coding\clipsCommerce\node_modules\jest-circus\build\run.js:252:3)
    at _runTestsForDescribeBlock (C:\Users\Cheem\OneDrive\Coding\clipsCommerce\node_modules\jest-circus\build\run.js:126:9)
    at _runTestsForDescribeBlock (C:\Users\Cheem\OneDrive\Coding\clipsCommerce\node_modules\jest-circus\build\run.js:121:9)
    at _runTestsForDescribeBlock (C:\Users\Cheem\OneDrive\Coding\clipsCommerce\node_modules\jest-circus\build\run.js:121:9)
    at run (C:\Users\Cheem\OneDrive\Coding\clipsCommerce\node_modules\jest-circus\build\run.js:71:3)
    at runAndTransformResultsToJestFormat (C:\Users\Cheem\OneDrive\Coding\clipsCommerce\node_modules\jest-circus\build\legacy-code-todo-rewrite\jestAdapterInit.js:122:21)
    at jestAdapter (C:\Users\Cheem\OneDrive\Coding\clipsCommerce\node_modules\jest-circus\build\legacy-code-todo-rewrite\jestAdapter.js:79:19)
    at runTestInternal (C:\Users\Cheem\OneDrive\Coding\clipsCommerce\node_modules\jest-runner\build\runTest.js:367:16)
    at runTest (C:\Users\Cheem\OneDrive\Coding\clipsCommerce\node_modules\jest-runner\build\runTest.js:444:34)
    at Object.worker (C:\Users\Cheem\OneDrive\Coding\clipsCommerce\node_modules\jest-runner\build\testWorker.js:106:12)</failure>
    </testcase>
    <testcase classname="Team Mode Dashboard Integration Performance should debounce search input" name="Team Mode Dashboard Integration Performance should debounce search input" time="0.019">
      <failure>TestingLibraryElementError: Unable to find an element with the placeholder text of: /search clients/i

Ignored nodes: comments, script, style
&lt;body&gt;
  &lt;div&gt;
    &lt;header
      class=&quot;bg-neutral-900 border-b border-neutral-800 px-6 py-4&quot;
    &gt;
      &lt;div
        class=&quot;flex items-center justify-between&quot;
      &gt;
        &lt;div&gt;
          &lt;h1
            class=&quot;text-2xl font-bold text-white&quot;
          &gt;
            Team Dashboard
          &lt;/h1&gt;
        &lt;/div&gt;
        &lt;div
          class=&quot;flex items-center space-x-4&quot;
        &gt;
          &lt;button
            class=&quot;inline-flex items-center justify-center font-medium transition-colors focus-visible:outline-none focus-visible:ring-1 focus-visible:ring-ring disabled:pointer-events-none disabled:opacity-50 hover:bg-accent h-8 rounded-md px-3 text-xs text-neutral-400 hover:text-white&quot;
          &gt;
            &lt;svg
              class=&quot;h-5 w-5&quot;
              data-testid=&quot;Bell-icon&quot;
            /&gt;
          &lt;/button&gt;
          &lt;button
            class=&quot;inline-flex items-center justify-center font-medium transition-colors focus-visible:outline-none focus-visible:ring-1 focus-visible:ring-ring disabled:pointer-events-none disabled:opacity-50 hover:bg-accent h-8 rounded-md px-3 text-xs text-neutral-400 hover:text-white&quot;
          &gt;
            &lt;svg
              class=&quot;h-5 w-5&quot;
              data-testid=&quot;Settings-icon&quot;
            /&gt;
          &lt;/button&gt;
          &lt;div
            class=&quot;flex items-center space-x-3&quot;
          &gt;
            &lt;span
              class=&quot;relative flex shrink-0 overflow-hidden rounded-full h-8 w-8&quot;
            &gt;
              &lt;span
                class=&quot;flex h-full w-full items-center justify-center rounded-full bg-[#8D5AFF] text-white&quot;
              &gt;
                T
[...]
    </testcase>
    <testcase classname="Production Readiness Verification Security and Access Control should properly restrict team dashboard access" name="Production Readiness Verification Security and Access Control should properly restrict team dashboard access" time="0">
    </testcase>
    <testcase classname="Production Readiness Verification Security and Access Control should enforce usage limits correctly" name="Production Readiness Verification Security and Access Control should enforce usage limits correctly" time="0.001">
    </testcase>
    <testcase classname="Production Readiness Verification Security and Access Control should handle authentication states" name="Production Readiness Verification Security and Access Control should handle authentication states" time="0.001">
    </testcase>
    <testcase classname="End-to-End Production Readiness should complete full user journey from landing to dashboard" name="End-to-End Production Readiness should complete full user journey from landing to dashboard" time="0">
    </testcase>
    <testcase classname="End-to-End Production Readiness should handle subscription upgrades correctly" name="End-to-End Production Readiness should handle subscription upgrades correctly" time="0.001">
    </testcase>
    <testcase classname="End-to-End Production Readiness should track usage across all features" name="End-to-End Production Readiness should track usage across all features" time="0.001">
    </testcase>
    <testcase classname="End-to-End Production Readiness should provide consistent experience across all pages" name="End-to-End Production Readiness should provide consistent experience across all pages" time="0">
    </testcase>
  </testsuite>
  <testsuite name="NotificationService" errors="0" failures="0" skipped="0" timestamp="2025-06-14T11:59:05" time="0.371" tests="2">
    <testcase classname="NotificationService delivers notifications immediately if not throttled" name="NotificationService delivers notifications immediately if not throttled" time="0.003">
    </testcase>
    <testcase classname="NotificationService batches notifications if throttled" name="NotificationService batches notifications if throttled" time="0.001">
    </testcase>
  </testsuite>
  <testsuite name="NLP Utilities" errors="0" failures="0" skipped="0" timestamp="2025-06-14T11:59:06" time="0.36" tests="7">
    <testcase classname="NLP Utilities should detect positive sentiment" name="NLP Utilities should detect positive sentiment" time="0.003">
    </testcase>
    <testcase classname="NLP Utilities should detect negative sentiment" name="NLP Utilities should detect negative sentiment" time="0.001">
    </testcase>
    <testcase classname="NLP Utilities should detect neutral sentiment" name="NLP Utilities should detect neutral sentiment" time="0.001">
    </testcase>
    <testcase classname="NLP Utilities should detect excited tone" name="NLP Utilities should detect excited tone" time="0.001">
    </testcase>
    <testcase classname="NLP Utilities should detect formal tone" name="NLP Utilities should detect formal tone" time="0.002">
    </testcase>
    <testcase classname="NLP Utilities should detect casual tone" name="NLP Utilities should detect casual tone" time="0.001">
    </testcase>
    <testcase classname="NLP Utilities should generate caption variations and hashtags" name="NLP Utilities should generate caption variations and hashtags" time="0.002">
    </testcase>
  </testsuite>
  <testsuite name="ApiCostEstimator" errors="0" failures="0" skipped="0" timestamp="2025-06-14T11:59:06" time="0.404" tests="5">
    <testcase classname="ApiCostEstimator returns zero cost for no analyzers" name="ApiCostEstimator returns zero cost for no analyzers" time="0.005">
    </testcase>
    <testcase classname="ApiCostEstimator calculates cost for single analyzer" name="ApiCostEstimator calculates cost for single analyzer" time="0.007">
    </testcase>
    <testcase classname="ApiCostEstimator aggregates multiple analyzers and models" name="ApiCostEstimator aggregates multiple analyzers and models" time="0.004">
    </testcase>
    <testcase classname="ApiCostEstimator skips analyzers with disabled tracking" name="ApiCostEstimator skips analyzers with disabled tracking" time="0.004">
    </testcase>
    <testcase classname="ApiCostEstimator handles unknown model with fallback" name="ApiCostEstimator handles unknown model with fallback" time="0.004">
    </testcase>
  </testsuite>
  <testsuite name="PerformanceOptimizer" errors="0" failures="0" skipped="0" timestamp="2025-06-14T11:59:06" time="0.417" tests="2">
    <testcase classname="PerformanceOptimizer processes items in batches" name="PerformanceOptimizer processes items in batches" time="0.003">
    </testcase>
    <testcase classname="PerformanceOptimizer tracks resource usage and adapts throttling" name="PerformanceOptimizer tracks resource usage and adapts throttling" time="0.001">
    </testcase>
  </testsuite>
  <testsuite name="CrossModuleSync" errors="0" failures="0" skipped="0" timestamp="2025-06-14T11:59:06" time="0.418" tests="3">
    <testcase classname="CrossModuleSync generates prompt context from hooks" name="CrossModuleSync generates prompt context from hooks" time="0.012">
    </testcase>
    <testcase classname="CrossModuleSync returns empty string for no hooks" name="CrossModuleSync returns empty string for no hooks" time="0.001">
    </testcase>
    <testcase classname="CrossModuleSync compares templates with competitor hooks" name="CrossModuleSync compares templates with competitor hooks" time="0.001">
    </testcase>
  </testsuite>
  <testsuite name="ReportGenerator" errors="0" failures="0" skipped="0" timestamp="2025-06-14T11:59:06" time="0.366" tests="3">
    <testcase classname="ReportGenerator generates HTML report" name="ReportGenerator generates HTML report" time="0.002">
    </testcase>
    <testcase classname="ReportGenerator generates JSON report" name="ReportGenerator generates JSON report" time="0.001">
    </testcase>
    <testcase classname="ReportGenerator schedules recurring report" name="ReportGenerator schedules recurring report" time="0.001">
    </testcase>
  </testsuite>
  <testsuite name="A/B Testing Infrastructure" errors="0" failures="0" skipped="0" timestamp="2025-06-14T11:59:06" time="0.359" tests="2">
    <testcase classname="A/B Testing Infrastructure should assign users to A or B group" name="A/B Testing Infrastructure should assign users to A or B group" time="0.002">
    </testcase>
    <testcase classname="A/B Testing Infrastructure should record suggestion outcomes and compute acceptance rates" name="A/B Testing Infrastructure should record suggestion outcomes and compute acceptance rates" time="0.001">
    </testcase>
  </testsuite>
  <testsuite name="collectReportData" errors="0" failures="0" skipped="0" timestamp="2025-06-14T11:59:06" time="0.362" tests="1">
    <testcase classname="collectReportData returns expected structure" name="collectReportData returns expected structure" time="0.005">
    </testcase>
  </testsuite>
  <testsuite name="TacticMap" errors="0" failures="0" skipped="0" timestamp="2025-06-14T11:59:06" time="0.392" tests="1">
    <testcase classname="TacticMap generates nodes and edges from taxonomy" name="TacticMap generates nodes and edges from taxonomy" time="0.007">
    </testcase>
  </testsuite>
  <testsuite name="AutoPostAnalytics" errors="0" failures="0" skipped="0" timestamp="2025-06-14T11:59:06" time="0.381" tests="2">
    <testcase classname="AutoPostAnalytics records and retrieves outcomes" name="AutoPostAnalytics records and retrieves outcomes" time="0.002">
    </testcase>
    <testcase classname="AutoPostAnalytics generates accurate report" name="AutoPostAnalytics generates accurate report" time="0.003">
    </testcase>
  </testsuite>
  <testsuite name="AuditLogger" errors="0" failures="0" skipped="0" timestamp="2025-06-14T11:59:06" time="0.376" tests="2">
    <testcase classname="AuditLogger logs actions and retrieves them" name="AuditLogger logs actions and retrieves them" time="0.003">
    </testcase>
    <testcase classname="AuditLogger verifies log integrity" name="AuditLogger verifies log integrity" time="0.004">
    </testcase>
  </testsuite>
  <testsuite name="Payment Flow Verification" errors="0" failures="0" skipped="0" timestamp="2025-06-14T11:59:06" time="0.386" tests="4">
    <testcase classname="Payment Flow Verification should have correct environment variable names" name="Payment Flow Verification should have correct environment variable names" time="0.015">
    </testcase>
    <testcase classname="Payment Flow Verification should handle plan selection logic correctly" name="Payment Flow Verification should handle plan selection logic correctly" time="0.002">
    </testcase>
    <testcase classname="Payment Flow Verification should handle team plan redirect logic" name="Payment Flow Verification should handle team plan redirect logic" time="0.001">
    </testcase>
    <testcase classname="Payment Flow Verification should validate pricing structure" name="Payment Flow Verification should validate pricing structure" time="0.002">
    </testcase>
  </testsuite>
  <testsuite name="Example Test Suite" errors="0" failures="0" skipped="0" timestamp="2025-06-14T11:59:06" time="0.365" tests="1">
    <testcase classname="Example Test Suite should pass a simple test" name="Example Test Suite should pass a simple test" time="0.004">
    </testcase>
  </testsuite>
  <testsuite name="ChartGenerator" errors="0" failures="0" skipped="0" timestamp="2025-06-14T11:59:06" time="0.366" tests="3">
    <testcase classname="ChartGenerator creates SVG chart" name="ChartGenerator creates SVG chart" time="0.002">
    </testcase>
    <testcase classname="ChartGenerator creates JSON chart" name="ChartGenerator creates JSON chart" time="0.001">
    </testcase>
    <testcase classname="ChartGenerator creates dashboard" name="ChartGenerator creates dashboard" time="0.001">
    </testcase>
  </testsuite>
  <testsuite name="generateInsights" errors="0" failures="0" skipped="0" timestamp="2025-06-14T11:59:06" time="0.363" tests="1">
    <testcase classname="generateInsights returns expected structure" name="generateInsights returns expected structure" time="0.005">
    </testcase>
  </testsuite>
  <testsuite name="BatchProcessor" errors="0" failures="0" skipped="0" timestamp="2025-06-14T11:59:06" time="0.392" tests="1">
    <testcase classname="BatchProcessor processes a batch of product descriptions" name="BatchProcessor processes a batch of product descriptions" time="0.004">
    </testcase>
  </testsuite>
  <testsuite name="Vision Utilities" errors="0" failures="0" skipped="0" timestamp="2025-06-14T11:59:06" time="0.356" tests="2">
    <testcase classname="Vision Utilities should analyze thumbnail and return valid features" name="Vision Utilities should analyze thumbnail and return valid features" time="0.013">
    </testcase>
    <testcase classname="Vision Utilities should analyze video content and return pacing and drop-off points" name="Vision Utilities should analyze video content and return pacing and drop-off points" time="0.003">
    </testcase>
  </testsuite>
  <testsuite name="undefined" errors="0" failures="0" skipped="0" timestamp="2025-06-14T11:59:07" time="0.327" tests="1">
    <testcase classname=" 1 + 1 equals 2" name=" 1 + 1 equals 2" time="0.004">
    </testcase>
  </testsuite>
  <testsuite name="PlatformPoster classes" errors="0" failures="0" skipped="0" timestamp="2025-06-14T11:59:07" time="0.361" tests="3">
    <testcase classname="PlatformPoster classes TikTokPoster validates and schedules content" name="PlatformPoster classes TikTokPoster validates and schedules content" time="0.003">
    </testcase>
    <testcase classname="PlatformPoster classes InstagramPoster validates and schedules content" name="PlatformPoster classes InstagramPoster validates and schedules content" time="0.001">
    </testcase>
    <testcase classname="PlatformPoster classes YouTubePoster validates and schedules content" name="PlatformPoster classes YouTubePoster validates and schedules content" time="0.002">
    </testcase>
  </testsuite>
  <testsuite name="Simple Test" errors="0" failures="0" skipped="0" timestamp="2025-06-14T11:59:07" time="0.318" tests="1">
    <testcase classname="Simple Test should pass" name="Simple Test should pass" time="0.002">
    </testcase>
  </testsuite>
  <testsuite name="TikTokClient" errors="0" failures="0" skipped="0" timestamp="2025-06-14T11:59:07" time="0.326" tests="1">
    <testcase classname="TikTokClient should pass a simple test" name="TikTokClient should pass a simple test" time="0.003">
    </testcase>
  </testsuite>
  <testsuite name="EnhancedScannerService" errors="0" failures="3" skipped="0" timestamp="2025-06-14T11:58:47" time="27.977" tests="12">
    <testcase classname="EnhancedScannerService Platform initialization should initialize platform clients successfully" name="EnhancedScannerService Platform initialization should initialize platform clients successfully" time="0.073">
    </testcase>
    <testcase classname="EnhancedScannerService Platform initialization should handle initialization with no platforms" name="EnhancedScannerService Platform initialization should handle initialization with no platforms" time="0.01">
    </testcase>
    <testcase classname="EnhancedScannerService Scan lifecycle should start a scan with valid options" name="EnhancedScannerService Scan lifecycle should start a scan with valid options" time="0.02">
    </testcase>
    <testcase classname="EnhancedScannerService Scan lifecycle should retrieve scan results from cache" name="EnhancedScannerService Scan lifecycle should retrieve scan results from cache" time="0.007">
    </testcase>
    <testcase classname="EnhancedScannerService Scan lifecycle should return scan result from memory if not in cache" name="EnhancedScannerService Scan lifecycle should return scan result from memory if not in cache" time="0.015">
    </testcase>
    <testcase classname="EnhancedScannerService Resilience features should handle circuit breaker on platform failure" name="EnhancedScannerService Resilience features should handle circuit breaker on platform failure" time="14.259">
      <failure>Error: expect(received).rejects.toThrow(expected)

Expected pattern: /Service unavailable: instagram API is currently unavailable/
Received message: &quot;Cannot read properties of undefined (reading &apos;data&apos;)&quot;

      487 |         }
      488 |         const result = await client.getUserPosts(userId, lookbackDays);
    &gt; 489 |         return Array.isArray(result) ? result : result.data;
          |                                                        ^
      490 |       }, 3);
      491 |       await this.cacheSystem.set(&apos;posts&apos;, cacheKey, posts, {
      492 |         tags: [&apos;posts&apos;, `platform:${platform}`, `user:${userId}`],

      at src/app/workflows/data_collection/functions/EnhancedScannerService.ts:489:56
      at EnhancedScannerService.withRetry (src/app/workflows/data_collection/functions/EnhancedScannerService.ts:247:16)
      at EnhancedScannerService.getUserPosts (src/app/workflows/data_collection/functions/EnhancedScannerService.ts:483:21)
      at Object.&lt;anonymous&gt; (src/app/workflows/data_collection/functions/__tests__/EnhancedScannerService.test.ts:187:7)
    at Object.toThrow (C:\Users\Cheem\OneDrive\Coding\clipsCommerce\node_modules\expect\build\index.js:218:22)
    at Object.&lt;anonymous&gt; (C:\Users\Cheem\OneDrive\Coding\clipsCommerce\src\app\workflows\data_collection\functions\__tests__\EnhancedScannerService.test.ts:187:101)</failure>
    </testcase>
    <testcase classname="EnhancedScannerService Resilience features should use cache when available" name="EnhancedScannerService Resilience features should use cache when available" time="6.913">
      <failure>TypeError: Cannot read properties of undefined (reading &apos;data&apos;)
    at C:\Users\Cheem\OneDrive\Coding\clipsCommerce\src\app\workflows\data_collection\functions\EnhancedScannerService.ts:489:56
    at EnhancedScannerService.withRetry (C:\Users\Cheem\OneDrive\Coding\clipsCommerce\src\app\workflows\data_collection\functions\EnhancedScannerService.ts:247:16)
    at EnhancedScannerService.getUserPosts (C:\Users\Cheem\OneDrive\Coding\clipsCommerce\src\app\workflows\data_collection\functions\EnhancedScannerService.ts:483:21)
    at Object.&lt;anonymous&gt; (C:\Users\Cheem\OneDrive\Coding\clipsCommerce\src\app\workflows\data_collection\functions\__tests__\EnhancedScannerService.test.ts:200:22)</failure>
    </testcase>
    <testcase classname="EnhancedScannerService Resilience features should invalidate cache by tags" name="EnhancedScannerService Resilience features should invalidate cache by tags" time="0.004">
    </testcase>
    <testcase classname="EnhancedScannerService Monitoring and metrics should wrap operations with monitoring" name="EnhancedScannerService Monitoring and metrics should wrap operations with monitoring" time="0.009">
    </testcase>
    <testcase classname="EnhancedScannerService Monitoring and metrics should emit events on scan state changes" name="EnhancedScannerService Monitoring and metrics should emit events on scan state changes" time="0.007">
    </testcase>
    <testcase classname="EnhancedScannerService Performance analysis should handle empty post lists gracefully" name="EnhancedScannerService Performance analysis should handle empty post lists gracefully" time="0.113">
    </testcase>
    <testcase classname="EnhancedScannerService Integration Tests should initiate a scan across specified platforms" name="EnhancedScannerService Integration Tests should initiate a scan across specified platforms" time="0.002">
      <failure>Error: Property `initiateScan` does not exist in the provided object
    at ModuleMocker.spyOn (C:\Users\Cheem\OneDrive\Coding\clipsCommerce\node_modules\@jest\environment-jsdom-abstract\node_modules\jest-mock\build\index.js:593:13)
    at Object.&lt;anonymous&gt; (C:\Users\Cheem\OneDrive\Coding\clipsCommerce\src\app\workflows\data_collection\functions\__tests__\EnhancedScannerService.test.ts:304:12)
    at Promise.then.completed (C:\Users\Cheem\OneDrive\Coding\clipsCommerce\node_modules\jest-circus\build\utils.js:298:28)
    at new Promise (&lt;anonymous&gt;)
    at callAsyncCircusFn (C:\Users\Cheem\OneDrive\Coding\clipsCommerce\node_modules\jest-circus\build\utils.js:231:10)
    at _callCircusTest (C:\Users\Cheem\OneDrive\Coding\clipsCommerce\node_modules\jest-circus\build\run.js:316:40)
    at _runTest (C:\Users\Cheem\OneDrive\Coding\clipsCommerce\node_modules\jest-circus\build\run.js:252:3)
    at _runTestsForDescribeBlock (C:\Users\Cheem\OneDrive\Coding\clipsCommerce\node_modules\jest-circus\build\run.js:126:9)
    at _runTestsForDescribeBlock (C:\Users\Cheem\OneDrive\Coding\clipsCommerce\node_modules\jest-circus\build\run.js:121:9)
    at _runTestsForDescribeBlock (C:\Users\Cheem\OneDrive\Coding\clipsCommerce\node_modules\jest-circus\build\run.js:121:9)
    at run (C:\Users\Cheem\OneDrive\Coding\clipsCommerce\node_modules\jest-circus\build\run.js:71:3)
    at runAndTransformResultsToJestFormat (C:\Users\Cheem\OneDrive\Coding\clipsCommerce\node_modules\jest-circus\build\legacy-code-todo-rewrite\jestAdapterInit.js:122:21)
    at jestAdapter (C:\Users\Cheem\OneDrive\Coding\clipsCommerce\node_modules\jest-circus\build\legacy-code-todo-rewrite\jestAdapter.js:79:19)
    at runTestInternal (C:\Users\Cheem\OneDrive\Coding\clipsCommerce\node_modules\jest-runner\build\runTest.js:367:16)
    at runTest (C:\Users\Cheem\OneDrive\Coding\clipsCommerce\node_modules\jest-runner\build\runTest.js:444:34)
    at Object.worker (C:\Users\Cheem\OneDrive\Coding\clipsCommerce\node_modules\jest-runner\build\testWorker.js:106:12)</failure>
    </testcase>
  </testsuite>
</testsuites>